[0.253s] DEBUG:colcon:Command line arguments: ['/usr/bin/colcon', 'build', '--cmake-args', '-DCMAKE_BUILD_TYPE=Release']
[0.253s] DEBUG:colcon:Parsed command line arguments: Namespace(allow_overriding=[], ament_cmake_args=None, base_paths=['.'], build_base='build', catkin_cmake_args=None, catkin_skip_building_tests=False, cmake_args=['-DCMAKE_BUILD_TYPE=Release'], cmake_clean_cache=False, cmake_clean_first=False, cmake_force_configure=False, cmake_target=None, cmake_target_skip_unavailable=False, continue_on_error=False, event_handlers=None, executor='parallel', ignore_user_meta=False, install_base='install', log_base=None, log_level=None, main=<bound method BuildVerb.main of <colcon_core.verb.build.BuildVerb object at 0x7f881d189670>>, merge_install=False, metas=['./colcon.meta'], packages_above=None, packages_above_and_dependencies=None, packages_above_depth=None, packages_end=None, packages_ignore=None, packages_ignore_regex=None, packages_select=None, packages_select_build_failed=False, packages_select_by_dep=None, packages_select_regex=None, packages_select_test_failures=False, packages_skip=None, packages_skip_build_finished=False, packages_skip_by_dep=None, packages_skip_regex=None, packages_skip_test_passed=False, packages_skip_up_to=None, packages_start=None, packages_up_to=None, packages_up_to_regex=None, parallel_workers=8, paths=None, symlink_install=False, test_result_base=None, verb_extension=<colcon_core.verb.build.BuildVerb object at 0x7f881d189670>, verb_name='build', verb_parser=<colcon_defaults.argument_parser.defaults.DefaultArgumentsDecorator object at 0x7f881d189bb0>)
[0.274s] Level 1:colcon.colcon_core.package_discovery:discover_packages(colcon_meta) check parameters
[0.274s] Level 1:colcon.colcon_core.package_discovery:discover_packages(recursive) check parameters
[0.274s] Level 1:colcon.colcon_core.package_discovery:discover_packages(ignore) check parameters
[0.274s] Level 1:colcon.colcon_core.package_discovery:discover_packages(path) check parameters
[0.274s] Level 1:colcon.colcon_core.package_discovery:discover_packages(colcon_meta) discover
[0.274s] Level 1:colcon.colcon_core.package_discovery:discover_packages(recursive) discover
[0.274s] INFO:colcon.colcon_core.package_discovery:Crawling recursively for packages in '/home/kkk/workspace/ros_ur_driver'
[0.274s] Level 1:colcon.colcon_core.package_identification:_identify(.) by extensions ['ignore', 'ignore_ament_install']
[0.274s] Level 1:colcon.colcon_core.package_identification:_identify(.) by extension 'ignore'
[0.274s] Level 1:colcon.colcon_core.package_identification:_identify(.) by extension 'ignore_ament_install'
[0.274s] Level 1:colcon.colcon_core.package_identification:_identify(.) by extensions ['colcon_pkg']
[0.274s] Level 1:colcon.colcon_core.package_identification:_identify(.) by extension 'colcon_pkg'
[0.274s] Level 1:colcon.colcon_core.package_identification:_identify(.) by extensions ['colcon_meta']
[0.274s] Level 1:colcon.colcon_core.package_identification:_identify(.) by extension 'colcon_meta'
[0.274s] Level 1:colcon.colcon_core.package_identification:_identify(.) by extensions ['ros']
[0.274s] Level 1:colcon.colcon_core.package_identification:_identify(.) by extension 'ros'
[0.293s] Level 1:colcon.colcon_core.package_identification:_identify(.) by extensions ['cmake', 'python']
[0.293s] Level 1:colcon.colcon_core.package_identification:_identify(.) by extension 'cmake'
[0.293s] Level 1:colcon.colcon_core.package_identification:_identify(.) by extension 'python'
[0.293s] Level 1:colcon.colcon_core.package_identification:_identify(.) by extensions ['python_setup_py']
[0.293s] Level 1:colcon.colcon_core.package_identification:_identify(.) by extension 'python_setup_py'
[0.293s] Level 1:colcon.colcon_core.package_identification:_identify(build) by extensions ['ignore', 'ignore_ament_install']
[0.293s] Level 1:colcon.colcon_core.package_identification:_identify(build) by extension 'ignore'
[0.294s] Level 1:colcon.colcon_core.package_identification:_identify(build) ignored
[0.294s] Level 1:colcon.colcon_core.package_identification:_identify(install) by extensions ['ignore', 'ignore_ament_install']
[0.294s] Level 1:colcon.colcon_core.package_identification:_identify(install) by extension 'ignore'
[0.294s] Level 1:colcon.colcon_core.package_identification:_identify(install) ignored
[0.294s] Level 1:colcon.colcon_core.package_identification:_identify(log) by extensions ['ignore', 'ignore_ament_install']
[0.294s] Level 1:colcon.colcon_core.package_identification:_identify(log) by extension 'ignore'
[0.294s] Level 1:colcon.colcon_core.package_identification:_identify(log) ignored
[0.294s] Level 1:colcon.colcon_core.package_identification:_identify(src) by extensions ['ignore', 'ignore_ament_install']
[0.294s] Level 1:colcon.colcon_core.package_identification:_identify(src) by extension 'ignore'
[0.294s] Level 1:colcon.colcon_core.package_identification:_identify(src) by extension 'ignore_ament_install'
[0.294s] Level 1:colcon.colcon_core.package_identification:_identify(src) by extensions ['colcon_pkg']
[0.294s] Level 1:colcon.colcon_core.package_identification:_identify(src) by extension 'colcon_pkg'
[0.294s] Level 1:colcon.colcon_core.package_identification:_identify(src) by extensions ['colcon_meta']
[0.294s] Level 1:colcon.colcon_core.package_identification:_identify(src) by extension 'colcon_meta'
[0.294s] Level 1:colcon.colcon_core.package_identification:_identify(src) by extensions ['ros']
[0.294s] Level 1:colcon.colcon_core.package_identification:_identify(src) by extension 'ros'
[0.294s] Level 1:colcon.colcon_core.package_identification:_identify(src) by extensions ['cmake', 'python']
[0.294s] Level 1:colcon.colcon_core.package_identification:_identify(src) by extension 'cmake'
[0.294s] Level 1:colcon.colcon_core.package_identification:_identify(src) by extension 'python'
[0.294s] Level 1:colcon.colcon_core.package_identification:_identify(src) by extensions ['python_setup_py']
[0.294s] Level 1:colcon.colcon_core.package_identification:_identify(src) by extension 'python_setup_py'
[0.295s] Level 1:colcon.colcon_core.package_identification:_identify(src/Universal_Robots_ROS2_Driver) by extensions ['ignore', 'ignore_ament_install']
[0.295s] Level 1:colcon.colcon_core.package_identification:_identify(src/Universal_Robots_ROS2_Driver) by extension 'ignore'
[0.295s] Level 1:colcon.colcon_core.package_identification:_identify(src/Universal_Robots_ROS2_Driver) by extension 'ignore_ament_install'
[0.295s] Level 1:colcon.colcon_core.package_identification:_identify(src/Universal_Robots_ROS2_Driver) by extensions ['colcon_pkg']
[0.295s] Level 1:colcon.colcon_core.package_identification:_identify(src/Universal_Robots_ROS2_Driver) by extension 'colcon_pkg'
[0.295s] Level 1:colcon.colcon_core.package_identification:_identify(src/Universal_Robots_ROS2_Driver) by extensions ['colcon_meta']
[0.295s] Level 1:colcon.colcon_core.package_identification:_identify(src/Universal_Robots_ROS2_Driver) by extension 'colcon_meta'
[0.295s] Level 1:colcon.colcon_core.package_identification:_identify(src/Universal_Robots_ROS2_Driver) by extensions ['ros']
[0.295s] Level 1:colcon.colcon_core.package_identification:_identify(src/Universal_Robots_ROS2_Driver) by extension 'ros'
[0.295s] Level 1:colcon.colcon_core.package_identification:_identify(src/Universal_Robots_ROS2_Driver) by extensions ['cmake', 'python']
[0.295s] Level 1:colcon.colcon_core.package_identification:_identify(src/Universal_Robots_ROS2_Driver) by extension 'cmake'
[0.295s] Level 1:colcon.colcon_core.package_identification:_identify(src/Universal_Robots_ROS2_Driver) by extension 'python'
[0.295s] Level 1:colcon.colcon_core.package_identification:_identify(src/Universal_Robots_ROS2_Driver) by extensions ['python_setup_py']
[0.295s] Level 1:colcon.colcon_core.package_identification:_identify(src/Universal_Robots_ROS2_Driver) by extension 'python_setup_py'
[0.295s] Level 1:colcon.colcon_core.package_identification:_identify(src/Universal_Robots_ROS2_Driver/ur_bringup) by extensions ['ignore', 'ignore_ament_install']
[0.295s] Level 1:colcon.colcon_core.package_identification:_identify(src/Universal_Robots_ROS2_Driver/ur_bringup) by extension 'ignore'
[0.295s] Level 1:colcon.colcon_core.package_identification:_identify(src/Universal_Robots_ROS2_Driver/ur_bringup) by extension 'ignore_ament_install'
[0.295s] Level 1:colcon.colcon_core.package_identification:_identify(src/Universal_Robots_ROS2_Driver/ur_bringup) by extensions ['colcon_pkg']
[0.295s] Level 1:colcon.colcon_core.package_identification:_identify(src/Universal_Robots_ROS2_Driver/ur_bringup) by extension 'colcon_pkg'
[0.295s] Level 1:colcon.colcon_core.package_identification:_identify(src/Universal_Robots_ROS2_Driver/ur_bringup) by extensions ['colcon_meta']
[0.295s] Level 1:colcon.colcon_core.package_identification:_identify(src/Universal_Robots_ROS2_Driver/ur_bringup) by extension 'colcon_meta'
[0.295s] Level 1:colcon.colcon_core.package_identification:_identify(src/Universal_Robots_ROS2_Driver/ur_bringup) by extensions ['ros']
[0.295s] Level 1:colcon.colcon_core.package_identification:_identify(src/Universal_Robots_ROS2_Driver/ur_bringup) by extension 'ros'
[0.298s] DEBUG:colcon.colcon_core.package_identification:Package 'src/Universal_Robots_ROS2_Driver/ur_bringup' with type 'ros.ament_cmake' and name 'ur_bringup'
[0.298s] Level 1:colcon.colcon_core.package_identification:_identify(src/Universal_Robots_ROS2_Driver/ur_calibration) by extensions ['ignore', 'ignore_ament_install']
[0.298s] Level 1:colcon.colcon_core.package_identification:_identify(src/Universal_Robots_ROS2_Driver/ur_calibration) by extension 'ignore'
[0.298s] Level 1:colcon.colcon_core.package_identification:_identify(src/Universal_Robots_ROS2_Driver/ur_calibration) by extension 'ignore_ament_install'
[0.298s] Level 1:colcon.colcon_core.package_identification:_identify(src/Universal_Robots_ROS2_Driver/ur_calibration) by extensions ['colcon_pkg']
[0.298s] Level 1:colcon.colcon_core.package_identification:_identify(src/Universal_Robots_ROS2_Driver/ur_calibration) by extension 'colcon_pkg'
[0.298s] Level 1:colcon.colcon_core.package_identification:_identify(src/Universal_Robots_ROS2_Driver/ur_calibration) by extensions ['colcon_meta']
[0.298s] Level 1:colcon.colcon_core.package_identification:_identify(src/Universal_Robots_ROS2_Driver/ur_calibration) by extension 'colcon_meta'
[0.298s] Level 1:colcon.colcon_core.package_identification:_identify(src/Universal_Robots_ROS2_Driver/ur_calibration) by extensions ['ros']
[0.298s] Level 1:colcon.colcon_core.package_identification:_identify(src/Universal_Robots_ROS2_Driver/ur_calibration) by extension 'ros'
[0.299s] DEBUG:colcon.colcon_core.package_identification:Package 'src/Universal_Robots_ROS2_Driver/ur_calibration' with type 'ros.ament_cmake' and name 'ur_calibration'
[0.299s] Level 1:colcon.colcon_core.package_identification:_identify(src/Universal_Robots_ROS2_Driver/ur_controllers) by extensions ['ignore', 'ignore_ament_install']
[0.299s] Level 1:colcon.colcon_core.package_identification:_identify(src/Universal_Robots_ROS2_Driver/ur_controllers) by extension 'ignore'
[0.299s] Level 1:colcon.colcon_core.package_identification:_identify(src/Universal_Robots_ROS2_Driver/ur_controllers) by extension 'ignore_ament_install'
[0.299s] Level 1:colcon.colcon_core.package_identification:_identify(src/Universal_Robots_ROS2_Driver/ur_controllers) by extensions ['colcon_pkg']
[0.299s] Level 1:colcon.colcon_core.package_identification:_identify(src/Universal_Robots_ROS2_Driver/ur_controllers) by extension 'colcon_pkg'
[0.299s] Level 1:colcon.colcon_core.package_identification:_identify(src/Universal_Robots_ROS2_Driver/ur_controllers) by extensions ['colcon_meta']
[0.299s] Level 1:colcon.colcon_core.package_identification:_identify(src/Universal_Robots_ROS2_Driver/ur_controllers) by extension 'colcon_meta'
[0.299s] Level 1:colcon.colcon_core.package_identification:_identify(src/Universal_Robots_ROS2_Driver/ur_controllers) by extensions ['ros']
[0.299s] Level 1:colcon.colcon_core.package_identification:_identify(src/Universal_Robots_ROS2_Driver/ur_controllers) by extension 'ros'
[0.301s] DEBUG:colcon.colcon_core.package_identification:Package 'src/Universal_Robots_ROS2_Driver/ur_controllers' with type 'ros.ament_cmake' and name 'ur_controllers'
[0.301s] Level 1:colcon.colcon_core.package_identification:_identify(src/Universal_Robots_ROS2_Driver/ur_dashboard_msgs) by extensions ['ignore', 'ignore_ament_install']
[0.301s] Level 1:colcon.colcon_core.package_identification:_identify(src/Universal_Robots_ROS2_Driver/ur_dashboard_msgs) by extension 'ignore'
[0.301s] Level 1:colcon.colcon_core.package_identification:_identify(src/Universal_Robots_ROS2_Driver/ur_dashboard_msgs) by extension 'ignore_ament_install'
[0.301s] Level 1:colcon.colcon_core.package_identification:_identify(src/Universal_Robots_ROS2_Driver/ur_dashboard_msgs) by extensions ['colcon_pkg']
[0.301s] Level 1:colcon.colcon_core.package_identification:_identify(src/Universal_Robots_ROS2_Driver/ur_dashboard_msgs) by extension 'colcon_pkg'
[0.301s] Level 1:colcon.colcon_core.package_identification:_identify(src/Universal_Robots_ROS2_Driver/ur_dashboard_msgs) by extensions ['colcon_meta']
[0.301s] Level 1:colcon.colcon_core.package_identification:_identify(src/Universal_Robots_ROS2_Driver/ur_dashboard_msgs) by extension 'colcon_meta'
[0.301s] Level 1:colcon.colcon_core.package_identification:_identify(src/Universal_Robots_ROS2_Driver/ur_dashboard_msgs) by extensions ['ros']
[0.301s] Level 1:colcon.colcon_core.package_identification:_identify(src/Universal_Robots_ROS2_Driver/ur_dashboard_msgs) by extension 'ros'
[0.302s] DEBUG:colcon.colcon_core.package_identification:Package 'src/Universal_Robots_ROS2_Driver/ur_dashboard_msgs' with type 'ros.ament_cmake' and name 'ur_dashboard_msgs'
[0.302s] Level 1:colcon.colcon_core.package_identification:_identify(src/Universal_Robots_ROS2_Driver/ur_moveit_config) by extensions ['ignore', 'ignore_ament_install']
[0.302s] Level 1:colcon.colcon_core.package_identification:_identify(src/Universal_Robots_ROS2_Driver/ur_moveit_config) by extension 'ignore'
[0.302s] Level 1:colcon.colcon_core.package_identification:_identify(src/Universal_Robots_ROS2_Driver/ur_moveit_config) by extension 'ignore_ament_install'
[0.302s] Level 1:colcon.colcon_core.package_identification:_identify(src/Universal_Robots_ROS2_Driver/ur_moveit_config) by extensions ['colcon_pkg']
[0.302s] Level 1:colcon.colcon_core.package_identification:_identify(src/Universal_Robots_ROS2_Driver/ur_moveit_config) by extension 'colcon_pkg'
[0.302s] Level 1:colcon.colcon_core.package_identification:_identify(src/Universal_Robots_ROS2_Driver/ur_moveit_config) by extensions ['colcon_meta']
[0.302s] Level 1:colcon.colcon_core.package_identification:_identify(src/Universal_Robots_ROS2_Driver/ur_moveit_config) by extension 'colcon_meta'
[0.302s] Level 1:colcon.colcon_core.package_identification:_identify(src/Universal_Robots_ROS2_Driver/ur_moveit_config) by extensions ['ros']
[0.302s] Level 1:colcon.colcon_core.package_identification:_identify(src/Universal_Robots_ROS2_Driver/ur_moveit_config) by extension 'ros'
[0.302s] DEBUG:colcon.colcon_core.package_identification:Package 'src/Universal_Robots_ROS2_Driver/ur_moveit_config' with type 'ros.ament_cmake' and name 'ur_moveit_config'
[0.303s] Level 1:colcon.colcon_core.package_identification:_identify(src/Universal_Robots_ROS2_Driver/ur_robot_driver) by extensions ['ignore', 'ignore_ament_install']
[0.303s] Level 1:colcon.colcon_core.package_identification:_identify(src/Universal_Robots_ROS2_Driver/ur_robot_driver) by extension 'ignore'
[0.303s] Level 1:colcon.colcon_core.package_identification:_identify(src/Universal_Robots_ROS2_Driver/ur_robot_driver) by extension 'ignore_ament_install'
[0.303s] Level 1:colcon.colcon_core.package_identification:_identify(src/Universal_Robots_ROS2_Driver/ur_robot_driver) by extensions ['colcon_pkg']
[0.303s] Level 1:colcon.colcon_core.package_identification:_identify(src/Universal_Robots_ROS2_Driver/ur_robot_driver) by extension 'colcon_pkg'
[0.303s] Level 1:colcon.colcon_core.package_identification:_identify(src/Universal_Robots_ROS2_Driver/ur_robot_driver) by extensions ['colcon_meta']
[0.303s] Level 1:colcon.colcon_core.package_identification:_identify(src/Universal_Robots_ROS2_Driver/ur_robot_driver) by extension 'colcon_meta'
[0.303s] Level 1:colcon.colcon_core.package_identification:_identify(src/Universal_Robots_ROS2_Driver/ur_robot_driver) by extensions ['ros']
[0.303s] Level 1:colcon.colcon_core.package_identification:_identify(src/Universal_Robots_ROS2_Driver/ur_robot_driver) by extension 'ros'
[0.305s] DEBUG:colcon.colcon_core.package_identification:Package 'src/Universal_Robots_ROS2_Driver/ur_robot_driver' with type 'ros.ament_cmake' and name 'ur_robot_driver'
[0.305s] Level 1:colcon.colcon_core.package_discovery:discover_packages(recursive) using defaults
[0.305s] Level 1:colcon.colcon_core.package_discovery:discover_packages(ignore) discover
[0.305s] Level 1:colcon.colcon_core.package_discovery:discover_packages(ignore) using defaults
[0.305s] Level 1:colcon.colcon_core.package_discovery:discover_packages(path) discover
[0.305s] Level 1:colcon.colcon_core.package_discovery:discover_packages(path) using defaults
[0.321s] Level 1:colcon.colcon_core.package_discovery:discover_packages(prefix_path) check parameters
[0.321s] Level 1:colcon.colcon_core.package_discovery:discover_packages(prefix_path) discover
[0.324s] DEBUG:colcon.colcon_installed_package_information.package_discovery:Found 292 installed packages in /opt/ros/galactic
[0.326s] Level 1:colcon.colcon_core.package_discovery:discover_packages(prefix_path) using defaults
[0.387s] Level 5:colcon.colcon_core.verb:set package 'ur_dashboard_msgs' build argument 'cmake_args' from command line to '['-DCMAKE_BUILD_TYPE=Release']'
[0.387s] Level 5:colcon.colcon_core.verb:set package 'ur_dashboard_msgs' build argument 'cmake_target' from command line to 'None'
[0.387s] Level 5:colcon.colcon_core.verb:set package 'ur_dashboard_msgs' build argument 'cmake_target_skip_unavailable' from command line to 'False'
[0.387s] Level 5:colcon.colcon_core.verb:set package 'ur_dashboard_msgs' build argument 'cmake_clean_cache' from command line to 'False'
[0.387s] Level 5:colcon.colcon_core.verb:set package 'ur_dashboard_msgs' build argument 'cmake_clean_first' from command line to 'False'
[0.387s] Level 5:colcon.colcon_core.verb:set package 'ur_dashboard_msgs' build argument 'cmake_force_configure' from command line to 'False'
[0.387s] Level 5:colcon.colcon_core.verb:set package 'ur_dashboard_msgs' build argument 'ament_cmake_args' from command line to 'None'
[0.387s] Level 5:colcon.colcon_core.verb:set package 'ur_dashboard_msgs' build argument 'catkin_cmake_args' from command line to 'None'
[0.387s] Level 5:colcon.colcon_core.verb:set package 'ur_dashboard_msgs' build argument 'catkin_skip_building_tests' from command line to 'False'
[0.387s] DEBUG:colcon.colcon_core.verb:Building package 'ur_dashboard_msgs' with the following arguments: {'ament_cmake_args': None, 'build_base': '/home/kkk/workspace/ros_ur_driver/build/ur_dashboard_msgs', 'catkin_cmake_args': None, 'catkin_skip_building_tests': False, 'cmake_args': ['-DCMAKE_BUILD_TYPE=Release'], 'cmake_clean_cache': False, 'cmake_clean_first': False, 'cmake_force_configure': False, 'cmake_target': None, 'cmake_target_skip_unavailable': False, 'install_base': '/home/kkk/workspace/ros_ur_driver/install/ur_dashboard_msgs', 'merge_install': False, 'path': '/home/kkk/workspace/ros_ur_driver/src/Universal_Robots_ROS2_Driver/ur_dashboard_msgs', 'symlink_install': False, 'test_result_base': None}
[0.388s] Level 5:colcon.colcon_core.verb:set package 'ur_moveit_config' build argument 'cmake_args' from command line to '['-DCMAKE_BUILD_TYPE=Release']'
[0.388s] Level 5:colcon.colcon_core.verb:set package 'ur_moveit_config' build argument 'cmake_target' from command line to 'None'
[0.388s] Level 5:colcon.colcon_core.verb:set package 'ur_moveit_config' build argument 'cmake_target_skip_unavailable' from command line to 'False'
[0.388s] Level 5:colcon.colcon_core.verb:set package 'ur_moveit_config' build argument 'cmake_clean_cache' from command line to 'False'
[0.388s] Level 5:colcon.colcon_core.verb:set package 'ur_moveit_config' build argument 'cmake_clean_first' from command line to 'False'
[0.388s] Level 5:colcon.colcon_core.verb:set package 'ur_moveit_config' build argument 'cmake_force_configure' from command line to 'False'
[0.388s] Level 5:colcon.colcon_core.verb:set package 'ur_moveit_config' build argument 'ament_cmake_args' from command line to 'None'
[0.388s] Level 5:colcon.colcon_core.verb:set package 'ur_moveit_config' build argument 'catkin_cmake_args' from command line to 'None'
[0.388s] Level 5:colcon.colcon_core.verb:set package 'ur_moveit_config' build argument 'catkin_skip_building_tests' from command line to 'False'
[0.388s] DEBUG:colcon.colcon_core.verb:Building package 'ur_moveit_config' with the following arguments: {'ament_cmake_args': None, 'build_base': '/home/kkk/workspace/ros_ur_driver/build/ur_moveit_config', 'catkin_cmake_args': None, 'catkin_skip_building_tests': False, 'cmake_args': ['-DCMAKE_BUILD_TYPE=Release'], 'cmake_clean_cache': False, 'cmake_clean_first': False, 'cmake_force_configure': False, 'cmake_target': None, 'cmake_target_skip_unavailable': False, 'install_base': '/home/kkk/workspace/ros_ur_driver/install/ur_moveit_config', 'merge_install': False, 'path': '/home/kkk/workspace/ros_ur_driver/src/Universal_Robots_ROS2_Driver/ur_moveit_config', 'symlink_install': False, 'test_result_base': None}
[0.389s] Level 5:colcon.colcon_core.verb:set package 'ur_controllers' build argument 'cmake_args' from command line to '['-DCMAKE_BUILD_TYPE=Release']'
[0.389s] Level 5:colcon.colcon_core.verb:set package 'ur_controllers' build argument 'cmake_target' from command line to 'None'
[0.389s] Level 5:colcon.colcon_core.verb:set package 'ur_controllers' build argument 'cmake_target_skip_unavailable' from command line to 'False'
[0.389s] Level 5:colcon.colcon_core.verb:set package 'ur_controllers' build argument 'cmake_clean_cache' from command line to 'False'
[0.389s] Level 5:colcon.colcon_core.verb:set package 'ur_controllers' build argument 'cmake_clean_first' from command line to 'False'
[0.389s] Level 5:colcon.colcon_core.verb:set package 'ur_controllers' build argument 'cmake_force_configure' from command line to 'False'
[0.389s] Level 5:colcon.colcon_core.verb:set package 'ur_controllers' build argument 'ament_cmake_args' from command line to 'None'
[0.389s] Level 5:colcon.colcon_core.verb:set package 'ur_controllers' build argument 'catkin_cmake_args' from command line to 'None'
[0.389s] Level 5:colcon.colcon_core.verb:set package 'ur_controllers' build argument 'catkin_skip_building_tests' from command line to 'False'
[0.389s] DEBUG:colcon.colcon_core.verb:Building package 'ur_controllers' with the following arguments: {'ament_cmake_args': None, 'build_base': '/home/kkk/workspace/ros_ur_driver/build/ur_controllers', 'catkin_cmake_args': None, 'catkin_skip_building_tests': False, 'cmake_args': ['-DCMAKE_BUILD_TYPE=Release'], 'cmake_clean_cache': False, 'cmake_clean_first': False, 'cmake_force_configure': False, 'cmake_target': None, 'cmake_target_skip_unavailable': False, 'install_base': '/home/kkk/workspace/ros_ur_driver/install/ur_controllers', 'merge_install': False, 'path': '/home/kkk/workspace/ros_ur_driver/src/Universal_Robots_ROS2_Driver/ur_controllers', 'symlink_install': False, 'test_result_base': None}
[0.390s] Level 5:colcon.colcon_core.verb:set package 'ur_bringup' build argument 'cmake_args' from command line to '['-DCMAKE_BUILD_TYPE=Release']'
[0.390s] Level 5:colcon.colcon_core.verb:set package 'ur_bringup' build argument 'cmake_target' from command line to 'None'
[0.390s] Level 5:colcon.colcon_core.verb:set package 'ur_bringup' build argument 'cmake_target_skip_unavailable' from command line to 'False'
[0.390s] Level 5:colcon.colcon_core.verb:set package 'ur_bringup' build argument 'cmake_clean_cache' from command line to 'False'
[0.390s] Level 5:colcon.colcon_core.verb:set package 'ur_bringup' build argument 'cmake_clean_first' from command line to 'False'
[0.390s] Level 5:colcon.colcon_core.verb:set package 'ur_bringup' build argument 'cmake_force_configure' from command line to 'False'
[0.390s] Level 5:colcon.colcon_core.verb:set package 'ur_bringup' build argument 'ament_cmake_args' from command line to 'None'
[0.390s] Level 5:colcon.colcon_core.verb:set package 'ur_bringup' build argument 'catkin_cmake_args' from command line to 'None'
[0.390s] Level 5:colcon.colcon_core.verb:set package 'ur_bringup' build argument 'catkin_skip_building_tests' from command line to 'False'
[0.390s] DEBUG:colcon.colcon_core.verb:Building package 'ur_bringup' with the following arguments: {'ament_cmake_args': None, 'build_base': '/home/kkk/workspace/ros_ur_driver/build/ur_bringup', 'catkin_cmake_args': None, 'catkin_skip_building_tests': False, 'cmake_args': ['-DCMAKE_BUILD_TYPE=Release'], 'cmake_clean_cache': False, 'cmake_clean_first': False, 'cmake_force_configure': False, 'cmake_target': None, 'cmake_target_skip_unavailable': False, 'install_base': '/home/kkk/workspace/ros_ur_driver/install/ur_bringup', 'merge_install': False, 'path': '/home/kkk/workspace/ros_ur_driver/src/Universal_Robots_ROS2_Driver/ur_bringup', 'symlink_install': False, 'test_result_base': None}
[0.391s] Level 5:colcon.colcon_core.verb:set package 'ur_robot_driver' build argument 'cmake_args' from command line to '['-DCMAKE_BUILD_TYPE=Release']'
[0.391s] Level 5:colcon.colcon_core.verb:set package 'ur_robot_driver' build argument 'cmake_target' from command line to 'None'
[0.391s] Level 5:colcon.colcon_core.verb:set package 'ur_robot_driver' build argument 'cmake_target_skip_unavailable' from command line to 'False'
[0.391s] Level 5:colcon.colcon_core.verb:set package 'ur_robot_driver' build argument 'cmake_clean_cache' from command line to 'False'
[0.391s] Level 5:colcon.colcon_core.verb:set package 'ur_robot_driver' build argument 'cmake_clean_first' from command line to 'False'
[0.391s] Level 5:colcon.colcon_core.verb:set package 'ur_robot_driver' build argument 'cmake_force_configure' from command line to 'False'
[0.391s] Level 5:colcon.colcon_core.verb:set package 'ur_robot_driver' build argument 'ament_cmake_args' from command line to 'None'
[0.391s] Level 5:colcon.colcon_core.verb:set package 'ur_robot_driver' build argument 'catkin_cmake_args' from command line to 'None'
[0.391s] Level 5:colcon.colcon_core.verb:set package 'ur_robot_driver' build argument 'catkin_skip_building_tests' from command line to 'False'
[0.391s] DEBUG:colcon.colcon_core.verb:Building package 'ur_robot_driver' with the following arguments: {'ament_cmake_args': None, 'build_base': '/home/kkk/workspace/ros_ur_driver/build/ur_robot_driver', 'catkin_cmake_args': None, 'catkin_skip_building_tests': False, 'cmake_args': ['-DCMAKE_BUILD_TYPE=Release'], 'cmake_clean_cache': False, 'cmake_clean_first': False, 'cmake_force_configure': False, 'cmake_target': None, 'cmake_target_skip_unavailable': False, 'install_base': '/home/kkk/workspace/ros_ur_driver/install/ur_robot_driver', 'merge_install': False, 'path': '/home/kkk/workspace/ros_ur_driver/src/Universal_Robots_ROS2_Driver/ur_robot_driver', 'symlink_install': False, 'test_result_base': None}
[0.392s] Level 5:colcon.colcon_core.verb:set package 'ur_calibration' build argument 'cmake_args' from command line to '['-DCMAKE_BUILD_TYPE=Release']'
[0.392s] Level 5:colcon.colcon_core.verb:set package 'ur_calibration' build argument 'cmake_target' from command line to 'None'
[0.392s] Level 5:colcon.colcon_core.verb:set package 'ur_calibration' build argument 'cmake_target_skip_unavailable' from command line to 'False'
[0.392s] Level 5:colcon.colcon_core.verb:set package 'ur_calibration' build argument 'cmake_clean_cache' from command line to 'False'
[0.392s] Level 5:colcon.colcon_core.verb:set package 'ur_calibration' build argument 'cmake_clean_first' from command line to 'False'
[0.392s] Level 5:colcon.colcon_core.verb:set package 'ur_calibration' build argument 'cmake_force_configure' from command line to 'False'
[0.392s] Level 5:colcon.colcon_core.verb:set package 'ur_calibration' build argument 'ament_cmake_args' from command line to 'None'
[0.392s] Level 5:colcon.colcon_core.verb:set package 'ur_calibration' build argument 'catkin_cmake_args' from command line to 'None'
[0.392s] Level 5:colcon.colcon_core.verb:set package 'ur_calibration' build argument 'catkin_skip_building_tests' from command line to 'False'
[0.392s] DEBUG:colcon.colcon_core.verb:Building package 'ur_calibration' with the following arguments: {'ament_cmake_args': None, 'build_base': '/home/kkk/workspace/ros_ur_driver/build/ur_calibration', 'catkin_cmake_args': None, 'catkin_skip_building_tests': False, 'cmake_args': ['-DCMAKE_BUILD_TYPE=Release'], 'cmake_clean_cache': False, 'cmake_clean_first': False, 'cmake_force_configure': False, 'cmake_target': None, 'cmake_target_skip_unavailable': False, 'install_base': '/home/kkk/workspace/ros_ur_driver/install/ur_calibration', 'merge_install': False, 'path': '/home/kkk/workspace/ros_ur_driver/src/Universal_Robots_ROS2_Driver/ur_calibration', 'symlink_install': False, 'test_result_base': None}
[0.393s] INFO:colcon.colcon_core.executor:Executing jobs using 'parallel' executor
[0.396s] DEBUG:colcon.colcon_parallel_executor.executor.parallel:run_until_complete
[0.396s] INFO:colcon.colcon_ros.task.ament_cmake.build:Building ROS package in '/home/kkk/workspace/ros_ur_driver/src/Universal_Robots_ROS2_Driver/ur_dashboard_msgs' with build type 'ament_cmake'
[0.396s] INFO:colcon.colcon_cmake.task.cmake.build:Building CMake package in '/home/kkk/workspace/ros_ur_driver/src/Universal_Robots_ROS2_Driver/ur_dashboard_msgs'
[0.400s] INFO:colcon.colcon_core.plugin_system:Skipping extension 'colcon_core.shell.bat': Not used on non-Windows systems
[0.401s] INFO:colcon.colcon_core.shell:Skip shell extension 'powershell' for command environment: Not usable outside of PowerShell
[0.401s] DEBUG:colcon.colcon_core.shell:Skip shell extension 'dsv' for command environment
[0.405s] INFO:colcon.colcon_ros.task.ament_cmake.build:Building ROS package in '/home/kkk/workspace/ros_ur_driver/src/Universal_Robots_ROS2_Driver/ur_moveit_config' with build type 'ament_cmake'
[0.405s] INFO:colcon.colcon_cmake.task.cmake.build:Building CMake package in '/home/kkk/workspace/ros_ur_driver/src/Universal_Robots_ROS2_Driver/ur_moveit_config'
[0.407s] INFO:colcon.colcon_core.shell:Skip shell extension 'powershell' for command environment: Not usable outside of PowerShell
[0.407s] DEBUG:colcon.colcon_core.shell:Skip shell extension 'dsv' for command environment
[0.419s] DEBUG:colcon.colcon_core.event_handler.log_command:Invoking command in '/home/kkk/workspace/ros_ur_driver/build/ur_dashboard_msgs': CMAKE_PREFIX_PATH=/opt/ros/galactic /usr/bin/cmake --build /home/kkk/workspace/ros_ur_driver/build/ur_dashboard_msgs -- -j8 -l8
[0.429s] DEBUG:colcon.colcon_core.event_handler.log_command:Invoking command in '/home/kkk/workspace/ros_ur_driver/build/ur_moveit_config': CMAKE_PREFIX_PATH=/opt/ros/galactic /usr/bin/cmake --build /home/kkk/workspace/ros_ur_driver/build/ur_moveit_config -- -j8 -l8
[0.708s] DEBUG:colcon.colcon_core.event_handler.log_command:Invoked command in '/home/kkk/workspace/ros_ur_driver/build/ur_dashboard_msgs' returned '0': CMAKE_PREFIX_PATH=/opt/ros/galactic /usr/bin/cmake --build /home/kkk/workspace/ros_ur_driver/build/ur_dashboard_msgs -- -j8 -l8
[0.757s] DEBUG:colcon.colcon_core.event_handler.log_command:Invoked command in '/home/kkk/workspace/ros_ur_driver/build/ur_moveit_config' returned '0': CMAKE_PREFIX_PATH=/opt/ros/galactic /usr/bin/cmake --build /home/kkk/workspace/ros_ur_driver/build/ur_moveit_config -- -j8 -l8
[0.796s] DEBUG:colcon.colcon_core.event_handler.log_command:Invoking command in '/home/kkk/workspace/ros_ur_driver/build/ur_moveit_config': CMAKE_PREFIX_PATH=/opt/ros/galactic /usr/bin/cmake --install /home/kkk/workspace/ros_ur_driver/build/ur_moveit_config
[0.878s] Level 1:colcon.colcon_core.environment:create_environment_scripts_only(ur_moveit_config)
[0.880s] DEBUG:colcon.colcon_core.event_handler.log_command:Invoked command in '/home/kkk/workspace/ros_ur_driver/build/ur_moveit_config' returned '0': CMAKE_PREFIX_PATH=/opt/ros/galactic /usr/bin/cmake --install /home/kkk/workspace/ros_ur_driver/build/ur_moveit_config
[0.888s] Level 1:colcon.colcon_core.environment:checking '/home/kkk/workspace/ros_ur_driver/install/ur_moveit_config' for CMake module files
[0.888s] Level 1:colcon.colcon_core.environment:checking '/home/kkk/workspace/ros_ur_driver/install/ur_moveit_config' for CMake config files
[0.889s] Level 1:colcon.colcon_core.shell:create_environment_hook('ur_moveit_config', 'cmake_prefix_path')
[0.890s] INFO:colcon.colcon_core.shell:Creating environment hook '/home/kkk/workspace/ros_ur_driver/install/ur_moveit_config/share/ur_moveit_config/hook/cmake_prefix_path.ps1'
[0.891s] INFO:colcon.colcon_core.shell:Creating environment descriptor '/home/kkk/workspace/ros_ur_driver/install/ur_moveit_config/share/ur_moveit_config/hook/cmake_prefix_path.dsv'
[0.891s] INFO:colcon.colcon_core.shell:Creating environment hook '/home/kkk/workspace/ros_ur_driver/install/ur_moveit_config/share/ur_moveit_config/hook/cmake_prefix_path.sh'
[0.892s] Level 1:colcon.colcon_core.environment:checking '/home/kkk/workspace/ros_ur_driver/install/ur_moveit_config/lib'
[0.892s] Level 1:colcon.colcon_core.environment:checking '/home/kkk/workspace/ros_ur_driver/install/ur_moveit_config/bin'
[0.892s] Level 1:colcon.colcon_core.environment:checking '/home/kkk/workspace/ros_ur_driver/install/ur_moveit_config/lib/pkgconfig/ur_moveit_config.pc'
[0.892s] Level 1:colcon.colcon_core.environment:checking '/home/kkk/workspace/ros_ur_driver/install/ur_moveit_config/lib/python3.8/site-packages'
[0.892s] Level 1:colcon.colcon_core.shell:create_environment_hook('ur_moveit_config', 'pythonpath')
[0.893s] INFO:colcon.colcon_core.shell:Creating environment hook '/home/kkk/workspace/ros_ur_driver/install/ur_moveit_config/share/ur_moveit_config/hook/pythonpath.ps1'
[0.894s] INFO:colcon.colcon_core.shell:Creating environment descriptor '/home/kkk/workspace/ros_ur_driver/install/ur_moveit_config/share/ur_moveit_config/hook/pythonpath.dsv'
[0.894s] INFO:colcon.colcon_core.shell:Creating environment hook '/home/kkk/workspace/ros_ur_driver/install/ur_moveit_config/share/ur_moveit_config/hook/pythonpath.sh'
[0.895s] Level 1:colcon.colcon_core.environment:checking '/home/kkk/workspace/ros_ur_driver/install/ur_moveit_config/bin'
[0.898s] INFO:colcon.colcon_core.shell:Creating package script '/home/kkk/workspace/ros_ur_driver/install/ur_moveit_config/share/ur_moveit_config/package.ps1'
[0.900s] INFO:colcon.colcon_core.shell:Creating package descriptor '/home/kkk/workspace/ros_ur_driver/install/ur_moveit_config/share/ur_moveit_config/package.dsv'
[0.901s] INFO:colcon.colcon_core.shell:Creating package script '/home/kkk/workspace/ros_ur_driver/install/ur_moveit_config/share/ur_moveit_config/package.sh'
[0.903s] INFO:colcon.colcon_core.shell:Creating package script '/home/kkk/workspace/ros_ur_driver/install/ur_moveit_config/share/ur_moveit_config/package.bash'
[0.904s] INFO:colcon.colcon_core.shell:Creating package script '/home/kkk/workspace/ros_ur_driver/install/ur_moveit_config/share/ur_moveit_config/package.zsh'
[0.906s] Level 1:colcon.colcon_core.environment:create_file_with_runtime_dependencies(/home/kkk/workspace/ros_ur_driver/install/ur_moveit_config/share/colcon-core/packages/ur_moveit_config)
[0.911s] DEBUG:colcon.colcon_core.event_handler.log_command:Invoking command in '/home/kkk/workspace/ros_ur_driver/build/ur_dashboard_msgs': CMAKE_PREFIX_PATH=/opt/ros/galactic /usr/bin/cmake --install /home/kkk/workspace/ros_ur_driver/build/ur_dashboard_msgs
[0.937s] Level 1:colcon.colcon_core.environment:create_environment_scripts_only(ur_moveit_config)
[0.939s] Level 1:colcon.colcon_core.environment:checking '/home/kkk/workspace/ros_ur_driver/install/ur_moveit_config' for CMake module files
[0.940s] Level 1:colcon.colcon_core.environment:checking '/home/kkk/workspace/ros_ur_driver/install/ur_moveit_config' for CMake config files
[0.945s] Level 1:colcon.colcon_core.shell:create_environment_hook('ur_moveit_config', 'cmake_prefix_path')
[0.948s] INFO:colcon.colcon_core.shell:Creating environment hook '/home/kkk/workspace/ros_ur_driver/install/ur_moveit_config/share/ur_moveit_config/hook/cmake_prefix_path.ps1'
[0.952s] INFO:colcon.colcon_core.shell:Creating environment descriptor '/home/kkk/workspace/ros_ur_driver/install/ur_moveit_config/share/ur_moveit_config/hook/cmake_prefix_path.dsv'
[0.953s] INFO:colcon.colcon_core.shell:Creating environment hook '/home/kkk/workspace/ros_ur_driver/install/ur_moveit_config/share/ur_moveit_config/hook/cmake_prefix_path.sh'
[0.954s] Level 1:colcon.colcon_core.environment:checking '/home/kkk/workspace/ros_ur_driver/install/ur_moveit_config/lib'
[0.954s] Level 1:colcon.colcon_core.environment:checking '/home/kkk/workspace/ros_ur_driver/install/ur_moveit_config/bin'
[0.954s] Level 1:colcon.colcon_core.environment:checking '/home/kkk/workspace/ros_ur_driver/install/ur_moveit_config/lib/pkgconfig/ur_moveit_config.pc'
[0.954s] Level 1:colcon.colcon_core.environment:checking '/home/kkk/workspace/ros_ur_driver/install/ur_moveit_config/lib/python3.8/site-packages'
[0.954s] Level 1:colcon.colcon_core.shell:create_environment_hook('ur_moveit_config', 'pythonpath')
[0.957s] INFO:colcon.colcon_core.shell:Creating environment hook '/home/kkk/workspace/ros_ur_driver/install/ur_moveit_config/share/ur_moveit_config/hook/pythonpath.ps1'
[0.957s] INFO:colcon.colcon_core.shell:Creating environment descriptor '/home/kkk/workspace/ros_ur_driver/install/ur_moveit_config/share/ur_moveit_config/hook/pythonpath.dsv'
[0.958s] INFO:colcon.colcon_core.shell:Creating environment hook '/home/kkk/workspace/ros_ur_driver/install/ur_moveit_config/share/ur_moveit_config/hook/pythonpath.sh'
[0.959s] Level 1:colcon.colcon_core.environment:checking '/home/kkk/workspace/ros_ur_driver/install/ur_moveit_config/bin'
[0.961s] INFO:colcon.colcon_core.shell:Creating package script '/home/kkk/workspace/ros_ur_driver/install/ur_moveit_config/share/ur_moveit_config/package.ps1'
[0.963s] INFO:colcon.colcon_core.shell:Creating package descriptor '/home/kkk/workspace/ros_ur_driver/install/ur_moveit_config/share/ur_moveit_config/package.dsv'
[0.964s] INFO:colcon.colcon_core.shell:Creating package script '/home/kkk/workspace/ros_ur_driver/install/ur_moveit_config/share/ur_moveit_config/package.sh'
[0.968s] INFO:colcon.colcon_core.shell:Creating package script '/home/kkk/workspace/ros_ur_driver/install/ur_moveit_config/share/ur_moveit_config/package.bash'
[0.971s] INFO:colcon.colcon_core.shell:Creating package script '/home/kkk/workspace/ros_ur_driver/install/ur_moveit_config/share/ur_moveit_config/package.zsh'
[0.972s] Level 1:colcon.colcon_core.environment:create_file_with_runtime_dependencies(/home/kkk/workspace/ros_ur_driver/install/ur_moveit_config/share/colcon-core/packages/ur_moveit_config)
[0.974s] Level 1:colcon.colcon_core.environment:create_environment_scripts_only(ur_dashboard_msgs)
[0.978s] Level 1:colcon.colcon_core.environment:checking '/home/kkk/workspace/ros_ur_driver/install/ur_dashboard_msgs' for CMake module files
[0.982s] DEBUG:colcon.colcon_core.event_handler.log_command:Invoked command in '/home/kkk/workspace/ros_ur_driver/build/ur_dashboard_msgs' returned '0': CMAKE_PREFIX_PATH=/opt/ros/galactic /usr/bin/cmake --install /home/kkk/workspace/ros_ur_driver/build/ur_dashboard_msgs
[0.982s] Level 1:colcon.colcon_core.environment:checking '/home/kkk/workspace/ros_ur_driver/install/ur_dashboard_msgs' for CMake config files
[0.983s] Level 1:colcon.colcon_core.shell:create_environment_hook('ur_dashboard_msgs', 'cmake_prefix_path')
[0.985s] INFO:colcon.colcon_core.shell:Creating environment hook '/home/kkk/workspace/ros_ur_driver/install/ur_dashboard_msgs/share/ur_dashboard_msgs/hook/cmake_prefix_path.ps1'
[0.986s] INFO:colcon.colcon_core.shell:Creating environment descriptor '/home/kkk/workspace/ros_ur_driver/install/ur_dashboard_msgs/share/ur_dashboard_msgs/hook/cmake_prefix_path.dsv'
[0.986s] INFO:colcon.colcon_core.shell:Creating environment hook '/home/kkk/workspace/ros_ur_driver/install/ur_dashboard_msgs/share/ur_dashboard_msgs/hook/cmake_prefix_path.sh'
[0.986s] Level 1:colcon.colcon_core.environment:checking '/home/kkk/workspace/ros_ur_driver/install/ur_dashboard_msgs/lib'
[0.986s] Level 1:colcon.colcon_core.shell:create_environment_hook('ur_dashboard_msgs', 'ld_library_path_lib')
[0.987s] INFO:colcon.colcon_core.shell:Creating environment hook '/home/kkk/workspace/ros_ur_driver/install/ur_dashboard_msgs/share/ur_dashboard_msgs/hook/ld_library_path_lib.ps1'
[0.988s] INFO:colcon.colcon_core.shell:Creating environment descriptor '/home/kkk/workspace/ros_ur_driver/install/ur_dashboard_msgs/share/ur_dashboard_msgs/hook/ld_library_path_lib.dsv'
[0.988s] INFO:colcon.colcon_core.shell:Creating environment hook '/home/kkk/workspace/ros_ur_driver/install/ur_dashboard_msgs/share/ur_dashboard_msgs/hook/ld_library_path_lib.sh'
[0.988s] Level 1:colcon.colcon_core.environment:checking '/home/kkk/workspace/ros_ur_driver/install/ur_dashboard_msgs/bin'
[0.988s] Level 1:colcon.colcon_core.environment:checking '/home/kkk/workspace/ros_ur_driver/install/ur_dashboard_msgs/lib/pkgconfig/ur_dashboard_msgs.pc'
[0.989s] Level 1:colcon.colcon_core.environment:checking '/home/kkk/workspace/ros_ur_driver/install/ur_dashboard_msgs/lib/python3.8/site-packages'
[0.989s] Level 1:colcon.colcon_core.shell:create_environment_hook('ur_dashboard_msgs', 'pythonpath')
[0.990s] INFO:colcon.colcon_core.shell:Creating environment hook '/home/kkk/workspace/ros_ur_driver/install/ur_dashboard_msgs/share/ur_dashboard_msgs/hook/pythonpath.ps1'
[0.990s] INFO:colcon.colcon_core.shell:Creating environment descriptor '/home/kkk/workspace/ros_ur_driver/install/ur_dashboard_msgs/share/ur_dashboard_msgs/hook/pythonpath.dsv'
[0.990s] INFO:colcon.colcon_core.shell:Creating environment hook '/home/kkk/workspace/ros_ur_driver/install/ur_dashboard_msgs/share/ur_dashboard_msgs/hook/pythonpath.sh'
[0.991s] Level 1:colcon.colcon_core.environment:checking '/home/kkk/workspace/ros_ur_driver/install/ur_dashboard_msgs/bin'
[0.992s] INFO:colcon.colcon_core.shell:Creating package script '/home/kkk/workspace/ros_ur_driver/install/ur_dashboard_msgs/share/ur_dashboard_msgs/package.ps1'
[0.992s] INFO:colcon.colcon_core.shell:Creating package descriptor '/home/kkk/workspace/ros_ur_driver/install/ur_dashboard_msgs/share/ur_dashboard_msgs/package.dsv'
[0.993s] INFO:colcon.colcon_core.shell:Creating package script '/home/kkk/workspace/ros_ur_driver/install/ur_dashboard_msgs/share/ur_dashboard_msgs/package.sh'
[0.993s] INFO:colcon.colcon_core.shell:Creating package script '/home/kkk/workspace/ros_ur_driver/install/ur_dashboard_msgs/share/ur_dashboard_msgs/package.bash'
[0.993s] INFO:colcon.colcon_core.shell:Creating package script '/home/kkk/workspace/ros_ur_driver/install/ur_dashboard_msgs/share/ur_dashboard_msgs/package.zsh'
[0.994s] Level 1:colcon.colcon_core.environment:create_file_with_runtime_dependencies(/home/kkk/workspace/ros_ur_driver/install/ur_dashboard_msgs/share/colcon-core/packages/ur_dashboard_msgs)
[1.164s] Level 1:colcon.colcon_core.environment:create_environment_scripts_only(ur_dashboard_msgs)
[1.168s] Level 1:colcon.colcon_core.environment:checking '/home/kkk/workspace/ros_ur_driver/install/ur_dashboard_msgs' for CMake module files
[1.169s] Level 1:colcon.colcon_core.environment:checking '/home/kkk/workspace/ros_ur_driver/install/ur_dashboard_msgs' for CMake config files
[1.170s] Level 1:colcon.colcon_core.shell:create_environment_hook('ur_dashboard_msgs', 'cmake_prefix_path')
[1.173s] INFO:colcon.colcon_core.shell:Creating environment hook '/home/kkk/workspace/ros_ur_driver/install/ur_dashboard_msgs/share/ur_dashboard_msgs/hook/cmake_prefix_path.ps1'
[1.173s] INFO:colcon.colcon_core.shell:Creating environment descriptor '/home/kkk/workspace/ros_ur_driver/install/ur_dashboard_msgs/share/ur_dashboard_msgs/hook/cmake_prefix_path.dsv'
[1.174s] INFO:colcon.colcon_core.shell:Creating environment hook '/home/kkk/workspace/ros_ur_driver/install/ur_dashboard_msgs/share/ur_dashboard_msgs/hook/cmake_prefix_path.sh'
[1.174s] Level 1:colcon.colcon_core.environment:checking '/home/kkk/workspace/ros_ur_driver/install/ur_dashboard_msgs/lib'
[1.174s] Level 1:colcon.colcon_core.shell:create_environment_hook('ur_dashboard_msgs', 'ld_library_path_lib')
[1.175s] INFO:colcon.colcon_core.shell:Creating environment hook '/home/kkk/workspace/ros_ur_driver/install/ur_dashboard_msgs/share/ur_dashboard_msgs/hook/ld_library_path_lib.ps1'
[1.176s] INFO:colcon.colcon_core.shell:Creating environment descriptor '/home/kkk/workspace/ros_ur_driver/install/ur_dashboard_msgs/share/ur_dashboard_msgs/hook/ld_library_path_lib.dsv'
[1.176s] INFO:colcon.colcon_core.shell:Creating environment hook '/home/kkk/workspace/ros_ur_driver/install/ur_dashboard_msgs/share/ur_dashboard_msgs/hook/ld_library_path_lib.sh'
[1.176s] Level 1:colcon.colcon_core.environment:checking '/home/kkk/workspace/ros_ur_driver/install/ur_dashboard_msgs/bin'
[1.176s] Level 1:colcon.colcon_core.environment:checking '/home/kkk/workspace/ros_ur_driver/install/ur_dashboard_msgs/lib/pkgconfig/ur_dashboard_msgs.pc'
[1.176s] Level 1:colcon.colcon_core.environment:checking '/home/kkk/workspace/ros_ur_driver/install/ur_dashboard_msgs/lib/python3.8/site-packages'
[1.176s] Level 1:colcon.colcon_core.shell:create_environment_hook('ur_dashboard_msgs', 'pythonpath')
[1.177s] INFO:colcon.colcon_core.shell:Creating environment hook '/home/kkk/workspace/ros_ur_driver/install/ur_dashboard_msgs/share/ur_dashboard_msgs/hook/pythonpath.ps1'
[1.178s] INFO:colcon.colcon_core.shell:Creating environment descriptor '/home/kkk/workspace/ros_ur_driver/install/ur_dashboard_msgs/share/ur_dashboard_msgs/hook/pythonpath.dsv'
[1.178s] INFO:colcon.colcon_core.shell:Creating environment hook '/home/kkk/workspace/ros_ur_driver/install/ur_dashboard_msgs/share/ur_dashboard_msgs/hook/pythonpath.sh'
[1.178s] Level 1:colcon.colcon_core.environment:checking '/home/kkk/workspace/ros_ur_driver/install/ur_dashboard_msgs/bin'
[1.180s] INFO:colcon.colcon_core.shell:Creating package script '/home/kkk/workspace/ros_ur_driver/install/ur_dashboard_msgs/share/ur_dashboard_msgs/package.ps1'
[1.180s] INFO:colcon.colcon_core.shell:Creating package descriptor '/home/kkk/workspace/ros_ur_driver/install/ur_dashboard_msgs/share/ur_dashboard_msgs/package.dsv'
[1.181s] INFO:colcon.colcon_core.shell:Creating package script '/home/kkk/workspace/ros_ur_driver/install/ur_dashboard_msgs/share/ur_dashboard_msgs/package.sh'
[1.181s] INFO:colcon.colcon_core.shell:Creating package script '/home/kkk/workspace/ros_ur_driver/install/ur_dashboard_msgs/share/ur_dashboard_msgs/package.bash'
[1.181s] INFO:colcon.colcon_core.shell:Creating package script '/home/kkk/workspace/ros_ur_driver/install/ur_dashboard_msgs/share/ur_dashboard_msgs/package.zsh'
[1.181s] Level 1:colcon.colcon_core.environment:create_file_with_runtime_dependencies(/home/kkk/workspace/ros_ur_driver/install/ur_dashboard_msgs/share/colcon-core/packages/ur_dashboard_msgs)
[1.182s] INFO:colcon.colcon_ros.task.ament_cmake.build:Building ROS package in '/home/kkk/workspace/ros_ur_driver/src/Universal_Robots_ROS2_Driver/ur_controllers' with build type 'ament_cmake'
[1.182s] INFO:colcon.colcon_cmake.task.cmake.build:Building CMake package in '/home/kkk/workspace/ros_ur_driver/src/Universal_Robots_ROS2_Driver/ur_controllers'
[1.183s] INFO:colcon.colcon_core.shell:Skip shell extension 'powershell' for command environment: Not usable outside of PowerShell
[1.183s] DEBUG:colcon.colcon_core.shell:Skip shell extension 'dsv' for command environment
[1.201s] DEBUG:colcon.colcon_core.event_handler.log_command:Invoking command in '/home/kkk/workspace/ros_ur_driver/build/ur_controllers': AMENT_PREFIX_PATH=/home/kkk/workspace/ros_ur_driver/install/ur_dashboard_msgs:${AMENT_PREFIX_PATH} CMAKE_PREFIX_PATH=/home/kkk/workspace/ros_ur_driver/install/ur_dashboard_msgs:/opt/ros/galactic LD_LIBRARY_PATH=/home/kkk/workspace/ros_ur_driver/install/ur_dashboard_msgs/lib:${LD_LIBRARY_PATH} PYTHONPATH=/home/kkk/workspace/ros_ur_driver/install/ur_dashboard_msgs/lib/python3.8/site-packages:${PYTHONPATH} /usr/bin/cmake --build /home/kkk/workspace/ros_ur_driver/build/ur_controllers -- -j8 -l8
[1.311s] DEBUG:colcon.colcon_core.event_handler.log_command:Invoked command in '/home/kkk/workspace/ros_ur_driver/build/ur_controllers' returned '0': AMENT_PREFIX_PATH=/home/kkk/workspace/ros_ur_driver/install/ur_dashboard_msgs:${AMENT_PREFIX_PATH} CMAKE_PREFIX_PATH=/home/kkk/workspace/ros_ur_driver/install/ur_dashboard_msgs:/opt/ros/galactic LD_LIBRARY_PATH=/home/kkk/workspace/ros_ur_driver/install/ur_dashboard_msgs/lib:${LD_LIBRARY_PATH} PYTHONPATH=/home/kkk/workspace/ros_ur_driver/install/ur_dashboard_msgs/lib/python3.8/site-packages:${PYTHONPATH} /usr/bin/cmake --build /home/kkk/workspace/ros_ur_driver/build/ur_controllers -- -j8 -l8
[1.347s] DEBUG:colcon.colcon_core.event_handler.log_command:Invoking command in '/home/kkk/workspace/ros_ur_driver/build/ur_controllers': AMENT_PREFIX_PATH=/home/kkk/workspace/ros_ur_driver/install/ur_dashboard_msgs:${AMENT_PREFIX_PATH} CMAKE_PREFIX_PATH=/home/kkk/workspace/ros_ur_driver/install/ur_dashboard_msgs:/opt/ros/galactic LD_LIBRARY_PATH=/home/kkk/workspace/ros_ur_driver/install/ur_dashboard_msgs/lib:${LD_LIBRARY_PATH} PYTHONPATH=/home/kkk/workspace/ros_ur_driver/install/ur_dashboard_msgs/lib/python3.8/site-packages:${PYTHONPATH} /usr/bin/cmake --install /home/kkk/workspace/ros_ur_driver/build/ur_controllers
[1.362s] Level 1:colcon.colcon_core.environment:create_environment_scripts_only(ur_controllers)
[1.366s] Level 1:colcon.colcon_core.environment:checking '/home/kkk/workspace/ros_ur_driver/install/ur_controllers' for CMake module files
[1.368s] Level 1:colcon.colcon_core.environment:checking '/home/kkk/workspace/ros_ur_driver/install/ur_controllers' for CMake config files
[1.370s] DEBUG:colcon.colcon_core.event_handler.log_command:Invoked command in '/home/kkk/workspace/ros_ur_driver/build/ur_controllers' returned '0': AMENT_PREFIX_PATH=/home/kkk/workspace/ros_ur_driver/install/ur_dashboard_msgs:${AMENT_PREFIX_PATH} CMAKE_PREFIX_PATH=/home/kkk/workspace/ros_ur_driver/install/ur_dashboard_msgs:/opt/ros/galactic LD_LIBRARY_PATH=/home/kkk/workspace/ros_ur_driver/install/ur_dashboard_msgs/lib:${LD_LIBRARY_PATH} PYTHONPATH=/home/kkk/workspace/ros_ur_driver/install/ur_dashboard_msgs/lib/python3.8/site-packages:${PYTHONPATH} /usr/bin/cmake --install /home/kkk/workspace/ros_ur_driver/build/ur_controllers
[1.370s] Level 1:colcon.colcon_core.shell:create_environment_hook('ur_controllers', 'cmake_prefix_path')
[1.371s] INFO:colcon.colcon_core.shell:Creating environment hook '/home/kkk/workspace/ros_ur_driver/install/ur_controllers/share/ur_controllers/hook/cmake_prefix_path.ps1'
[1.372s] INFO:colcon.colcon_core.shell:Creating environment descriptor '/home/kkk/workspace/ros_ur_driver/install/ur_controllers/share/ur_controllers/hook/cmake_prefix_path.dsv'
[1.372s] INFO:colcon.colcon_core.shell:Creating environment hook '/home/kkk/workspace/ros_ur_driver/install/ur_controllers/share/ur_controllers/hook/cmake_prefix_path.sh'
[1.373s] Level 1:colcon.colcon_core.environment:checking '/home/kkk/workspace/ros_ur_driver/install/ur_controllers/lib'
[1.373s] Level 1:colcon.colcon_core.shell:create_environment_hook('ur_controllers', 'ld_library_path_lib')
[1.374s] INFO:colcon.colcon_core.shell:Creating environment hook '/home/kkk/workspace/ros_ur_driver/install/ur_controllers/share/ur_controllers/hook/ld_library_path_lib.ps1'
[1.374s] INFO:colcon.colcon_core.shell:Creating environment descriptor '/home/kkk/workspace/ros_ur_driver/install/ur_controllers/share/ur_controllers/hook/ld_library_path_lib.dsv'
[1.374s] INFO:colcon.colcon_core.shell:Creating environment hook '/home/kkk/workspace/ros_ur_driver/install/ur_controllers/share/ur_controllers/hook/ld_library_path_lib.sh'
[1.375s] Level 1:colcon.colcon_core.environment:checking '/home/kkk/workspace/ros_ur_driver/install/ur_controllers/bin'
[1.375s] Level 1:colcon.colcon_core.environment:checking '/home/kkk/workspace/ros_ur_driver/install/ur_controllers/lib/pkgconfig/ur_controllers.pc'
[1.375s] Level 1:colcon.colcon_core.environment:checking '/home/kkk/workspace/ros_ur_driver/install/ur_controllers/lib/python3.8/site-packages'
[1.375s] Level 1:colcon.colcon_core.environment:checking '/home/kkk/workspace/ros_ur_driver/install/ur_controllers/bin'
[1.376s] INFO:colcon.colcon_core.shell:Creating package script '/home/kkk/workspace/ros_ur_driver/install/ur_controllers/share/ur_controllers/package.ps1'
[1.377s] INFO:colcon.colcon_core.shell:Creating package descriptor '/home/kkk/workspace/ros_ur_driver/install/ur_controllers/share/ur_controllers/package.dsv'
[1.377s] INFO:colcon.colcon_core.shell:Creating package script '/home/kkk/workspace/ros_ur_driver/install/ur_controllers/share/ur_controllers/package.sh'
[1.377s] INFO:colcon.colcon_core.shell:Creating package script '/home/kkk/workspace/ros_ur_driver/install/ur_controllers/share/ur_controllers/package.bash'
[1.378s] INFO:colcon.colcon_core.shell:Creating package script '/home/kkk/workspace/ros_ur_driver/install/ur_controllers/share/ur_controllers/package.zsh'
[1.378s] Level 1:colcon.colcon_core.environment:create_file_with_runtime_dependencies(/home/kkk/workspace/ros_ur_driver/install/ur_controllers/share/colcon-core/packages/ur_controllers)
[1.417s] Level 1:colcon.colcon_core.environment:create_environment_scripts_only(ur_controllers)
[1.421s] Level 1:colcon.colcon_core.environment:checking '/home/kkk/workspace/ros_ur_driver/install/ur_controllers' for CMake module files
[1.421s] Level 1:colcon.colcon_core.environment:checking '/home/kkk/workspace/ros_ur_driver/install/ur_controllers' for CMake config files
[1.421s] Level 1:colcon.colcon_core.shell:create_environment_hook('ur_controllers', 'cmake_prefix_path')
[1.422s] INFO:colcon.colcon_core.shell:Creating environment hook '/home/kkk/workspace/ros_ur_driver/install/ur_controllers/share/ur_controllers/hook/cmake_prefix_path.ps1'
[1.423s] INFO:colcon.colcon_core.shell:Creating environment descriptor '/home/kkk/workspace/ros_ur_driver/install/ur_controllers/share/ur_controllers/hook/cmake_prefix_path.dsv'
[1.423s] INFO:colcon.colcon_core.shell:Creating environment hook '/home/kkk/workspace/ros_ur_driver/install/ur_controllers/share/ur_controllers/hook/cmake_prefix_path.sh'
[1.424s] Level 1:colcon.colcon_core.environment:checking '/home/kkk/workspace/ros_ur_driver/install/ur_controllers/lib'
[1.424s] Level 1:colcon.colcon_core.shell:create_environment_hook('ur_controllers', 'ld_library_path_lib')
[1.425s] INFO:colcon.colcon_core.shell:Creating environment hook '/home/kkk/workspace/ros_ur_driver/install/ur_controllers/share/ur_controllers/hook/ld_library_path_lib.ps1'
[1.425s] INFO:colcon.colcon_core.shell:Creating environment descriptor '/home/kkk/workspace/ros_ur_driver/install/ur_controllers/share/ur_controllers/hook/ld_library_path_lib.dsv'
[1.425s] INFO:colcon.colcon_core.shell:Creating environment hook '/home/kkk/workspace/ros_ur_driver/install/ur_controllers/share/ur_controllers/hook/ld_library_path_lib.sh'
[1.426s] Level 1:colcon.colcon_core.environment:checking '/home/kkk/workspace/ros_ur_driver/install/ur_controllers/bin'
[1.426s] Level 1:colcon.colcon_core.environment:checking '/home/kkk/workspace/ros_ur_driver/install/ur_controllers/lib/pkgconfig/ur_controllers.pc'
[1.426s] Level 1:colcon.colcon_core.environment:checking '/home/kkk/workspace/ros_ur_driver/install/ur_controllers/lib/python3.8/site-packages'
[1.426s] Level 1:colcon.colcon_core.environment:checking '/home/kkk/workspace/ros_ur_driver/install/ur_controllers/bin'
[1.427s] INFO:colcon.colcon_core.shell:Creating package script '/home/kkk/workspace/ros_ur_driver/install/ur_controllers/share/ur_controllers/package.ps1'
[1.428s] INFO:colcon.colcon_core.shell:Creating package descriptor '/home/kkk/workspace/ros_ur_driver/install/ur_controllers/share/ur_controllers/package.dsv'
[1.428s] INFO:colcon.colcon_core.shell:Creating package script '/home/kkk/workspace/ros_ur_driver/install/ur_controllers/share/ur_controllers/package.sh'
[1.428s] INFO:colcon.colcon_core.shell:Creating package script '/home/kkk/workspace/ros_ur_driver/install/ur_controllers/share/ur_controllers/package.bash'
[1.429s] INFO:colcon.colcon_core.shell:Creating package script '/home/kkk/workspace/ros_ur_driver/install/ur_controllers/share/ur_controllers/package.zsh'
[1.429s] Level 1:colcon.colcon_core.environment:create_file_with_runtime_dependencies(/home/kkk/workspace/ros_ur_driver/install/ur_controllers/share/colcon-core/packages/ur_controllers)
[1.429s] INFO:colcon.colcon_ros.task.ament_cmake.build:Building ROS package in '/home/kkk/workspace/ros_ur_driver/src/Universal_Robots_ROS2_Driver/ur_bringup' with build type 'ament_cmake'
[1.429s] INFO:colcon.colcon_cmake.task.cmake.build:Building CMake package in '/home/kkk/workspace/ros_ur_driver/src/Universal_Robots_ROS2_Driver/ur_bringup'
[1.431s] INFO:colcon.colcon_core.shell:Skip shell extension 'powershell' for command environment: Not usable outside of PowerShell
[1.431s] DEBUG:colcon.colcon_core.shell:Skip shell extension 'dsv' for command environment
[1.451s] DEBUG:colcon.colcon_core.event_handler.log_command:Invoking command in '/home/kkk/workspace/ros_ur_driver/build/ur_bringup': AMENT_PREFIX_PATH=/home/kkk/workspace/ros_ur_driver/install/ur_controllers:/home/kkk/workspace/ros_ur_driver/install/ur_dashboard_msgs:${AMENT_PREFIX_PATH} CMAKE_PREFIX_PATH=/home/kkk/workspace/ros_ur_driver/install/ur_controllers:/home/kkk/workspace/ros_ur_driver/install/ur_dashboard_msgs:/opt/ros/galactic LD_LIBRARY_PATH=/home/kkk/workspace/ros_ur_driver/install/ur_controllers/lib:/home/kkk/workspace/ros_ur_driver/install/ur_dashboard_msgs/lib:${LD_LIBRARY_PATH} PYTHONPATH=/home/kkk/workspace/ros_ur_driver/install/ur_dashboard_msgs/lib/python3.8/site-packages:${PYTHONPATH} /usr/bin/cmake --build /home/kkk/workspace/ros_ur_driver/build/ur_bringup -- -j8 -l8
[1.494s] DEBUG:colcon.colcon_core.event_handler.log_command:Invoked command in '/home/kkk/workspace/ros_ur_driver/build/ur_bringup' returned '0': AMENT_PREFIX_PATH=/home/kkk/workspace/ros_ur_driver/install/ur_controllers:/home/kkk/workspace/ros_ur_driver/install/ur_dashboard_msgs:${AMENT_PREFIX_PATH} CMAKE_PREFIX_PATH=/home/kkk/workspace/ros_ur_driver/install/ur_controllers:/home/kkk/workspace/ros_ur_driver/install/ur_dashboard_msgs:/opt/ros/galactic LD_LIBRARY_PATH=/home/kkk/workspace/ros_ur_driver/install/ur_controllers/lib:/home/kkk/workspace/ros_ur_driver/install/ur_dashboard_msgs/lib:${LD_LIBRARY_PATH} PYTHONPATH=/home/kkk/workspace/ros_ur_driver/install/ur_dashboard_msgs/lib/python3.8/site-packages:${PYTHONPATH} /usr/bin/cmake --build /home/kkk/workspace/ros_ur_driver/build/ur_bringup -- -j8 -l8
[1.530s] DEBUG:colcon.colcon_core.event_handler.log_command:Invoking command in '/home/kkk/workspace/ros_ur_driver/build/ur_bringup': AMENT_PREFIX_PATH=/home/kkk/workspace/ros_ur_driver/install/ur_controllers:/home/kkk/workspace/ros_ur_driver/install/ur_dashboard_msgs:${AMENT_PREFIX_PATH} CMAKE_PREFIX_PATH=/home/kkk/workspace/ros_ur_driver/install/ur_controllers:/home/kkk/workspace/ros_ur_driver/install/ur_dashboard_msgs:/opt/ros/galactic LD_LIBRARY_PATH=/home/kkk/workspace/ros_ur_driver/install/ur_controllers/lib:/home/kkk/workspace/ros_ur_driver/install/ur_dashboard_msgs/lib:${LD_LIBRARY_PATH} PYTHONPATH=/home/kkk/workspace/ros_ur_driver/install/ur_dashboard_msgs/lib/python3.8/site-packages:${PYTHONPATH} /usr/bin/cmake --install /home/kkk/workspace/ros_ur_driver/build/ur_bringup
[1.544s] Level 1:colcon.colcon_core.environment:create_environment_scripts_only(ur_bringup)
[1.548s] Level 1:colcon.colcon_core.environment:checking '/home/kkk/workspace/ros_ur_driver/install/ur_bringup' for CMake module files
[1.552s] Level 1:colcon.colcon_core.environment:checking '/home/kkk/workspace/ros_ur_driver/install/ur_bringup' for CMake config files
[1.552s] DEBUG:colcon.colcon_core.event_handler.log_command:Invoked command in '/home/kkk/workspace/ros_ur_driver/build/ur_bringup' returned '0': AMENT_PREFIX_PATH=/home/kkk/workspace/ros_ur_driver/install/ur_controllers:/home/kkk/workspace/ros_ur_driver/install/ur_dashboard_msgs:${AMENT_PREFIX_PATH} CMAKE_PREFIX_PATH=/home/kkk/workspace/ros_ur_driver/install/ur_controllers:/home/kkk/workspace/ros_ur_driver/install/ur_dashboard_msgs:/opt/ros/galactic LD_LIBRARY_PATH=/home/kkk/workspace/ros_ur_driver/install/ur_controllers/lib:/home/kkk/workspace/ros_ur_driver/install/ur_dashboard_msgs/lib:${LD_LIBRARY_PATH} PYTHONPATH=/home/kkk/workspace/ros_ur_driver/install/ur_dashboard_msgs/lib/python3.8/site-packages:${PYTHONPATH} /usr/bin/cmake --install /home/kkk/workspace/ros_ur_driver/build/ur_bringup
[1.553s] Level 1:colcon.colcon_core.shell:create_environment_hook('ur_bringup', 'cmake_prefix_path')
[1.554s] INFO:colcon.colcon_core.shell:Creating environment hook '/home/kkk/workspace/ros_ur_driver/install/ur_bringup/share/ur_bringup/hook/cmake_prefix_path.ps1'
[1.554s] INFO:colcon.colcon_core.shell:Creating environment descriptor '/home/kkk/workspace/ros_ur_driver/install/ur_bringup/share/ur_bringup/hook/cmake_prefix_path.dsv'
[1.554s] INFO:colcon.colcon_core.shell:Creating environment hook '/home/kkk/workspace/ros_ur_driver/install/ur_bringup/share/ur_bringup/hook/cmake_prefix_path.sh'
[1.555s] Level 1:colcon.colcon_core.environment:checking '/home/kkk/workspace/ros_ur_driver/install/ur_bringup/lib'
[1.555s] Level 1:colcon.colcon_core.environment:checking '/home/kkk/workspace/ros_ur_driver/install/ur_bringup/bin'
[1.555s] Level 1:colcon.colcon_core.environment:checking '/home/kkk/workspace/ros_ur_driver/install/ur_bringup/lib/pkgconfig/ur_bringup.pc'
[1.555s] Level 1:colcon.colcon_core.environment:checking '/home/kkk/workspace/ros_ur_driver/install/ur_bringup/lib/python3.8/site-packages'
[1.555s] Level 1:colcon.colcon_core.environment:checking '/home/kkk/workspace/ros_ur_driver/install/ur_bringup/bin'
[1.556s] INFO:colcon.colcon_core.shell:Creating package script '/home/kkk/workspace/ros_ur_driver/install/ur_bringup/share/ur_bringup/package.ps1'
[1.557s] INFO:colcon.colcon_core.shell:Creating package descriptor '/home/kkk/workspace/ros_ur_driver/install/ur_bringup/share/ur_bringup/package.dsv'
[1.558s] INFO:colcon.colcon_core.shell:Creating package script '/home/kkk/workspace/ros_ur_driver/install/ur_bringup/share/ur_bringup/package.sh'
[1.558s] INFO:colcon.colcon_core.shell:Creating package script '/home/kkk/workspace/ros_ur_driver/install/ur_bringup/share/ur_bringup/package.bash'
[1.559s] INFO:colcon.colcon_core.shell:Creating package script '/home/kkk/workspace/ros_ur_driver/install/ur_bringup/share/ur_bringup/package.zsh'
[1.559s] Level 1:colcon.colcon_core.environment:create_file_with_runtime_dependencies(/home/kkk/workspace/ros_ur_driver/install/ur_bringup/share/colcon-core/packages/ur_bringup)
[1.590s] Level 1:colcon.colcon_core.environment:create_environment_scripts_only(ur_bringup)
[1.593s] Level 1:colcon.colcon_core.environment:checking '/home/kkk/workspace/ros_ur_driver/install/ur_bringup' for CMake module files
[1.594s] Level 1:colcon.colcon_core.environment:checking '/home/kkk/workspace/ros_ur_driver/install/ur_bringup' for CMake config files
[1.595s] Level 1:colcon.colcon_core.shell:create_environment_hook('ur_bringup', 'cmake_prefix_path')
[1.597s] INFO:colcon.colcon_core.shell:Creating environment hook '/home/kkk/workspace/ros_ur_driver/install/ur_bringup/share/ur_bringup/hook/cmake_prefix_path.ps1'
[1.597s] INFO:colcon.colcon_core.shell:Creating environment descriptor '/home/kkk/workspace/ros_ur_driver/install/ur_bringup/share/ur_bringup/hook/cmake_prefix_path.dsv'
[1.598s] INFO:colcon.colcon_core.shell:Creating environment hook '/home/kkk/workspace/ros_ur_driver/install/ur_bringup/share/ur_bringup/hook/cmake_prefix_path.sh'
[1.598s] Level 1:colcon.colcon_core.environment:checking '/home/kkk/workspace/ros_ur_driver/install/ur_bringup/lib'
[1.598s] Level 1:colcon.colcon_core.environment:checking '/home/kkk/workspace/ros_ur_driver/install/ur_bringup/bin'
[1.598s] Level 1:colcon.colcon_core.environment:checking '/home/kkk/workspace/ros_ur_driver/install/ur_bringup/lib/pkgconfig/ur_bringup.pc'
[1.598s] Level 1:colcon.colcon_core.environment:checking '/home/kkk/workspace/ros_ur_driver/install/ur_bringup/lib/python3.8/site-packages'
[1.598s] Level 1:colcon.colcon_core.environment:checking '/home/kkk/workspace/ros_ur_driver/install/ur_bringup/bin'
[1.600s] INFO:colcon.colcon_core.shell:Creating package script '/home/kkk/workspace/ros_ur_driver/install/ur_bringup/share/ur_bringup/package.ps1'
[1.600s] INFO:colcon.colcon_core.shell:Creating package descriptor '/home/kkk/workspace/ros_ur_driver/install/ur_bringup/share/ur_bringup/package.dsv'
[1.600s] INFO:colcon.colcon_core.shell:Creating package script '/home/kkk/workspace/ros_ur_driver/install/ur_bringup/share/ur_bringup/package.sh'
[1.601s] INFO:colcon.colcon_core.shell:Creating package script '/home/kkk/workspace/ros_ur_driver/install/ur_bringup/share/ur_bringup/package.bash'
[1.601s] INFO:colcon.colcon_core.shell:Creating package script '/home/kkk/workspace/ros_ur_driver/install/ur_bringup/share/ur_bringup/package.zsh'
[1.601s] Level 1:colcon.colcon_core.environment:create_file_with_runtime_dependencies(/home/kkk/workspace/ros_ur_driver/install/ur_bringup/share/colcon-core/packages/ur_bringup)
[1.602s] INFO:colcon.colcon_ros.task.ament_cmake.build:Building ROS package in '/home/kkk/workspace/ros_ur_driver/src/Universal_Robots_ROS2_Driver/ur_robot_driver' with build type 'ament_cmake'
[1.602s] INFO:colcon.colcon_cmake.task.cmake.build:Building CMake package in '/home/kkk/workspace/ros_ur_driver/src/Universal_Robots_ROS2_Driver/ur_robot_driver'
[1.603s] INFO:colcon.colcon_core.shell:Skip shell extension 'powershell' for command environment: Not usable outside of PowerShell
[1.603s] DEBUG:colcon.colcon_core.shell:Skip shell extension 'dsv' for command environment
[1.625s] DEBUG:colcon.colcon_core.event_handler.log_command:Invoking command in '/home/kkk/workspace/ros_ur_driver/build/ur_robot_driver': AMENT_PREFIX_PATH=/home/kkk/workspace/ros_ur_driver/install/ur_bringup:/home/kkk/workspace/ros_ur_driver/install/ur_controllers:/home/kkk/workspace/ros_ur_driver/install/ur_dashboard_msgs:${AMENT_PREFIX_PATH} CMAKE_PREFIX_PATH=/home/kkk/workspace/ros_ur_driver/install/ur_bringup:/home/kkk/workspace/ros_ur_driver/install/ur_controllers:/home/kkk/workspace/ros_ur_driver/install/ur_dashboard_msgs:/opt/ros/galactic LD_LIBRARY_PATH=/home/kkk/workspace/ros_ur_driver/install/ur_controllers/lib:/home/kkk/workspace/ros_ur_driver/install/ur_dashboard_msgs/lib:${LD_LIBRARY_PATH} PYTHONPATH=/home/kkk/workspace/ros_ur_driver/install/ur_dashboard_msgs/lib/python3.8/site-packages:${PYTHONPATH} /usr/bin/cmake --build /home/kkk/workspace/ros_ur_driver/build/ur_robot_driver -- -j8 -l8
[1.968s] DEBUG:colcon.colcon_core.event_handler.log_command:Invoked command in '/home/kkk/workspace/ros_ur_driver/build/ur_robot_driver' returned '0': AMENT_PREFIX_PATH=/home/kkk/workspace/ros_ur_driver/install/ur_bringup:/home/kkk/workspace/ros_ur_driver/install/ur_controllers:/home/kkk/workspace/ros_ur_driver/install/ur_dashboard_msgs:${AMENT_PREFIX_PATH} CMAKE_PREFIX_PATH=/home/kkk/workspace/ros_ur_driver/install/ur_bringup:/home/kkk/workspace/ros_ur_driver/install/ur_controllers:/home/kkk/workspace/ros_ur_driver/install/ur_dashboard_msgs:/opt/ros/galactic LD_LIBRARY_PATH=/home/kkk/workspace/ros_ur_driver/install/ur_controllers/lib:/home/kkk/workspace/ros_ur_driver/install/ur_dashboard_msgs/lib:${LD_LIBRARY_PATH} PYTHONPATH=/home/kkk/workspace/ros_ur_driver/install/ur_dashboard_msgs/lib/python3.8/site-packages:${PYTHONPATH} /usr/bin/cmake --build /home/kkk/workspace/ros_ur_driver/build/ur_robot_driver -- -j8 -l8
[2.015s] DEBUG:colcon.colcon_core.event_handler.log_command:Invoking command in '/home/kkk/workspace/ros_ur_driver/build/ur_robot_driver': AMENT_PREFIX_PATH=/home/kkk/workspace/ros_ur_driver/install/ur_bringup:/home/kkk/workspace/ros_ur_driver/install/ur_controllers:/home/kkk/workspace/ros_ur_driver/install/ur_dashboard_msgs:${AMENT_PREFIX_PATH} CMAKE_PREFIX_PATH=/home/kkk/workspace/ros_ur_driver/install/ur_bringup:/home/kkk/workspace/ros_ur_driver/install/ur_controllers:/home/kkk/workspace/ros_ur_driver/install/ur_dashboard_msgs:/opt/ros/galactic LD_LIBRARY_PATH=/home/kkk/workspace/ros_ur_driver/install/ur_controllers/lib:/home/kkk/workspace/ros_ur_driver/install/ur_dashboard_msgs/lib:${LD_LIBRARY_PATH} PYTHONPATH=/home/kkk/workspace/ros_ur_driver/install/ur_dashboard_msgs/lib/python3.8/site-packages:${PYTHONPATH} /usr/bin/cmake --install /home/kkk/workspace/ros_ur_driver/build/ur_robot_driver
[2.068s] Level 1:colcon.colcon_core.environment:create_environment_scripts_only(ur_robot_driver)
[2.070s] Level 1:colcon.colcon_core.environment:checking '/home/kkk/workspace/ros_ur_driver/install/ur_robot_driver' for CMake module files
[2.070s] DEBUG:colcon.colcon_core.event_handler.log_command:Invoked command in '/home/kkk/workspace/ros_ur_driver/build/ur_robot_driver' returned '0': AMENT_PREFIX_PATH=/home/kkk/workspace/ros_ur_driver/install/ur_bringup:/home/kkk/workspace/ros_ur_driver/install/ur_controllers:/home/kkk/workspace/ros_ur_driver/install/ur_dashboard_msgs:${AMENT_PREFIX_PATH} CMAKE_PREFIX_PATH=/home/kkk/workspace/ros_ur_driver/install/ur_bringup:/home/kkk/workspace/ros_ur_driver/install/ur_controllers:/home/kkk/workspace/ros_ur_driver/install/ur_dashboard_msgs:/opt/ros/galactic LD_LIBRARY_PATH=/home/kkk/workspace/ros_ur_driver/install/ur_controllers/lib:/home/kkk/workspace/ros_ur_driver/install/ur_dashboard_msgs/lib:${LD_LIBRARY_PATH} PYTHONPATH=/home/kkk/workspace/ros_ur_driver/install/ur_dashboard_msgs/lib/python3.8/site-packages:${PYTHONPATH} /usr/bin/cmake --install /home/kkk/workspace/ros_ur_driver/build/ur_robot_driver
[2.071s] Level 1:colcon.colcon_core.environment:checking '/home/kkk/workspace/ros_ur_driver/install/ur_robot_driver' for CMake config files
[2.071s] Level 1:colcon.colcon_core.shell:create_environment_hook('ur_robot_driver', 'cmake_prefix_path')
[2.072s] INFO:colcon.colcon_core.shell:Creating environment hook '/home/kkk/workspace/ros_ur_driver/install/ur_robot_driver/share/ur_robot_driver/hook/cmake_prefix_path.ps1'
[2.073s] INFO:colcon.colcon_core.shell:Creating environment descriptor '/home/kkk/workspace/ros_ur_driver/install/ur_robot_driver/share/ur_robot_driver/hook/cmake_prefix_path.dsv'
[2.073s] INFO:colcon.colcon_core.shell:Creating environment hook '/home/kkk/workspace/ros_ur_driver/install/ur_robot_driver/share/ur_robot_driver/hook/cmake_prefix_path.sh'
[2.073s] Level 1:colcon.colcon_core.environment:checking '/home/kkk/workspace/ros_ur_driver/install/ur_robot_driver/lib'
[2.073s] Level 1:colcon.colcon_core.shell:create_environment_hook('ur_robot_driver', 'ld_library_path_lib')
[2.074s] INFO:colcon.colcon_core.shell:Creating environment hook '/home/kkk/workspace/ros_ur_driver/install/ur_robot_driver/share/ur_robot_driver/hook/ld_library_path_lib.ps1'
[2.075s] INFO:colcon.colcon_core.shell:Creating environment descriptor '/home/kkk/workspace/ros_ur_driver/install/ur_robot_driver/share/ur_robot_driver/hook/ld_library_path_lib.dsv'
[2.075s] INFO:colcon.colcon_core.shell:Creating environment hook '/home/kkk/workspace/ros_ur_driver/install/ur_robot_driver/share/ur_robot_driver/hook/ld_library_path_lib.sh'
[2.075s] Level 1:colcon.colcon_core.environment:checking '/home/kkk/workspace/ros_ur_driver/install/ur_robot_driver/bin'
[2.075s] Level 1:colcon.colcon_core.shell:create_environment_hook('ur_robot_driver', 'path')
[2.076s] INFO:colcon.colcon_core.shell:Creating environment hook '/home/kkk/workspace/ros_ur_driver/install/ur_robot_driver/share/ur_robot_driver/hook/path.ps1'
[2.077s] INFO:colcon.colcon_core.shell:Creating environment descriptor '/home/kkk/workspace/ros_ur_driver/install/ur_robot_driver/share/ur_robot_driver/hook/path.dsv'
[2.077s] INFO:colcon.colcon_core.shell:Creating environment hook '/home/kkk/workspace/ros_ur_driver/install/ur_robot_driver/share/ur_robot_driver/hook/path.sh'
[2.077s] Level 1:colcon.colcon_core.environment:checking '/home/kkk/workspace/ros_ur_driver/install/ur_robot_driver/lib/pkgconfig/ur_robot_driver.pc'
[2.078s] Level 1:colcon.colcon_core.environment:checking '/home/kkk/workspace/ros_ur_driver/install/ur_robot_driver/lib/python3.8/site-packages'
[2.078s] Level 1:colcon.colcon_core.shell:create_environment_hook('ur_robot_driver', 'pythonpath')
[2.080s] INFO:colcon.colcon_core.shell:Creating environment hook '/home/kkk/workspace/ros_ur_driver/install/ur_robot_driver/share/ur_robot_driver/hook/pythonpath.ps1'
[2.081s] INFO:colcon.colcon_core.shell:Creating environment descriptor '/home/kkk/workspace/ros_ur_driver/install/ur_robot_driver/share/ur_robot_driver/hook/pythonpath.dsv'
[2.081s] INFO:colcon.colcon_core.shell:Creating environment hook '/home/kkk/workspace/ros_ur_driver/install/ur_robot_driver/share/ur_robot_driver/hook/pythonpath.sh'
[2.081s] Level 1:colcon.colcon_core.environment:checking '/home/kkk/workspace/ros_ur_driver/install/ur_robot_driver/bin'
[2.081s] Level 1:colcon.colcon_core.shell:create_environment_hook('ur_robot_driver', 'pythonscriptspath')
[2.083s] INFO:colcon.colcon_core.shell:Creating environment hook '/home/kkk/workspace/ros_ur_driver/install/ur_robot_driver/share/ur_robot_driver/hook/pythonscriptspath.ps1'
[2.083s] INFO:colcon.colcon_core.shell:Creating environment descriptor '/home/kkk/workspace/ros_ur_driver/install/ur_robot_driver/share/ur_robot_driver/hook/pythonscriptspath.dsv'
[2.083s] INFO:colcon.colcon_core.shell:Creating environment hook '/home/kkk/workspace/ros_ur_driver/install/ur_robot_driver/share/ur_robot_driver/hook/pythonscriptspath.sh'
[2.085s] INFO:colcon.colcon_core.shell:Creating package script '/home/kkk/workspace/ros_ur_driver/install/ur_robot_driver/share/ur_robot_driver/package.ps1'
[2.085s] INFO:colcon.colcon_core.shell:Creating package descriptor '/home/kkk/workspace/ros_ur_driver/install/ur_robot_driver/share/ur_robot_driver/package.dsv'
[2.085s] INFO:colcon.colcon_core.shell:Creating package script '/home/kkk/workspace/ros_ur_driver/install/ur_robot_driver/share/ur_robot_driver/package.sh'
[2.086s] INFO:colcon.colcon_core.shell:Creating package script '/home/kkk/workspace/ros_ur_driver/install/ur_robot_driver/share/ur_robot_driver/package.bash'
[2.086s] INFO:colcon.colcon_core.shell:Creating package script '/home/kkk/workspace/ros_ur_driver/install/ur_robot_driver/share/ur_robot_driver/package.zsh'
[2.086s] Level 1:colcon.colcon_core.environment:create_file_with_runtime_dependencies(/home/kkk/workspace/ros_ur_driver/install/ur_robot_driver/share/colcon-core/packages/ur_robot_driver)
[2.133s] Level 1:colcon.colcon_core.environment:create_environment_scripts_only(ur_robot_driver)
[2.137s] Level 1:colcon.colcon_core.environment:checking '/home/kkk/workspace/ros_ur_driver/install/ur_robot_driver' for CMake module files
[2.138s] Level 1:colcon.colcon_core.environment:checking '/home/kkk/workspace/ros_ur_driver/install/ur_robot_driver' for CMake config files
[2.139s] Level 1:colcon.colcon_core.shell:create_environment_hook('ur_robot_driver', 'cmake_prefix_path')
[2.141s] INFO:colcon.colcon_core.shell:Creating environment hook '/home/kkk/workspace/ros_ur_driver/install/ur_robot_driver/share/ur_robot_driver/hook/cmake_prefix_path.ps1'
[2.141s] INFO:colcon.colcon_core.shell:Creating environment descriptor '/home/kkk/workspace/ros_ur_driver/install/ur_robot_driver/share/ur_robot_driver/hook/cmake_prefix_path.dsv'
[2.142s] INFO:colcon.colcon_core.shell:Creating environment hook '/home/kkk/workspace/ros_ur_driver/install/ur_robot_driver/share/ur_robot_driver/hook/cmake_prefix_path.sh'
[2.142s] Level 1:colcon.colcon_core.environment:checking '/home/kkk/workspace/ros_ur_driver/install/ur_robot_driver/lib'
[2.142s] Level 1:colcon.colcon_core.shell:create_environment_hook('ur_robot_driver', 'ld_library_path_lib')
[2.143s] INFO:colcon.colcon_core.shell:Creating environment hook '/home/kkk/workspace/ros_ur_driver/install/ur_robot_driver/share/ur_robot_driver/hook/ld_library_path_lib.ps1'
[2.144s] INFO:colcon.colcon_core.shell:Creating environment descriptor '/home/kkk/workspace/ros_ur_driver/install/ur_robot_driver/share/ur_robot_driver/hook/ld_library_path_lib.dsv'
[2.144s] INFO:colcon.colcon_core.shell:Creating environment hook '/home/kkk/workspace/ros_ur_driver/install/ur_robot_driver/share/ur_robot_driver/hook/ld_library_path_lib.sh'
[2.144s] Level 1:colcon.colcon_core.environment:checking '/home/kkk/workspace/ros_ur_driver/install/ur_robot_driver/bin'
[2.144s] Level 1:colcon.colcon_core.shell:create_environment_hook('ur_robot_driver', 'path')
[2.145s] INFO:colcon.colcon_core.shell:Creating environment hook '/home/kkk/workspace/ros_ur_driver/install/ur_robot_driver/share/ur_robot_driver/hook/path.ps1'
[2.146s] INFO:colcon.colcon_core.shell:Creating environment descriptor '/home/kkk/workspace/ros_ur_driver/install/ur_robot_driver/share/ur_robot_driver/hook/path.dsv'
[2.146s] INFO:colcon.colcon_core.shell:Creating environment hook '/home/kkk/workspace/ros_ur_driver/install/ur_robot_driver/share/ur_robot_driver/hook/path.sh'
[2.146s] Level 1:colcon.colcon_core.environment:checking '/home/kkk/workspace/ros_ur_driver/install/ur_robot_driver/lib/pkgconfig/ur_robot_driver.pc'
[2.146s] Level 1:colcon.colcon_core.environment:checking '/home/kkk/workspace/ros_ur_driver/install/ur_robot_driver/lib/python3.8/site-packages'
[2.146s] Level 1:colcon.colcon_core.shell:create_environment_hook('ur_robot_driver', 'pythonpath')
[2.147s] INFO:colcon.colcon_core.shell:Creating environment hook '/home/kkk/workspace/ros_ur_driver/install/ur_robot_driver/share/ur_robot_driver/hook/pythonpath.ps1'
[2.148s] INFO:colcon.colcon_core.shell:Creating environment descriptor '/home/kkk/workspace/ros_ur_driver/install/ur_robot_driver/share/ur_robot_driver/hook/pythonpath.dsv'
[2.148s] INFO:colcon.colcon_core.shell:Creating environment hook '/home/kkk/workspace/ros_ur_driver/install/ur_robot_driver/share/ur_robot_driver/hook/pythonpath.sh'
[2.148s] Level 1:colcon.colcon_core.environment:checking '/home/kkk/workspace/ros_ur_driver/install/ur_robot_driver/bin'
[2.148s] Level 1:colcon.colcon_core.shell:create_environment_hook('ur_robot_driver', 'pythonscriptspath')
[2.149s] INFO:colcon.colcon_core.shell:Creating environment hook '/home/kkk/workspace/ros_ur_driver/install/ur_robot_driver/share/ur_robot_driver/hook/pythonscriptspath.ps1'
[2.150s] INFO:colcon.colcon_core.shell:Creating environment descriptor '/home/kkk/workspace/ros_ur_driver/install/ur_robot_driver/share/ur_robot_driver/hook/pythonscriptspath.dsv'
[2.150s] INFO:colcon.colcon_core.shell:Creating environment hook '/home/kkk/workspace/ros_ur_driver/install/ur_robot_driver/share/ur_robot_driver/hook/pythonscriptspath.sh'
[2.151s] INFO:colcon.colcon_core.shell:Creating package script '/home/kkk/workspace/ros_ur_driver/install/ur_robot_driver/share/ur_robot_driver/package.ps1'
[2.152s] INFO:colcon.colcon_core.shell:Creating package descriptor '/home/kkk/workspace/ros_ur_driver/install/ur_robot_driver/share/ur_robot_driver/package.dsv'
[2.152s] INFO:colcon.colcon_core.shell:Creating package script '/home/kkk/workspace/ros_ur_driver/install/ur_robot_driver/share/ur_robot_driver/package.sh'
[2.153s] INFO:colcon.colcon_core.shell:Creating package script '/home/kkk/workspace/ros_ur_driver/install/ur_robot_driver/share/ur_robot_driver/package.bash'
[2.153s] INFO:colcon.colcon_core.shell:Creating package script '/home/kkk/workspace/ros_ur_driver/install/ur_robot_driver/share/ur_robot_driver/package.zsh'
[2.153s] Level 1:colcon.colcon_core.environment:create_file_with_runtime_dependencies(/home/kkk/workspace/ros_ur_driver/install/ur_robot_driver/share/colcon-core/packages/ur_robot_driver)
[2.154s] INFO:colcon.colcon_ros.task.ament_cmake.build:Building ROS package in '/home/kkk/workspace/ros_ur_driver/src/Universal_Robots_ROS2_Driver/ur_calibration' with build type 'ament_cmake'
[2.154s] INFO:colcon.colcon_cmake.task.cmake.build:Building CMake package in '/home/kkk/workspace/ros_ur_driver/src/Universal_Robots_ROS2_Driver/ur_calibration'
[2.155s] INFO:colcon.colcon_core.shell:Skip shell extension 'powershell' for command environment: Not usable outside of PowerShell
[2.155s] DEBUG:colcon.colcon_core.shell:Skip shell extension 'dsv' for command environment
[2.180s] DEBUG:colcon.colcon_core.event_handler.log_command:Invoking command in '/home/kkk/workspace/ros_ur_driver/build/ur_calibration': AMENT_PREFIX_PATH=/home/kkk/workspace/ros_ur_driver/install/ur_robot_driver:/home/kkk/workspace/ros_ur_driver/install/ur_bringup:/home/kkk/workspace/ros_ur_driver/install/ur_controllers:/home/kkk/workspace/ros_ur_driver/install/ur_dashboard_msgs:${AMENT_PREFIX_PATH} CMAKE_PREFIX_PATH=/home/kkk/workspace/ros_ur_driver/install/ur_robot_driver:/home/kkk/workspace/ros_ur_driver/install/ur_bringup:/home/kkk/workspace/ros_ur_driver/install/ur_controllers:/home/kkk/workspace/ros_ur_driver/install/ur_dashboard_msgs:/opt/ros/galactic LD_LIBRARY_PATH=/home/kkk/workspace/ros_ur_driver/install/ur_robot_driver/lib:/home/kkk/workspace/ros_ur_driver/install/ur_controllers/lib:/home/kkk/workspace/ros_ur_driver/install/ur_dashboard_msgs/lib:${LD_LIBRARY_PATH} PATH=/home/kkk/workspace/ros_ur_driver/install/ur_robot_driver/bin:${PATH} PYTHONPATH=/home/kkk/workspace/ros_ur_driver/install/ur_robot_driver/lib/python3.8/site-packages:/home/kkk/workspace/ros_ur_driver/install/ur_dashboard_msgs/lib/python3.8/site-packages:${PYTHONPATH} /usr/bin/cmake /home/kkk/workspace/ros_ur_driver/src/Universal_Robots_ROS2_Driver/ur_calibration -DCMAKE_BUILD_TYPE=Release -DCMAKE_INSTALL_PREFIX=/home/kkk/workspace/ros_ur_driver/install/ur_calibration
[3.982s] DEBUG:colcon.colcon_core.event_handler.log_command:Invoked command in '/home/kkk/workspace/ros_ur_driver/build/ur_calibration' returned '1': AMENT_PREFIX_PATH=/home/kkk/workspace/ros_ur_driver/install/ur_robot_driver:/home/kkk/workspace/ros_ur_driver/install/ur_bringup:/home/kkk/workspace/ros_ur_driver/install/ur_controllers:/home/kkk/workspace/ros_ur_driver/install/ur_dashboard_msgs:${AMENT_PREFIX_PATH} CMAKE_PREFIX_PATH=/home/kkk/workspace/ros_ur_driver/install/ur_robot_driver:/home/kkk/workspace/ros_ur_driver/install/ur_bringup:/home/kkk/workspace/ros_ur_driver/install/ur_controllers:/home/kkk/workspace/ros_ur_driver/install/ur_dashboard_msgs:/opt/ros/galactic LD_LIBRARY_PATH=/home/kkk/workspace/ros_ur_driver/install/ur_robot_driver/lib:/home/kkk/workspace/ros_ur_driver/install/ur_controllers/lib:/home/kkk/workspace/ros_ur_driver/install/ur_dashboard_msgs/lib:${LD_LIBRARY_PATH} PATH=/home/kkk/workspace/ros_ur_driver/install/ur_robot_driver/bin:${PATH} PYTHONPATH=/home/kkk/workspace/ros_ur_driver/install/ur_robot_driver/lib/python3.8/site-packages:/home/kkk/workspace/ros_ur_driver/install/ur_dashboard_msgs/lib/python3.8/site-packages:${PYTHONPATH} /usr/bin/cmake /home/kkk/workspace/ros_ur_driver/src/Universal_Robots_ROS2_Driver/ur_calibration -DCMAKE_BUILD_TYPE=Release -DCMAKE_INSTALL_PREFIX=/home/kkk/workspace/ros_ur_driver/install/ur_calibration
[4.001s] Level 1:colcon.colcon_core.environment:create_environment_scripts_only(ur_calibration)
[4.006s] Level 1:colcon.colcon_core.environment:checking '/home/kkk/workspace/ros_ur_driver/install/ur_calibration' for CMake module files
[4.007s] Level 1:colcon.colcon_core.environment:checking '/home/kkk/workspace/ros_ur_driver/install/ur_calibration' for CMake config files
[4.007s] Level 1:colcon.colcon_core.environment:checking '/home/kkk/workspace/ros_ur_driver/install/ur_calibration/bin'
[4.007s] Level 1:colcon.colcon_core.environment:checking '/home/kkk/workspace/ros_ur_driver/install/ur_calibration/lib/pkgconfig/ur_calibration.pc'
[4.008s] Level 1:colcon.colcon_core.environment:checking '/home/kkk/workspace/ros_ur_driver/install/ur_calibration/lib/python3.8/site-packages'
[4.008s] Level 1:colcon.colcon_core.environment:checking '/home/kkk/workspace/ros_ur_driver/install/ur_calibration/bin'
[4.009s] INFO:colcon.colcon_core.shell:Creating package script '/home/kkk/workspace/ros_ur_driver/install/ur_calibration/share/ur_calibration/package.ps1'
[4.010s] INFO:colcon.colcon_core.shell:Creating package descriptor '/home/kkk/workspace/ros_ur_driver/install/ur_calibration/share/ur_calibration/package.dsv'
[4.011s] INFO:colcon.colcon_core.shell:Creating package script '/home/kkk/workspace/ros_ur_driver/install/ur_calibration/share/ur_calibration/package.sh'
[4.011s] INFO:colcon.colcon_core.shell:Creating package script '/home/kkk/workspace/ros_ur_driver/install/ur_calibration/share/ur_calibration/package.bash'
[4.012s] INFO:colcon.colcon_core.shell:Creating package script '/home/kkk/workspace/ros_ur_driver/install/ur_calibration/share/ur_calibration/package.zsh'
[4.012s] Level 1:colcon.colcon_core.environment:create_file_with_runtime_dependencies(/home/kkk/workspace/ros_ur_driver/install/ur_calibration/share/colcon-core/packages/ur_calibration)
[4.022s] DEBUG:colcon.colcon_parallel_executor.executor.parallel:closing loop
[4.023s] DEBUG:colcon.colcon_parallel_executor.executor.parallel:loop closed
[4.023s] DEBUG:colcon.colcon_parallel_executor.executor.parallel:run_until_complete finished with '1'
[4.023s] DEBUG:colcon.colcon_core.event_reactor:joining thread
[4.033s] INFO:colcon.colcon_core.plugin_system:Skipping extension 'colcon_notification.desktop_notification.terminal_notifier': Not used on non-Darwin systems
[4.033s] INFO:colcon.colcon_core.plugin_system:Skipping extension 'colcon_notification.desktop_notification.win32': Not used on non-Windows systems
[4.033s] INFO:colcon.colcon_notification.desktop_notification:Sending desktop notification using 'notify2'
[4.064s] DEBUG:colcon.colcon_core.event_reactor:joined thread
[4.066s] INFO:colcon.colcon_core.shell:Creating prefix script '/home/kkk/workspace/ros_ur_driver/install/local_setup.ps1'
[4.068s] INFO:colcon.colcon_core.shell:Creating prefix util module '/home/kkk/workspace/ros_ur_driver/install/_local_setup_util_ps1.py'
[4.070s] INFO:colcon.colcon_core.shell:Creating prefix chain script '/home/kkk/workspace/ros_ur_driver/install/setup.ps1'
[4.073s] INFO:colcon.colcon_core.shell:Creating prefix script '/home/kkk/workspace/ros_ur_driver/install/local_setup.sh'
[4.073s] INFO:colcon.colcon_core.shell:Creating prefix util module '/home/kkk/workspace/ros_ur_driver/install/_local_setup_util_sh.py'
[4.073s] INFO:colcon.colcon_core.shell:Creating prefix chain script '/home/kkk/workspace/ros_ur_driver/install/setup.sh'
[4.075s] INFO:colcon.colcon_core.shell:Creating prefix script '/home/kkk/workspace/ros_ur_driver/install/local_setup.bash'
[4.075s] INFO:colcon.colcon_core.shell:Creating prefix chain script '/home/kkk/workspace/ros_ur_driver/install/setup.bash'
[4.076s] INFO:colcon.colcon_core.shell:Creating prefix script '/home/kkk/workspace/ros_ur_driver/install/local_setup.zsh'
[4.076s] INFO:colcon.colcon_core.shell:Creating prefix chain script '/home/kkk/workspace/ros_ur_driver/install/setup.zsh'
