running develop
running egg_info
creating robot_base.egg-info
writing robot_base.egg-info/PKG-INFO
writing dependency_links to robot_base.egg-info/dependency_links.txt
writing entry points to robot_base.egg-info/entry_points.txt
writing requirements to robot_base.egg-info/requires.txt
writing top-level names to robot_base.egg-info/top_level.txt
writing manifest file 'robot_base.egg-info/SOURCES.txt'
reading manifest file 'robot_base.egg-info/SOURCES.txt'
writing manifest file 'robot_base.egg-info/SOURCES.txt'
running build_ext
Creating /home/kkk/total_care_project/install/robot_base/lib/python3.8/site-packages/site.py
Creating /home/kkk/total_care_project/install/robot_base/lib/python3.8/site-packages/robot-base.egg-link (link to .)
Installing command_web_bridge script to /home/kkk/total_care_project/install/robot_base/bin

Installed /home/kkk/total_care_project/build/robot_base
running install_data
creating /home/kkk/total_care_project/install/robot_base/share/ament_index
creating /home/kkk/total_care_project/install/robot_base/share/ament_index/resource_index
creating /home/kkk/total_care_project/install/robot_base/share/ament_index/resource_index/packages
