[0.024s] Invoking command in '/home/kkk/workspace/ros_ur_driver/build/ur_moveit_config': CMAKE_PREFIX_PATH=/opt/ros/galactic /usr/bin/cmake /home/kkk/workspace/ros_ur_driver/src/Universal_Robots_ROS2_Driver/ur_moveit_config -DCMAKE_BUILD_TYPE=Release -DCMAKE_INSTALL_PREFIX=/home/kkk/workspace/ros_ur_driver/install/ur_moveit_config
[0.133s] -- The C compiler identification is GNU 9.4.0
[0.222s] -- The CXX compiler identification is GNU 9.4.0
[0.230s] -- Check for working C compiler: /usr/bin/cc
[0.306s] -- Check for working C compiler: /usr/bin/cc -- works
[0.309s] -- Detecting C compiler ABI info
[0.392s] -- Detecting C compiler ABI info - done
[0.409s] -- Detecting C compile features
[0.409s] -- Detecting C compile features - done
[0.412s] -- Check for working CXX compiler: /usr/bin/c++
[0.505s] -- Check for working CXX compiler: /usr/bin/c++ -- works
[0.506s] -- Detecting CXX compiler ABI info
[0.602s] -- Detecting CXX compiler ABI info - done
[0.615s] -- Detecting CXX compile features
[0.616s] -- Detecting CXX compile features - done
[0.617s] -- Found ament_cmake: 1.1.6 (/opt/ros/galactic/share/ament_cmake/cmake)
[0.645s] -- Found PythonInterp: /usr/bin/python3 (found suitable version "3.8.10", minimum required is "3") 
[0.646s] -- Using PYTHON_EXECUTABLE: /usr/bin/python3
[0.855s] -- Configuring done
[0.859s] -- Generating done
[0.861s] -- Build files have been written to: /home/kkk/workspace/ros_ur_driver/build/ur_moveit_config
[0.865s] Invoked command in '/home/kkk/workspace/ros_ur_driver/build/ur_moveit_config' returned '0': CMAKE_PREFIX_PATH=/opt/ros/galactic /usr/bin/cmake /home/kkk/workspace/ros_ur_driver/src/Universal_Robots_ROS2_Driver/ur_moveit_config -DCMAKE_BUILD_TYPE=Release -DCMAKE_INSTALL_PREFIX=/home/kkk/workspace/ros_ur_driver/install/ur_moveit_config
[0.869s] Invoking command in '/home/kkk/workspace/ros_ur_driver/build/ur_moveit_config': CMAKE_PREFIX_PATH=/opt/ros/galactic /usr/bin/cmake --build /home/kkk/workspace/ros_ur_driver/build/ur_moveit_config -- -j8 -l8
[0.916s] [35m[1mScanning dependencies of target ament_cmake_python_copy_ur_moveit_config[0m
[0.936s] Built target ament_cmake_python_copy_ur_moveit_config
[0.946s] [35m[1mScanning dependencies of target ament_cmake_python_build_ur_moveit_config_egg[0m
[1.119s] running egg_info
[1.120s] creating ur_moveit_config.egg-info
[1.120s] writing ur_moveit_config.egg-info/PKG-INFO
[1.120s] writing dependency_links to ur_moveit_config.egg-info/dependency_links.txt
[1.120s] writing top-level names to ur_moveit_config.egg-info/top_level.txt
[1.122s] writing manifest file 'ur_moveit_config.egg-info/SOURCES.txt'
[1.153s] reading manifest file 'ur_moveit_config.egg-info/SOURCES.txt'
[1.154s] writing manifest file 'ur_moveit_config.egg-info/SOURCES.txt'
[1.185s] Built target ament_cmake_python_build_ur_moveit_config_egg
[1.195s] Invoked command in '/home/kkk/workspace/ros_ur_driver/build/ur_moveit_config' returned '0': CMAKE_PREFIX_PATH=/opt/ros/galactic /usr/bin/cmake --build /home/kkk/workspace/ros_ur_driver/build/ur_moveit_config -- -j8 -l8
[1.240s] Invoking command in '/home/kkk/workspace/ros_ur_driver/build/ur_moveit_config': CMAKE_PREFIX_PATH=/opt/ros/galactic /usr/bin/cmake --install /home/kkk/workspace/ros_ur_driver/build/ur_moveit_config
[1.248s] -- Install configuration: "Release"
[1.248s] -- Installing: /home/kkk/workspace/ros_ur_driver/install/ur_moveit_config/share/ur_moveit_config/config
[1.248s] -- Installing: /home/kkk/workspace/ros_ur_driver/install/ur_moveit_config/share/ur_moveit_config/config/controllers.yaml
[1.249s] -- Installing: /home/kkk/workspace/ros_ur_driver/install/ur_moveit_config/share/ur_moveit_config/config/ompl_planning.yaml
[1.249s] -- Installing: /home/kkk/workspace/ros_ur_driver/install/ur_moveit_config/share/ur_moveit_config/config/ur_servo.yaml
[1.249s] -- Installing: /home/kkk/workspace/ros_ur_driver/install/ur_moveit_config/share/ur_moveit_config/config/kinematics.yaml
[1.249s] -- Installing: /home/kkk/workspace/ros_ur_driver/install/ur_moveit_config/share/ur_moveit_config/launch
[1.249s] -- Installing: /home/kkk/workspace/ros_ur_driver/install/ur_moveit_config/share/ur_moveit_config/launch/ur_moveit.launch.py
[1.250s] -- Installing: /home/kkk/workspace/ros_ur_driver/install/ur_moveit_config/share/ur_moveit_config/rviz
[1.250s] -- Installing: /home/kkk/workspace/ros_ur_driver/install/ur_moveit_config/share/ur_moveit_config/rviz/view_robot.rviz
[1.250s] -- Installing: /home/kkk/workspace/ros_ur_driver/install/ur_moveit_config/share/ur_moveit_config/srdf
[1.250s] -- Installing: /home/kkk/workspace/ros_ur_driver/install/ur_moveit_config/share/ur_moveit_config/srdf/ur.srdf.xacro
[1.250s] -- Installing: /home/kkk/workspace/ros_ur_driver/install/ur_moveit_config/share/ur_moveit_config/srdf/ur_macro.srdf.xacro
[1.250s] -- Installing: /home/kkk/workspace/ros_ur_driver/install/ur_moveit_config/share/ur_moveit_config/environment/pythonpath.sh
[1.250s] -- Installing: /home/kkk/workspace/ros_ur_driver/install/ur_moveit_config/share/ur_moveit_config/environment/pythonpath.dsv
[1.250s] -- Installing: /home/kkk/workspace/ros_ur_driver/install/ur_moveit_config/lib/python3.8/site-packages//ur_moveit_config.egg-info
[1.250s] -- Installing: /home/kkk/workspace/ros_ur_driver/install/ur_moveit_config/lib/python3.8/site-packages//ur_moveit_config.egg-info/top_level.txt
[1.251s] -- Installing: /home/kkk/workspace/ros_ur_driver/install/ur_moveit_config/lib/python3.8/site-packages//ur_moveit_config.egg-info/SOURCES.txt
[1.251s] -- Installing: /home/kkk/workspace/ros_ur_driver/install/ur_moveit_config/lib/python3.8/site-packages//ur_moveit_config.egg-info/dependency_links.txt
[1.251s] -- Installing: /home/kkk/workspace/ros_ur_driver/install/ur_moveit_config/lib/python3.8/site-packages//ur_moveit_config.egg-info/PKG-INFO
[1.251s] -- Installing: /home/kkk/workspace/ros_ur_driver/install/ur_moveit_config/lib/python3.8/site-packages/ur_moveit_config
[1.251s] -- Installing: /home/kkk/workspace/ros_ur_driver/install/ur_moveit_config/lib/python3.8/site-packages/ur_moveit_config/__init__.py
[1.251s] -- Installing: /home/kkk/workspace/ros_ur_driver/install/ur_moveit_config/lib/python3.8/site-packages/ur_moveit_config/launch_common.py
[1.280s] Listing '/home/kkk/workspace/ros_ur_driver/install/ur_moveit_config/lib/python3.8/site-packages/ur_moveit_config'...
[1.280s] Compiling '/home/kkk/workspace/ros_ur_driver/install/ur_moveit_config/lib/python3.8/site-packages/ur_moveit_config/__init__.py'...
[1.280s] Compiling '/home/kkk/workspace/ros_ur_driver/install/ur_moveit_config/lib/python3.8/site-packages/ur_moveit_config/launch_common.py'...
[1.284s] -- Installing: /home/kkk/workspace/ros_ur_driver/install/ur_moveit_config/lib/python3.8/site-packages/launch_common.py
[1.314s] Compiling '/home/kkk/workspace/ros_ur_driver/install/ur_moveit_config/lib/python3.8/site-packages/launch_common.py'...
[1.318s] -- Installing: /home/kkk/workspace/ros_ur_driver/install/ur_moveit_config/share/ament_index/resource_index/package_run_dependencies/ur_moveit_config
[1.318s] -- Installing: /home/kkk/workspace/ros_ur_driver/install/ur_moveit_config/share/ament_index/resource_index/parent_prefix_path/ur_moveit_config
[1.319s] -- Installing: /home/kkk/workspace/ros_ur_driver/install/ur_moveit_config/share/ur_moveit_config/environment/ament_prefix_path.sh
[1.319s] -- Installing: /home/kkk/workspace/ros_ur_driver/install/ur_moveit_config/share/ur_moveit_config/environment/ament_prefix_path.dsv
[1.319s] -- Installing: /home/kkk/workspace/ros_ur_driver/install/ur_moveit_config/share/ur_moveit_config/environment/path.sh
[1.319s] -- Installing: /home/kkk/workspace/ros_ur_driver/install/ur_moveit_config/share/ur_moveit_config/environment/path.dsv
[1.319s] -- Installing: /home/kkk/workspace/ros_ur_driver/install/ur_moveit_config/share/ur_moveit_config/local_setup.bash
[1.320s] -- Installing: /home/kkk/workspace/ros_ur_driver/install/ur_moveit_config/share/ur_moveit_config/local_setup.sh
[1.320s] -- Installing: /home/kkk/workspace/ros_ur_driver/install/ur_moveit_config/share/ur_moveit_config/local_setup.zsh
[1.320s] -- Installing: /home/kkk/workspace/ros_ur_driver/install/ur_moveit_config/share/ur_moveit_config/local_setup.dsv
[1.320s] -- Installing: /home/kkk/workspace/ros_ur_driver/install/ur_moveit_config/share/ur_moveit_config/package.dsv
[1.320s] -- Installing: /home/kkk/workspace/ros_ur_driver/install/ur_moveit_config/share/ament_index/resource_index/packages/ur_moveit_config
[1.321s] -- Installing: /home/kkk/workspace/ros_ur_driver/install/ur_moveit_config/share/ur_moveit_config/cmake/ur_moveit_configConfig.cmake
[1.321s] -- Installing: /home/kkk/workspace/ros_ur_driver/install/ur_moveit_config/share/ur_moveit_config/cmake/ur_moveit_configConfig-version.cmake
[1.321s] -- Installing: /home/kkk/workspace/ros_ur_driver/install/ur_moveit_config/share/ur_moveit_config/package.xml
[1.324s] Invoked command in '/home/kkk/workspace/ros_ur_driver/build/ur_moveit_config' returned '0': CMAKE_PREFIX_PATH=/opt/ros/galactic /usr/bin/cmake --install /home/kkk/workspace/ros_ur_driver/build/ur_moveit_config
