[0.257s] DEBUG:colcon:Command line arguments: ['/usr/bin/colcon', 'build', '--cmake-args', '-DCMAKE_BUILD_TYPE=Release']
[0.258s] DEBUG:colcon:Parsed command line arguments: Namespace(allow_overriding=[], ament_cmake_args=None, base_paths=['.'], build_base='build', catkin_cmake_args=None, catkin_skip_building_tests=False, cmake_args=['-DCMAKE_BUILD_TYPE=Release'], cmake_clean_cache=False, cmake_clean_first=False, cmake_force_configure=False, cmake_target=None, cmake_target_skip_unavailable=False, continue_on_error=False, event_handlers=None, executor='parallel', ignore_user_meta=False, install_base='install', log_base=None, log_level=None, main=<bound method BuildVerb.main of <colcon_core.verb.build.BuildVerb object at 0x7f54f6363970>>, merge_install=False, metas=['./colcon.meta'], packages_above=None, packages_above_and_dependencies=None, packages_above_depth=None, packages_end=None, packages_ignore=None, packages_ignore_regex=None, packages_select=None, packages_select_build_failed=False, packages_select_by_dep=None, packages_select_regex=None, packages_select_test_failures=False, packages_skip=None, packages_skip_build_finished=False, packages_skip_by_dep=None, packages_skip_regex=None, packages_skip_test_passed=False, packages_skip_up_to=None, packages_start=None, packages_up_to=None, packages_up_to_regex=None, parallel_workers=8, paths=None, symlink_install=False, test_result_base=None, verb_extension=<colcon_core.verb.build.BuildVerb object at 0x7f54f6363970>, verb_name='build', verb_parser=<colcon_defaults.argument_parser.defaults.DefaultArgumentsDecorator object at 0x7f54f6363ee0>)
[0.278s] Level 1:colcon.colcon_core.package_discovery:discover_packages(colcon_meta) check parameters
[0.278s] Level 1:colcon.colcon_core.package_discovery:discover_packages(recursive) check parameters
[0.278s] Level 1:colcon.colcon_core.package_discovery:discover_packages(ignore) check parameters
[0.278s] Level 1:colcon.colcon_core.package_discovery:discover_packages(path) check parameters
[0.278s] Level 1:colcon.colcon_core.package_discovery:discover_packages(colcon_meta) discover
[0.279s] Level 1:colcon.colcon_core.package_discovery:discover_packages(recursive) discover
[0.279s] INFO:colcon.colcon_core.package_discovery:Crawling recursively for packages in '/home/kkk/workspace/ros_ur_driver'
[0.279s] Level 1:colcon.colcon_core.package_identification:_identify(.) by extensions ['ignore', 'ignore_ament_install']
[0.279s] Level 1:colcon.colcon_core.package_identification:_identify(.) by extension 'ignore'
[0.279s] Level 1:colcon.colcon_core.package_identification:_identify(.) by extension 'ignore_ament_install'
[0.279s] Level 1:colcon.colcon_core.package_identification:_identify(.) by extensions ['colcon_pkg']
[0.279s] Level 1:colcon.colcon_core.package_identification:_identify(.) by extension 'colcon_pkg'
[0.279s] Level 1:colcon.colcon_core.package_identification:_identify(.) by extensions ['colcon_meta']
[0.279s] Level 1:colcon.colcon_core.package_identification:_identify(.) by extension 'colcon_meta'
[0.279s] Level 1:colcon.colcon_core.package_identification:_identify(.) by extensions ['ros']
[0.279s] Level 1:colcon.colcon_core.package_identification:_identify(.) by extension 'ros'
[0.298s] Level 1:colcon.colcon_core.package_identification:_identify(.) by extensions ['cmake', 'python']
[0.298s] Level 1:colcon.colcon_core.package_identification:_identify(.) by extension 'cmake'
[0.298s] Level 1:colcon.colcon_core.package_identification:_identify(.) by extension 'python'
[0.298s] Level 1:colcon.colcon_core.package_identification:_identify(.) by extensions ['python_setup_py']
[0.298s] Level 1:colcon.colcon_core.package_identification:_identify(.) by extension 'python_setup_py'
[0.298s] Level 1:colcon.colcon_core.package_identification:_identify(build) by extensions ['ignore', 'ignore_ament_install']
[0.298s] Level 1:colcon.colcon_core.package_identification:_identify(build) by extension 'ignore'
[0.298s] Level 1:colcon.colcon_core.package_identification:_identify(build) ignored
[0.299s] Level 1:colcon.colcon_core.package_identification:_identify(install) by extensions ['ignore', 'ignore_ament_install']
[0.299s] Level 1:colcon.colcon_core.package_identification:_identify(install) by extension 'ignore'
[0.299s] Level 1:colcon.colcon_core.package_identification:_identify(install) ignored
[0.299s] Level 1:colcon.colcon_core.package_identification:_identify(log) by extensions ['ignore', 'ignore_ament_install']
[0.299s] Level 1:colcon.colcon_core.package_identification:_identify(log) by extension 'ignore'
[0.299s] Level 1:colcon.colcon_core.package_identification:_identify(log) ignored
[0.299s] Level 1:colcon.colcon_core.package_identification:_identify(src) by extensions ['ignore', 'ignore_ament_install']
[0.299s] Level 1:colcon.colcon_core.package_identification:_identify(src) by extension 'ignore'
[0.299s] Level 1:colcon.colcon_core.package_identification:_identify(src) by extension 'ignore_ament_install'
[0.299s] Level 1:colcon.colcon_core.package_identification:_identify(src) by extensions ['colcon_pkg']
[0.299s] Level 1:colcon.colcon_core.package_identification:_identify(src) by extension 'colcon_pkg'
[0.299s] Level 1:colcon.colcon_core.package_identification:_identify(src) by extensions ['colcon_meta']
[0.299s] Level 1:colcon.colcon_core.package_identification:_identify(src) by extension 'colcon_meta'
[0.299s] Level 1:colcon.colcon_core.package_identification:_identify(src) by extensions ['ros']
[0.299s] Level 1:colcon.colcon_core.package_identification:_identify(src) by extension 'ros'
[0.299s] Level 1:colcon.colcon_core.package_identification:_identify(src) by extensions ['cmake', 'python']
[0.299s] Level 1:colcon.colcon_core.package_identification:_identify(src) by extension 'cmake'
[0.299s] Level 1:colcon.colcon_core.package_identification:_identify(src) by extension 'python'
[0.299s] Level 1:colcon.colcon_core.package_identification:_identify(src) by extensions ['python_setup_py']
[0.299s] Level 1:colcon.colcon_core.package_identification:_identify(src) by extension 'python_setup_py'
[0.299s] Level 1:colcon.colcon_core.package_identification:_identify(src/Universal_Robots_ROS2_Driver) by extensions ['ignore', 'ignore_ament_install']
[0.300s] Level 1:colcon.colcon_core.package_identification:_identify(src/Universal_Robots_ROS2_Driver) by extension 'ignore'
[0.300s] Level 1:colcon.colcon_core.package_identification:_identify(src/Universal_Robots_ROS2_Driver) by extension 'ignore_ament_install'
[0.300s] Level 1:colcon.colcon_core.package_identification:_identify(src/Universal_Robots_ROS2_Driver) by extensions ['colcon_pkg']
[0.300s] Level 1:colcon.colcon_core.package_identification:_identify(src/Universal_Robots_ROS2_Driver) by extension 'colcon_pkg'
[0.300s] Level 1:colcon.colcon_core.package_identification:_identify(src/Universal_Robots_ROS2_Driver) by extensions ['colcon_meta']
[0.300s] Level 1:colcon.colcon_core.package_identification:_identify(src/Universal_Robots_ROS2_Driver) by extension 'colcon_meta'
[0.300s] Level 1:colcon.colcon_core.package_identification:_identify(src/Universal_Robots_ROS2_Driver) by extensions ['ros']
[0.300s] Level 1:colcon.colcon_core.package_identification:_identify(src/Universal_Robots_ROS2_Driver) by extension 'ros'
[0.300s] Level 1:colcon.colcon_core.package_identification:_identify(src/Universal_Robots_ROS2_Driver) by extensions ['cmake', 'python']
[0.300s] Level 1:colcon.colcon_core.package_identification:_identify(src/Universal_Robots_ROS2_Driver) by extension 'cmake'
[0.300s] Level 1:colcon.colcon_core.package_identification:_identify(src/Universal_Robots_ROS2_Driver) by extension 'python'
[0.300s] Level 1:colcon.colcon_core.package_identification:_identify(src/Universal_Robots_ROS2_Driver) by extensions ['python_setup_py']
[0.300s] Level 1:colcon.colcon_core.package_identification:_identify(src/Universal_Robots_ROS2_Driver) by extension 'python_setup_py'
[0.300s] Level 1:colcon.colcon_core.package_identification:_identify(src/Universal_Robots_ROS2_Driver/ur_bringup) by extensions ['ignore', 'ignore_ament_install']
[0.300s] Level 1:colcon.colcon_core.package_identification:_identify(src/Universal_Robots_ROS2_Driver/ur_bringup) by extension 'ignore'
[0.300s] Level 1:colcon.colcon_core.package_identification:_identify(src/Universal_Robots_ROS2_Driver/ur_bringup) by extension 'ignore_ament_install'
[0.300s] Level 1:colcon.colcon_core.package_identification:_identify(src/Universal_Robots_ROS2_Driver/ur_bringup) by extensions ['colcon_pkg']
[0.300s] Level 1:colcon.colcon_core.package_identification:_identify(src/Universal_Robots_ROS2_Driver/ur_bringup) by extension 'colcon_pkg'
[0.300s] Level 1:colcon.colcon_core.package_identification:_identify(src/Universal_Robots_ROS2_Driver/ur_bringup) by extensions ['colcon_meta']
[0.300s] Level 1:colcon.colcon_core.package_identification:_identify(src/Universal_Robots_ROS2_Driver/ur_bringup) by extension 'colcon_meta'
[0.300s] Level 1:colcon.colcon_core.package_identification:_identify(src/Universal_Robots_ROS2_Driver/ur_bringup) by extensions ['ros']
[0.300s] Level 1:colcon.colcon_core.package_identification:_identify(src/Universal_Robots_ROS2_Driver/ur_bringup) by extension 'ros'
[0.303s] DEBUG:colcon.colcon_core.package_identification:Package 'src/Universal_Robots_ROS2_Driver/ur_bringup' with type 'ros.ament_cmake' and name 'ur_bringup'
[0.303s] Level 1:colcon.colcon_core.package_identification:_identify(src/Universal_Robots_ROS2_Driver/ur_calibration) by extensions ['ignore', 'ignore_ament_install']
[0.303s] Level 1:colcon.colcon_core.package_identification:_identify(src/Universal_Robots_ROS2_Driver/ur_calibration) by extension 'ignore'
[0.303s] Level 1:colcon.colcon_core.package_identification:_identify(src/Universal_Robots_ROS2_Driver/ur_calibration) by extension 'ignore_ament_install'
[0.303s] Level 1:colcon.colcon_core.package_identification:_identify(src/Universal_Robots_ROS2_Driver/ur_calibration) by extensions ['colcon_pkg']
[0.303s] Level 1:colcon.colcon_core.package_identification:_identify(src/Universal_Robots_ROS2_Driver/ur_calibration) by extension 'colcon_pkg'
[0.303s] Level 1:colcon.colcon_core.package_identification:_identify(src/Universal_Robots_ROS2_Driver/ur_calibration) by extensions ['colcon_meta']
[0.303s] Level 1:colcon.colcon_core.package_identification:_identify(src/Universal_Robots_ROS2_Driver/ur_calibration) by extension 'colcon_meta'
[0.303s] Level 1:colcon.colcon_core.package_identification:_identify(src/Universal_Robots_ROS2_Driver/ur_calibration) by extensions ['ros']
[0.303s] Level 1:colcon.colcon_core.package_identification:_identify(src/Universal_Robots_ROS2_Driver/ur_calibration) by extension 'ros'
[0.304s] DEBUG:colcon.colcon_core.package_identification:Package 'src/Universal_Robots_ROS2_Driver/ur_calibration' with type 'ros.ament_cmake' and name 'ur_calibration'
[0.304s] Level 1:colcon.colcon_core.package_identification:_identify(src/Universal_Robots_ROS2_Driver/ur_controllers) by extensions ['ignore', 'ignore_ament_install']
[0.304s] Level 1:colcon.colcon_core.package_identification:_identify(src/Universal_Robots_ROS2_Driver/ur_controllers) by extension 'ignore'
[0.304s] Level 1:colcon.colcon_core.package_identification:_identify(src/Universal_Robots_ROS2_Driver/ur_controllers) by extension 'ignore_ament_install'
[0.304s] Level 1:colcon.colcon_core.package_identification:_identify(src/Universal_Robots_ROS2_Driver/ur_controllers) by extensions ['colcon_pkg']
[0.304s] Level 1:colcon.colcon_core.package_identification:_identify(src/Universal_Robots_ROS2_Driver/ur_controllers) by extension 'colcon_pkg'
[0.304s] Level 1:colcon.colcon_core.package_identification:_identify(src/Universal_Robots_ROS2_Driver/ur_controllers) by extensions ['colcon_meta']
[0.304s] Level 1:colcon.colcon_core.package_identification:_identify(src/Universal_Robots_ROS2_Driver/ur_controllers) by extension 'colcon_meta'
[0.304s] Level 1:colcon.colcon_core.package_identification:_identify(src/Universal_Robots_ROS2_Driver/ur_controllers) by extensions ['ros']
[0.304s] Level 1:colcon.colcon_core.package_identification:_identify(src/Universal_Robots_ROS2_Driver/ur_controllers) by extension 'ros'
[0.306s] DEBUG:colcon.colcon_core.package_identification:Package 'src/Universal_Robots_ROS2_Driver/ur_controllers' with type 'ros.ament_cmake' and name 'ur_controllers'
[0.306s] Level 1:colcon.colcon_core.package_identification:_identify(src/Universal_Robots_ROS2_Driver/ur_dashboard_msgs) by extensions ['ignore', 'ignore_ament_install']
[0.306s] Level 1:colcon.colcon_core.package_identification:_identify(src/Universal_Robots_ROS2_Driver/ur_dashboard_msgs) by extension 'ignore'
[0.306s] Level 1:colcon.colcon_core.package_identification:_identify(src/Universal_Robots_ROS2_Driver/ur_dashboard_msgs) by extension 'ignore_ament_install'
[0.306s] Level 1:colcon.colcon_core.package_identification:_identify(src/Universal_Robots_ROS2_Driver/ur_dashboard_msgs) by extensions ['colcon_pkg']
[0.306s] Level 1:colcon.colcon_core.package_identification:_identify(src/Universal_Robots_ROS2_Driver/ur_dashboard_msgs) by extension 'colcon_pkg'
[0.306s] Level 1:colcon.colcon_core.package_identification:_identify(src/Universal_Robots_ROS2_Driver/ur_dashboard_msgs) by extensions ['colcon_meta']
[0.306s] Level 1:colcon.colcon_core.package_identification:_identify(src/Universal_Robots_ROS2_Driver/ur_dashboard_msgs) by extension 'colcon_meta'
[0.306s] Level 1:colcon.colcon_core.package_identification:_identify(src/Universal_Robots_ROS2_Driver/ur_dashboard_msgs) by extensions ['ros']
[0.306s] Level 1:colcon.colcon_core.package_identification:_identify(src/Universal_Robots_ROS2_Driver/ur_dashboard_msgs) by extension 'ros'
[0.306s] DEBUG:colcon.colcon_core.package_identification:Package 'src/Universal_Robots_ROS2_Driver/ur_dashboard_msgs' with type 'ros.ament_cmake' and name 'ur_dashboard_msgs'
[0.307s] Level 1:colcon.colcon_core.package_identification:_identify(src/Universal_Robots_ROS2_Driver/ur_moveit_config) by extensions ['ignore', 'ignore_ament_install']
[0.307s] Level 1:colcon.colcon_core.package_identification:_identify(src/Universal_Robots_ROS2_Driver/ur_moveit_config) by extension 'ignore'
[0.307s] Level 1:colcon.colcon_core.package_identification:_identify(src/Universal_Robots_ROS2_Driver/ur_moveit_config) by extension 'ignore_ament_install'
[0.307s] Level 1:colcon.colcon_core.package_identification:_identify(src/Universal_Robots_ROS2_Driver/ur_moveit_config) by extensions ['colcon_pkg']
[0.307s] Level 1:colcon.colcon_core.package_identification:_identify(src/Universal_Robots_ROS2_Driver/ur_moveit_config) by extension 'colcon_pkg'
[0.307s] Level 1:colcon.colcon_core.package_identification:_identify(src/Universal_Robots_ROS2_Driver/ur_moveit_config) by extensions ['colcon_meta']
[0.307s] Level 1:colcon.colcon_core.package_identification:_identify(src/Universal_Robots_ROS2_Driver/ur_moveit_config) by extension 'colcon_meta'
[0.307s] Level 1:colcon.colcon_core.package_identification:_identify(src/Universal_Robots_ROS2_Driver/ur_moveit_config) by extensions ['ros']
[0.307s] Level 1:colcon.colcon_core.package_identification:_identify(src/Universal_Robots_ROS2_Driver/ur_moveit_config) by extension 'ros'
[0.307s] DEBUG:colcon.colcon_core.package_identification:Package 'src/Universal_Robots_ROS2_Driver/ur_moveit_config' with type 'ros.ament_cmake' and name 'ur_moveit_config'
[0.308s] Level 1:colcon.colcon_core.package_identification:_identify(src/Universal_Robots_ROS2_Driver/ur_robot_driver) by extensions ['ignore', 'ignore_ament_install']
[0.308s] Level 1:colcon.colcon_core.package_identification:_identify(src/Universal_Robots_ROS2_Driver/ur_robot_driver) by extension 'ignore'
[0.308s] Level 1:colcon.colcon_core.package_identification:_identify(src/Universal_Robots_ROS2_Driver/ur_robot_driver) by extension 'ignore_ament_install'
[0.308s] Level 1:colcon.colcon_core.package_identification:_identify(src/Universal_Robots_ROS2_Driver/ur_robot_driver) by extensions ['colcon_pkg']
[0.308s] Level 1:colcon.colcon_core.package_identification:_identify(src/Universal_Robots_ROS2_Driver/ur_robot_driver) by extension 'colcon_pkg'
[0.308s] Level 1:colcon.colcon_core.package_identification:_identify(src/Universal_Robots_ROS2_Driver/ur_robot_driver) by extensions ['colcon_meta']
[0.308s] Level 1:colcon.colcon_core.package_identification:_identify(src/Universal_Robots_ROS2_Driver/ur_robot_driver) by extension 'colcon_meta'
[0.308s] Level 1:colcon.colcon_core.package_identification:_identify(src/Universal_Robots_ROS2_Driver/ur_robot_driver) by extensions ['ros']
[0.308s] Level 1:colcon.colcon_core.package_identification:_identify(src/Universal_Robots_ROS2_Driver/ur_robot_driver) by extension 'ros'
[0.310s] DEBUG:colcon.colcon_core.package_identification:Package 'src/Universal_Robots_ROS2_Driver/ur_robot_driver' with type 'ros.ament_cmake' and name 'ur_robot_driver'
[0.310s] Level 1:colcon.colcon_core.package_discovery:discover_packages(recursive) using defaults
[0.310s] Level 1:colcon.colcon_core.package_discovery:discover_packages(ignore) discover
[0.310s] Level 1:colcon.colcon_core.package_discovery:discover_packages(ignore) using defaults
[0.310s] Level 1:colcon.colcon_core.package_discovery:discover_packages(path) discover
[0.310s] Level 1:colcon.colcon_core.package_discovery:discover_packages(path) using defaults
[0.327s] Level 1:colcon.colcon_core.package_discovery:discover_packages(prefix_path) check parameters
[0.327s] Level 1:colcon.colcon_core.package_discovery:discover_packages(prefix_path) discover
[0.329s] DEBUG:colcon.colcon_installed_package_information.package_discovery:Found 320 installed packages in /opt/ros/galactic
[0.331s] Level 1:colcon.colcon_core.package_discovery:discover_packages(prefix_path) using defaults
[0.397s] Level 5:colcon.colcon_core.verb:set package 'ur_dashboard_msgs' build argument 'cmake_args' from command line to '['-DCMAKE_BUILD_TYPE=Release']'
[0.397s] Level 5:colcon.colcon_core.verb:set package 'ur_dashboard_msgs' build argument 'cmake_target' from command line to 'None'
[0.397s] Level 5:colcon.colcon_core.verb:set package 'ur_dashboard_msgs' build argument 'cmake_target_skip_unavailable' from command line to 'False'
[0.397s] Level 5:colcon.colcon_core.verb:set package 'ur_dashboard_msgs' build argument 'cmake_clean_cache' from command line to 'False'
[0.397s] Level 5:colcon.colcon_core.verb:set package 'ur_dashboard_msgs' build argument 'cmake_clean_first' from command line to 'False'
[0.397s] Level 5:colcon.colcon_core.verb:set package 'ur_dashboard_msgs' build argument 'cmake_force_configure' from command line to 'False'
[0.397s] Level 5:colcon.colcon_core.verb:set package 'ur_dashboard_msgs' build argument 'ament_cmake_args' from command line to 'None'
[0.397s] Level 5:colcon.colcon_core.verb:set package 'ur_dashboard_msgs' build argument 'catkin_cmake_args' from command line to 'None'
[0.397s] Level 5:colcon.colcon_core.verb:set package 'ur_dashboard_msgs' build argument 'catkin_skip_building_tests' from command line to 'False'
[0.397s] DEBUG:colcon.colcon_core.verb:Building package 'ur_dashboard_msgs' with the following arguments: {'ament_cmake_args': None, 'build_base': '/home/kkk/workspace/ros_ur_driver/build/ur_dashboard_msgs', 'catkin_cmake_args': None, 'catkin_skip_building_tests': False, 'cmake_args': ['-DCMAKE_BUILD_TYPE=Release'], 'cmake_clean_cache': False, 'cmake_clean_first': False, 'cmake_force_configure': False, 'cmake_target': None, 'cmake_target_skip_unavailable': False, 'install_base': '/home/kkk/workspace/ros_ur_driver/install/ur_dashboard_msgs', 'merge_install': False, 'path': '/home/kkk/workspace/ros_ur_driver/src/Universal_Robots_ROS2_Driver/ur_dashboard_msgs', 'symlink_install': False, 'test_result_base': None}
[0.398s] Level 5:colcon.colcon_core.verb:set package 'ur_moveit_config' build argument 'cmake_args' from command line to '['-DCMAKE_BUILD_TYPE=Release']'
[0.398s] Level 5:colcon.colcon_core.verb:set package 'ur_moveit_config' build argument 'cmake_target' from command line to 'None'
[0.398s] Level 5:colcon.colcon_core.verb:set package 'ur_moveit_config' build argument 'cmake_target_skip_unavailable' from command line to 'False'
[0.398s] Level 5:colcon.colcon_core.verb:set package 'ur_moveit_config' build argument 'cmake_clean_cache' from command line to 'False'
[0.398s] Level 5:colcon.colcon_core.verb:set package 'ur_moveit_config' build argument 'cmake_clean_first' from command line to 'False'
[0.398s] Level 5:colcon.colcon_core.verb:set package 'ur_moveit_config' build argument 'cmake_force_configure' from command line to 'False'
[0.398s] Level 5:colcon.colcon_core.verb:set package 'ur_moveit_config' build argument 'ament_cmake_args' from command line to 'None'
[0.398s] Level 5:colcon.colcon_core.verb:set package 'ur_moveit_config' build argument 'catkin_cmake_args' from command line to 'None'
[0.398s] Level 5:colcon.colcon_core.verb:set package 'ur_moveit_config' build argument 'catkin_skip_building_tests' from command line to 'False'
[0.398s] DEBUG:colcon.colcon_core.verb:Building package 'ur_moveit_config' with the following arguments: {'ament_cmake_args': None, 'build_base': '/home/kkk/workspace/ros_ur_driver/build/ur_moveit_config', 'catkin_cmake_args': None, 'catkin_skip_building_tests': False, 'cmake_args': ['-DCMAKE_BUILD_TYPE=Release'], 'cmake_clean_cache': False, 'cmake_clean_first': False, 'cmake_force_configure': False, 'cmake_target': None, 'cmake_target_skip_unavailable': False, 'install_base': '/home/kkk/workspace/ros_ur_driver/install/ur_moveit_config', 'merge_install': False, 'path': '/home/kkk/workspace/ros_ur_driver/src/Universal_Robots_ROS2_Driver/ur_moveit_config', 'symlink_install': False, 'test_result_base': None}
[0.399s] Level 5:colcon.colcon_core.verb:set package 'ur_controllers' build argument 'cmake_args' from command line to '['-DCMAKE_BUILD_TYPE=Release']'
[0.399s] Level 5:colcon.colcon_core.verb:set package 'ur_controllers' build argument 'cmake_target' from command line to 'None'
[0.399s] Level 5:colcon.colcon_core.verb:set package 'ur_controllers' build argument 'cmake_target_skip_unavailable' from command line to 'False'
[0.399s] Level 5:colcon.colcon_core.verb:set package 'ur_controllers' build argument 'cmake_clean_cache' from command line to 'False'
[0.399s] Level 5:colcon.colcon_core.verb:set package 'ur_controllers' build argument 'cmake_clean_first' from command line to 'False'
[0.399s] Level 5:colcon.colcon_core.verb:set package 'ur_controllers' build argument 'cmake_force_configure' from command line to 'False'
[0.399s] Level 5:colcon.colcon_core.verb:set package 'ur_controllers' build argument 'ament_cmake_args' from command line to 'None'
[0.399s] Level 5:colcon.colcon_core.verb:set package 'ur_controllers' build argument 'catkin_cmake_args' from command line to 'None'
[0.399s] Level 5:colcon.colcon_core.verb:set package 'ur_controllers' build argument 'catkin_skip_building_tests' from command line to 'False'
[0.399s] DEBUG:colcon.colcon_core.verb:Building package 'ur_controllers' with the following arguments: {'ament_cmake_args': None, 'build_base': '/home/kkk/workspace/ros_ur_driver/build/ur_controllers', 'catkin_cmake_args': None, 'catkin_skip_building_tests': False, 'cmake_args': ['-DCMAKE_BUILD_TYPE=Release'], 'cmake_clean_cache': False, 'cmake_clean_first': False, 'cmake_force_configure': False, 'cmake_target': None, 'cmake_target_skip_unavailable': False, 'install_base': '/home/kkk/workspace/ros_ur_driver/install/ur_controllers', 'merge_install': False, 'path': '/home/kkk/workspace/ros_ur_driver/src/Universal_Robots_ROS2_Driver/ur_controllers', 'symlink_install': False, 'test_result_base': None}
[0.400s] Level 5:colcon.colcon_core.verb:set package 'ur_bringup' build argument 'cmake_args' from command line to '['-DCMAKE_BUILD_TYPE=Release']'
[0.400s] Level 5:colcon.colcon_core.verb:set package 'ur_bringup' build argument 'cmake_target' from command line to 'None'
[0.400s] Level 5:colcon.colcon_core.verb:set package 'ur_bringup' build argument 'cmake_target_skip_unavailable' from command line to 'False'
[0.400s] Level 5:colcon.colcon_core.verb:set package 'ur_bringup' build argument 'cmake_clean_cache' from command line to 'False'
[0.400s] Level 5:colcon.colcon_core.verb:set package 'ur_bringup' build argument 'cmake_clean_first' from command line to 'False'
[0.400s] Level 5:colcon.colcon_core.verb:set package 'ur_bringup' build argument 'cmake_force_configure' from command line to 'False'
[0.400s] Level 5:colcon.colcon_core.verb:set package 'ur_bringup' build argument 'ament_cmake_args' from command line to 'None'
[0.400s] Level 5:colcon.colcon_core.verb:set package 'ur_bringup' build argument 'catkin_cmake_args' from command line to 'None'
[0.400s] Level 5:colcon.colcon_core.verb:set package 'ur_bringup' build argument 'catkin_skip_building_tests' from command line to 'False'
[0.400s] DEBUG:colcon.colcon_core.verb:Building package 'ur_bringup' with the following arguments: {'ament_cmake_args': None, 'build_base': '/home/kkk/workspace/ros_ur_driver/build/ur_bringup', 'catkin_cmake_args': None, 'catkin_skip_building_tests': False, 'cmake_args': ['-DCMAKE_BUILD_TYPE=Release'], 'cmake_clean_cache': False, 'cmake_clean_first': False, 'cmake_force_configure': False, 'cmake_target': None, 'cmake_target_skip_unavailable': False, 'install_base': '/home/kkk/workspace/ros_ur_driver/install/ur_bringup', 'merge_install': False, 'path': '/home/kkk/workspace/ros_ur_driver/src/Universal_Robots_ROS2_Driver/ur_bringup', 'symlink_install': False, 'test_result_base': None}
[0.401s] Level 5:colcon.colcon_core.verb:set package 'ur_robot_driver' build argument 'cmake_args' from command line to '['-DCMAKE_BUILD_TYPE=Release']'
[0.401s] Level 5:colcon.colcon_core.verb:set package 'ur_robot_driver' build argument 'cmake_target' from command line to 'None'
[0.401s] Level 5:colcon.colcon_core.verb:set package 'ur_robot_driver' build argument 'cmake_target_skip_unavailable' from command line to 'False'
[0.401s] Level 5:colcon.colcon_core.verb:set package 'ur_robot_driver' build argument 'cmake_clean_cache' from command line to 'False'
[0.401s] Level 5:colcon.colcon_core.verb:set package 'ur_robot_driver' build argument 'cmake_clean_first' from command line to 'False'
[0.401s] Level 5:colcon.colcon_core.verb:set package 'ur_robot_driver' build argument 'cmake_force_configure' from command line to 'False'
[0.401s] Level 5:colcon.colcon_core.verb:set package 'ur_robot_driver' build argument 'ament_cmake_args' from command line to 'None'
[0.401s] Level 5:colcon.colcon_core.verb:set package 'ur_robot_driver' build argument 'catkin_cmake_args' from command line to 'None'
[0.401s] Level 5:colcon.colcon_core.verb:set package 'ur_robot_driver' build argument 'catkin_skip_building_tests' from command line to 'False'
[0.401s] DEBUG:colcon.colcon_core.verb:Building package 'ur_robot_driver' with the following arguments: {'ament_cmake_args': None, 'build_base': '/home/kkk/workspace/ros_ur_driver/build/ur_robot_driver', 'catkin_cmake_args': None, 'catkin_skip_building_tests': False, 'cmake_args': ['-DCMAKE_BUILD_TYPE=Release'], 'cmake_clean_cache': False, 'cmake_clean_first': False, 'cmake_force_configure': False, 'cmake_target': None, 'cmake_target_skip_unavailable': False, 'install_base': '/home/kkk/workspace/ros_ur_driver/install/ur_robot_driver', 'merge_install': False, 'path': '/home/kkk/workspace/ros_ur_driver/src/Universal_Robots_ROS2_Driver/ur_robot_driver', 'symlink_install': False, 'test_result_base': None}
[0.402s] Level 5:colcon.colcon_core.verb:set package 'ur_calibration' build argument 'cmake_args' from command line to '['-DCMAKE_BUILD_TYPE=Release']'
[0.402s] Level 5:colcon.colcon_core.verb:set package 'ur_calibration' build argument 'cmake_target' from command line to 'None'
[0.402s] Level 5:colcon.colcon_core.verb:set package 'ur_calibration' build argument 'cmake_target_skip_unavailable' from command line to 'False'
[0.402s] Level 5:colcon.colcon_core.verb:set package 'ur_calibration' build argument 'cmake_clean_cache' from command line to 'False'
[0.402s] Level 5:colcon.colcon_core.verb:set package 'ur_calibration' build argument 'cmake_clean_first' from command line to 'False'
[0.402s] Level 5:colcon.colcon_core.verb:set package 'ur_calibration' build argument 'cmake_force_configure' from command line to 'False'
[0.402s] Level 5:colcon.colcon_core.verb:set package 'ur_calibration' build argument 'ament_cmake_args' from command line to 'None'
[0.402s] Level 5:colcon.colcon_core.verb:set package 'ur_calibration' build argument 'catkin_cmake_args' from command line to 'None'
[0.402s] Level 5:colcon.colcon_core.verb:set package 'ur_calibration' build argument 'catkin_skip_building_tests' from command line to 'False'
[0.402s] DEBUG:colcon.colcon_core.verb:Building package 'ur_calibration' with the following arguments: {'ament_cmake_args': None, 'build_base': '/home/kkk/workspace/ros_ur_driver/build/ur_calibration', 'catkin_cmake_args': None, 'catkin_skip_building_tests': False, 'cmake_args': ['-DCMAKE_BUILD_TYPE=Release'], 'cmake_clean_cache': False, 'cmake_clean_first': False, 'cmake_force_configure': False, 'cmake_target': None, 'cmake_target_skip_unavailable': False, 'install_base': '/home/kkk/workspace/ros_ur_driver/install/ur_calibration', 'merge_install': False, 'path': '/home/kkk/workspace/ros_ur_driver/src/Universal_Robots_ROS2_Driver/ur_calibration', 'symlink_install': False, 'test_result_base': None}
[0.402s] INFO:colcon.colcon_core.executor:Executing jobs using 'parallel' executor
[0.405s] DEBUG:colcon.colcon_parallel_executor.executor.parallel:run_until_complete
[0.405s] INFO:colcon.colcon_ros.task.ament_cmake.build:Building ROS package in '/home/kkk/workspace/ros_ur_driver/src/Universal_Robots_ROS2_Driver/ur_dashboard_msgs' with build type 'ament_cmake'
[0.406s] INFO:colcon.colcon_cmake.task.cmake.build:Building CMake package in '/home/kkk/workspace/ros_ur_driver/src/Universal_Robots_ROS2_Driver/ur_dashboard_msgs'
[0.410s] INFO:colcon.colcon_core.plugin_system:Skipping extension 'colcon_core.shell.bat': Not used on non-Windows systems
[0.410s] INFO:colcon.colcon_core.shell:Skip shell extension 'powershell' for command environment: Not usable outside of PowerShell
[0.410s] DEBUG:colcon.colcon_core.shell:Skip shell extension 'dsv' for command environment
[0.415s] INFO:colcon.colcon_ros.task.ament_cmake.build:Building ROS package in '/home/kkk/workspace/ros_ur_driver/src/Universal_Robots_ROS2_Driver/ur_moveit_config' with build type 'ament_cmake'
[0.415s] INFO:colcon.colcon_cmake.task.cmake.build:Building CMake package in '/home/kkk/workspace/ros_ur_driver/src/Universal_Robots_ROS2_Driver/ur_moveit_config'
[0.417s] INFO:colcon.colcon_core.shell:Skip shell extension 'powershell' for command environment: Not usable outside of PowerShell
[0.417s] DEBUG:colcon.colcon_core.shell:Skip shell extension 'dsv' for command environment
[0.430s] DEBUG:colcon.colcon_core.event_handler.log_command:Invoking command in '/home/kkk/workspace/ros_ur_driver/build/ur_dashboard_msgs': CMAKE_PREFIX_PATH=/opt/ros/galactic /usr/bin/cmake --build /home/kkk/workspace/ros_ur_driver/build/ur_dashboard_msgs -- -j8 -l8
[0.440s] DEBUG:colcon.colcon_core.event_handler.log_command:Invoking command in '/home/kkk/workspace/ros_ur_driver/build/ur_moveit_config': CMAKE_PREFIX_PATH=/opt/ros/galactic /usr/bin/cmake --build /home/kkk/workspace/ros_ur_driver/build/ur_moveit_config -- -j8 -l8
[0.735s] DEBUG:colcon.colcon_core.event_handler.log_command:Invoked command in '/home/kkk/workspace/ros_ur_driver/build/ur_dashboard_msgs' returned '0': CMAKE_PREFIX_PATH=/opt/ros/galactic /usr/bin/cmake --build /home/kkk/workspace/ros_ur_driver/build/ur_dashboard_msgs -- -j8 -l8
[0.774s] DEBUG:colcon.colcon_core.event_handler.log_command:Invoked command in '/home/kkk/workspace/ros_ur_driver/build/ur_moveit_config' returned '0': CMAKE_PREFIX_PATH=/opt/ros/galactic /usr/bin/cmake --build /home/kkk/workspace/ros_ur_driver/build/ur_moveit_config -- -j8 -l8
[0.811s] DEBUG:colcon.colcon_core.event_handler.log_command:Invoking command in '/home/kkk/workspace/ros_ur_driver/build/ur_moveit_config': CMAKE_PREFIX_PATH=/opt/ros/galactic /usr/bin/cmake --install /home/kkk/workspace/ros_ur_driver/build/ur_moveit_config
[0.901s] Level 1:colcon.colcon_core.environment:create_environment_scripts_only(ur_moveit_config)
[0.901s] DEBUG:colcon.colcon_core.event_handler.log_command:Invoked command in '/home/kkk/workspace/ros_ur_driver/build/ur_moveit_config' returned '0': CMAKE_PREFIX_PATH=/opt/ros/galactic /usr/bin/cmake --install /home/kkk/workspace/ros_ur_driver/build/ur_moveit_config
[0.910s] Level 1:colcon.colcon_core.environment:checking '/home/kkk/workspace/ros_ur_driver/install/ur_moveit_config' for CMake module files
[0.911s] Level 1:colcon.colcon_core.environment:checking '/home/kkk/workspace/ros_ur_driver/install/ur_moveit_config' for CMake config files
[0.911s] Level 1:colcon.colcon_core.shell:create_environment_hook('ur_moveit_config', 'cmake_prefix_path')
[0.913s] INFO:colcon.colcon_core.shell:Creating environment hook '/home/kkk/workspace/ros_ur_driver/install/ur_moveit_config/share/ur_moveit_config/hook/cmake_prefix_path.ps1'
[0.913s] INFO:colcon.colcon_core.shell:Creating environment descriptor '/home/kkk/workspace/ros_ur_driver/install/ur_moveit_config/share/ur_moveit_config/hook/cmake_prefix_path.dsv'
[0.914s] INFO:colcon.colcon_core.shell:Creating environment hook '/home/kkk/workspace/ros_ur_driver/install/ur_moveit_config/share/ur_moveit_config/hook/cmake_prefix_path.sh'
[0.914s] Level 1:colcon.colcon_core.environment:checking '/home/kkk/workspace/ros_ur_driver/install/ur_moveit_config/lib'
[0.915s] Level 1:colcon.colcon_core.environment:checking '/home/kkk/workspace/ros_ur_driver/install/ur_moveit_config/bin'
[0.915s] Level 1:colcon.colcon_core.environment:checking '/home/kkk/workspace/ros_ur_driver/install/ur_moveit_config/lib/pkgconfig/ur_moveit_config.pc'
[0.915s] Level 1:colcon.colcon_core.environment:checking '/home/kkk/workspace/ros_ur_driver/install/ur_moveit_config/lib/python3.8/site-packages'
[0.915s] Level 1:colcon.colcon_core.shell:create_environment_hook('ur_moveit_config', 'pythonpath')
[0.916s] INFO:colcon.colcon_core.shell:Creating environment hook '/home/kkk/workspace/ros_ur_driver/install/ur_moveit_config/share/ur_moveit_config/hook/pythonpath.ps1'
[0.917s] INFO:colcon.colcon_core.shell:Creating environment descriptor '/home/kkk/workspace/ros_ur_driver/install/ur_moveit_config/share/ur_moveit_config/hook/pythonpath.dsv'
[0.917s] INFO:colcon.colcon_core.shell:Creating environment hook '/home/kkk/workspace/ros_ur_driver/install/ur_moveit_config/share/ur_moveit_config/hook/pythonpath.sh'
[0.917s] Level 1:colcon.colcon_core.environment:checking '/home/kkk/workspace/ros_ur_driver/install/ur_moveit_config/bin'
[0.919s] INFO:colcon.colcon_core.shell:Creating package script '/home/kkk/workspace/ros_ur_driver/install/ur_moveit_config/share/ur_moveit_config/package.ps1'
[0.920s] INFO:colcon.colcon_core.shell:Creating package descriptor '/home/kkk/workspace/ros_ur_driver/install/ur_moveit_config/share/ur_moveit_config/package.dsv'
[0.920s] INFO:colcon.colcon_core.shell:Creating package script '/home/kkk/workspace/ros_ur_driver/install/ur_moveit_config/share/ur_moveit_config/package.sh'
[0.921s] INFO:colcon.colcon_core.shell:Creating package script '/home/kkk/workspace/ros_ur_driver/install/ur_moveit_config/share/ur_moveit_config/package.bash'
[0.921s] INFO:colcon.colcon_core.shell:Creating package script '/home/kkk/workspace/ros_ur_driver/install/ur_moveit_config/share/ur_moveit_config/package.zsh'
[0.922s] Level 1:colcon.colcon_core.environment:create_file_with_runtime_dependencies(/home/kkk/workspace/ros_ur_driver/install/ur_moveit_config/share/colcon-core/packages/ur_moveit_config)
[0.928s] DEBUG:colcon.colcon_core.event_handler.log_command:Invoking command in '/home/kkk/workspace/ros_ur_driver/build/ur_dashboard_msgs': CMAKE_PREFIX_PATH=/opt/ros/galactic /usr/bin/cmake --install /home/kkk/workspace/ros_ur_driver/build/ur_dashboard_msgs
[0.944s] Level 1:colcon.colcon_core.environment:create_environment_scripts_only(ur_moveit_config)
[0.947s] Level 1:colcon.colcon_core.environment:checking '/home/kkk/workspace/ros_ur_driver/install/ur_moveit_config' for CMake module files
[0.949s] Level 1:colcon.colcon_core.environment:checking '/home/kkk/workspace/ros_ur_driver/install/ur_moveit_config' for CMake config files
[0.951s] Level 1:colcon.colcon_core.shell:create_environment_hook('ur_moveit_config', 'cmake_prefix_path')
[0.952s] INFO:colcon.colcon_core.shell:Creating environment hook '/home/kkk/workspace/ros_ur_driver/install/ur_moveit_config/share/ur_moveit_config/hook/cmake_prefix_path.ps1'
[0.953s] INFO:colcon.colcon_core.shell:Creating environment descriptor '/home/kkk/workspace/ros_ur_driver/install/ur_moveit_config/share/ur_moveit_config/hook/cmake_prefix_path.dsv'
[0.954s] INFO:colcon.colcon_core.shell:Creating environment hook '/home/kkk/workspace/ros_ur_driver/install/ur_moveit_config/share/ur_moveit_config/hook/cmake_prefix_path.sh'
[0.954s] Level 1:colcon.colcon_core.environment:checking '/home/kkk/workspace/ros_ur_driver/install/ur_moveit_config/lib'
[0.955s] Level 1:colcon.colcon_core.environment:checking '/home/kkk/workspace/ros_ur_driver/install/ur_moveit_config/bin'
[0.955s] Level 1:colcon.colcon_core.environment:checking '/home/kkk/workspace/ros_ur_driver/install/ur_moveit_config/lib/pkgconfig/ur_moveit_config.pc'
[0.955s] Level 1:colcon.colcon_core.environment:checking '/home/kkk/workspace/ros_ur_driver/install/ur_moveit_config/lib/python3.8/site-packages'
[0.955s] Level 1:colcon.colcon_core.shell:create_environment_hook('ur_moveit_config', 'pythonpath')
[0.957s] INFO:colcon.colcon_core.shell:Creating environment hook '/home/kkk/workspace/ros_ur_driver/install/ur_moveit_config/share/ur_moveit_config/hook/pythonpath.ps1'
[0.959s] INFO:colcon.colcon_core.shell:Creating environment descriptor '/home/kkk/workspace/ros_ur_driver/install/ur_moveit_config/share/ur_moveit_config/hook/pythonpath.dsv'
[0.961s] INFO:colcon.colcon_core.shell:Creating environment hook '/home/kkk/workspace/ros_ur_driver/install/ur_moveit_config/share/ur_moveit_config/hook/pythonpath.sh'
[0.962s] Level 1:colcon.colcon_core.environment:checking '/home/kkk/workspace/ros_ur_driver/install/ur_moveit_config/bin'
[0.964s] INFO:colcon.colcon_core.shell:Creating package script '/home/kkk/workspace/ros_ur_driver/install/ur_moveit_config/share/ur_moveit_config/package.ps1'
[0.965s] INFO:colcon.colcon_core.shell:Creating package descriptor '/home/kkk/workspace/ros_ur_driver/install/ur_moveit_config/share/ur_moveit_config/package.dsv'
[0.966s] INFO:colcon.colcon_core.shell:Creating package script '/home/kkk/workspace/ros_ur_driver/install/ur_moveit_config/share/ur_moveit_config/package.sh'
[0.966s] INFO:colcon.colcon_core.shell:Creating package script '/home/kkk/workspace/ros_ur_driver/install/ur_moveit_config/share/ur_moveit_config/package.bash'
[0.967s] INFO:colcon.colcon_core.shell:Creating package script '/home/kkk/workspace/ros_ur_driver/install/ur_moveit_config/share/ur_moveit_config/package.zsh'
[0.968s] Level 1:colcon.colcon_core.environment:create_file_with_runtime_dependencies(/home/kkk/workspace/ros_ur_driver/install/ur_moveit_config/share/colcon-core/packages/ur_moveit_config)
[0.998s] Level 1:colcon.colcon_core.environment:create_environment_scripts_only(ur_dashboard_msgs)
[0.999s] Level 1:colcon.colcon_core.environment:checking '/home/kkk/workspace/ros_ur_driver/install/ur_dashboard_msgs' for CMake module files
[1.000s] DEBUG:colcon.colcon_core.event_handler.log_command:Invoked command in '/home/kkk/workspace/ros_ur_driver/build/ur_dashboard_msgs' returned '0': CMAKE_PREFIX_PATH=/opt/ros/galactic /usr/bin/cmake --install /home/kkk/workspace/ros_ur_driver/build/ur_dashboard_msgs
[1.000s] Level 1:colcon.colcon_core.environment:checking '/home/kkk/workspace/ros_ur_driver/install/ur_dashboard_msgs' for CMake config files
[1.001s] Level 1:colcon.colcon_core.shell:create_environment_hook('ur_dashboard_msgs', 'cmake_prefix_path')
[1.002s] INFO:colcon.colcon_core.shell:Creating environment hook '/home/kkk/workspace/ros_ur_driver/install/ur_dashboard_msgs/share/ur_dashboard_msgs/hook/cmake_prefix_path.ps1'
[1.002s] INFO:colcon.colcon_core.shell:Creating environment descriptor '/home/kkk/workspace/ros_ur_driver/install/ur_dashboard_msgs/share/ur_dashboard_msgs/hook/cmake_prefix_path.dsv'
[1.003s] INFO:colcon.colcon_core.shell:Creating environment hook '/home/kkk/workspace/ros_ur_driver/install/ur_dashboard_msgs/share/ur_dashboard_msgs/hook/cmake_prefix_path.sh'
[1.003s] Level 1:colcon.colcon_core.environment:checking '/home/kkk/workspace/ros_ur_driver/install/ur_dashboard_msgs/lib'
[1.003s] Level 1:colcon.colcon_core.shell:create_environment_hook('ur_dashboard_msgs', 'ld_library_path_lib')
[1.004s] INFO:colcon.colcon_core.shell:Creating environment hook '/home/kkk/workspace/ros_ur_driver/install/ur_dashboard_msgs/share/ur_dashboard_msgs/hook/ld_library_path_lib.ps1'
[1.005s] INFO:colcon.colcon_core.shell:Creating environment descriptor '/home/kkk/workspace/ros_ur_driver/install/ur_dashboard_msgs/share/ur_dashboard_msgs/hook/ld_library_path_lib.dsv'
[1.005s] INFO:colcon.colcon_core.shell:Creating environment hook '/home/kkk/workspace/ros_ur_driver/install/ur_dashboard_msgs/share/ur_dashboard_msgs/hook/ld_library_path_lib.sh'
[1.005s] Level 1:colcon.colcon_core.environment:checking '/home/kkk/workspace/ros_ur_driver/install/ur_dashboard_msgs/bin'
[1.005s] Level 1:colcon.colcon_core.environment:checking '/home/kkk/workspace/ros_ur_driver/install/ur_dashboard_msgs/lib/pkgconfig/ur_dashboard_msgs.pc'
[1.005s] Level 1:colcon.colcon_core.environment:checking '/home/kkk/workspace/ros_ur_driver/install/ur_dashboard_msgs/lib/python3.8/site-packages'
[1.005s] Level 1:colcon.colcon_core.shell:create_environment_hook('ur_dashboard_msgs', 'pythonpath')
[1.007s] INFO:colcon.colcon_core.shell:Creating environment hook '/home/kkk/workspace/ros_ur_driver/install/ur_dashboard_msgs/share/ur_dashboard_msgs/hook/pythonpath.ps1'
[1.008s] INFO:colcon.colcon_core.shell:Creating environment descriptor '/home/kkk/workspace/ros_ur_driver/install/ur_dashboard_msgs/share/ur_dashboard_msgs/hook/pythonpath.dsv'
[1.008s] INFO:colcon.colcon_core.shell:Creating environment hook '/home/kkk/workspace/ros_ur_driver/install/ur_dashboard_msgs/share/ur_dashboard_msgs/hook/pythonpath.sh'
[1.008s] Level 1:colcon.colcon_core.environment:checking '/home/kkk/workspace/ros_ur_driver/install/ur_dashboard_msgs/bin'
[1.009s] INFO:colcon.colcon_core.shell:Creating package script '/home/kkk/workspace/ros_ur_driver/install/ur_dashboard_msgs/share/ur_dashboard_msgs/package.ps1'
[1.010s] INFO:colcon.colcon_core.shell:Creating package descriptor '/home/kkk/workspace/ros_ur_driver/install/ur_dashboard_msgs/share/ur_dashboard_msgs/package.dsv'
[1.010s] INFO:colcon.colcon_core.shell:Creating package script '/home/kkk/workspace/ros_ur_driver/install/ur_dashboard_msgs/share/ur_dashboard_msgs/package.sh'
[1.010s] INFO:colcon.colcon_core.shell:Creating package script '/home/kkk/workspace/ros_ur_driver/install/ur_dashboard_msgs/share/ur_dashboard_msgs/package.bash'
[1.011s] INFO:colcon.colcon_core.shell:Creating package script '/home/kkk/workspace/ros_ur_driver/install/ur_dashboard_msgs/share/ur_dashboard_msgs/package.zsh'
[1.011s] Level 1:colcon.colcon_core.environment:create_file_with_runtime_dependencies(/home/kkk/workspace/ros_ur_driver/install/ur_dashboard_msgs/share/colcon-core/packages/ur_dashboard_msgs)
[1.190s] Level 1:colcon.colcon_core.environment:create_environment_scripts_only(ur_dashboard_msgs)
[1.194s] Level 1:colcon.colcon_core.environment:checking '/home/kkk/workspace/ros_ur_driver/install/ur_dashboard_msgs' for CMake module files
[1.195s] Level 1:colcon.colcon_core.environment:checking '/home/kkk/workspace/ros_ur_driver/install/ur_dashboard_msgs' for CMake config files
[1.196s] Level 1:colcon.colcon_core.shell:create_environment_hook('ur_dashboard_msgs', 'cmake_prefix_path')
[1.197s] INFO:colcon.colcon_core.shell:Creating environment hook '/home/kkk/workspace/ros_ur_driver/install/ur_dashboard_msgs/share/ur_dashboard_msgs/hook/cmake_prefix_path.ps1'
[1.197s] INFO:colcon.colcon_core.shell:Creating environment descriptor '/home/kkk/workspace/ros_ur_driver/install/ur_dashboard_msgs/share/ur_dashboard_msgs/hook/cmake_prefix_path.dsv'
[1.198s] INFO:colcon.colcon_core.shell:Creating environment hook '/home/kkk/workspace/ros_ur_driver/install/ur_dashboard_msgs/share/ur_dashboard_msgs/hook/cmake_prefix_path.sh'
[1.198s] Level 1:colcon.colcon_core.environment:checking '/home/kkk/workspace/ros_ur_driver/install/ur_dashboard_msgs/lib'
[1.198s] Level 1:colcon.colcon_core.shell:create_environment_hook('ur_dashboard_msgs', 'ld_library_path_lib')
[1.199s] INFO:colcon.colcon_core.shell:Creating environment hook '/home/kkk/workspace/ros_ur_driver/install/ur_dashboard_msgs/share/ur_dashboard_msgs/hook/ld_library_path_lib.ps1'
[1.200s] INFO:colcon.colcon_core.shell:Creating environment descriptor '/home/kkk/workspace/ros_ur_driver/install/ur_dashboard_msgs/share/ur_dashboard_msgs/hook/ld_library_path_lib.dsv'
[1.200s] INFO:colcon.colcon_core.shell:Creating environment hook '/home/kkk/workspace/ros_ur_driver/install/ur_dashboard_msgs/share/ur_dashboard_msgs/hook/ld_library_path_lib.sh'
[1.200s] Level 1:colcon.colcon_core.environment:checking '/home/kkk/workspace/ros_ur_driver/install/ur_dashboard_msgs/bin'
[1.200s] Level 1:colcon.colcon_core.environment:checking '/home/kkk/workspace/ros_ur_driver/install/ur_dashboard_msgs/lib/pkgconfig/ur_dashboard_msgs.pc'
[1.200s] Level 1:colcon.colcon_core.environment:checking '/home/kkk/workspace/ros_ur_driver/install/ur_dashboard_msgs/lib/python3.8/site-packages'
[1.200s] Level 1:colcon.colcon_core.shell:create_environment_hook('ur_dashboard_msgs', 'pythonpath')
[1.201s] INFO:colcon.colcon_core.shell:Creating environment hook '/home/kkk/workspace/ros_ur_driver/install/ur_dashboard_msgs/share/ur_dashboard_msgs/hook/pythonpath.ps1'
[1.202s] INFO:colcon.colcon_core.shell:Creating environment descriptor '/home/kkk/workspace/ros_ur_driver/install/ur_dashboard_msgs/share/ur_dashboard_msgs/hook/pythonpath.dsv'
[1.202s] INFO:colcon.colcon_core.shell:Creating environment hook '/home/kkk/workspace/ros_ur_driver/install/ur_dashboard_msgs/share/ur_dashboard_msgs/hook/pythonpath.sh'
[1.202s] Level 1:colcon.colcon_core.environment:checking '/home/kkk/workspace/ros_ur_driver/install/ur_dashboard_msgs/bin'
[1.204s] INFO:colcon.colcon_core.shell:Creating package script '/home/kkk/workspace/ros_ur_driver/install/ur_dashboard_msgs/share/ur_dashboard_msgs/package.ps1'
[1.204s] INFO:colcon.colcon_core.shell:Creating package descriptor '/home/kkk/workspace/ros_ur_driver/install/ur_dashboard_msgs/share/ur_dashboard_msgs/package.dsv'
[1.204s] INFO:colcon.colcon_core.shell:Creating package script '/home/kkk/workspace/ros_ur_driver/install/ur_dashboard_msgs/share/ur_dashboard_msgs/package.sh'
[1.205s] INFO:colcon.colcon_core.shell:Creating package script '/home/kkk/workspace/ros_ur_driver/install/ur_dashboard_msgs/share/ur_dashboard_msgs/package.bash'
[1.205s] INFO:colcon.colcon_core.shell:Creating package script '/home/kkk/workspace/ros_ur_driver/install/ur_dashboard_msgs/share/ur_dashboard_msgs/package.zsh'
[1.205s] Level 1:colcon.colcon_core.environment:create_file_with_runtime_dependencies(/home/kkk/workspace/ros_ur_driver/install/ur_dashboard_msgs/share/colcon-core/packages/ur_dashboard_msgs)
[1.206s] INFO:colcon.colcon_ros.task.ament_cmake.build:Building ROS package in '/home/kkk/workspace/ros_ur_driver/src/Universal_Robots_ROS2_Driver/ur_controllers' with build type 'ament_cmake'
[1.206s] INFO:colcon.colcon_cmake.task.cmake.build:Building CMake package in '/home/kkk/workspace/ros_ur_driver/src/Universal_Robots_ROS2_Driver/ur_controllers'
[1.207s] INFO:colcon.colcon_core.shell:Skip shell extension 'powershell' for command environment: Not usable outside of PowerShell
[1.207s] DEBUG:colcon.colcon_core.shell:Skip shell extension 'dsv' for command environment
[1.225s] DEBUG:colcon.colcon_core.event_handler.log_command:Invoking command in '/home/kkk/workspace/ros_ur_driver/build/ur_controllers': AMENT_PREFIX_PATH=/home/kkk/workspace/ros_ur_driver/install/ur_dashboard_msgs:${AMENT_PREFIX_PATH} CMAKE_PREFIX_PATH=/home/kkk/workspace/ros_ur_driver/install/ur_dashboard_msgs:/opt/ros/galactic LD_LIBRARY_PATH=/home/kkk/workspace/ros_ur_driver/install/ur_dashboard_msgs/lib:${LD_LIBRARY_PATH} PYTHONPATH=/home/kkk/workspace/ros_ur_driver/install/ur_dashboard_msgs/lib/python3.8/site-packages:${PYTHONPATH} /usr/bin/cmake --build /home/kkk/workspace/ros_ur_driver/build/ur_controllers -- -j8 -l8
[1.332s] DEBUG:colcon.colcon_core.event_handler.log_command:Invoked command in '/home/kkk/workspace/ros_ur_driver/build/ur_controllers' returned '0': AMENT_PREFIX_PATH=/home/kkk/workspace/ros_ur_driver/install/ur_dashboard_msgs:${AMENT_PREFIX_PATH} CMAKE_PREFIX_PATH=/home/kkk/workspace/ros_ur_driver/install/ur_dashboard_msgs:/opt/ros/galactic LD_LIBRARY_PATH=/home/kkk/workspace/ros_ur_driver/install/ur_dashboard_msgs/lib:${LD_LIBRARY_PATH} PYTHONPATH=/home/kkk/workspace/ros_ur_driver/install/ur_dashboard_msgs/lib/python3.8/site-packages:${PYTHONPATH} /usr/bin/cmake --build /home/kkk/workspace/ros_ur_driver/build/ur_controllers -- -j8 -l8
[1.371s] DEBUG:colcon.colcon_core.event_handler.log_command:Invoking command in '/home/kkk/workspace/ros_ur_driver/build/ur_controllers': AMENT_PREFIX_PATH=/home/kkk/workspace/ros_ur_driver/install/ur_dashboard_msgs:${AMENT_PREFIX_PATH} CMAKE_PREFIX_PATH=/home/kkk/workspace/ros_ur_driver/install/ur_dashboard_msgs:/opt/ros/galactic LD_LIBRARY_PATH=/home/kkk/workspace/ros_ur_driver/install/ur_dashboard_msgs/lib:${LD_LIBRARY_PATH} PYTHONPATH=/home/kkk/workspace/ros_ur_driver/install/ur_dashboard_msgs/lib/python3.8/site-packages:${PYTHONPATH} /usr/bin/cmake --install /home/kkk/workspace/ros_ur_driver/build/ur_controllers
[1.384s] Level 1:colcon.colcon_core.environment:create_environment_scripts_only(ur_controllers)
[1.388s] Level 1:colcon.colcon_core.environment:checking '/home/kkk/workspace/ros_ur_driver/install/ur_controllers' for CMake module files
[1.389s] DEBUG:colcon.colcon_core.event_handler.log_command:Invoked command in '/home/kkk/workspace/ros_ur_driver/build/ur_controllers' returned '0': AMENT_PREFIX_PATH=/home/kkk/workspace/ros_ur_driver/install/ur_dashboard_msgs:${AMENT_PREFIX_PATH} CMAKE_PREFIX_PATH=/home/kkk/workspace/ros_ur_driver/install/ur_dashboard_msgs:/opt/ros/galactic LD_LIBRARY_PATH=/home/kkk/workspace/ros_ur_driver/install/ur_dashboard_msgs/lib:${LD_LIBRARY_PATH} PYTHONPATH=/home/kkk/workspace/ros_ur_driver/install/ur_dashboard_msgs/lib/python3.8/site-packages:${PYTHONPATH} /usr/bin/cmake --install /home/kkk/workspace/ros_ur_driver/build/ur_controllers
[1.389s] Level 1:colcon.colcon_core.environment:checking '/home/kkk/workspace/ros_ur_driver/install/ur_controllers' for CMake config files
[1.389s] Level 1:colcon.colcon_core.shell:create_environment_hook('ur_controllers', 'cmake_prefix_path')
[1.391s] INFO:colcon.colcon_core.shell:Creating environment hook '/home/kkk/workspace/ros_ur_driver/install/ur_controllers/share/ur_controllers/hook/cmake_prefix_path.ps1'
[1.391s] INFO:colcon.colcon_core.shell:Creating environment descriptor '/home/kkk/workspace/ros_ur_driver/install/ur_controllers/share/ur_controllers/hook/cmake_prefix_path.dsv'
[1.391s] INFO:colcon.colcon_core.shell:Creating environment hook '/home/kkk/workspace/ros_ur_driver/install/ur_controllers/share/ur_controllers/hook/cmake_prefix_path.sh'
[1.392s] Level 1:colcon.colcon_core.environment:checking '/home/kkk/workspace/ros_ur_driver/install/ur_controllers/lib'
[1.392s] Level 1:colcon.colcon_core.shell:create_environment_hook('ur_controllers', 'ld_library_path_lib')
[1.393s] INFO:colcon.colcon_core.shell:Creating environment hook '/home/kkk/workspace/ros_ur_driver/install/ur_controllers/share/ur_controllers/hook/ld_library_path_lib.ps1'
[1.393s] INFO:colcon.colcon_core.shell:Creating environment descriptor '/home/kkk/workspace/ros_ur_driver/install/ur_controllers/share/ur_controllers/hook/ld_library_path_lib.dsv'
[1.393s] INFO:colcon.colcon_core.shell:Creating environment hook '/home/kkk/workspace/ros_ur_driver/install/ur_controllers/share/ur_controllers/hook/ld_library_path_lib.sh'
[1.394s] Level 1:colcon.colcon_core.environment:checking '/home/kkk/workspace/ros_ur_driver/install/ur_controllers/bin'
[1.394s] Level 1:colcon.colcon_core.environment:checking '/home/kkk/workspace/ros_ur_driver/install/ur_controllers/lib/pkgconfig/ur_controllers.pc'
[1.394s] Level 1:colcon.colcon_core.environment:checking '/home/kkk/workspace/ros_ur_driver/install/ur_controllers/lib/python3.8/site-packages'
[1.394s] Level 1:colcon.colcon_core.environment:checking '/home/kkk/workspace/ros_ur_driver/install/ur_controllers/bin'
[1.395s] INFO:colcon.colcon_core.shell:Creating package script '/home/kkk/workspace/ros_ur_driver/install/ur_controllers/share/ur_controllers/package.ps1'
[1.396s] INFO:colcon.colcon_core.shell:Creating package descriptor '/home/kkk/workspace/ros_ur_driver/install/ur_controllers/share/ur_controllers/package.dsv'
[1.396s] INFO:colcon.colcon_core.shell:Creating package script '/home/kkk/workspace/ros_ur_driver/install/ur_controllers/share/ur_controllers/package.sh'
[1.396s] INFO:colcon.colcon_core.shell:Creating package script '/home/kkk/workspace/ros_ur_driver/install/ur_controllers/share/ur_controllers/package.bash'
[1.397s] INFO:colcon.colcon_core.shell:Creating package script '/home/kkk/workspace/ros_ur_driver/install/ur_controllers/share/ur_controllers/package.zsh'
[1.397s] Level 1:colcon.colcon_core.environment:create_file_with_runtime_dependencies(/home/kkk/workspace/ros_ur_driver/install/ur_controllers/share/colcon-core/packages/ur_controllers)
[1.434s] Level 1:colcon.colcon_core.environment:create_environment_scripts_only(ur_controllers)
[1.438s] Level 1:colcon.colcon_core.environment:checking '/home/kkk/workspace/ros_ur_driver/install/ur_controllers' for CMake module files
[1.439s] Level 1:colcon.colcon_core.environment:checking '/home/kkk/workspace/ros_ur_driver/install/ur_controllers' for CMake config files
[1.439s] Level 1:colcon.colcon_core.shell:create_environment_hook('ur_controllers', 'cmake_prefix_path')
[1.440s] INFO:colcon.colcon_core.shell:Creating environment hook '/home/kkk/workspace/ros_ur_driver/install/ur_controllers/share/ur_controllers/hook/cmake_prefix_path.ps1'
[1.441s] INFO:colcon.colcon_core.shell:Creating environment descriptor '/home/kkk/workspace/ros_ur_driver/install/ur_controllers/share/ur_controllers/hook/cmake_prefix_path.dsv'
[1.441s] INFO:colcon.colcon_core.shell:Creating environment hook '/home/kkk/workspace/ros_ur_driver/install/ur_controllers/share/ur_controllers/hook/cmake_prefix_path.sh'
[1.442s] Level 1:colcon.colcon_core.environment:checking '/home/kkk/workspace/ros_ur_driver/install/ur_controllers/lib'
[1.442s] Level 1:colcon.colcon_core.shell:create_environment_hook('ur_controllers', 'ld_library_path_lib')
[1.443s] INFO:colcon.colcon_core.shell:Creating environment hook '/home/kkk/workspace/ros_ur_driver/install/ur_controllers/share/ur_controllers/hook/ld_library_path_lib.ps1'
[1.443s] INFO:colcon.colcon_core.shell:Creating environment descriptor '/home/kkk/workspace/ros_ur_driver/install/ur_controllers/share/ur_controllers/hook/ld_library_path_lib.dsv'
[1.443s] INFO:colcon.colcon_core.shell:Creating environment hook '/home/kkk/workspace/ros_ur_driver/install/ur_controllers/share/ur_controllers/hook/ld_library_path_lib.sh'
[1.444s] Level 1:colcon.colcon_core.environment:checking '/home/kkk/workspace/ros_ur_driver/install/ur_controllers/bin'
[1.444s] Level 1:colcon.colcon_core.environment:checking '/home/kkk/workspace/ros_ur_driver/install/ur_controllers/lib/pkgconfig/ur_controllers.pc'
[1.444s] Level 1:colcon.colcon_core.environment:checking '/home/kkk/workspace/ros_ur_driver/install/ur_controllers/lib/python3.8/site-packages'
[1.444s] Level 1:colcon.colcon_core.environment:checking '/home/kkk/workspace/ros_ur_driver/install/ur_controllers/bin'
[1.445s] INFO:colcon.colcon_core.shell:Creating package script '/home/kkk/workspace/ros_ur_driver/install/ur_controllers/share/ur_controllers/package.ps1'
[1.446s] INFO:colcon.colcon_core.shell:Creating package descriptor '/home/kkk/workspace/ros_ur_driver/install/ur_controllers/share/ur_controllers/package.dsv'
[1.446s] INFO:colcon.colcon_core.shell:Creating package script '/home/kkk/workspace/ros_ur_driver/install/ur_controllers/share/ur_controllers/package.sh'
[1.446s] INFO:colcon.colcon_core.shell:Creating package script '/home/kkk/workspace/ros_ur_driver/install/ur_controllers/share/ur_controllers/package.bash'
[1.447s] INFO:colcon.colcon_core.shell:Creating package script '/home/kkk/workspace/ros_ur_driver/install/ur_controllers/share/ur_controllers/package.zsh'
[1.447s] Level 1:colcon.colcon_core.environment:create_file_with_runtime_dependencies(/home/kkk/workspace/ros_ur_driver/install/ur_controllers/share/colcon-core/packages/ur_controllers)
[1.447s] INFO:colcon.colcon_ros.task.ament_cmake.build:Building ROS package in '/home/kkk/workspace/ros_ur_driver/src/Universal_Robots_ROS2_Driver/ur_bringup' with build type 'ament_cmake'
[1.448s] INFO:colcon.colcon_cmake.task.cmake.build:Building CMake package in '/home/kkk/workspace/ros_ur_driver/src/Universal_Robots_ROS2_Driver/ur_bringup'
[1.449s] INFO:colcon.colcon_core.shell:Skip shell extension 'powershell' for command environment: Not usable outside of PowerShell
[1.449s] DEBUG:colcon.colcon_core.shell:Skip shell extension 'dsv' for command environment
[1.469s] DEBUG:colcon.colcon_core.event_handler.log_command:Invoking command in '/home/kkk/workspace/ros_ur_driver/build/ur_bringup': AMENT_PREFIX_PATH=/home/kkk/workspace/ros_ur_driver/install/ur_controllers:/home/kkk/workspace/ros_ur_driver/install/ur_dashboard_msgs:${AMENT_PREFIX_PATH} CMAKE_PREFIX_PATH=/home/kkk/workspace/ros_ur_driver/install/ur_controllers:/home/kkk/workspace/ros_ur_driver/install/ur_dashboard_msgs:/opt/ros/galactic LD_LIBRARY_PATH=/home/kkk/workspace/ros_ur_driver/install/ur_controllers/lib:/home/kkk/workspace/ros_ur_driver/install/ur_dashboard_msgs/lib:${LD_LIBRARY_PATH} PYTHONPATH=/home/kkk/workspace/ros_ur_driver/install/ur_dashboard_msgs/lib/python3.8/site-packages:${PYTHONPATH} /usr/bin/cmake --build /home/kkk/workspace/ros_ur_driver/build/ur_bringup -- -j8 -l8
[1.512s] DEBUG:colcon.colcon_core.event_handler.log_command:Invoked command in '/home/kkk/workspace/ros_ur_driver/build/ur_bringup' returned '0': AMENT_PREFIX_PATH=/home/kkk/workspace/ros_ur_driver/install/ur_controllers:/home/kkk/workspace/ros_ur_driver/install/ur_dashboard_msgs:${AMENT_PREFIX_PATH} CMAKE_PREFIX_PATH=/home/kkk/workspace/ros_ur_driver/install/ur_controllers:/home/kkk/workspace/ros_ur_driver/install/ur_dashboard_msgs:/opt/ros/galactic LD_LIBRARY_PATH=/home/kkk/workspace/ros_ur_driver/install/ur_controllers/lib:/home/kkk/workspace/ros_ur_driver/install/ur_dashboard_msgs/lib:${LD_LIBRARY_PATH} PYTHONPATH=/home/kkk/workspace/ros_ur_driver/install/ur_dashboard_msgs/lib/python3.8/site-packages:${PYTHONPATH} /usr/bin/cmake --build /home/kkk/workspace/ros_ur_driver/build/ur_bringup -- -j8 -l8
[1.544s] DEBUG:colcon.colcon_core.event_handler.log_command:Invoking command in '/home/kkk/workspace/ros_ur_driver/build/ur_bringup': AMENT_PREFIX_PATH=/home/kkk/workspace/ros_ur_driver/install/ur_controllers:/home/kkk/workspace/ros_ur_driver/install/ur_dashboard_msgs:${AMENT_PREFIX_PATH} CMAKE_PREFIX_PATH=/home/kkk/workspace/ros_ur_driver/install/ur_controllers:/home/kkk/workspace/ros_ur_driver/install/ur_dashboard_msgs:/opt/ros/galactic LD_LIBRARY_PATH=/home/kkk/workspace/ros_ur_driver/install/ur_controllers/lib:/home/kkk/workspace/ros_ur_driver/install/ur_dashboard_msgs/lib:${LD_LIBRARY_PATH} PYTHONPATH=/home/kkk/workspace/ros_ur_driver/install/ur_dashboard_msgs/lib/python3.8/site-packages:${PYTHONPATH} /usr/bin/cmake --install /home/kkk/workspace/ros_ur_driver/build/ur_bringup
[1.557s] Level 1:colcon.colcon_core.environment:create_environment_scripts_only(ur_bringup)
[1.562s] Level 1:colcon.colcon_core.environment:checking '/home/kkk/workspace/ros_ur_driver/install/ur_bringup' for CMake module files
[1.564s] Level 1:colcon.colcon_core.environment:checking '/home/kkk/workspace/ros_ur_driver/install/ur_bringup' for CMake config files
[1.565s] DEBUG:colcon.colcon_core.event_handler.log_command:Invoked command in '/home/kkk/workspace/ros_ur_driver/build/ur_bringup' returned '0': AMENT_PREFIX_PATH=/home/kkk/workspace/ros_ur_driver/install/ur_controllers:/home/kkk/workspace/ros_ur_driver/install/ur_dashboard_msgs:${AMENT_PREFIX_PATH} CMAKE_PREFIX_PATH=/home/kkk/workspace/ros_ur_driver/install/ur_controllers:/home/kkk/workspace/ros_ur_driver/install/ur_dashboard_msgs:/opt/ros/galactic LD_LIBRARY_PATH=/home/kkk/workspace/ros_ur_driver/install/ur_controllers/lib:/home/kkk/workspace/ros_ur_driver/install/ur_dashboard_msgs/lib:${LD_LIBRARY_PATH} PYTHONPATH=/home/kkk/workspace/ros_ur_driver/install/ur_dashboard_msgs/lib/python3.8/site-packages:${PYTHONPATH} /usr/bin/cmake --install /home/kkk/workspace/ros_ur_driver/build/ur_bringup
[1.565s] Level 1:colcon.colcon_core.shell:create_environment_hook('ur_bringup', 'cmake_prefix_path')
[1.566s] INFO:colcon.colcon_core.shell:Creating environment hook '/home/kkk/workspace/ros_ur_driver/install/ur_bringup/share/ur_bringup/hook/cmake_prefix_path.ps1'
[1.567s] INFO:colcon.colcon_core.shell:Creating environment descriptor '/home/kkk/workspace/ros_ur_driver/install/ur_bringup/share/ur_bringup/hook/cmake_prefix_path.dsv'
[1.567s] INFO:colcon.colcon_core.shell:Creating environment hook '/home/kkk/workspace/ros_ur_driver/install/ur_bringup/share/ur_bringup/hook/cmake_prefix_path.sh'
[1.568s] Level 1:colcon.colcon_core.environment:checking '/home/kkk/workspace/ros_ur_driver/install/ur_bringup/lib'
[1.568s] Level 1:colcon.colcon_core.environment:checking '/home/kkk/workspace/ros_ur_driver/install/ur_bringup/bin'
[1.568s] Level 1:colcon.colcon_core.environment:checking '/home/kkk/workspace/ros_ur_driver/install/ur_bringup/lib/pkgconfig/ur_bringup.pc'
[1.568s] Level 1:colcon.colcon_core.environment:checking '/home/kkk/workspace/ros_ur_driver/install/ur_bringup/lib/python3.8/site-packages'
[1.568s] Level 1:colcon.colcon_core.environment:checking '/home/kkk/workspace/ros_ur_driver/install/ur_bringup/bin'
[1.569s] INFO:colcon.colcon_core.shell:Creating package script '/home/kkk/workspace/ros_ur_driver/install/ur_bringup/share/ur_bringup/package.ps1'
[1.569s] INFO:colcon.colcon_core.shell:Creating package descriptor '/home/kkk/workspace/ros_ur_driver/install/ur_bringup/share/ur_bringup/package.dsv'
[1.570s] INFO:colcon.colcon_core.shell:Creating package script '/home/kkk/workspace/ros_ur_driver/install/ur_bringup/share/ur_bringup/package.sh'
[1.570s] INFO:colcon.colcon_core.shell:Creating package script '/home/kkk/workspace/ros_ur_driver/install/ur_bringup/share/ur_bringup/package.bash'
[1.570s] INFO:colcon.colcon_core.shell:Creating package script '/home/kkk/workspace/ros_ur_driver/install/ur_bringup/share/ur_bringup/package.zsh'
[1.570s] Level 1:colcon.colcon_core.environment:create_file_with_runtime_dependencies(/home/kkk/workspace/ros_ur_driver/install/ur_bringup/share/colcon-core/packages/ur_bringup)
[1.604s] Level 1:colcon.colcon_core.environment:create_environment_scripts_only(ur_bringup)
[1.608s] Level 1:colcon.colcon_core.environment:checking '/home/kkk/workspace/ros_ur_driver/install/ur_bringup' for CMake module files
[1.609s] Level 1:colcon.colcon_core.environment:checking '/home/kkk/workspace/ros_ur_driver/install/ur_bringup' for CMake config files
[1.610s] Level 1:colcon.colcon_core.shell:create_environment_hook('ur_bringup', 'cmake_prefix_path')
[1.612s] INFO:colcon.colcon_core.shell:Creating environment hook '/home/kkk/workspace/ros_ur_driver/install/ur_bringup/share/ur_bringup/hook/cmake_prefix_path.ps1'
[1.613s] INFO:colcon.colcon_core.shell:Creating environment descriptor '/home/kkk/workspace/ros_ur_driver/install/ur_bringup/share/ur_bringup/hook/cmake_prefix_path.dsv'
[1.613s] INFO:colcon.colcon_core.shell:Creating environment hook '/home/kkk/workspace/ros_ur_driver/install/ur_bringup/share/ur_bringup/hook/cmake_prefix_path.sh'
[1.614s] Level 1:colcon.colcon_core.environment:checking '/home/kkk/workspace/ros_ur_driver/install/ur_bringup/lib'
[1.614s] Level 1:colcon.colcon_core.environment:checking '/home/kkk/workspace/ros_ur_driver/install/ur_bringup/bin'
[1.614s] Level 1:colcon.colcon_core.environment:checking '/home/kkk/workspace/ros_ur_driver/install/ur_bringup/lib/pkgconfig/ur_bringup.pc'
[1.615s] Level 1:colcon.colcon_core.environment:checking '/home/kkk/workspace/ros_ur_driver/install/ur_bringup/lib/python3.8/site-packages'
[1.615s] Level 1:colcon.colcon_core.environment:checking '/home/kkk/workspace/ros_ur_driver/install/ur_bringup/bin'
[1.616s] INFO:colcon.colcon_core.shell:Creating package script '/home/kkk/workspace/ros_ur_driver/install/ur_bringup/share/ur_bringup/package.ps1'
[1.617s] INFO:colcon.colcon_core.shell:Creating package descriptor '/home/kkk/workspace/ros_ur_driver/install/ur_bringup/share/ur_bringup/package.dsv'
[1.617s] INFO:colcon.colcon_core.shell:Creating package script '/home/kkk/workspace/ros_ur_driver/install/ur_bringup/share/ur_bringup/package.sh'
[1.617s] INFO:colcon.colcon_core.shell:Creating package script '/home/kkk/workspace/ros_ur_driver/install/ur_bringup/share/ur_bringup/package.bash'
[1.618s] INFO:colcon.colcon_core.shell:Creating package script '/home/kkk/workspace/ros_ur_driver/install/ur_bringup/share/ur_bringup/package.zsh'
[1.618s] Level 1:colcon.colcon_core.environment:create_file_with_runtime_dependencies(/home/kkk/workspace/ros_ur_driver/install/ur_bringup/share/colcon-core/packages/ur_bringup)
[1.618s] INFO:colcon.colcon_ros.task.ament_cmake.build:Building ROS package in '/home/kkk/workspace/ros_ur_driver/src/Universal_Robots_ROS2_Driver/ur_robot_driver' with build type 'ament_cmake'
[1.618s] INFO:colcon.colcon_cmake.task.cmake.build:Building CMake package in '/home/kkk/workspace/ros_ur_driver/src/Universal_Robots_ROS2_Driver/ur_robot_driver'
[1.620s] INFO:colcon.colcon_core.shell:Skip shell extension 'powershell' for command environment: Not usable outside of PowerShell
[1.620s] DEBUG:colcon.colcon_core.shell:Skip shell extension 'dsv' for command environment
[1.643s] DEBUG:colcon.colcon_core.event_handler.log_command:Invoking command in '/home/kkk/workspace/ros_ur_driver/build/ur_robot_driver': AMENT_PREFIX_PATH=/home/kkk/workspace/ros_ur_driver/install/ur_bringup:/home/kkk/workspace/ros_ur_driver/install/ur_controllers:/home/kkk/workspace/ros_ur_driver/install/ur_dashboard_msgs:${AMENT_PREFIX_PATH} CMAKE_PREFIX_PATH=/home/kkk/workspace/ros_ur_driver/install/ur_bringup:/home/kkk/workspace/ros_ur_driver/install/ur_controllers:/home/kkk/workspace/ros_ur_driver/install/ur_dashboard_msgs:/opt/ros/galactic LD_LIBRARY_PATH=/home/kkk/workspace/ros_ur_driver/install/ur_controllers/lib:/home/kkk/workspace/ros_ur_driver/install/ur_dashboard_msgs/lib:${LD_LIBRARY_PATH} PYTHONPATH=/home/kkk/workspace/ros_ur_driver/install/ur_dashboard_msgs/lib/python3.8/site-packages:${PYTHONPATH} /usr/bin/cmake --build /home/kkk/workspace/ros_ur_driver/build/ur_robot_driver -- -j8 -l8
[1.997s] DEBUG:colcon.colcon_core.event_handler.log_command:Invoked command in '/home/kkk/workspace/ros_ur_driver/build/ur_robot_driver' returned '0': AMENT_PREFIX_PATH=/home/kkk/workspace/ros_ur_driver/install/ur_bringup:/home/kkk/workspace/ros_ur_driver/install/ur_controllers:/home/kkk/workspace/ros_ur_driver/install/ur_dashboard_msgs:${AMENT_PREFIX_PATH} CMAKE_PREFIX_PATH=/home/kkk/workspace/ros_ur_driver/install/ur_bringup:/home/kkk/workspace/ros_ur_driver/install/ur_controllers:/home/kkk/workspace/ros_ur_driver/install/ur_dashboard_msgs:/opt/ros/galactic LD_LIBRARY_PATH=/home/kkk/workspace/ros_ur_driver/install/ur_controllers/lib:/home/kkk/workspace/ros_ur_driver/install/ur_dashboard_msgs/lib:${LD_LIBRARY_PATH} PYTHONPATH=/home/kkk/workspace/ros_ur_driver/install/ur_dashboard_msgs/lib/python3.8/site-packages:${PYTHONPATH} /usr/bin/cmake --build /home/kkk/workspace/ros_ur_driver/build/ur_robot_driver -- -j8 -l8
[2.048s] DEBUG:colcon.colcon_core.event_handler.log_command:Invoking command in '/home/kkk/workspace/ros_ur_driver/build/ur_robot_driver': AMENT_PREFIX_PATH=/home/kkk/workspace/ros_ur_driver/install/ur_bringup:/home/kkk/workspace/ros_ur_driver/install/ur_controllers:/home/kkk/workspace/ros_ur_driver/install/ur_dashboard_msgs:${AMENT_PREFIX_PATH} CMAKE_PREFIX_PATH=/home/kkk/workspace/ros_ur_driver/install/ur_bringup:/home/kkk/workspace/ros_ur_driver/install/ur_controllers:/home/kkk/workspace/ros_ur_driver/install/ur_dashboard_msgs:/opt/ros/galactic LD_LIBRARY_PATH=/home/kkk/workspace/ros_ur_driver/install/ur_controllers/lib:/home/kkk/workspace/ros_ur_driver/install/ur_dashboard_msgs/lib:${LD_LIBRARY_PATH} PYTHONPATH=/home/kkk/workspace/ros_ur_driver/install/ur_dashboard_msgs/lib/python3.8/site-packages:${PYTHONPATH} /usr/bin/cmake --install /home/kkk/workspace/ros_ur_driver/build/ur_robot_driver
[2.103s] Level 1:colcon.colcon_core.environment:create_environment_scripts_only(ur_robot_driver)
[2.104s] DEBUG:colcon.colcon_core.event_handler.log_command:Invoked command in '/home/kkk/workspace/ros_ur_driver/build/ur_robot_driver' returned '0': AMENT_PREFIX_PATH=/home/kkk/workspace/ros_ur_driver/install/ur_bringup:/home/kkk/workspace/ros_ur_driver/install/ur_controllers:/home/kkk/workspace/ros_ur_driver/install/ur_dashboard_msgs:${AMENT_PREFIX_PATH} CMAKE_PREFIX_PATH=/home/kkk/workspace/ros_ur_driver/install/ur_bringup:/home/kkk/workspace/ros_ur_driver/install/ur_controllers:/home/kkk/workspace/ros_ur_driver/install/ur_dashboard_msgs:/opt/ros/galactic LD_LIBRARY_PATH=/home/kkk/workspace/ros_ur_driver/install/ur_controllers/lib:/home/kkk/workspace/ros_ur_driver/install/ur_dashboard_msgs/lib:${LD_LIBRARY_PATH} PYTHONPATH=/home/kkk/workspace/ros_ur_driver/install/ur_dashboard_msgs/lib/python3.8/site-packages:${PYTHONPATH} /usr/bin/cmake --install /home/kkk/workspace/ros_ur_driver/build/ur_robot_driver
[2.108s] Level 1:colcon.colcon_core.environment:checking '/home/kkk/workspace/ros_ur_driver/install/ur_robot_driver' for CMake module files
[2.109s] Level 1:colcon.colcon_core.environment:checking '/home/kkk/workspace/ros_ur_driver/install/ur_robot_driver' for CMake config files
[2.110s] Level 1:colcon.colcon_core.shell:create_environment_hook('ur_robot_driver', 'cmake_prefix_path')
[2.113s] INFO:colcon.colcon_core.shell:Creating environment hook '/home/kkk/workspace/ros_ur_driver/install/ur_robot_driver/share/ur_robot_driver/hook/cmake_prefix_path.ps1'
[2.114s] INFO:colcon.colcon_core.shell:Creating environment descriptor '/home/kkk/workspace/ros_ur_driver/install/ur_robot_driver/share/ur_robot_driver/hook/cmake_prefix_path.dsv'
[2.114s] INFO:colcon.colcon_core.shell:Creating environment hook '/home/kkk/workspace/ros_ur_driver/install/ur_robot_driver/share/ur_robot_driver/hook/cmake_prefix_path.sh'
[2.115s] Level 1:colcon.colcon_core.environment:checking '/home/kkk/workspace/ros_ur_driver/install/ur_robot_driver/lib'
[2.115s] Level 1:colcon.colcon_core.shell:create_environment_hook('ur_robot_driver', 'ld_library_path_lib')
[2.117s] INFO:colcon.colcon_core.shell:Creating environment hook '/home/kkk/workspace/ros_ur_driver/install/ur_robot_driver/share/ur_robot_driver/hook/ld_library_path_lib.ps1'
[2.118s] INFO:colcon.colcon_core.shell:Creating environment descriptor '/home/kkk/workspace/ros_ur_driver/install/ur_robot_driver/share/ur_robot_driver/hook/ld_library_path_lib.dsv'
[2.118s] INFO:colcon.colcon_core.shell:Creating environment hook '/home/kkk/workspace/ros_ur_driver/install/ur_robot_driver/share/ur_robot_driver/hook/ld_library_path_lib.sh'
[2.119s] Level 1:colcon.colcon_core.environment:checking '/home/kkk/workspace/ros_ur_driver/install/ur_robot_driver/bin'
[2.119s] Level 1:colcon.colcon_core.shell:create_environment_hook('ur_robot_driver', 'path')
[2.120s] INFO:colcon.colcon_core.shell:Creating environment hook '/home/kkk/workspace/ros_ur_driver/install/ur_robot_driver/share/ur_robot_driver/hook/path.ps1'
[2.121s] INFO:colcon.colcon_core.shell:Creating environment descriptor '/home/kkk/workspace/ros_ur_driver/install/ur_robot_driver/share/ur_robot_driver/hook/path.dsv'
[2.121s] INFO:colcon.colcon_core.shell:Creating environment hook '/home/kkk/workspace/ros_ur_driver/install/ur_robot_driver/share/ur_robot_driver/hook/path.sh'
[2.121s] Level 1:colcon.colcon_core.environment:checking '/home/kkk/workspace/ros_ur_driver/install/ur_robot_driver/lib/pkgconfig/ur_robot_driver.pc'
[2.121s] Level 1:colcon.colcon_core.environment:checking '/home/kkk/workspace/ros_ur_driver/install/ur_robot_driver/lib/python3.8/site-packages'
[2.121s] Level 1:colcon.colcon_core.shell:create_environment_hook('ur_robot_driver', 'pythonpath')
[2.122s] INFO:colcon.colcon_core.shell:Creating environment hook '/home/kkk/workspace/ros_ur_driver/install/ur_robot_driver/share/ur_robot_driver/hook/pythonpath.ps1'
[2.123s] INFO:colcon.colcon_core.shell:Creating environment descriptor '/home/kkk/workspace/ros_ur_driver/install/ur_robot_driver/share/ur_robot_driver/hook/pythonpath.dsv'
[2.123s] INFO:colcon.colcon_core.shell:Creating environment hook '/home/kkk/workspace/ros_ur_driver/install/ur_robot_driver/share/ur_robot_driver/hook/pythonpath.sh'
[2.123s] Level 1:colcon.colcon_core.environment:checking '/home/kkk/workspace/ros_ur_driver/install/ur_robot_driver/bin'
[2.123s] Level 1:colcon.colcon_core.shell:create_environment_hook('ur_robot_driver', 'pythonscriptspath')
[2.125s] INFO:colcon.colcon_core.shell:Creating environment hook '/home/kkk/workspace/ros_ur_driver/install/ur_robot_driver/share/ur_robot_driver/hook/pythonscriptspath.ps1'
[2.125s] INFO:colcon.colcon_core.shell:Creating environment descriptor '/home/kkk/workspace/ros_ur_driver/install/ur_robot_driver/share/ur_robot_driver/hook/pythonscriptspath.dsv'
[2.125s] INFO:colcon.colcon_core.shell:Creating environment hook '/home/kkk/workspace/ros_ur_driver/install/ur_robot_driver/share/ur_robot_driver/hook/pythonscriptspath.sh'
[2.127s] INFO:colcon.colcon_core.shell:Creating package script '/home/kkk/workspace/ros_ur_driver/install/ur_robot_driver/share/ur_robot_driver/package.ps1'
[2.127s] INFO:colcon.colcon_core.shell:Creating package descriptor '/home/kkk/workspace/ros_ur_driver/install/ur_robot_driver/share/ur_robot_driver/package.dsv'
[2.128s] INFO:colcon.colcon_core.shell:Creating package script '/home/kkk/workspace/ros_ur_driver/install/ur_robot_driver/share/ur_robot_driver/package.sh'
[2.128s] INFO:colcon.colcon_core.shell:Creating package script '/home/kkk/workspace/ros_ur_driver/install/ur_robot_driver/share/ur_robot_driver/package.bash'
[2.128s] INFO:colcon.colcon_core.shell:Creating package script '/home/kkk/workspace/ros_ur_driver/install/ur_robot_driver/share/ur_robot_driver/package.zsh'
[2.128s] Level 1:colcon.colcon_core.environment:create_file_with_runtime_dependencies(/home/kkk/workspace/ros_ur_driver/install/ur_robot_driver/share/colcon-core/packages/ur_robot_driver)
[2.178s] Level 1:colcon.colcon_core.environment:create_environment_scripts_only(ur_robot_driver)
[2.181s] Level 1:colcon.colcon_core.environment:checking '/home/kkk/workspace/ros_ur_driver/install/ur_robot_driver' for CMake module files
[2.182s] Level 1:colcon.colcon_core.environment:checking '/home/kkk/workspace/ros_ur_driver/install/ur_robot_driver' for CMake config files
[2.183s] Level 1:colcon.colcon_core.shell:create_environment_hook('ur_robot_driver', 'cmake_prefix_path')
[2.184s] INFO:colcon.colcon_core.shell:Creating environment hook '/home/kkk/workspace/ros_ur_driver/install/ur_robot_driver/share/ur_robot_driver/hook/cmake_prefix_path.ps1'
[2.185s] INFO:colcon.colcon_core.shell:Creating environment descriptor '/home/kkk/workspace/ros_ur_driver/install/ur_robot_driver/share/ur_robot_driver/hook/cmake_prefix_path.dsv'
[2.185s] INFO:colcon.colcon_core.shell:Creating environment hook '/home/kkk/workspace/ros_ur_driver/install/ur_robot_driver/share/ur_robot_driver/hook/cmake_prefix_path.sh'
[2.185s] Level 1:colcon.colcon_core.environment:checking '/home/kkk/workspace/ros_ur_driver/install/ur_robot_driver/lib'
[2.185s] Level 1:colcon.colcon_core.shell:create_environment_hook('ur_robot_driver', 'ld_library_path_lib')
[2.187s] INFO:colcon.colcon_core.shell:Creating environment hook '/home/kkk/workspace/ros_ur_driver/install/ur_robot_driver/share/ur_robot_driver/hook/ld_library_path_lib.ps1'
[2.187s] INFO:colcon.colcon_core.shell:Creating environment descriptor '/home/kkk/workspace/ros_ur_driver/install/ur_robot_driver/share/ur_robot_driver/hook/ld_library_path_lib.dsv'
[2.187s] INFO:colcon.colcon_core.shell:Creating environment hook '/home/kkk/workspace/ros_ur_driver/install/ur_robot_driver/share/ur_robot_driver/hook/ld_library_path_lib.sh'
[2.187s] Level 1:colcon.colcon_core.environment:checking '/home/kkk/workspace/ros_ur_driver/install/ur_robot_driver/bin'
[2.187s] Level 1:colcon.colcon_core.shell:create_environment_hook('ur_robot_driver', 'path')
[2.188s] INFO:colcon.colcon_core.shell:Creating environment hook '/home/kkk/workspace/ros_ur_driver/install/ur_robot_driver/share/ur_robot_driver/hook/path.ps1'
[2.189s] INFO:colcon.colcon_core.shell:Creating environment descriptor '/home/kkk/workspace/ros_ur_driver/install/ur_robot_driver/share/ur_robot_driver/hook/path.dsv'
[2.189s] INFO:colcon.colcon_core.shell:Creating environment hook '/home/kkk/workspace/ros_ur_driver/install/ur_robot_driver/share/ur_robot_driver/hook/path.sh'
[2.189s] Level 1:colcon.colcon_core.environment:checking '/home/kkk/workspace/ros_ur_driver/install/ur_robot_driver/lib/pkgconfig/ur_robot_driver.pc'
[2.189s] Level 1:colcon.colcon_core.environment:checking '/home/kkk/workspace/ros_ur_driver/install/ur_robot_driver/lib/python3.8/site-packages'
[2.189s] Level 1:colcon.colcon_core.shell:create_environment_hook('ur_robot_driver', 'pythonpath')
[2.191s] INFO:colcon.colcon_core.shell:Creating environment hook '/home/kkk/workspace/ros_ur_driver/install/ur_robot_driver/share/ur_robot_driver/hook/pythonpath.ps1'
[2.191s] INFO:colcon.colcon_core.shell:Creating environment descriptor '/home/kkk/workspace/ros_ur_driver/install/ur_robot_driver/share/ur_robot_driver/hook/pythonpath.dsv'
[2.192s] INFO:colcon.colcon_core.shell:Creating environment hook '/home/kkk/workspace/ros_ur_driver/install/ur_robot_driver/share/ur_robot_driver/hook/pythonpath.sh'
[2.192s] Level 1:colcon.colcon_core.environment:checking '/home/kkk/workspace/ros_ur_driver/install/ur_robot_driver/bin'
[2.192s] Level 1:colcon.colcon_core.shell:create_environment_hook('ur_robot_driver', 'pythonscriptspath')
[2.193s] INFO:colcon.colcon_core.shell:Creating environment hook '/home/kkk/workspace/ros_ur_driver/install/ur_robot_driver/share/ur_robot_driver/hook/pythonscriptspath.ps1'
[2.193s] INFO:colcon.colcon_core.shell:Creating environment descriptor '/home/kkk/workspace/ros_ur_driver/install/ur_robot_driver/share/ur_robot_driver/hook/pythonscriptspath.dsv'
[2.194s] INFO:colcon.colcon_core.shell:Creating environment hook '/home/kkk/workspace/ros_ur_driver/install/ur_robot_driver/share/ur_robot_driver/hook/pythonscriptspath.sh'
[2.195s] INFO:colcon.colcon_core.shell:Creating package script '/home/kkk/workspace/ros_ur_driver/install/ur_robot_driver/share/ur_robot_driver/package.ps1'
[2.196s] INFO:colcon.colcon_core.shell:Creating package descriptor '/home/kkk/workspace/ros_ur_driver/install/ur_robot_driver/share/ur_robot_driver/package.dsv'
[2.196s] INFO:colcon.colcon_core.shell:Creating package script '/home/kkk/workspace/ros_ur_driver/install/ur_robot_driver/share/ur_robot_driver/package.sh'
[2.197s] INFO:colcon.colcon_core.shell:Creating package script '/home/kkk/workspace/ros_ur_driver/install/ur_robot_driver/share/ur_robot_driver/package.bash'
[2.197s] INFO:colcon.colcon_core.shell:Creating package script '/home/kkk/workspace/ros_ur_driver/install/ur_robot_driver/share/ur_robot_driver/package.zsh'
[2.198s] Level 1:colcon.colcon_core.environment:create_file_with_runtime_dependencies(/home/kkk/workspace/ros_ur_driver/install/ur_robot_driver/share/colcon-core/packages/ur_robot_driver)
[2.198s] INFO:colcon.colcon_ros.task.ament_cmake.build:Building ROS package in '/home/kkk/workspace/ros_ur_driver/src/Universal_Robots_ROS2_Driver/ur_calibration' with build type 'ament_cmake'
[2.198s] INFO:colcon.colcon_cmake.task.cmake.build:Building CMake package in '/home/kkk/workspace/ros_ur_driver/src/Universal_Robots_ROS2_Driver/ur_calibration'
[2.199s] INFO:colcon.colcon_core.shell:Skip shell extension 'powershell' for command environment: Not usable outside of PowerShell
[2.199s] DEBUG:colcon.colcon_core.shell:Skip shell extension 'dsv' for command environment
[2.227s] DEBUG:colcon.colcon_core.event_handler.log_command:Invoking command in '/home/kkk/workspace/ros_ur_driver/build/ur_calibration': AMENT_PREFIX_PATH=/home/kkk/workspace/ros_ur_driver/install/ur_robot_driver:/home/kkk/workspace/ros_ur_driver/install/ur_bringup:/home/kkk/workspace/ros_ur_driver/install/ur_controllers:/home/kkk/workspace/ros_ur_driver/install/ur_dashboard_msgs:${AMENT_PREFIX_PATH} CMAKE_PREFIX_PATH=/home/kkk/workspace/ros_ur_driver/install/ur_robot_driver:/home/kkk/workspace/ros_ur_driver/install/ur_bringup:/home/kkk/workspace/ros_ur_driver/install/ur_controllers:/home/kkk/workspace/ros_ur_driver/install/ur_dashboard_msgs:/opt/ros/galactic LD_LIBRARY_PATH=/home/kkk/workspace/ros_ur_driver/install/ur_robot_driver/lib:/home/kkk/workspace/ros_ur_driver/install/ur_controllers/lib:/home/kkk/workspace/ros_ur_driver/install/ur_dashboard_msgs/lib:${LD_LIBRARY_PATH} PATH=/home/kkk/workspace/ros_ur_driver/install/ur_robot_driver/bin:${PATH} PYTHONPATH=/home/kkk/workspace/ros_ur_driver/install/ur_robot_driver/lib/python3.8/site-packages:/home/kkk/workspace/ros_ur_driver/install/ur_dashboard_msgs/lib/python3.8/site-packages:${PYTHONPATH} /usr/bin/cmake /home/kkk/workspace/ros_ur_driver/src/Universal_Robots_ROS2_Driver/ur_calibration -DCMAKE_BUILD_TYPE=Release -DCMAKE_INSTALL_PREFIX=/home/kkk/workspace/ros_ur_driver/install/ur_calibration
[5.029s] DEBUG:colcon.colcon_core.event_handler.log_command:Invoked command in '/home/kkk/workspace/ros_ur_driver/build/ur_calibration' returned '0': AMENT_PREFIX_PATH=/home/kkk/workspace/ros_ur_driver/install/ur_robot_driver:/home/kkk/workspace/ros_ur_driver/install/ur_bringup:/home/kkk/workspace/ros_ur_driver/install/ur_controllers:/home/kkk/workspace/ros_ur_driver/install/ur_dashboard_msgs:${AMENT_PREFIX_PATH} CMAKE_PREFIX_PATH=/home/kkk/workspace/ros_ur_driver/install/ur_robot_driver:/home/kkk/workspace/ros_ur_driver/install/ur_bringup:/home/kkk/workspace/ros_ur_driver/install/ur_controllers:/home/kkk/workspace/ros_ur_driver/install/ur_dashboard_msgs:/opt/ros/galactic LD_LIBRARY_PATH=/home/kkk/workspace/ros_ur_driver/install/ur_robot_driver/lib:/home/kkk/workspace/ros_ur_driver/install/ur_controllers/lib:/home/kkk/workspace/ros_ur_driver/install/ur_dashboard_msgs/lib:${LD_LIBRARY_PATH} PATH=/home/kkk/workspace/ros_ur_driver/install/ur_robot_driver/bin:${PATH} PYTHONPATH=/home/kkk/workspace/ros_ur_driver/install/ur_robot_driver/lib/python3.8/site-packages:/home/kkk/workspace/ros_ur_driver/install/ur_dashboard_msgs/lib/python3.8/site-packages:${PYTHONPATH} /usr/bin/cmake /home/kkk/workspace/ros_ur_driver/src/Universal_Robots_ROS2_Driver/ur_calibration -DCMAKE_BUILD_TYPE=Release -DCMAKE_INSTALL_PREFIX=/home/kkk/workspace/ros_ur_driver/install/ur_calibration
[5.033s] DEBUG:colcon.colcon_core.event_handler.log_command:Invoking command in '/home/kkk/workspace/ros_ur_driver/build/ur_calibration': AMENT_PREFIX_PATH=/home/kkk/workspace/ros_ur_driver/install/ur_robot_driver:/home/kkk/workspace/ros_ur_driver/install/ur_bringup:/home/kkk/workspace/ros_ur_driver/install/ur_controllers:/home/kkk/workspace/ros_ur_driver/install/ur_dashboard_msgs:${AMENT_PREFIX_PATH} CMAKE_PREFIX_PATH=/home/kkk/workspace/ros_ur_driver/install/ur_robot_driver:/home/kkk/workspace/ros_ur_driver/install/ur_bringup:/home/kkk/workspace/ros_ur_driver/install/ur_controllers:/home/kkk/workspace/ros_ur_driver/install/ur_dashboard_msgs:/opt/ros/galactic LD_LIBRARY_PATH=/home/kkk/workspace/ros_ur_driver/install/ur_robot_driver/lib:/home/kkk/workspace/ros_ur_driver/install/ur_controllers/lib:/home/kkk/workspace/ros_ur_driver/install/ur_dashboard_msgs/lib:${LD_LIBRARY_PATH} PATH=/home/kkk/workspace/ros_ur_driver/install/ur_robot_driver/bin:${PATH} PYTHONPATH=/home/kkk/workspace/ros_ur_driver/install/ur_robot_driver/lib/python3.8/site-packages:/home/kkk/workspace/ros_ur_driver/install/ur_dashboard_msgs/lib/python3.8/site-packages:${PYTHONPATH} /usr/bin/cmake --build /home/kkk/workspace/ros_ur_driver/build/ur_calibration -- -j8 -l8
[18.454s] DEBUG:colcon.colcon_core.event_handler.log_command:Invoked command in '/home/kkk/workspace/ros_ur_driver/build/ur_calibration' returned '0': AMENT_PREFIX_PATH=/home/kkk/workspace/ros_ur_driver/install/ur_robot_driver:/home/kkk/workspace/ros_ur_driver/install/ur_bringup:/home/kkk/workspace/ros_ur_driver/install/ur_controllers:/home/kkk/workspace/ros_ur_driver/install/ur_dashboard_msgs:${AMENT_PREFIX_PATH} CMAKE_PREFIX_PATH=/home/kkk/workspace/ros_ur_driver/install/ur_robot_driver:/home/kkk/workspace/ros_ur_driver/install/ur_bringup:/home/kkk/workspace/ros_ur_driver/install/ur_controllers:/home/kkk/workspace/ros_ur_driver/install/ur_dashboard_msgs:/opt/ros/galactic LD_LIBRARY_PATH=/home/kkk/workspace/ros_ur_driver/install/ur_robot_driver/lib:/home/kkk/workspace/ros_ur_driver/install/ur_controllers/lib:/home/kkk/workspace/ros_ur_driver/install/ur_dashboard_msgs/lib:${LD_LIBRARY_PATH} PATH=/home/kkk/workspace/ros_ur_driver/install/ur_robot_driver/bin:${PATH} PYTHONPATH=/home/kkk/workspace/ros_ur_driver/install/ur_robot_driver/lib/python3.8/site-packages:/home/kkk/workspace/ros_ur_driver/install/ur_dashboard_msgs/lib/python3.8/site-packages:${PYTHONPATH} /usr/bin/cmake --build /home/kkk/workspace/ros_ur_driver/build/ur_calibration -- -j8 -l8
[18.498s] DEBUG:colcon.colcon_core.event_handler.log_command:Invoking command in '/home/kkk/workspace/ros_ur_driver/build/ur_calibration': AMENT_PREFIX_PATH=/home/kkk/workspace/ros_ur_driver/install/ur_robot_driver:/home/kkk/workspace/ros_ur_driver/install/ur_bringup:/home/kkk/workspace/ros_ur_driver/install/ur_controllers:/home/kkk/workspace/ros_ur_driver/install/ur_dashboard_msgs:${AMENT_PREFIX_PATH} CMAKE_PREFIX_PATH=/home/kkk/workspace/ros_ur_driver/install/ur_robot_driver:/home/kkk/workspace/ros_ur_driver/install/ur_bringup:/home/kkk/workspace/ros_ur_driver/install/ur_controllers:/home/kkk/workspace/ros_ur_driver/install/ur_dashboard_msgs:/opt/ros/galactic LD_LIBRARY_PATH=/home/kkk/workspace/ros_ur_driver/install/ur_robot_driver/lib:/home/kkk/workspace/ros_ur_driver/install/ur_controllers/lib:/home/kkk/workspace/ros_ur_driver/install/ur_dashboard_msgs/lib:${LD_LIBRARY_PATH} PATH=/home/kkk/workspace/ros_ur_driver/install/ur_robot_driver/bin:${PATH} PYTHONPATH=/home/kkk/workspace/ros_ur_driver/install/ur_robot_driver/lib/python3.8/site-packages:/home/kkk/workspace/ros_ur_driver/install/ur_dashboard_msgs/lib/python3.8/site-packages:${PYTHONPATH} /usr/bin/cmake --install /home/kkk/workspace/ros_ur_driver/build/ur_calibration
[18.515s] Level 1:colcon.colcon_core.environment:create_environment_scripts_only(ur_calibration)
[18.516s] DEBUG:colcon.colcon_core.event_handler.log_command:Invoked command in '/home/kkk/workspace/ros_ur_driver/build/ur_calibration' returned '0': AMENT_PREFIX_PATH=/home/kkk/workspace/ros_ur_driver/install/ur_robot_driver:/home/kkk/workspace/ros_ur_driver/install/ur_bringup:/home/kkk/workspace/ros_ur_driver/install/ur_controllers:/home/kkk/workspace/ros_ur_driver/install/ur_dashboard_msgs:${AMENT_PREFIX_PATH} CMAKE_PREFIX_PATH=/home/kkk/workspace/ros_ur_driver/install/ur_robot_driver:/home/kkk/workspace/ros_ur_driver/install/ur_bringup:/home/kkk/workspace/ros_ur_driver/install/ur_controllers:/home/kkk/workspace/ros_ur_driver/install/ur_dashboard_msgs:/opt/ros/galactic LD_LIBRARY_PATH=/home/kkk/workspace/ros_ur_driver/install/ur_robot_driver/lib:/home/kkk/workspace/ros_ur_driver/install/ur_controllers/lib:/home/kkk/workspace/ros_ur_driver/install/ur_dashboard_msgs/lib:${LD_LIBRARY_PATH} PATH=/home/kkk/workspace/ros_ur_driver/install/ur_robot_driver/bin:${PATH} PYTHONPATH=/home/kkk/workspace/ros_ur_driver/install/ur_robot_driver/lib/python3.8/site-packages:/home/kkk/workspace/ros_ur_driver/install/ur_dashboard_msgs/lib/python3.8/site-packages:${PYTHONPATH} /usr/bin/cmake --install /home/kkk/workspace/ros_ur_driver/build/ur_calibration
[18.520s] Level 1:colcon.colcon_core.environment:checking '/home/kkk/workspace/ros_ur_driver/install/ur_calibration' for CMake module files
[18.521s] Level 1:colcon.colcon_core.environment:checking '/home/kkk/workspace/ros_ur_driver/install/ur_calibration' for CMake config files
[18.521s] Level 1:colcon.colcon_core.shell:create_environment_hook('ur_calibration', 'cmake_prefix_path')
[18.523s] INFO:colcon.colcon_core.shell:Creating environment hook '/home/kkk/workspace/ros_ur_driver/install/ur_calibration/share/ur_calibration/hook/cmake_prefix_path.ps1'
[18.524s] INFO:colcon.colcon_core.shell:Creating environment descriptor '/home/kkk/workspace/ros_ur_driver/install/ur_calibration/share/ur_calibration/hook/cmake_prefix_path.dsv'
[18.524s] INFO:colcon.colcon_core.shell:Creating environment hook '/home/kkk/workspace/ros_ur_driver/install/ur_calibration/share/ur_calibration/hook/cmake_prefix_path.sh'
[18.524s] Level 1:colcon.colcon_core.environment:checking '/home/kkk/workspace/ros_ur_driver/install/ur_calibration/lib'
[18.525s] Level 1:colcon.colcon_core.environment:checking '/home/kkk/workspace/ros_ur_driver/install/ur_calibration/bin'
[18.525s] Level 1:colcon.colcon_core.environment:checking '/home/kkk/workspace/ros_ur_driver/install/ur_calibration/lib/pkgconfig/ur_calibration.pc'
[18.525s] Level 1:colcon.colcon_core.environment:checking '/home/kkk/workspace/ros_ur_driver/install/ur_calibration/lib/python3.8/site-packages'
[18.525s] Level 1:colcon.colcon_core.environment:checking '/home/kkk/workspace/ros_ur_driver/install/ur_calibration/bin'
[18.526s] INFO:colcon.colcon_core.shell:Creating package script '/home/kkk/workspace/ros_ur_driver/install/ur_calibration/share/ur_calibration/package.ps1'
[18.526s] INFO:colcon.colcon_core.shell:Creating package descriptor '/home/kkk/workspace/ros_ur_driver/install/ur_calibration/share/ur_calibration/package.dsv'
[18.527s] INFO:colcon.colcon_core.shell:Creating package script '/home/kkk/workspace/ros_ur_driver/install/ur_calibration/share/ur_calibration/package.sh'
[18.527s] INFO:colcon.colcon_core.shell:Creating package script '/home/kkk/workspace/ros_ur_driver/install/ur_calibration/share/ur_calibration/package.bash'
[18.527s] INFO:colcon.colcon_core.shell:Creating package script '/home/kkk/workspace/ros_ur_driver/install/ur_calibration/share/ur_calibration/package.zsh'
[18.527s] Level 1:colcon.colcon_core.environment:create_file_with_runtime_dependencies(/home/kkk/workspace/ros_ur_driver/install/ur_calibration/share/colcon-core/packages/ur_calibration)
[18.577s] Level 1:colcon.colcon_core.environment:create_environment_scripts_only(ur_calibration)
[18.580s] Level 1:colcon.colcon_core.environment:checking '/home/kkk/workspace/ros_ur_driver/install/ur_calibration' for CMake module files
[18.581s] Level 1:colcon.colcon_core.environment:checking '/home/kkk/workspace/ros_ur_driver/install/ur_calibration' for CMake config files
[18.582s] Level 1:colcon.colcon_core.shell:create_environment_hook('ur_calibration', 'cmake_prefix_path')
[18.584s] INFO:colcon.colcon_core.shell:Creating environment hook '/home/kkk/workspace/ros_ur_driver/install/ur_calibration/share/ur_calibration/hook/cmake_prefix_path.ps1'
[18.584s] INFO:colcon.colcon_core.shell:Creating environment descriptor '/home/kkk/workspace/ros_ur_driver/install/ur_calibration/share/ur_calibration/hook/cmake_prefix_path.dsv'
[18.584s] INFO:colcon.colcon_core.shell:Creating environment hook '/home/kkk/workspace/ros_ur_driver/install/ur_calibration/share/ur_calibration/hook/cmake_prefix_path.sh'
[18.585s] Level 1:colcon.colcon_core.environment:checking '/home/kkk/workspace/ros_ur_driver/install/ur_calibration/lib'
[18.585s] Level 1:colcon.colcon_core.environment:checking '/home/kkk/workspace/ros_ur_driver/install/ur_calibration/bin'
[18.585s] Level 1:colcon.colcon_core.environment:checking '/home/kkk/workspace/ros_ur_driver/install/ur_calibration/lib/pkgconfig/ur_calibration.pc'
[18.585s] Level 1:colcon.colcon_core.environment:checking '/home/kkk/workspace/ros_ur_driver/install/ur_calibration/lib/python3.8/site-packages'
[18.585s] Level 1:colcon.colcon_core.environment:checking '/home/kkk/workspace/ros_ur_driver/install/ur_calibration/bin'
[18.586s] INFO:colcon.colcon_core.shell:Creating package script '/home/kkk/workspace/ros_ur_driver/install/ur_calibration/share/ur_calibration/package.ps1'
[18.587s] INFO:colcon.colcon_core.shell:Creating package descriptor '/home/kkk/workspace/ros_ur_driver/install/ur_calibration/share/ur_calibration/package.dsv'
[18.587s] INFO:colcon.colcon_core.shell:Creating package script '/home/kkk/workspace/ros_ur_driver/install/ur_calibration/share/ur_calibration/package.sh'
[18.587s] INFO:colcon.colcon_core.shell:Creating package script '/home/kkk/workspace/ros_ur_driver/install/ur_calibration/share/ur_calibration/package.bash'
[18.588s] INFO:colcon.colcon_core.shell:Creating package script '/home/kkk/workspace/ros_ur_driver/install/ur_calibration/share/ur_calibration/package.zsh'
[18.588s] Level 1:colcon.colcon_core.environment:create_file_with_runtime_dependencies(/home/kkk/workspace/ros_ur_driver/install/ur_calibration/share/colcon-core/packages/ur_calibration)
[18.588s] DEBUG:colcon.colcon_parallel_executor.executor.parallel:closing loop
[18.588s] DEBUG:colcon.colcon_parallel_executor.executor.parallel:loop closed
[18.588s] DEBUG:colcon.colcon_parallel_executor.executor.parallel:run_until_complete finished with '0'
[18.588s] DEBUG:colcon.colcon_core.event_reactor:joining thread
[18.597s] INFO:colcon.colcon_core.plugin_system:Skipping extension 'colcon_notification.desktop_notification.terminal_notifier': Not used on non-Darwin systems
[18.598s] INFO:colcon.colcon_core.plugin_system:Skipping extension 'colcon_notification.desktop_notification.win32': Not used on non-Windows systems
[18.598s] INFO:colcon.colcon_notification.desktop_notification:Sending desktop notification using 'notify2'
[18.622s] DEBUG:colcon.colcon_core.event_reactor:joined thread
[18.624s] INFO:colcon.colcon_core.shell:Creating prefix script '/home/kkk/workspace/ros_ur_driver/install/local_setup.ps1'
[18.626s] INFO:colcon.colcon_core.shell:Creating prefix util module '/home/kkk/workspace/ros_ur_driver/install/_local_setup_util_ps1.py'
[18.628s] INFO:colcon.colcon_core.shell:Creating prefix chain script '/home/kkk/workspace/ros_ur_driver/install/setup.ps1'
[18.631s] INFO:colcon.colcon_core.shell:Creating prefix script '/home/kkk/workspace/ros_ur_driver/install/local_setup.sh'
[18.632s] INFO:colcon.colcon_core.shell:Creating prefix util module '/home/kkk/workspace/ros_ur_driver/install/_local_setup_util_sh.py'
[18.632s] INFO:colcon.colcon_core.shell:Creating prefix chain script '/home/kkk/workspace/ros_ur_driver/install/setup.sh'
[18.634s] INFO:colcon.colcon_core.shell:Creating prefix script '/home/kkk/workspace/ros_ur_driver/install/local_setup.bash'
[18.635s] INFO:colcon.colcon_core.shell:Creating prefix chain script '/home/kkk/workspace/ros_ur_driver/install/setup.bash'
[18.637s] INFO:colcon.colcon_core.shell:Creating prefix script '/home/kkk/workspace/ros_ur_driver/install/local_setup.zsh'
[18.638s] INFO:colcon.colcon_core.shell:Creating prefix chain script '/home/kkk/workspace/ros_ur_driver/install/setup.zsh'
