[0.019s] Invoking command in '/home/kkk/workspace/ros_ur_driver/build/ur_bringup': AMENT_PREFIX_PATH=/home/kkk/workspace/ros_ur_driver/install/ur_controllers:/home/kkk/workspace/ros_ur_driver/install/ur_dashboard_msgs:${AMENT_PREFIX_PATH} CMAKE_PREFIX_PATH=/home/kkk/workspace/ros_ur_driver/install/ur_controllers:/home/kkk/workspace/ros_ur_driver/install/ur_dashboard_msgs:/opt/ros/galactic LD_LIBRARY_PATH=/home/kkk/workspace/ros_ur_driver/install/ur_controllers/lib:/home/kkk/workspace/ros_ur_driver/install/ur_dashboard_msgs/lib:${LD_LIBRARY_PATH} PYTHONPATH=/home/kkk/workspace/ros_ur_driver/install/ur_dashboard_msgs/lib/python3.8/site-packages:${PYTHONPATH} /usr/bin/cmake /home/kkk/workspace/ros_ur_driver/src/Universal_Robots_ROS2_Driver/ur_bringup -DCMAKE_BUILD_TYPE=Release -DCMAKE_INSTALL_PREFIX=/home/kkk/workspace/ros_ur_driver/install/ur_bringup
[0.084s] -- The C compiler identification is GNU 9.4.0
[0.144s] -- The CXX compiler identification is GNU 9.4.0
[0.148s] -- Check for working C compiler: /usr/bin/cc
[0.241s] -- Check for working C compiler: /usr/bin/cc -- works
[0.242s] -- Detecting C compiler ABI info
[0.337s] -- Detecting C compiler ABI info - done
[0.354s] -- Detecting C compile features
[0.354s] -- Detecting C compile features - done
[0.357s] -- Check for working CXX compiler: /usr/bin/c++
[0.444s] -- Check for working CXX compiler: /usr/bin/c++ -- works
[0.447s] -- Detecting CXX compiler ABI info
[0.550s] -- Detecting CXX compiler ABI info - done
[0.560s] -- Detecting CXX compile features
[0.560s] -- Detecting CXX compile features - done
[0.562s] -- Found ament_cmake: 1.1.6 (/opt/ros/galactic/share/ament_cmake/cmake)
[0.591s] -- Found PythonInterp: /usr/bin/python3 (found suitable version "3.8.10", minimum required is "3") 
[0.591s] -- Using PYTHON_EXECUTABLE: /usr/bin/python3
[0.725s] -- Configuring done
[0.727s] -- Generating done
[0.727s] -- Build files have been written to: /home/kkk/workspace/ros_ur_driver/build/ur_bringup
[0.730s] Invoked command in '/home/kkk/workspace/ros_ur_driver/build/ur_bringup' returned '0': AMENT_PREFIX_PATH=/home/kkk/workspace/ros_ur_driver/install/ur_controllers:/home/kkk/workspace/ros_ur_driver/install/ur_dashboard_msgs:${AMENT_PREFIX_PATH} CMAKE_PREFIX_PATH=/home/kkk/workspace/ros_ur_driver/install/ur_controllers:/home/kkk/workspace/ros_ur_driver/install/ur_dashboard_msgs:/opt/ros/galactic LD_LIBRARY_PATH=/home/kkk/workspace/ros_ur_driver/install/ur_controllers/lib:/home/kkk/workspace/ros_ur_driver/install/ur_dashboard_msgs/lib:${LD_LIBRARY_PATH} PYTHONPATH=/home/kkk/workspace/ros_ur_driver/install/ur_dashboard_msgs/lib/python3.8/site-packages:${PYTHONPATH} /usr/bin/cmake /home/kkk/workspace/ros_ur_driver/src/Universal_Robots_ROS2_Driver/ur_bringup -DCMAKE_BUILD_TYPE=Release -DCMAKE_INSTALL_PREFIX=/home/kkk/workspace/ros_ur_driver/install/ur_bringup
[0.734s] Invoking command in '/home/kkk/workspace/ros_ur_driver/build/ur_bringup': AMENT_PREFIX_PATH=/home/kkk/workspace/ros_ur_driver/install/ur_controllers:/home/kkk/workspace/ros_ur_driver/install/ur_dashboard_msgs:${AMENT_PREFIX_PATH} CMAKE_PREFIX_PATH=/home/kkk/workspace/ros_ur_driver/install/ur_controllers:/home/kkk/workspace/ros_ur_driver/install/ur_dashboard_msgs:/opt/ros/galactic LD_LIBRARY_PATH=/home/kkk/workspace/ros_ur_driver/install/ur_controllers/lib:/home/kkk/workspace/ros_ur_driver/install/ur_dashboard_msgs/lib:${LD_LIBRARY_PATH} PYTHONPATH=/home/kkk/workspace/ros_ur_driver/install/ur_dashboard_msgs/lib/python3.8/site-packages:${PYTHONPATH} /usr/bin/cmake --build /home/kkk/workspace/ros_ur_driver/build/ur_bringup -- -j8 -l8
[0.789s] Invoked command in '/home/kkk/workspace/ros_ur_driver/build/ur_bringup' returned '0': AMENT_PREFIX_PATH=/home/kkk/workspace/ros_ur_driver/install/ur_controllers:/home/kkk/workspace/ros_ur_driver/install/ur_dashboard_msgs:${AMENT_PREFIX_PATH} CMAKE_PREFIX_PATH=/home/kkk/workspace/ros_ur_driver/install/ur_controllers:/home/kkk/workspace/ros_ur_driver/install/ur_dashboard_msgs:/opt/ros/galactic LD_LIBRARY_PATH=/home/kkk/workspace/ros_ur_driver/install/ur_controllers/lib:/home/kkk/workspace/ros_ur_driver/install/ur_dashboard_msgs/lib:${LD_LIBRARY_PATH} PYTHONPATH=/home/kkk/workspace/ros_ur_driver/install/ur_dashboard_msgs/lib/python3.8/site-packages:${PYTHONPATH} /usr/bin/cmake --build /home/kkk/workspace/ros_ur_driver/build/ur_bringup -- -j8 -l8
[0.822s] Invoking command in '/home/kkk/workspace/ros_ur_driver/build/ur_bringup': AMENT_PREFIX_PATH=/home/kkk/workspace/ros_ur_driver/install/ur_controllers:/home/kkk/workspace/ros_ur_driver/install/ur_dashboard_msgs:${AMENT_PREFIX_PATH} CMAKE_PREFIX_PATH=/home/kkk/workspace/ros_ur_driver/install/ur_controllers:/home/kkk/workspace/ros_ur_driver/install/ur_dashboard_msgs:/opt/ros/galactic LD_LIBRARY_PATH=/home/kkk/workspace/ros_ur_driver/install/ur_controllers/lib:/home/kkk/workspace/ros_ur_driver/install/ur_dashboard_msgs/lib:${LD_LIBRARY_PATH} PYTHONPATH=/home/kkk/workspace/ros_ur_driver/install/ur_dashboard_msgs/lib/python3.8/site-packages:${PYTHONPATH} /usr/bin/cmake --install /home/kkk/workspace/ros_ur_driver/build/ur_bringup
[0.833s] -- Install configuration: "Release"
[0.833s] -- Installing: /home/kkk/workspace/ros_ur_driver/install/ur_bringup/share/ur_bringup/config
[0.833s] -- Installing: /home/kkk/workspace/ros_ur_driver/install/ur_bringup/share/ur_bringup/config/ur3_update_rate.yaml
[0.833s] -- Installing: /home/kkk/workspace/ros_ur_driver/install/ur_bringup/share/ur_bringup/config/test_goal_publishers_config.yaml
[0.833s] -- Installing: /home/kkk/workspace/ros_ur_driver/install/ur_bringup/share/ur_bringup/config/ur10e_update_rate.yaml
[0.834s] -- Installing: /home/kkk/workspace/ros_ur_driver/install/ur_bringup/share/ur_bringup/config/test_velocity_goal_publishers_config.yaml
[0.834s] -- Installing: /home/kkk/workspace/ros_ur_driver/install/ur_bringup/share/ur_bringup/config/ur3e_update_rate.yaml
[0.834s] -- Installing: /home/kkk/workspace/ros_ur_driver/install/ur_bringup/share/ur_bringup/config/ur_controllers.yaml
[0.835s] -- Installing: /home/kkk/workspace/ros_ur_driver/install/ur_bringup/share/ur_bringup/config/ur16e_update_rate.yaml
[0.835s] -- Installing: /home/kkk/workspace/ros_ur_driver/install/ur_bringup/share/ur_bringup/config/ur5e_update_rate.yaml
[0.835s] -- Installing: /home/kkk/workspace/ros_ur_driver/install/ur_bringup/share/ur_bringup/config/ur10_update_rate.yaml
[0.835s] -- Installing: /home/kkk/workspace/ros_ur_driver/install/ur_bringup/share/ur_bringup/config/ur5_update_rate.yaml
[0.835s] -- Installing: /home/kkk/workspace/ros_ur_driver/install/ur_bringup/share/ur_bringup/launch
[0.835s] -- Installing: /home/kkk/workspace/ros_ur_driver/install/ur_bringup/share/ur_bringup/launch/test_scaled_joint_trajectory_controller.launch.py
[0.835s] -- Installing: /home/kkk/workspace/ros_ur_driver/install/ur_bringup/share/ur_bringup/launch/ur10.launch.py
[0.836s] -- Installing: /home/kkk/workspace/ros_ur_driver/install/ur_bringup/share/ur_bringup/launch/ur10e.launch.py
[0.836s] -- Installing: /home/kkk/workspace/ros_ur_driver/install/ur_bringup/share/ur_bringup/launch/ur3.launch.py
[0.836s] -- Installing: /home/kkk/workspace/ros_ur_driver/install/ur_bringup/share/ur_bringup/launch/ur16e.launch.py
[0.836s] -- Installing: /home/kkk/workspace/ros_ur_driver/install/ur_bringup/share/ur_bringup/launch/ur_control.launch.py
[0.836s] -- Installing: /home/kkk/workspace/ros_ur_driver/install/ur_bringup/share/ur_bringup/launch/ur_dashboard_client.launch.py
[0.836s] -- Installing: /home/kkk/workspace/ros_ur_driver/install/ur_bringup/share/ur_bringup/launch/ur3e.launch.py
[0.836s] -- Installing: /home/kkk/workspace/ros_ur_driver/install/ur_bringup/share/ur_bringup/launch/test_joint_trajectory_controller.launch.py
[0.837s] -- Installing: /home/kkk/workspace/ros_ur_driver/install/ur_bringup/share/ur_bringup/launch/test_forward_velocity_controller.launch.py
[0.837s] -- Installing: /home/kkk/workspace/ros_ur_driver/install/ur_bringup/share/ur_bringup/launch/ur5.launch.py
[0.837s] -- Installing: /home/kkk/workspace/ros_ur_driver/install/ur_bringup/share/ur_bringup/launch/ur5e.launch.py
[0.837s] -- Installing: /home/kkk/workspace/ros_ur_driver/install/ur_bringup/lib/ur_bringup/start_ursim.sh
[0.837s] -- Installing: /home/kkk/workspace/ros_ur_driver/install/ur_bringup/share/ament_index/resource_index/package_run_dependencies/ur_bringup
[0.837s] -- Installing: /home/kkk/workspace/ros_ur_driver/install/ur_bringup/share/ament_index/resource_index/parent_prefix_path/ur_bringup
[0.837s] -- Installing: /home/kkk/workspace/ros_ur_driver/install/ur_bringup/share/ur_bringup/environment/ament_prefix_path.sh
[0.837s] -- Installing: /home/kkk/workspace/ros_ur_driver/install/ur_bringup/share/ur_bringup/environment/ament_prefix_path.dsv
[0.838s] -- Installing: /home/kkk/workspace/ros_ur_driver/install/ur_bringup/share/ur_bringup/environment/path.sh
[0.838s] -- Installing: /home/kkk/workspace/ros_ur_driver/install/ur_bringup/share/ur_bringup/environment/path.dsv
[0.838s] -- Installing: /home/kkk/workspace/ros_ur_driver/install/ur_bringup/share/ur_bringup/local_setup.bash
[0.838s] -- Installing: /home/kkk/workspace/ros_ur_driver/install/ur_bringup/share/ur_bringup/local_setup.sh
[0.838s] -- Installing: /home/kkk/workspace/ros_ur_driver/install/ur_bringup/share/ur_bringup/local_setup.zsh
[0.838s] -- Installing: /home/kkk/workspace/ros_ur_driver/install/ur_bringup/share/ur_bringup/local_setup.dsv
[0.839s] -- Installing: /home/kkk/workspace/ros_ur_driver/install/ur_bringup/share/ur_bringup/package.dsv
[0.839s] -- Installing: /home/kkk/workspace/ros_ur_driver/install/ur_bringup/share/ament_index/resource_index/packages/ur_bringup
[0.839s] -- Installing: /home/kkk/workspace/ros_ur_driver/install/ur_bringup/share/ur_bringup/cmake/ur_bringupConfig.cmake
[0.839s] -- Installing: /home/kkk/workspace/ros_ur_driver/install/ur_bringup/share/ur_bringup/cmake/ur_bringupConfig-version.cmake
[0.839s] -- Installing: /home/kkk/workspace/ros_ur_driver/install/ur_bringup/share/ur_bringup/package.xml
[0.844s] Invoked command in '/home/kkk/workspace/ros_ur_driver/build/ur_bringup' returned '0': AMENT_PREFIX_PATH=/home/kkk/workspace/ros_ur_driver/install/ur_controllers:/home/kkk/workspace/ros_ur_driver/install/ur_dashboard_msgs:${AMENT_PREFIX_PATH} CMAKE_PREFIX_PATH=/home/kkk/workspace/ros_ur_driver/install/ur_controllers:/home/kkk/workspace/ros_ur_driver/install/ur_dashboard_msgs:/opt/ros/galactic LD_LIBRARY_PATH=/home/kkk/workspace/ros_ur_driver/install/ur_controllers/lib:/home/kkk/workspace/ros_ur_driver/install/ur_dashboard_msgs/lib:${LD_LIBRARY_PATH} PYTHONPATH=/home/kkk/workspace/ros_ur_driver/install/ur_dashboard_msgs/lib/python3.8/site-packages:${PYTHONPATH} /usr/bin/cmake --install /home/kkk/workspace/ros_ur_driver/build/ur_bringup
