[0.249s] Invoking command in '/home/kkk/total_care_project/build/communication_interface': CMAKE_PREFIX_PATH=${CMAKE_PREFIX_PATH}:/home/kkk/total_care_project/install/robot_base:/home/kkk/ros2_humble/install/rqt_bag_plugins:/home/kkk/ros2_humble/install/rqt_bag:/home/kkk/ros2_humble/install/ros2bag:/home/kkk/ros2_humble/install/tracetools_test:/home/kkk/ros2_humble/install/tracetools_launch:/home/kkk/ros2_humble/install/topic_monitor:/home/kkk/ros2_humble/install/tf2_tools:/home/kkk/ros2_humble/install/examples_tf2_py:/home/kkk/ros2_humble/install/tf2_ros_py:/home/kkk/ros2_humble/install/sros2:/home/kkk/ros2_humble/install/rqt_topic:/home/kkk/ros2_humble/install/rqt_srv:/home/kkk/ros2_humble/install/rqt_shell:/home/kkk/ros2_humble/install/rqt_service_caller:/home/kkk/ros2_humble/install/rqt_reconfigure:/home/kkk/ros2_humble/install/rqt_py_console:/home/kkk/ros2_humble/install/rqt_publisher:/home/kkk/ros2_humble/install/rqt_plot:/home/kkk/ros2_humble/install/rqt_action:/home/kkk/ros2_humble/install/rqt_msg:/home/kkk/ros2_humble/install/rqt_console:/home/kkk/ros2_humble/install/rqt:/home/kkk/ros2_humble/install/rqt_graph:/home/kkk/ros2_humble/install/rqt_gui_py:/home/kkk/ros2_humble/install/rqt_gui:/home/kkk/ros2_humble/install/ros2trace:/home/kkk/ros2_humble/install/ros2topic:/home/kkk/ros2_humble/install/ros2test:/home/kkk/ros2_humble/install/ros2component:/home/kkk/ros2_humble/install/ros2param:/home/kkk/ros2_humble/install/ros2lifecycle:/home/kkk/ros2_humble/install/ros2service:/home/kkk/ros2_humble/install/ros2run:/home/kkk/ros2_humble/install/ros2launch:/home/kkk/ros2_humble/install/ros2pkg:/home/kkk/ros2_humble/install/ros2node:/home/kkk/ros2_humble/install/ros2multicast:/home/kkk/ros2_humble/install/ros2interface:/home/kkk/ros2_humble/install/ros2doctor:/home/kkk/ros2_humble/install/ros2action:/home/kkk/ros2_humble/install/ros2cli:/home/kkk/ros2_humble/install/quality_of_service_demo_py:/home/kkk/ros2_humble/install/lifecycle_py:/home/kkk/ros2_humble/install/launch_testing_ros:/home/kkk/ros2_humble/install/launch_ros:/home/kkk/ros2_humble/install/examples_rclpy_pointcloud_publisher:/home/kkk/ros2_humble/install/examples_rclpy_minimal_subscriber:/home/kkk/ros2_humble/install/examples_rclpy_minimal_service:/home/kkk/ros2_humble/install/examples_rclpy_minimal_publisher:/home/kkk/ros2_humble/install/examples_rclpy_minimal_client:/home/kkk/ros2_humble/install/examples_rclpy_minimal_action_server:/home/kkk/ros2_humble/install/examples_rclpy_minimal_action_client:/home/kkk/ros2_humble/install/examples_rclpy_guard_conditions:/home/kkk/ros2_humble/install/examples_rclpy_executors:/home/kkk/ros2_humble/install/demo_nodes_py:/home/kkk/ros2_humble/install/action_tutorials_py:/home/kkk/ros2_humble/install/ament_uncrustify:/home/kkk/ros2_humble/install/tracetools_trace:/home/kkk/ros2_humble/install/tracetools_read:/home/kkk/ros2_humble/install/test_tracetools_launch:/home/kkk/ros2_humble/install/test_launch_ros:/home/kkk/ros2_humble/install/sensor_msgs_py:/home/kkk/ros2_humble/install/rpyutils:/home/kkk/ros2_humble/install/rosidl_runtime_py:/home/kkk/ros2_humble/install/rosidl_cli:/home/kkk/ros2_humble/install/launch_pytest:/home/kkk/ros2_humble/install/launch_testing:/home/kkk/ros2_humble/install/launch_yaml:/home/kkk/ros2_humble/install/launch_xml:/home/kkk/ros2_humble/install/launch:/home/kkk/ros2_humble/install/osrf_pycommon:/home/kkk/ros2_humble/install/launch_testing_examples:/home/kkk/ros2_humble/install/domain_coordinator:/home/kkk/ros2_humble/install/ament_xmllint:/home/kkk/ros2_humble/install/ament_pyflakes:/home/kkk/ros2_humble/install/ament_pycodestyle:/home/kkk/ros2_humble/install/ament_pep257:/home/kkk/ros2_humble/install/ament_pclint:/home/kkk/ros2_humble/install/ament_package:/home/kkk/ros2_humble/install/ament_mypy:/home/kkk/ros2_humble/install/ament_lint_cmake:/home/kkk/ros2_humble/install/ament_flake8:/home/kkk/ros2_humble/install/ament_copyright:/home/kkk/ros2_humble/install/ament_lint:/home/kkk/ros2_humble/install/ament_index_python:/home/kkk/ros2_humble/install/ament_cpplint:/home/kkk/ros2_humble/install/ament_cppcheck:/home/kkk/ros2_humble/install/ament_clang_tidy:/home/kkk/ros2_humble/install/ament_clang_format /usr/local/bin/cmake --build /home/kkk/total_care_project/build/communication_interface -- -j8 -l8
[0.291s] -- Found ament_cmake: 1.3.5 (/home/kkk/ros2_humble/install/ament_cmake/share/ament_cmake/cmake)
[1.632s] -- Override CMake install command with custom implementation using symlinks instead of copying resources
[1.648s] -- Found builtin_interfaces: 1.2.1 (/home/kkk/ros2_humble/install/builtin_interfaces/share/builtin_interfaces/cmake)
[1.684s] -- Found rosidl_generator_c: 3.1.5 (/home/kkk/ros2_humble/install/rosidl_generator_c/share/rosidl_generator_c/cmake)
[1.686s] -- Found rosidl_adapter: 3.1.5 (/home/kkk/ros2_humble/install/rosidl_adapter/share/rosidl_adapter/cmake)
[1.695s] -- Found rosidl_generator_cpp: 3.1.5 (/home/kkk/ros2_humble/install/rosidl_generator_cpp/share/rosidl_generator_cpp/cmake)
[1.729s] -- Using all available rosidl_typesupport_c: rosidl_typesupport_introspection_c;rosidl_typesupport_fastrtps_c
[1.768s] -- Using all available rosidl_typesupport_cpp: rosidl_typesupport_introspection_cpp;rosidl_typesupport_fastrtps_cpp
[1.811s] -- Found rosidl_default_generators: 1.2.0 (/home/kkk/ros2_humble/install/rosidl_default_generators/share/rosidl_default_generators/cmake)
[3.625s] -- Found ament_cmake_ros: 0.10.0 (/home/kkk/ros2_humble/install/ament_cmake_ros/share/ament_cmake_ros/cmake)
[5.669s] -- Using all available rosidl_typesupport_c: rosidl_typesupport_introspection_c;rosidl_typesupport_fastrtps_c
[6.507s] -- Using all available rosidl_typesupport_cpp: rosidl_typesupport_introspection_cpp;rosidl_typesupport_fastrtps_cpp
[6.895s] -- Found python_cmake_module: 0.10.0 (/home/kkk/ros2_humble/install/python_cmake_module/share/python_cmake_module/cmake)
[7.290s] -- Using PYTHON_EXECUTABLE: /usr/bin/python3
[7.290s] -- Using PYTHON_INCLUDE_DIRS: /usr/include/python3.8
[7.290s] -- Using PYTHON_LIBRARIES: /usr/lib/x86_64-linux-gnu/libpython3.8.so
[7.600s] -- Found ament_lint_auto: 0.12.7 (/home/kkk/ros2_humble/install/ament_lint_auto/share/ament_lint_auto/cmake)
[7.609s] -- Added test 'lint_cmake' to check CMake code style
[7.610s] -- Added test 'xmllint' to check XML markup files
[7.612s] -- Configuring done
[7.641s] -- Generating done
[7.645s] -- Build files have been written to: /home/kkk/total_care_project/build/communication_interface
[7.680s] [  3%] [34m[1mGenerating C code for ROS interfaces[0m
[7.699s] [  3%] Built target ament_cmake_python_symlink_communication_interface
[7.700s] [  6%] [34m[1mGenerating C++ code for ROS interfaces[0m
[8.423s] [  6%] Built target communication_interface__cpp
[8.425s] [  9%] [32mBuilding C object CMakeFiles/communication_interface__rosidl_generator_c.dir/rosidl_generator_c/communication_interface/srv/detail/action__functions.c.o[0m
[8.434s] [ 12%] [34m[1mGenerating C++ introspection for ROS interfaces[0m
[8.439s] [ 19%] [34m[1mGenerating C++ type support for eProsima Fast-RTPS[0m
[8.439s] [ 19%] [34m[1mGenerating C++ type support dispatch for ROS interfaces[0m
[8.463s] running egg_info
[8.464s] writing communication_interface.egg-info/PKG-INFO
[8.465s] writing dependency_links to communication_interface.egg-info/dependency_links.txt
[8.465s] writing top-level names to communication_interface.egg-info/top_level.txt
[8.503s] [ 22%] [32m[1mLinking C shared library libcommunication_interface__rosidl_generator_c.so[0m
[8.537s] reading manifest file 'communication_interface.egg-info/SOURCES.txt'
[8.538s] writing manifest file 'communication_interface.egg-info/SOURCES.txt'
[8.549s] [ 22%] Built target communication_interface__rosidl_generator_c
[8.564s] [ 25%] [34m[1mGenerating C type support dispatch for ROS interfaces[0m
[8.565s] [ 29%] [34m[1mGenerating C introspection for ROS interfaces[0m
[8.569s] [ 32%] [34m[1mGenerating C type support for eProsima Fast-RTPS[0m
[8.591s] [ 32%] Built target ament_cmake_python_build_communication_interface_egg
[9.211s] [ 35%] [32mBuilding CXX object CMakeFiles/communication_interface__rosidl_typesupport_introspection_cpp.dir/rosidl_typesupport_introspection_cpp/communication_interface/srv/detail/action__type_support.cpp.o[0m
[9.228s] [ 38%] [32mBuilding CXX object CMakeFiles/communication_interface__rosidl_typesupport_cpp.dir/rosidl_typesupport_cpp/communication_interface/srv/action__type_support.cpp.o[0m
[9.541s] [ 41%] [32m[1mLinking CXX shared library libcommunication_interface__rosidl_typesupport_cpp.so[0m
[9.593s] [ 41%] Built target communication_interface__rosidl_typesupport_cpp
[9.603s] [ 45%] [32mBuilding CXX object CMakeFiles/communication_interface__rosidl_typesupport_fastrtps_cpp.dir/rosidl_typesupport_fastrtps_cpp/communication_interface/srv/detail/dds_fastrtps/action__type_support.cpp.o[0m
[9.695s] [ 48%] [32m[1mLinking CXX shared library libcommunication_interface__rosidl_typesupport_introspection_cpp.so[0m
[9.734s] [ 51%] [32mBuilding CXX object CMakeFiles/communication_interface__rosidl_typesupport_fastrtps_c.dir/rosidl_typesupport_fastrtps_c/communication_interface/srv/detail/action__type_support_c.cpp.o[0m
[9.788s] [ 51%] Built target communication_interface__rosidl_typesupport_introspection_cpp
[9.794s] [ 54%] [32mBuilding CXX object CMakeFiles/communication_interface__rosidl_typesupport_c.dir/rosidl_typesupport_c/communication_interface/srv/action__type_support.cpp.o[0m
[9.818s] [ 58%] [32mBuilding C object CMakeFiles/communication_interface__rosidl_typesupport_introspection_c.dir/rosidl_typesupport_introspection_c/communication_interface/srv/detail/action__type_support.c.o[0m
[9.834s] [ 61%] [32m[1mLinking CXX shared library libcommunication_interface__rosidl_typesupport_c.so[0m
[9.869s] [ 64%] [32m[1mLinking C shared library libcommunication_interface__rosidl_typesupport_introspection_c.so[0m
[9.884s] [ 64%] Built target communication_interface__rosidl_typesupport_c
[9.904s] [ 64%] Built target communication_interface__rosidl_typesupport_introspection_c
[10.055s] [ 67%] [32m[1mLinking CXX shared library libcommunication_interface__rosidl_typesupport_fastrtps_cpp.so[0m
[10.101s] [ 70%] [32m[1mLinking CXX shared library libcommunication_interface__rosidl_typesupport_fastrtps_c.so[0m
[10.160s] [ 70%] Built target communication_interface__rosidl_typesupport_fastrtps_cpp
[10.208s] [ 70%] Built target communication_interface__rosidl_typesupport_fastrtps_c
[10.251s] [ 70%] Built target communication_interface
[10.289s] [ 74%] [34m[1mGenerating Python code for ROS interfaces[0m
[11.044s] [ 74%] Built target communication_interface__py
[11.085s] [ 77%] [32mBuilding C object CMakeFiles/communication_interface__rosidl_generator_py.dir/rosidl_generator_py/communication_interface/srv/_action_s.c.o[0m
[11.209s] [ 80%] [32m[1mLinking C shared library rosidl_generator_py/communication_interface/libcommunication_interface__rosidl_generator_py.so[0m
[11.271s] [ 80%] Built target communication_interface__rosidl_generator_py
[11.300s] [ 87%] [32mBuilding C object CMakeFiles/communication_interface__rosidl_typesupport_fastrtps_c__pyext.dir/rosidl_generator_py/communication_interface/_communication_interface_s.ep.rosidl_typesupport_fastrtps_c.c.o[0m
[11.300s] [ 87%] [32mBuilding C object CMakeFiles/communication_interface__rosidl_typesupport_c__pyext.dir/rosidl_generator_py/communication_interface/_communication_interface_s.ep.rosidl_typesupport_c.c.o[0m
[11.304s] [ 90%] [32mBuilding C object CMakeFiles/communication_interface__rosidl_typesupport_introspection_c__pyext.dir/rosidl_generator_py/communication_interface/_communication_interface_s.ep.rosidl_typesupport_introspection_c.c.o[0m
[11.400s] [ 93%] [32m[1mLinking C shared library rosidl_generator_py/communication_interface/communication_interface_s__rosidl_typesupport_fastrtps_c.cpython-38-x86_64-linux-gnu.so[0m
[11.401s] [ 96%] [32m[1mLinking C shared library rosidl_generator_py/communication_interface/communication_interface_s__rosidl_typesupport_c.cpython-38-x86_64-linux-gnu.so[0m
[11.414s] [100%] [32m[1mLinking C shared library rosidl_generator_py/communication_interface/communication_interface_s__rosidl_typesupport_introspection_c.cpython-38-x86_64-linux-gnu.so[0m
[11.440s] [100%] Built target communication_interface__rosidl_typesupport_fastrtps_c__pyext
[11.443s] [100%] Built target communication_interface__rosidl_typesupport_c__pyext
[11.454s] [100%] Built target communication_interface__rosidl_typesupport_introspection_c__pyext
[11.466s] Invoked command in '/home/kkk/total_care_project/build/communication_interface' returned '0': CMAKE_PREFIX_PATH=${CMAKE_PREFIX_PATH}:/home/kkk/total_care_project/install/robot_base:/home/kkk/ros2_humble/install/rqt_bag_plugins:/home/kkk/ros2_humble/install/rqt_bag:/home/kkk/ros2_humble/install/ros2bag:/home/kkk/ros2_humble/install/tracetools_test:/home/kkk/ros2_humble/install/tracetools_launch:/home/kkk/ros2_humble/install/topic_monitor:/home/kkk/ros2_humble/install/tf2_tools:/home/kkk/ros2_humble/install/examples_tf2_py:/home/kkk/ros2_humble/install/tf2_ros_py:/home/kkk/ros2_humble/install/sros2:/home/kkk/ros2_humble/install/rqt_topic:/home/kkk/ros2_humble/install/rqt_srv:/home/kkk/ros2_humble/install/rqt_shell:/home/kkk/ros2_humble/install/rqt_service_caller:/home/kkk/ros2_humble/install/rqt_reconfigure:/home/kkk/ros2_humble/install/rqt_py_console:/home/kkk/ros2_humble/install/rqt_publisher:/home/kkk/ros2_humble/install/rqt_plot:/home/kkk/ros2_humble/install/rqt_action:/home/kkk/ros2_humble/install/rqt_msg:/home/kkk/ros2_humble/install/rqt_console:/home/kkk/ros2_humble/install/rqt:/home/kkk/ros2_humble/install/rqt_graph:/home/kkk/ros2_humble/install/rqt_gui_py:/home/kkk/ros2_humble/install/rqt_gui:/home/kkk/ros2_humble/install/ros2trace:/home/kkk/ros2_humble/install/ros2topic:/home/kkk/ros2_humble/install/ros2test:/home/kkk/ros2_humble/install/ros2component:/home/kkk/ros2_humble/install/ros2param:/home/kkk/ros2_humble/install/ros2lifecycle:/home/kkk/ros2_humble/install/ros2service:/home/kkk/ros2_humble/install/ros2run:/home/kkk/ros2_humble/install/ros2launch:/home/kkk/ros2_humble/install/ros2pkg:/home/kkk/ros2_humble/install/ros2node:/home/kkk/ros2_humble/install/ros2multicast:/home/kkk/ros2_humble/install/ros2interface:/home/kkk/ros2_humble/install/ros2doctor:/home/kkk/ros2_humble/install/ros2action:/home/kkk/ros2_humble/install/ros2cli:/home/kkk/ros2_humble/install/quality_of_service_demo_py:/home/kkk/ros2_humble/install/lifecycle_py:/home/kkk/ros2_humble/install/launch_testing_ros:/home/kkk/ros2_humble/install/launch_ros:/home/kkk/ros2_humble/install/examples_rclpy_pointcloud_publisher:/home/kkk/ros2_humble/install/examples_rclpy_minimal_subscriber:/home/kkk/ros2_humble/install/examples_rclpy_minimal_service:/home/kkk/ros2_humble/install/examples_rclpy_minimal_publisher:/home/kkk/ros2_humble/install/examples_rclpy_minimal_client:/home/kkk/ros2_humble/install/examples_rclpy_minimal_action_server:/home/kkk/ros2_humble/install/examples_rclpy_minimal_action_client:/home/kkk/ros2_humble/install/examples_rclpy_guard_conditions:/home/kkk/ros2_humble/install/examples_rclpy_executors:/home/kkk/ros2_humble/install/demo_nodes_py:/home/kkk/ros2_humble/install/action_tutorials_py:/home/kkk/ros2_humble/install/ament_uncrustify:/home/kkk/ros2_humble/install/tracetools_trace:/home/kkk/ros2_humble/install/tracetools_read:/home/kkk/ros2_humble/install/test_tracetools_launch:/home/kkk/ros2_humble/install/test_launch_ros:/home/kkk/ros2_humble/install/sensor_msgs_py:/home/kkk/ros2_humble/install/rpyutils:/home/kkk/ros2_humble/install/rosidl_runtime_py:/home/kkk/ros2_humble/install/rosidl_cli:/home/kkk/ros2_humble/install/launch_pytest:/home/kkk/ros2_humble/install/launch_testing:/home/kkk/ros2_humble/install/launch_yaml:/home/kkk/ros2_humble/install/launch_xml:/home/kkk/ros2_humble/install/launch:/home/kkk/ros2_humble/install/osrf_pycommon:/home/kkk/ros2_humble/install/launch_testing_examples:/home/kkk/ros2_humble/install/domain_coordinator:/home/kkk/ros2_humble/install/ament_xmllint:/home/kkk/ros2_humble/install/ament_pyflakes:/home/kkk/ros2_humble/install/ament_pycodestyle:/home/kkk/ros2_humble/install/ament_pep257:/home/kkk/ros2_humble/install/ament_pclint:/home/kkk/ros2_humble/install/ament_package:/home/kkk/ros2_humble/install/ament_mypy:/home/kkk/ros2_humble/install/ament_lint_cmake:/home/kkk/ros2_humble/install/ament_flake8:/home/kkk/ros2_humble/install/ament_copyright:/home/kkk/ros2_humble/install/ament_lint:/home/kkk/ros2_humble/install/ament_index_python:/home/kkk/ros2_humble/install/ament_cpplint:/home/kkk/ros2_humble/install/ament_cppcheck:/home/kkk/ros2_humble/install/ament_clang_tidy:/home/kkk/ros2_humble/install/ament_clang_format /usr/local/bin/cmake --build /home/kkk/total_care_project/build/communication_interface -- -j8 -l8
[11.668s] Invoking command in '/home/kkk/total_care_project/build/communication_interface': CMAKE_PREFIX_PATH=${CMAKE_PREFIX_PATH}:/home/kkk/total_care_project/install/robot_base:/home/kkk/ros2_humble/install/rqt_bag_plugins:/home/kkk/ros2_humble/install/rqt_bag:/home/kkk/ros2_humble/install/ros2bag:/home/kkk/ros2_humble/install/tracetools_test:/home/kkk/ros2_humble/install/tracetools_launch:/home/kkk/ros2_humble/install/topic_monitor:/home/kkk/ros2_humble/install/tf2_tools:/home/kkk/ros2_humble/install/examples_tf2_py:/home/kkk/ros2_humble/install/tf2_ros_py:/home/kkk/ros2_humble/install/sros2:/home/kkk/ros2_humble/install/rqt_topic:/home/kkk/ros2_humble/install/rqt_srv:/home/kkk/ros2_humble/install/rqt_shell:/home/kkk/ros2_humble/install/rqt_service_caller:/home/kkk/ros2_humble/install/rqt_reconfigure:/home/kkk/ros2_humble/install/rqt_py_console:/home/kkk/ros2_humble/install/rqt_publisher:/home/kkk/ros2_humble/install/rqt_plot:/home/kkk/ros2_humble/install/rqt_action:/home/kkk/ros2_humble/install/rqt_msg:/home/kkk/ros2_humble/install/rqt_console:/home/kkk/ros2_humble/install/rqt:/home/kkk/ros2_humble/install/rqt_graph:/home/kkk/ros2_humble/install/rqt_gui_py:/home/kkk/ros2_humble/install/rqt_gui:/home/kkk/ros2_humble/install/ros2trace:/home/kkk/ros2_humble/install/ros2topic:/home/kkk/ros2_humble/install/ros2test:/home/kkk/ros2_humble/install/ros2component:/home/kkk/ros2_humble/install/ros2param:/home/kkk/ros2_humble/install/ros2lifecycle:/home/kkk/ros2_humble/install/ros2service:/home/kkk/ros2_humble/install/ros2run:/home/kkk/ros2_humble/install/ros2launch:/home/kkk/ros2_humble/install/ros2pkg:/home/kkk/ros2_humble/install/ros2node:/home/kkk/ros2_humble/install/ros2multicast:/home/kkk/ros2_humble/install/ros2interface:/home/kkk/ros2_humble/install/ros2doctor:/home/kkk/ros2_humble/install/ros2action:/home/kkk/ros2_humble/install/ros2cli:/home/kkk/ros2_humble/install/quality_of_service_demo_py:/home/kkk/ros2_humble/install/lifecycle_py:/home/kkk/ros2_humble/install/launch_testing_ros:/home/kkk/ros2_humble/install/launch_ros:/home/kkk/ros2_humble/install/examples_rclpy_pointcloud_publisher:/home/kkk/ros2_humble/install/examples_rclpy_minimal_subscriber:/home/kkk/ros2_humble/install/examples_rclpy_minimal_service:/home/kkk/ros2_humble/install/examples_rclpy_minimal_publisher:/home/kkk/ros2_humble/install/examples_rclpy_minimal_client:/home/kkk/ros2_humble/install/examples_rclpy_minimal_action_server:/home/kkk/ros2_humble/install/examples_rclpy_minimal_action_client:/home/kkk/ros2_humble/install/examples_rclpy_guard_conditions:/home/kkk/ros2_humble/install/examples_rclpy_executors:/home/kkk/ros2_humble/install/demo_nodes_py:/home/kkk/ros2_humble/install/action_tutorials_py:/home/kkk/ros2_humble/install/ament_uncrustify:/home/kkk/ros2_humble/install/tracetools_trace:/home/kkk/ros2_humble/install/tracetools_read:/home/kkk/ros2_humble/install/test_tracetools_launch:/home/kkk/ros2_humble/install/test_launch_ros:/home/kkk/ros2_humble/install/sensor_msgs_py:/home/kkk/ros2_humble/install/rpyutils:/home/kkk/ros2_humble/install/rosidl_runtime_py:/home/kkk/ros2_humble/install/rosidl_cli:/home/kkk/ros2_humble/install/launch_pytest:/home/kkk/ros2_humble/install/launch_testing:/home/kkk/ros2_humble/install/launch_yaml:/home/kkk/ros2_humble/install/launch_xml:/home/kkk/ros2_humble/install/launch:/home/kkk/ros2_humble/install/osrf_pycommon:/home/kkk/ros2_humble/install/launch_testing_examples:/home/kkk/ros2_humble/install/domain_coordinator:/home/kkk/ros2_humble/install/ament_xmllint:/home/kkk/ros2_humble/install/ament_pyflakes:/home/kkk/ros2_humble/install/ament_pycodestyle:/home/kkk/ros2_humble/install/ament_pep257:/home/kkk/ros2_humble/install/ament_pclint:/home/kkk/ros2_humble/install/ament_package:/home/kkk/ros2_humble/install/ament_mypy:/home/kkk/ros2_humble/install/ament_lint_cmake:/home/kkk/ros2_humble/install/ament_flake8:/home/kkk/ros2_humble/install/ament_copyright:/home/kkk/ros2_humble/install/ament_lint:/home/kkk/ros2_humble/install/ament_index_python:/home/kkk/ros2_humble/install/ament_cpplint:/home/kkk/ros2_humble/install/ament_cppcheck:/home/kkk/ros2_humble/install/ament_clang_tidy:/home/kkk/ros2_humble/install/ament_clang_format /usr/local/bin/cmake --install /home/kkk/total_care_project/build/communication_interface
[11.676s] -- Install configuration: ""
[11.676s] -- Execute custom install script
[11.676s] -- Symlinking: /home/kkk/total_care_project/install/communication_interface/share/ament_index/resource_index/rosidl_interfaces/communication_interface
[11.688s] -- Symlinking: /home/kkk/total_care_project/install/communication_interface/include/communication_interface/communication_interface/msg/rosidl_generator_c__visibility_control.h
[11.700s] -- Symlinking: /home/kkk/total_care_project/install/communication_interface/include/communication_interface/communication_interface/srv/action.h
[11.709s] -- Symlinking: /home/kkk/total_care_project/install/communication_interface/include/communication_interface/communication_interface/srv/detail/action__functions.h
[11.719s] -- Symlinking: /home/kkk/total_care_project/install/communication_interface/include/communication_interface/communication_interface/srv/detail/action__struct.h
[11.724s] -- Symlinking: /home/kkk/total_care_project/install/communication_interface/include/communication_interface/communication_interface/srv/detail/action__type_support.h
[11.730s] -- Symlinking: /home/kkk/total_care_project/install/communication_interface/share/communication_interface/environment/library_path.sh
[11.735s] -- Symlinking: /home/kkk/total_care_project/install/communication_interface/share/communication_interface/environment/library_path.dsv
[11.747s] -- Symlinking: /home/kkk/total_care_project/install/communication_interface/include/communication_interface/communication_interface/msg/rosidl_typesupport_fastrtps_c__visibility_control.h
[11.753s] -- Symlinking: /home/kkk/total_care_project/install/communication_interface/include/communication_interface/communication_interface/srv/detail/action__rosidl_typesupport_fastrtps_c.h
[11.761s] -- Symlinking: /home/kkk/total_care_project/install/communication_interface/include/communication_interface/communication_interface/srv/action.hpp
[11.767s] -- Symlinking: /home/kkk/total_care_project/install/communication_interface/include/communication_interface/communication_interface/srv/detail/action__builder.hpp
[11.777s] -- Symlinking: /home/kkk/total_care_project/install/communication_interface/include/communication_interface/communication_interface/srv/detail/action__struct.hpp
[11.787s] -- Symlinking: /home/kkk/total_care_project/install/communication_interface/include/communication_interface/communication_interface/srv/detail/action__traits.hpp
[11.798s] -- Symlinking: /home/kkk/total_care_project/install/communication_interface/include/communication_interface/communication_interface/msg/rosidl_typesupport_fastrtps_cpp__visibility_control.h
[11.808s] -- Symlinking: /home/kkk/total_care_project/install/communication_interface/include/communication_interface/communication_interface/srv/detail/action__rosidl_typesupport_fastrtps_cpp.hpp
[11.815s] -- Symlinking: /home/kkk/total_care_project/install/communication_interface/include/communication_interface/communication_interface/msg/rosidl_typesupport_introspection_c__visibility_control.h
[11.820s] -- Symlinking: /home/kkk/total_care_project/install/communication_interface/include/communication_interface/communication_interface/srv/detail/action__rosidl_typesupport_introspection_c.h
[11.826s] -- Symlinking: /home/kkk/total_care_project/install/communication_interface/include/communication_interface/communication_interface/srv/detail/action__rosidl_typesupport_introspection_cpp.hpp
[11.837s] -- Symlinking: /home/kkk/total_care_project/install/communication_interface/share/communication_interface/environment/pythonpath.sh
[11.848s] -- Symlinking: /home/kkk/total_care_project/install/communication_interface/share/communication_interface/environment/pythonpath.dsv
[11.853s] -- Symlinking: /home/kkk/total_care_project/install/communication_interface/lib/python3.8/site-packages/communication_interface-0.0.0-py3.8.egg-info/PKG-INFO
[11.863s] -- Symlinking: /home/kkk/total_care_project/install/communication_interface/lib/python3.8/site-packages/communication_interface-0.0.0-py3.8.egg-info/SOURCES.txt
[11.874s] -- Symlinking: /home/kkk/total_care_project/install/communication_interface/lib/python3.8/site-packages/communication_interface-0.0.0-py3.8.egg-info/dependency_links.txt
[11.879s] -- Symlinking: /home/kkk/total_care_project/install/communication_interface/lib/python3.8/site-packages/communication_interface-0.0.0-py3.8.egg-info/top_level.txt
[11.888s] -- Symlinking: /home/kkk/total_care_project/install/communication_interface/lib/python3.8/site-packages/communication_interface/__init__.py
[11.894s] -- Symlinking: /home/kkk/total_care_project/install/communication_interface/lib/python3.8/site-packages/communication_interface/_communication_interface_s.ep.rosidl_typesupport_c.c
[11.899s] -- Symlinking: /home/kkk/total_care_project/install/communication_interface/lib/python3.8/site-packages/communication_interface/_communication_interface_s.ep.rosidl_typesupport_fastrtps_c.c
[11.905s] -- Symlinking: /home/kkk/total_care_project/install/communication_interface/lib/python3.8/site-packages/communication_interface/_communication_interface_s.ep.rosidl_typesupport_introspection_c.c
[11.910s] -- Symlinking: /home/kkk/total_care_project/install/communication_interface/lib/python3.8/site-packages/communication_interface/communication_interface_s__rosidl_typesupport_c.cpython-38-x86_64-linux-gnu.so
[11.916s] -- Symlinking: /home/kkk/total_care_project/install/communication_interface/lib/python3.8/site-packages/communication_interface/communication_interface_s__rosidl_typesupport_fastrtps_c.cpython-38-x86_64-linux-gnu.so
[11.921s] -- Symlinking: /home/kkk/total_care_project/install/communication_interface/lib/python3.8/site-packages/communication_interface/communication_interface_s__rosidl_typesupport_introspection_c.cpython-38-x86_64-linux-gnu.so
[11.926s] -- Symlinking: /home/kkk/total_care_project/install/communication_interface/lib/python3.8/site-packages/communication_interface/libcommunication_interface__rosidl_generator_py.so
[11.932s] -- Symlinking: /home/kkk/total_care_project/install/communication_interface/lib/python3.8/site-packages/communication_interface/srv/__init__.py
[11.939s] -- Symlinking: /home/kkk/total_care_project/install/communication_interface/lib/python3.8/site-packages/communication_interface/srv/_action.py
[11.948s] -- Symlinking: /home/kkk/total_care_project/install/communication_interface/lib/python3.8/site-packages/communication_interface/srv/_action_s.c
[11.954s] -- Up-to-date symlink: /home/kkk/total_care_project/install/communication_interface/lib/python3.8/site-packages/communication_interface/communication_interface_s__rosidl_typesupport_introspection_c.cpython-38-x86_64-linux-gnu.so
[11.954s] -- Up-to-date symlink: /home/kkk/total_care_project/install/communication_interface/lib/python3.8/site-packages/communication_interface/communication_interface_s__rosidl_typesupport_fastrtps_c.cpython-38-x86_64-linux-gnu.so
[11.954s] -- Up-to-date symlink: /home/kkk/total_care_project/install/communication_interface/lib/python3.8/site-packages/communication_interface/communication_interface_s__rosidl_typesupport_c.cpython-38-x86_64-linux-gnu.so
[11.955s] -- Symlinking: /home/kkk/total_care_project/install/communication_interface/share/communication_interface/srv/Action.idl
[11.963s] -- Symlinking: /home/kkk/total_care_project/install/communication_interface/share/communication_interface/srv/Action.srv
[11.969s] -- Symlinking: /home/kkk/total_care_project/install/communication_interface/share/communication_interface/srv/Action_Request.msg
[11.977s] -- Symlinking: /home/kkk/total_care_project/install/communication_interface/share/communication_interface/srv/Action_Response.msg
[11.983s] -- Symlinking: /home/kkk/total_care_project/install/communication_interface/share/ament_index/resource_index/package_run_dependencies/communication_interface
[11.990s] -- Symlinking: /home/kkk/total_care_project/install/communication_interface/share/ament_index/resource_index/parent_prefix_path/communication_interface
[11.996s] -- Symlinking: /home/kkk/total_care_project/install/communication_interface/share/communication_interface/environment/ament_prefix_path.sh
[12.001s] -- Symlinking: /home/kkk/total_care_project/install/communication_interface/share/communication_interface/environment/ament_prefix_path.dsv
[12.011s] -- Symlinking: /home/kkk/total_care_project/install/communication_interface/share/communication_interface/environment/path.sh
[12.023s] -- Symlinking: /home/kkk/total_care_project/install/communication_interface/share/communication_interface/environment/path.dsv
[12.034s] -- Symlinking: /home/kkk/total_care_project/install/communication_interface/share/communication_interface/local_setup.bash
[12.040s] -- Symlinking: /home/kkk/total_care_project/install/communication_interface/share/communication_interface/local_setup.sh
[12.048s] -- Symlinking: /home/kkk/total_care_project/install/communication_interface/share/communication_interface/local_setup.zsh
[12.055s] -- Symlinking: /home/kkk/total_care_project/install/communication_interface/share/communication_interface/local_setup.dsv
[12.066s] -- Symlinking: /home/kkk/total_care_project/install/communication_interface/share/communication_interface/package.dsv
[12.076s] -- Symlinking: /home/kkk/total_care_project/install/communication_interface/share/ament_index/resource_index/packages/communication_interface
[12.088s] -- Symlinking: /home/kkk/total_care_project/install/communication_interface/share/communication_interface/cmake/rosidl_cmake-extras.cmake
[12.097s] -- Symlinking: /home/kkk/total_care_project/install/communication_interface/share/communication_interface/cmake/ament_cmake_export_dependencies-extras.cmake
[12.107s] -- Symlinking: /home/kkk/total_care_project/install/communication_interface/share/communication_interface/cmake/ament_cmake_export_include_directories-extras.cmake
[12.117s] -- Symlinking: /home/kkk/total_care_project/install/communication_interface/share/communication_interface/cmake/ament_cmake_export_libraries-extras.cmake
[12.128s] -- Symlinking: /home/kkk/total_care_project/install/communication_interface/share/communication_interface/cmake/ament_cmake_export_targets-extras.cmake
[12.139s] -- Symlinking: /home/kkk/total_care_project/install/communication_interface/share/communication_interface/cmake/rosidl_cmake_export_typesupport_targets-extras.cmake
[12.151s] -- Symlinking: /home/kkk/total_care_project/install/communication_interface/share/communication_interface/cmake/rosidl_cmake_export_typesupport_libraries-extras.cmake
[12.163s] -- Symlinking: /home/kkk/total_care_project/install/communication_interface/share/communication_interface/cmake/communication_interfaceConfig.cmake
[12.168s] -- Symlinking: /home/kkk/total_care_project/install/communication_interface/share/communication_interface/cmake/communication_interfaceConfig-version.cmake
[12.176s] -- Symlinking: /home/kkk/total_care_project/install/communication_interface/share/communication_interface/package.xml
[12.181s] -- Installing: /home/kkk/total_care_project/install/communication_interface/lib/libcommunication_interface__rosidl_generator_c.so
[12.182s] -- Set runtime path of "/home/kkk/total_care_project/install/communication_interface/lib/libcommunication_interface__rosidl_generator_c.so" to ""
[12.182s] -- Installing: /home/kkk/total_care_project/install/communication_interface/lib/libcommunication_interface__rosidl_typesupport_fastrtps_c.so
[12.183s] -- Set runtime path of "/home/kkk/total_care_project/install/communication_interface/lib/libcommunication_interface__rosidl_typesupport_fastrtps_c.so" to ""
[12.183s] -- Installing: /home/kkk/total_care_project/install/communication_interface/lib/libcommunication_interface__rosidl_typesupport_fastrtps_cpp.so
[12.184s] -- Set runtime path of "/home/kkk/total_care_project/install/communication_interface/lib/libcommunication_interface__rosidl_typesupport_fastrtps_cpp.so" to ""
[12.184s] -- Installing: /home/kkk/total_care_project/install/communication_interface/lib/libcommunication_interface__rosidl_typesupport_introspection_c.so
[12.184s] -- Set runtime path of "/home/kkk/total_care_project/install/communication_interface/lib/libcommunication_interface__rosidl_typesupport_introspection_c.so" to ""
[12.184s] -- Installing: /home/kkk/total_care_project/install/communication_interface/lib/libcommunication_interface__rosidl_typesupport_c.so
[12.185s] -- Set runtime path of "/home/kkk/total_care_project/install/communication_interface/lib/libcommunication_interface__rosidl_typesupport_c.so" to ""
[12.185s] -- Installing: /home/kkk/total_care_project/install/communication_interface/lib/libcommunication_interface__rosidl_typesupport_introspection_cpp.so
[12.186s] -- Set runtime path of "/home/kkk/total_care_project/install/communication_interface/lib/libcommunication_interface__rosidl_typesupport_introspection_cpp.so" to ""
[12.186s] -- Installing: /home/kkk/total_care_project/install/communication_interface/lib/libcommunication_interface__rosidl_typesupport_cpp.so
[12.186s] -- Set runtime path of "/home/kkk/total_care_project/install/communication_interface/lib/libcommunication_interface__rosidl_typesupport_cpp.so" to ""
[12.631s] Listing '/home/kkk/total_care_project/install/communication_interface/lib/python3.8/site-packages/communication_interface'...
[12.631s] Compiling '/home/kkk/total_care_project/install/communication_interface/lib/python3.8/site-packages/communication_interface/__init__.py'...
[12.631s] Listing '/home/kkk/total_care_project/install/communication_interface/lib/python3.8/site-packages/communication_interface/srv'...
[12.631s] Compiling '/home/kkk/total_care_project/install/communication_interface/lib/python3.8/site-packages/communication_interface/srv/__init__.py'...
[12.631s] Compiling '/home/kkk/total_care_project/install/communication_interface/lib/python3.8/site-packages/communication_interface/srv/_action.py'...
[12.635s] -- Installing: /home/kkk/total_care_project/install/communication_interface/lib/libcommunication_interface__rosidl_generator_py.so
[12.636s] -- Set runtime path of "/home/kkk/total_care_project/install/communication_interface/lib/libcommunication_interface__rosidl_generator_py.so" to ""
[12.636s] -- Installing: /home/kkk/total_care_project/install/communication_interface/share/communication_interface/cmake/export_communication_interface__rosidl_generator_cExport.cmake
[12.636s] -- Installing: /home/kkk/total_care_project/install/communication_interface/share/communication_interface/cmake/export_communication_interface__rosidl_generator_cExport-noconfig.cmake
[12.636s] -- Installing: /home/kkk/total_care_project/install/communication_interface/share/communication_interface/cmake/export_communication_interface__rosidl_typesupport_fastrtps_cExport.cmake
[12.637s] -- Installing: /home/kkk/total_care_project/install/communication_interface/share/communication_interface/cmake/export_communication_interface__rosidl_typesupport_fastrtps_cExport-noconfig.cmake
[12.637s] -- Installing: /home/kkk/total_care_project/install/communication_interface/share/communication_interface/cmake/export_communication_interface__rosidl_generator_cppExport.cmake
[12.637s] -- Installing: /home/kkk/total_care_project/install/communication_interface/share/communication_interface/cmake/export_communication_interface__rosidl_typesupport_fastrtps_cppExport.cmake
[12.637s] -- Installing: /home/kkk/total_care_project/install/communication_interface/share/communication_interface/cmake/export_communication_interface__rosidl_typesupport_fastrtps_cppExport-noconfig.cmake
[12.637s] -- Installing: /home/kkk/total_care_project/install/communication_interface/share/communication_interface/cmake/communication_interface__rosidl_typesupport_introspection_cExport.cmake
[12.637s] -- Installing: /home/kkk/total_care_project/install/communication_interface/share/communication_interface/cmake/communication_interface__rosidl_typesupport_introspection_cExport-noconfig.cmake
[12.638s] -- Installing: /home/kkk/total_care_project/install/communication_interface/share/communication_interface/cmake/communication_interface__rosidl_typesupport_cExport.cmake
[12.638s] -- Installing: /home/kkk/total_care_project/install/communication_interface/share/communication_interface/cmake/communication_interface__rosidl_typesupport_cExport-noconfig.cmake
[12.638s] -- Installing: /home/kkk/total_care_project/install/communication_interface/share/communication_interface/cmake/communication_interface__rosidl_typesupport_introspection_cppExport.cmake
[12.638s] -- Installing: /home/kkk/total_care_project/install/communication_interface/share/communication_interface/cmake/communication_interface__rosidl_typesupport_introspection_cppExport-noconfig.cmake
[12.639s] -- Installing: /home/kkk/total_care_project/install/communication_interface/share/communication_interface/cmake/communication_interface__rosidl_typesupport_cppExport.cmake
[12.640s] -- Installing: /home/kkk/total_care_project/install/communication_interface/share/communication_interface/cmake/communication_interface__rosidl_typesupport_cppExport-noconfig.cmake
[12.640s] -- Installing: /home/kkk/total_care_project/install/communication_interface/share/communication_interface/cmake/export_communication_interface__rosidl_generator_pyExport.cmake
[12.640s] -- Installing: /home/kkk/total_care_project/install/communication_interface/share/communication_interface/cmake/export_communication_interface__rosidl_generator_pyExport-noconfig.cmake
[12.641s] Invoked command in '/home/kkk/total_care_project/build/communication_interface' returned '0': CMAKE_PREFIX_PATH=${CMAKE_PREFIX_PATH}:/home/kkk/total_care_project/install/robot_base:/home/kkk/ros2_humble/install/rqt_bag_plugins:/home/kkk/ros2_humble/install/rqt_bag:/home/kkk/ros2_humble/install/ros2bag:/home/kkk/ros2_humble/install/tracetools_test:/home/kkk/ros2_humble/install/tracetools_launch:/home/kkk/ros2_humble/install/topic_monitor:/home/kkk/ros2_humble/install/tf2_tools:/home/kkk/ros2_humble/install/examples_tf2_py:/home/kkk/ros2_humble/install/tf2_ros_py:/home/kkk/ros2_humble/install/sros2:/home/kkk/ros2_humble/install/rqt_topic:/home/kkk/ros2_humble/install/rqt_srv:/home/kkk/ros2_humble/install/rqt_shell:/home/kkk/ros2_humble/install/rqt_service_caller:/home/kkk/ros2_humble/install/rqt_reconfigure:/home/kkk/ros2_humble/install/rqt_py_console:/home/kkk/ros2_humble/install/rqt_publisher:/home/kkk/ros2_humble/install/rqt_plot:/home/kkk/ros2_humble/install/rqt_action:/home/kkk/ros2_humble/install/rqt_msg:/home/kkk/ros2_humble/install/rqt_console:/home/kkk/ros2_humble/install/rqt:/home/kkk/ros2_humble/install/rqt_graph:/home/kkk/ros2_humble/install/rqt_gui_py:/home/kkk/ros2_humble/install/rqt_gui:/home/kkk/ros2_humble/install/ros2trace:/home/kkk/ros2_humble/install/ros2topic:/home/kkk/ros2_humble/install/ros2test:/home/kkk/ros2_humble/install/ros2component:/home/kkk/ros2_humble/install/ros2param:/home/kkk/ros2_humble/install/ros2lifecycle:/home/kkk/ros2_humble/install/ros2service:/home/kkk/ros2_humble/install/ros2run:/home/kkk/ros2_humble/install/ros2launch:/home/kkk/ros2_humble/install/ros2pkg:/home/kkk/ros2_humble/install/ros2node:/home/kkk/ros2_humble/install/ros2multicast:/home/kkk/ros2_humble/install/ros2interface:/home/kkk/ros2_humble/install/ros2doctor:/home/kkk/ros2_humble/install/ros2action:/home/kkk/ros2_humble/install/ros2cli:/home/kkk/ros2_humble/install/quality_of_service_demo_py:/home/kkk/ros2_humble/install/lifecycle_py:/home/kkk/ros2_humble/install/launch_testing_ros:/home/kkk/ros2_humble/install/launch_ros:/home/kkk/ros2_humble/install/examples_rclpy_pointcloud_publisher:/home/kkk/ros2_humble/install/examples_rclpy_minimal_subscriber:/home/kkk/ros2_humble/install/examples_rclpy_minimal_service:/home/kkk/ros2_humble/install/examples_rclpy_minimal_publisher:/home/kkk/ros2_humble/install/examples_rclpy_minimal_client:/home/kkk/ros2_humble/install/examples_rclpy_minimal_action_server:/home/kkk/ros2_humble/install/examples_rclpy_minimal_action_client:/home/kkk/ros2_humble/install/examples_rclpy_guard_conditions:/home/kkk/ros2_humble/install/examples_rclpy_executors:/home/kkk/ros2_humble/install/demo_nodes_py:/home/kkk/ros2_humble/install/action_tutorials_py:/home/kkk/ros2_humble/install/ament_uncrustify:/home/kkk/ros2_humble/install/tracetools_trace:/home/kkk/ros2_humble/install/tracetools_read:/home/kkk/ros2_humble/install/test_tracetools_launch:/home/kkk/ros2_humble/install/test_launch_ros:/home/kkk/ros2_humble/install/sensor_msgs_py:/home/kkk/ros2_humble/install/rpyutils:/home/kkk/ros2_humble/install/rosidl_runtime_py:/home/kkk/ros2_humble/install/rosidl_cli:/home/kkk/ros2_humble/install/launch_pytest:/home/kkk/ros2_humble/install/launch_testing:/home/kkk/ros2_humble/install/launch_yaml:/home/kkk/ros2_humble/install/launch_xml:/home/kkk/ros2_humble/install/launch:/home/kkk/ros2_humble/install/osrf_pycommon:/home/kkk/ros2_humble/install/launch_testing_examples:/home/kkk/ros2_humble/install/domain_coordinator:/home/kkk/ros2_humble/install/ament_xmllint:/home/kkk/ros2_humble/install/ament_pyflakes:/home/kkk/ros2_humble/install/ament_pycodestyle:/home/kkk/ros2_humble/install/ament_pep257:/home/kkk/ros2_humble/install/ament_pclint:/home/kkk/ros2_humble/install/ament_package:/home/kkk/ros2_humble/install/ament_mypy:/home/kkk/ros2_humble/install/ament_lint_cmake:/home/kkk/ros2_humble/install/ament_flake8:/home/kkk/ros2_humble/install/ament_copyright:/home/kkk/ros2_humble/install/ament_lint:/home/kkk/ros2_humble/install/ament_index_python:/home/kkk/ros2_humble/install/ament_cpplint:/home/kkk/ros2_humble/install/ament_cppcheck:/home/kkk/ros2_humble/install/ament_clang_tidy:/home/kkk/ros2_humble/install/ament_clang_format /usr/local/bin/cmake --install /home/kkk/total_care_project/build/communication_interface
