[0.023s] Invoking command in '/home/kkk/workspace/ros_ur_driver/build/ur_calibration': AMENT_PREFIX_PATH=/home/kkk/workspace/ros_ur_driver/install/ur_robot_driver:/home/kkk/workspace/ros_ur_driver/install/ur_bringup:/home/kkk/workspace/ros_ur_driver/install/ur_controllers:/home/kkk/workspace/ros_ur_driver/install/ur_dashboard_msgs:${AMENT_PREFIX_PATH} CMAKE_PREFIX_PATH=/home/kkk/workspace/ros_ur_driver/install/ur_robot_driver:/home/kkk/workspace/ros_ur_driver/install/ur_bringup:/home/kkk/workspace/ros_ur_driver/install/ur_controllers:/home/kkk/workspace/ros_ur_driver/install/ur_dashboard_msgs:/opt/ros/galactic LD_LIBRARY_PATH=/home/kkk/workspace/ros_ur_driver/install/ur_robot_driver/lib:/home/kkk/workspace/ros_ur_driver/install/ur_controllers/lib:/home/kkk/workspace/ros_ur_driver/install/ur_dashboard_msgs/lib:${LD_LIBRARY_PATH} PATH=/home/kkk/workspace/ros_ur_driver/install/ur_robot_driver/bin:${PATH} PYTHONPATH=/home/kkk/workspace/ros_ur_driver/install/ur_robot_driver/lib/python3.8/site-packages:/home/kkk/workspace/ros_ur_driver/install/ur_dashboard_msgs/lib/python3.8/site-packages:${PYTHONPATH} /usr/bin/cmake /home/kkk/workspace/ros_ur_driver/src/Universal_Robots_ROS2_Driver/ur_calibration -DCMAKE_BUILD_TYPE=Release -DCMAKE_INSTALL_PREFIX=/home/kkk/workspace/ros_ur_driver/install/ur_calibration
[0.038s] -- Found ament_cmake: 1.1.6 (/opt/ros/galactic/share/ament_cmake/cmake)
[0.061s] -- Using PYTHON_EXECUTABLE: /usr/bin/python3
[0.122s] -- Found rclcpp: 9.2.2 (/opt/ros/galactic/share/rclcpp/cmake)
[0.152s] -- Using all available rosidl_typesupport_c: rosidl_typesupport_fastrtps_c;rosidl_typesupport_introspection_c
[0.155s] -- Found rosidl_adapter: 2.2.3 (/opt/ros/galactic/share/rosidl_adapter/cmake)
[0.271s] -- Using all available rosidl_typesupport_cpp: rosidl_typesupport_fastrtps_cpp;rosidl_typesupport_introspection_cpp
[0.320s] -- Found rmw_implementation_cmake: 3.3.1 (/opt/ros/galactic/share/rmw_implementation_cmake/cmake)
[0.321s] -- Found rmw_cyclonedds_cpp: 0.22.6 (/opt/ros/galactic/share/rmw_cyclonedds_cpp/cmake)
[0.337s] -- Using RMW implementation 'rmw_cyclonedds_cpp' as default
[0.467s] -- Found ur_robot_driver: 2.1.2 (/home/kkk/workspace/ros_ur_driver/install/ur_robot_driver/share/ur_robot_driver/cmake)
[1.407s] -- Found eigen3_cmake_module: 0.1.1 (/opt/ros/galactic/share/eigen3_cmake_module/cmake)
[1.816s] CMake Error at CMakeLists.txt:20 (find_package):
[1.816s]   By not providing "Findyaml-cpp.cmake" in CMAKE_MODULE_PATH this project has
[1.816s]   asked CMake to find a package configuration file provided by "yaml-cpp",
[1.817s]   but CMake did not find one.
[1.817s] 
[1.817s]   Could not find a package configuration file provided by "yaml-cpp" with any
[1.817s]   of the following names:
[1.817s] 
[1.817s]     yaml-cppConfig.cmake
[1.817s]     yaml-cpp-config.cmake
[1.817s] 
[1.817s]   Add the installation prefix of "yaml-cpp" to CMAKE_PREFIX_PATH or set
[1.818s]   "yaml-cpp_DIR" to a directory containing one of the above files.  If
[1.818s]   "yaml-cpp" provides a separate development package or SDK, be sure it has
[1.818s]   been installed.
[1.818s] 
[1.818s] 
[1.818s] -- Configuring incomplete, errors occurred!
[1.818s] See also "/home/kkk/workspace/ros_ur_driver/build/ur_calibration/CMakeFiles/CMakeOutput.log".
[1.818s] See also "/home/kkk/workspace/ros_ur_driver/build/ur_calibration/CMakeFiles/CMakeError.log".
[1.825s] Invoked command in '/home/kkk/workspace/ros_ur_driver/build/ur_calibration' returned '1': AMENT_PREFIX_PATH=/home/kkk/workspace/ros_ur_driver/install/ur_robot_driver:/home/kkk/workspace/ros_ur_driver/install/ur_bringup:/home/kkk/workspace/ros_ur_driver/install/ur_controllers:/home/kkk/workspace/ros_ur_driver/install/ur_dashboard_msgs:${AMENT_PREFIX_PATH} CMAKE_PREFIX_PATH=/home/kkk/workspace/ros_ur_driver/install/ur_robot_driver:/home/kkk/workspace/ros_ur_driver/install/ur_bringup:/home/kkk/workspace/ros_ur_driver/install/ur_controllers:/home/kkk/workspace/ros_ur_driver/install/ur_dashboard_msgs:/opt/ros/galactic LD_LIBRARY_PATH=/home/kkk/workspace/ros_ur_driver/install/ur_robot_driver/lib:/home/kkk/workspace/ros_ur_driver/install/ur_controllers/lib:/home/kkk/workspace/ros_ur_driver/install/ur_dashboard_msgs/lib:${LD_LIBRARY_PATH} PATH=/home/kkk/workspace/ros_ur_driver/install/ur_robot_driver/bin:${PATH} PYTHONPATH=/home/kkk/workspace/ros_ur_driver/install/ur_robot_driver/lib/python3.8/site-packages:/home/kkk/workspace/ros_ur_driver/install/ur_dashboard_msgs/lib/python3.8/site-packages:${PYTHONPATH} /usr/bin/cmake /home/kkk/workspace/ros_ur_driver/src/Universal_Robots_ROS2_Driver/ur_calibration -DCMAKE_BUILD_TYPE=Release -DCMAKE_INSTALL_PREFIX=/home/kkk/workspace/ros_ur_driver/install/ur_calibration
