[0.015s] Invoking command in '/home/kkk/workspace/ros_ur_driver/build/ur_controllers': AMENT_PREFIX_PATH=/home/kkk/workspace/ros_ur_driver/install/ur_dashboard_msgs:${AMENT_PREFIX_PATH} CMAKE_PREFIX_PATH=/home/kkk/workspace/ros_ur_driver/install/ur_dashboard_msgs:/opt/ros/galactic LD_LIBRARY_PATH=/home/kkk/workspace/ros_ur_driver/install/ur_dashboard_msgs/lib:${LD_LIBRARY_PATH} PYTHONPATH=/home/kkk/workspace/ros_ur_driver/install/ur_dashboard_msgs/lib/python3.8/site-packages:${PYTHONPATH} /usr/bin/cmake --build /home/kkk/workspace/ros_ur_driver/build/ur_controllers -- -j8 -l8
[0.115s] [100%] Built target ur_controllers
[0.133s] Invoked command in '/home/kkk/workspace/ros_ur_driver/build/ur_controllers' returned '0': AMENT_PREFIX_PATH=/home/kkk/workspace/ros_ur_driver/install/ur_dashboard_msgs:${AMENT_PREFIX_PATH} CMAKE_PREFIX_PATH=/home/kkk/workspace/ros_ur_driver/install/ur_dashboard_msgs:/opt/ros/galactic LD_LIBRARY_PATH=/home/kkk/workspace/ros_ur_driver/install/ur_dashboard_msgs/lib:${LD_LIBRARY_PATH} PYTHONPATH=/home/kkk/workspace/ros_ur_driver/install/ur_dashboard_msgs/lib/python3.8/site-packages:${PYTHONPATH} /usr/bin/cmake --build /home/kkk/workspace/ros_ur_driver/build/ur_controllers -- -j8 -l8
[0.172s] Invoking command in '/home/kkk/workspace/ros_ur_driver/build/ur_controllers': AMENT_PREFIX_PATH=/home/kkk/workspace/ros_ur_driver/install/ur_dashboard_msgs:${AMENT_PREFIX_PATH} CMAKE_PREFIX_PATH=/home/kkk/workspace/ros_ur_driver/install/ur_dashboard_msgs:/opt/ros/galactic LD_LIBRARY_PATH=/home/kkk/workspace/ros_ur_driver/install/ur_dashboard_msgs/lib:${LD_LIBRARY_PATH} PYTHONPATH=/home/kkk/workspace/ros_ur_driver/install/ur_dashboard_msgs/lib/python3.8/site-packages:${PYTHONPATH} /usr/bin/cmake --install /home/kkk/workspace/ros_ur_driver/build/ur_controllers
[0.185s] -- Install configuration: "Release"
[0.185s] -- Up-to-date: /home/kkk/workspace/ros_ur_driver/install/ur_controllers/share/ur_controllers/controller_plugins.xml
[0.185s] -- Up-to-date: /home/kkk/workspace/ros_ur_driver/install/ur_controllers/lib/libur_controllers.so
[0.185s] -- Up-to-date: /home/kkk/workspace/ros_ur_driver/install/ur_controllers/include
[0.185s] -- Up-to-date: /home/kkk/workspace/ros_ur_driver/install/ur_controllers/include/ur_controllers
[0.186s] -- Up-to-date: /home/kkk/workspace/ros_ur_driver/install/ur_controllers/include/ur_controllers/gpio_controller.hpp
[0.186s] -- Up-to-date: /home/kkk/workspace/ros_ur_driver/install/ur_controllers/include/ur_controllers/speed_scaling_state_broadcaster.hpp
[0.186s] -- Up-to-date: /home/kkk/workspace/ros_ur_driver/install/ur_controllers/include/ur_controllers/scaled_joint_trajectory_controller.hpp
[0.186s] -- Up-to-date: /home/kkk/workspace/ros_ur_driver/install/ur_controllers/share/ur_controllers/controller_plugins.xml
[0.186s] -- Up-to-date: /home/kkk/workspace/ros_ur_driver/install/ur_controllers/share/ur_controllers/environment/library_path.sh
[0.186s] -- Up-to-date: /home/kkk/workspace/ros_ur_driver/install/ur_controllers/share/ur_controllers/environment/library_path.dsv
[0.186s] -- Up-to-date: /home/kkk/workspace/ros_ur_driver/install/ur_controllers/share/ament_index/resource_index/package_run_dependencies/ur_controllers
[0.186s] -- Up-to-date: /home/kkk/workspace/ros_ur_driver/install/ur_controllers/share/ament_index/resource_index/parent_prefix_path/ur_controllers
[0.186s] -- Up-to-date: /home/kkk/workspace/ros_ur_driver/install/ur_controllers/share/ur_controllers/environment/ament_prefix_path.sh
[0.187s] -- Up-to-date: /home/kkk/workspace/ros_ur_driver/install/ur_controllers/share/ur_controllers/environment/ament_prefix_path.dsv
[0.187s] -- Up-to-date: /home/kkk/workspace/ros_ur_driver/install/ur_controllers/share/ur_controllers/environment/path.sh
[0.187s] -- Up-to-date: /home/kkk/workspace/ros_ur_driver/install/ur_controllers/share/ur_controllers/environment/path.dsv
[0.187s] -- Up-to-date: /home/kkk/workspace/ros_ur_driver/install/ur_controllers/share/ur_controllers/local_setup.bash
[0.188s] -- Up-to-date: /home/kkk/workspace/ros_ur_driver/install/ur_controllers/share/ur_controllers/local_setup.sh
[0.188s] -- Up-to-date: /home/kkk/workspace/ros_ur_driver/install/ur_controllers/share/ur_controllers/local_setup.zsh
[0.193s] -- Up-to-date: /home/kkk/workspace/ros_ur_driver/install/ur_controllers/share/ur_controllers/local_setup.dsv
[0.193s] -- Installing: /home/kkk/workspace/ros_ur_driver/install/ur_controllers/share/ur_controllers/package.dsv
[0.194s] -- Up-to-date: /home/kkk/workspace/ros_ur_driver/install/ur_controllers/share/ament_index/resource_index/packages/ur_controllers
[0.194s] -- Up-to-date: /home/kkk/workspace/ros_ur_driver/install/ur_controllers/share/ament_index/resource_index/controller_interface__pluginlib__plugin/ur_controllers
[0.194s] -- Up-to-date: /home/kkk/workspace/ros_ur_driver/install/ur_controllers/share/ur_controllers/cmake/ament_cmake_export_dependencies-extras.cmake
[0.194s] -- Up-to-date: /home/kkk/workspace/ros_ur_driver/install/ur_controllers/share/ur_controllers/cmake/ament_cmake_export_include_directories-extras.cmake
[0.194s] -- Up-to-date: /home/kkk/workspace/ros_ur_driver/install/ur_controllers/share/ur_controllers/cmake/ament_cmake_export_libraries-extras.cmake
[0.195s] -- Up-to-date: /home/kkk/workspace/ros_ur_driver/install/ur_controllers/share/ur_controllers/cmake/ur_controllersConfig.cmake
[0.195s] -- Up-to-date: /home/kkk/workspace/ros_ur_driver/install/ur_controllers/share/ur_controllers/cmake/ur_controllersConfig-version.cmake
[0.195s] -- Up-to-date: /home/kkk/workspace/ros_ur_driver/install/ur_controllers/share/ur_controllers/package.xml
[0.196s] Invoked command in '/home/kkk/workspace/ros_ur_driver/build/ur_controllers' returned '0': AMENT_PREFIX_PATH=/home/kkk/workspace/ros_ur_driver/install/ur_dashboard_msgs:${AMENT_PREFIX_PATH} CMAKE_PREFIX_PATH=/home/kkk/workspace/ros_ur_driver/install/ur_dashboard_msgs:/opt/ros/galactic LD_LIBRARY_PATH=/home/kkk/workspace/ros_ur_driver/install/ur_dashboard_msgs/lib:${LD_LIBRARY_PATH} PYTHONPATH=/home/kkk/workspace/ros_ur_driver/install/ur_dashboard_msgs/lib/python3.8/site-packages:${PYTHONPATH} /usr/bin/cmake --install /home/kkk/workspace/ros_ur_driver/build/ur_controllers
