[3.880s] DEBUG:colcon:Command line arguments: ['/usr/bin/colcon', 'build', '--symlink-install', '--packages-select', 'communication_interface']
[3.880s] DEBUG:colcon:Parsed command line arguments: Namespace(allow_overriding=[], ament_cmake_args=None, base_paths=['.'], build_base='build', catkin_cmake_args=None, catkin_skip_building_tests=False, cmake_args=None, cmake_clean_cache=False, cmake_clean_first=False, cmake_force_configure=False, cmake_target=None, cmake_target_skip_unavailable=False, continue_on_error=False, event_handlers=None, executor='parallel', ignore_user_meta=False, install_base='install', log_base=None, log_level=None, main=<bound method BuildVerb.main of <colcon_core.verb.build.BuildVerb object at 0x7f18a066ff40>>, merge_install=False, metas=['./colcon.meta'], mixin=None, mixin_files=None, mixin_verb=('build',), packages_above=None, packages_above_and_dependencies=None, packages_above_depth=None, packages_end=None, packages_ignore=None, packages_ignore_regex=None, packages_select=['communication_interface'], packages_select_build_failed=False, packages_select_by_dep=None, packages_select_regex=None, packages_select_test_failures=False, packages_skip=None, packages_skip_build_finished=False, packages_skip_by_dep=None, packages_skip_regex=None, packages_skip_test_passed=False, packages_skip_up_to=None, packages_start=None, packages_up_to=None, packages_up_to_regex=None, parallel_workers=8, paths=None, symlink_install=True, test_result_base=None, verb_extension=<colcon_core.verb.build.BuildVerb object at 0x7f18a066ff40>, verb_name='build', verb_parser=<colcon_mixin.mixin.mixin_argument.MixinArgumentDecorator object at 0x7f18a0156400>)
[4.008s] Level 1:colcon.colcon_core.package_discovery:discover_packages(colcon_meta) check parameters
[4.008s] Level 1:colcon.colcon_core.package_discovery:discover_packages(recursive) check parameters
[4.008s] Level 1:colcon.colcon_core.package_discovery:discover_packages(ignore) check parameters
[4.008s] Level 1:colcon.colcon_core.package_discovery:discover_packages(path) check parameters
[4.008s] Level 1:colcon.colcon_core.package_discovery:discover_packages(colcon_meta) discover
[4.008s] Level 1:colcon.colcon_core.package_discovery:discover_packages(recursive) discover
[4.008s] INFO:colcon.colcon_core.package_discovery:Crawling recursively for packages in '/home/kkk/total_care_project'
[4.008s] Level 1:colcon.colcon_core.package_identification:_identify(.) by extensions ['ignore', 'ignore_ament_install']
[4.008s] Level 1:colcon.colcon_core.package_identification:_identify(.) by extension 'ignore'
[4.009s] Level 1:colcon.colcon_core.package_identification:_identify(.) by extension 'ignore_ament_install'
[4.009s] Level 1:colcon.colcon_core.package_identification:_identify(.) by extensions ['colcon_pkg']
[4.009s] Level 1:colcon.colcon_core.package_identification:_identify(.) by extension 'colcon_pkg'
[4.009s] Level 1:colcon.colcon_core.package_identification:_identify(.) by extensions ['colcon_meta']
[4.009s] Level 1:colcon.colcon_core.package_identification:_identify(.) by extension 'colcon_meta'
[4.009s] Level 1:colcon.colcon_core.package_identification:_identify(.) by extensions ['ros']
[4.009s] Level 1:colcon.colcon_core.package_identification:_identify(.) by extension 'ros'
[4.020s] Level 1:colcon.colcon_core.package_identification:_identify(.) by extensions ['cmake', 'python']
[4.020s] Level 1:colcon.colcon_core.package_identification:_identify(.) by extension 'cmake'
[4.020s] Level 1:colcon.colcon_core.package_identification:_identify(.) by extension 'python'
[4.020s] Level 1:colcon.colcon_core.package_identification:_identify(.) by extensions ['python_setup_py']
[4.020s] Level 1:colcon.colcon_core.package_identification:_identify(.) by extension 'python_setup_py'
[4.020s] Level 1:colcon.colcon_core.package_identification:_identify(build) by extensions ['ignore', 'ignore_ament_install']
[4.020s] Level 1:colcon.colcon_core.package_identification:_identify(build) by extension 'ignore'
[4.020s] Level 1:colcon.colcon_core.package_identification:_identify(build) ignored
[4.020s] Level 1:colcon.colcon_core.package_identification:_identify(install) by extensions ['ignore', 'ignore_ament_install']
[4.020s] Level 1:colcon.colcon_core.package_identification:_identify(install) by extension 'ignore'
[4.020s] Level 1:colcon.colcon_core.package_identification:_identify(install) ignored
[4.020s] Level 1:colcon.colcon_core.package_identification:_identify(log) by extensions ['ignore', 'ignore_ament_install']
[4.020s] Level 1:colcon.colcon_core.package_identification:_identify(log) by extension 'ignore'
[4.021s] Level 1:colcon.colcon_core.package_identification:_identify(log) ignored
[4.021s] Level 1:colcon.colcon_core.package_identification:_identify(src) by extensions ['ignore', 'ignore_ament_install']
[4.021s] Level 1:colcon.colcon_core.package_identification:_identify(src) by extension 'ignore'
[4.021s] Level 1:colcon.colcon_core.package_identification:_identify(src) by extension 'ignore_ament_install'
[4.021s] Level 1:colcon.colcon_core.package_identification:_identify(src) by extensions ['colcon_pkg']
[4.021s] Level 1:colcon.colcon_core.package_identification:_identify(src) by extension 'colcon_pkg'
[4.021s] Level 1:colcon.colcon_core.package_identification:_identify(src) by extensions ['colcon_meta']
[4.021s] Level 1:colcon.colcon_core.package_identification:_identify(src) by extension 'colcon_meta'
[4.021s] Level 1:colcon.colcon_core.package_identification:_identify(src) by extensions ['ros']
[4.021s] Level 1:colcon.colcon_core.package_identification:_identify(src) by extension 'ros'
[4.021s] Level 1:colcon.colcon_core.package_identification:_identify(src) by extensions ['cmake', 'python']
[4.021s] Level 1:colcon.colcon_core.package_identification:_identify(src) by extension 'cmake'
[4.021s] Level 1:colcon.colcon_core.package_identification:_identify(src) by extension 'python'
[4.021s] Level 1:colcon.colcon_core.package_identification:_identify(src) by extensions ['python_setup_py']
[4.021s] Level 1:colcon.colcon_core.package_identification:_identify(src) by extension 'python_setup_py'
[4.021s] Level 1:colcon.colcon_core.package_identification:_identify(src/communication_interface) by extensions ['ignore', 'ignore_ament_install']
[4.021s] Level 1:colcon.colcon_core.package_identification:_identify(src/communication_interface) by extension 'ignore'
[4.021s] Level 1:colcon.colcon_core.package_identification:_identify(src/communication_interface) by extension 'ignore_ament_install'
[4.021s] Level 1:colcon.colcon_core.package_identification:_identify(src/communication_interface) by extensions ['colcon_pkg']
[4.021s] Level 1:colcon.colcon_core.package_identification:_identify(src/communication_interface) by extension 'colcon_pkg'
[4.021s] Level 1:colcon.colcon_core.package_identification:_identify(src/communication_interface) by extensions ['colcon_meta']
[4.021s] Level 1:colcon.colcon_core.package_identification:_identify(src/communication_interface) by extension 'colcon_meta'
[4.021s] Level 1:colcon.colcon_core.package_identification:_identify(src/communication_interface) by extensions ['ros']
[4.021s] Level 1:colcon.colcon_core.package_identification:_identify(src/communication_interface) by extension 'ros'
[4.024s] DEBUG:colcon.colcon_core.package_identification:Package 'src/communication_interface' with type 'ros.ament_cmake' and name 'communication_interface'
[4.024s] Level 1:colcon.colcon_core.package_identification:_identify(src/robot_base) by extensions ['ignore', 'ignore_ament_install']
[4.024s] Level 1:colcon.colcon_core.package_identification:_identify(src/robot_base) by extension 'ignore'
[4.024s] Level 1:colcon.colcon_core.package_identification:_identify(src/robot_base) by extension 'ignore_ament_install'
[4.024s] Level 1:colcon.colcon_core.package_identification:_identify(src/robot_base) by extensions ['colcon_pkg']
[4.024s] Level 1:colcon.colcon_core.package_identification:_identify(src/robot_base) by extension 'colcon_pkg'
[4.024s] Level 1:colcon.colcon_core.package_identification:_identify(src/robot_base) by extensions ['colcon_meta']
[4.024s] Level 1:colcon.colcon_core.package_identification:_identify(src/robot_base) by extension 'colcon_meta'
[4.024s] Level 1:colcon.colcon_core.package_identification:_identify(src/robot_base) by extensions ['ros']
[4.024s] Level 1:colcon.colcon_core.package_identification:_identify(src/robot_base) by extension 'ros'
[4.025s] DEBUG:colcon.colcon_core.package_identification:Package 'src/robot_base' with type 'ros.ament_python' and name 'robot_base'
[4.025s] Level 1:colcon.colcon_core.package_identification:_identify(src/ros_ur_driver) by extensions ['ignore', 'ignore_ament_install']
[4.025s] Level 1:colcon.colcon_core.package_identification:_identify(src/ros_ur_driver) by extension 'ignore'
[4.025s] Level 1:colcon.colcon_core.package_identification:_identify(src/ros_ur_driver) by extension 'ignore_ament_install'
[4.025s] Level 1:colcon.colcon_core.package_identification:_identify(src/ros_ur_driver) by extensions ['colcon_pkg']
[4.025s] Level 1:colcon.colcon_core.package_identification:_identify(src/ros_ur_driver) by extension 'colcon_pkg'
[4.025s] Level 1:colcon.colcon_core.package_identification:_identify(src/ros_ur_driver) by extensions ['colcon_meta']
[4.025s] Level 1:colcon.colcon_core.package_identification:_identify(src/ros_ur_driver) by extension 'colcon_meta'
[4.025s] Level 1:colcon.colcon_core.package_identification:_identify(src/ros_ur_driver) by extensions ['ros']
[4.025s] Level 1:colcon.colcon_core.package_identification:_identify(src/ros_ur_driver) by extension 'ros'
[4.025s] Level 1:colcon.colcon_core.package_identification:_identify(src/ros_ur_driver) by extensions ['cmake', 'python']
[4.025s] Level 1:colcon.colcon_core.package_identification:_identify(src/ros_ur_driver) by extension 'cmake'
[4.025s] Level 1:colcon.colcon_core.package_identification:_identify(src/ros_ur_driver) by extension 'python'
[4.025s] Level 1:colcon.colcon_core.package_identification:_identify(src/ros_ur_driver) by extensions ['python_setup_py']
[4.025s] Level 1:colcon.colcon_core.package_identification:_identify(src/ros_ur_driver) by extension 'python_setup_py'
[4.025s] Level 1:colcon.colcon_core.package_identification:_identify(src/ros_ur_driver/build) by extensions ['ignore', 'ignore_ament_install']
[4.025s] Level 1:colcon.colcon_core.package_identification:_identify(src/ros_ur_driver/build) by extension 'ignore'
[4.025s] Level 1:colcon.colcon_core.package_identification:_identify(src/ros_ur_driver/build) ignored
[4.025s] Level 1:colcon.colcon_core.package_identification:_identify(src/ros_ur_driver/install) by extensions ['ignore', 'ignore_ament_install']
[4.026s] Level 1:colcon.colcon_core.package_identification:_identify(src/ros_ur_driver/install) by extension 'ignore'
[4.026s] Level 1:colcon.colcon_core.package_identification:_identify(src/ros_ur_driver/install) ignored
[4.026s] Level 1:colcon.colcon_core.package_identification:_identify(src/ros_ur_driver/log) by extensions ['ignore', 'ignore_ament_install']
[4.026s] Level 1:colcon.colcon_core.package_identification:_identify(src/ros_ur_driver/log) by extension 'ignore'
[4.026s] Level 1:colcon.colcon_core.package_identification:_identify(src/ros_ur_driver/log) ignored
[4.026s] Level 1:colcon.colcon_core.package_identification:_identify(src/ros_ur_driver/src) by extensions ['ignore', 'ignore_ament_install']
[4.026s] Level 1:colcon.colcon_core.package_identification:_identify(src/ros_ur_driver/src) by extension 'ignore'
[4.026s] Level 1:colcon.colcon_core.package_identification:_identify(src/ros_ur_driver/src) by extension 'ignore_ament_install'
[4.026s] Level 1:colcon.colcon_core.package_identification:_identify(src/ros_ur_driver/src) by extensions ['colcon_pkg']
[4.026s] Level 1:colcon.colcon_core.package_identification:_identify(src/ros_ur_driver/src) by extension 'colcon_pkg'
[4.026s] Level 1:colcon.colcon_core.package_identification:_identify(src/ros_ur_driver/src) by extensions ['colcon_meta']
[4.026s] Level 1:colcon.colcon_core.package_identification:_identify(src/ros_ur_driver/src) by extension 'colcon_meta'
[4.026s] Level 1:colcon.colcon_core.package_identification:_identify(src/ros_ur_driver/src) by extensions ['ros']
[4.026s] Level 1:colcon.colcon_core.package_identification:_identify(src/ros_ur_driver/src) by extension 'ros'
[4.026s] Level 1:colcon.colcon_core.package_identification:_identify(src/ros_ur_driver/src) by extensions ['cmake', 'python']
[4.026s] Level 1:colcon.colcon_core.package_identification:_identify(src/ros_ur_driver/src) by extension 'cmake'
[4.026s] Level 1:colcon.colcon_core.package_identification:_identify(src/ros_ur_driver/src) by extension 'python'
[4.026s] Level 1:colcon.colcon_core.package_identification:_identify(src/ros_ur_driver/src) by extensions ['python_setup_py']
[4.026s] Level 1:colcon.colcon_core.package_identification:_identify(src/ros_ur_driver/src) by extension 'python_setup_py'
[4.026s] Level 1:colcon.colcon_core.package_identification:_identify(src/ros_ur_driver/src/Universal_Robots_ROS2_Driver) by extensions ['ignore', 'ignore_ament_install']
[4.026s] Level 1:colcon.colcon_core.package_identification:_identify(src/ros_ur_driver/src/Universal_Robots_ROS2_Driver) by extension 'ignore'
[4.026s] Level 1:colcon.colcon_core.package_identification:_identify(src/ros_ur_driver/src/Universal_Robots_ROS2_Driver) by extension 'ignore_ament_install'
[4.027s] Level 1:colcon.colcon_core.package_identification:_identify(src/ros_ur_driver/src/Universal_Robots_ROS2_Driver) by extensions ['colcon_pkg']
[4.027s] Level 1:colcon.colcon_core.package_identification:_identify(src/ros_ur_driver/src/Universal_Robots_ROS2_Driver) by extension 'colcon_pkg'
[4.027s] Level 1:colcon.colcon_core.package_identification:_identify(src/ros_ur_driver/src/Universal_Robots_ROS2_Driver) by extensions ['colcon_meta']
[4.027s] Level 1:colcon.colcon_core.package_identification:_identify(src/ros_ur_driver/src/Universal_Robots_ROS2_Driver) by extension 'colcon_meta'
[4.027s] Level 1:colcon.colcon_core.package_identification:_identify(src/ros_ur_driver/src/Universal_Robots_ROS2_Driver) by extensions ['ros']
[4.027s] Level 1:colcon.colcon_core.package_identification:_identify(src/ros_ur_driver/src/Universal_Robots_ROS2_Driver) by extension 'ros'
[4.027s] Level 1:colcon.colcon_core.package_identification:_identify(src/ros_ur_driver/src/Universal_Robots_ROS2_Driver) by extensions ['cmake', 'python']
[4.027s] Level 1:colcon.colcon_core.package_identification:_identify(src/ros_ur_driver/src/Universal_Robots_ROS2_Driver) by extension 'cmake'
[4.027s] Level 1:colcon.colcon_core.package_identification:_identify(src/ros_ur_driver/src/Universal_Robots_ROS2_Driver) by extension 'python'
[4.027s] Level 1:colcon.colcon_core.package_identification:_identify(src/ros_ur_driver/src/Universal_Robots_ROS2_Driver) by extensions ['python_setup_py']
[4.027s] Level 1:colcon.colcon_core.package_identification:_identify(src/ros_ur_driver/src/Universal_Robots_ROS2_Driver) by extension 'python_setup_py'
[4.027s] Level 1:colcon.colcon_core.package_identification:_identify(src/ros_ur_driver/src/Universal_Robots_ROS2_Driver/ur_bringup) by extensions ['ignore', 'ignore_ament_install']
[4.027s] Level 1:colcon.colcon_core.package_identification:_identify(src/ros_ur_driver/src/Universal_Robots_ROS2_Driver/ur_bringup) by extension 'ignore'
[4.027s] Level 1:colcon.colcon_core.package_identification:_identify(src/ros_ur_driver/src/Universal_Robots_ROS2_Driver/ur_bringup) by extension 'ignore_ament_install'
[4.027s] Level 1:colcon.colcon_core.package_identification:_identify(src/ros_ur_driver/src/Universal_Robots_ROS2_Driver/ur_bringup) by extensions ['colcon_pkg']
[4.027s] Level 1:colcon.colcon_core.package_identification:_identify(src/ros_ur_driver/src/Universal_Robots_ROS2_Driver/ur_bringup) by extension 'colcon_pkg'
[4.027s] Level 1:colcon.colcon_core.package_identification:_identify(src/ros_ur_driver/src/Universal_Robots_ROS2_Driver/ur_bringup) by extensions ['colcon_meta']
[4.027s] Level 1:colcon.colcon_core.package_identification:_identify(src/ros_ur_driver/src/Universal_Robots_ROS2_Driver/ur_bringup) by extension 'colcon_meta'
[4.027s] Level 1:colcon.colcon_core.package_identification:_identify(src/ros_ur_driver/src/Universal_Robots_ROS2_Driver/ur_bringup) by extensions ['ros']
[4.027s] Level 1:colcon.colcon_core.package_identification:_identify(src/ros_ur_driver/src/Universal_Robots_ROS2_Driver/ur_bringup) by extension 'ros'
[4.028s] DEBUG:colcon.colcon_core.package_identification:Package 'src/ros_ur_driver/src/Universal_Robots_ROS2_Driver/ur_bringup' with type 'ros.ament_cmake' and name 'ur_bringup'
[4.028s] Level 1:colcon.colcon_core.package_identification:_identify(src/ros_ur_driver/src/Universal_Robots_ROS2_Driver/ur_calibration) by extensions ['ignore', 'ignore_ament_install']
[4.028s] Level 1:colcon.colcon_core.package_identification:_identify(src/ros_ur_driver/src/Universal_Robots_ROS2_Driver/ur_calibration) by extension 'ignore'
[4.028s] Level 1:colcon.colcon_core.package_identification:_identify(src/ros_ur_driver/src/Universal_Robots_ROS2_Driver/ur_calibration) by extension 'ignore_ament_install'
[4.028s] Level 1:colcon.colcon_core.package_identification:_identify(src/ros_ur_driver/src/Universal_Robots_ROS2_Driver/ur_calibration) by extensions ['colcon_pkg']
[4.028s] Level 1:colcon.colcon_core.package_identification:_identify(src/ros_ur_driver/src/Universal_Robots_ROS2_Driver/ur_calibration) by extension 'colcon_pkg'
[4.028s] Level 1:colcon.colcon_core.package_identification:_identify(src/ros_ur_driver/src/Universal_Robots_ROS2_Driver/ur_calibration) by extensions ['colcon_meta']
[4.028s] Level 1:colcon.colcon_core.package_identification:_identify(src/ros_ur_driver/src/Universal_Robots_ROS2_Driver/ur_calibration) by extension 'colcon_meta'
[4.028s] Level 1:colcon.colcon_core.package_identification:_identify(src/ros_ur_driver/src/Universal_Robots_ROS2_Driver/ur_calibration) by extensions ['ros']
[4.028s] Level 1:colcon.colcon_core.package_identification:_identify(src/ros_ur_driver/src/Universal_Robots_ROS2_Driver/ur_calibration) by extension 'ros'
[4.029s] DEBUG:colcon.colcon_core.package_identification:Package 'src/ros_ur_driver/src/Universal_Robots_ROS2_Driver/ur_calibration' with type 'ros.ament_cmake' and name 'ur_calibration'
[4.029s] Level 1:colcon.colcon_core.package_identification:_identify(src/ros_ur_driver/src/Universal_Robots_ROS2_Driver/ur_controllers) by extensions ['ignore', 'ignore_ament_install']
[4.029s] Level 1:colcon.colcon_core.package_identification:_identify(src/ros_ur_driver/src/Universal_Robots_ROS2_Driver/ur_controllers) by extension 'ignore'
[4.029s] Level 1:colcon.colcon_core.package_identification:_identify(src/ros_ur_driver/src/Universal_Robots_ROS2_Driver/ur_controllers) by extension 'ignore_ament_install'
[4.029s] Level 1:colcon.colcon_core.package_identification:_identify(src/ros_ur_driver/src/Universal_Robots_ROS2_Driver/ur_controllers) by extensions ['colcon_pkg']
[4.029s] Level 1:colcon.colcon_core.package_identification:_identify(src/ros_ur_driver/src/Universal_Robots_ROS2_Driver/ur_controllers) by extension 'colcon_pkg'
[4.029s] Level 1:colcon.colcon_core.package_identification:_identify(src/ros_ur_driver/src/Universal_Robots_ROS2_Driver/ur_controllers) by extensions ['colcon_meta']
[4.029s] Level 1:colcon.colcon_core.package_identification:_identify(src/ros_ur_driver/src/Universal_Robots_ROS2_Driver/ur_controllers) by extension 'colcon_meta'
[4.030s] Level 1:colcon.colcon_core.package_identification:_identify(src/ros_ur_driver/src/Universal_Robots_ROS2_Driver/ur_controllers) by extensions ['ros']
[4.030s] Level 1:colcon.colcon_core.package_identification:_identify(src/ros_ur_driver/src/Universal_Robots_ROS2_Driver/ur_controllers) by extension 'ros'
[4.032s] DEBUG:colcon.colcon_core.package_identification:Package 'src/ros_ur_driver/src/Universal_Robots_ROS2_Driver/ur_controllers' with type 'ros.ament_cmake' and name 'ur_controllers'
[4.032s] Level 1:colcon.colcon_core.package_identification:_identify(src/ros_ur_driver/src/Universal_Robots_ROS2_Driver/ur_dashboard_msgs) by extensions ['ignore', 'ignore_ament_install']
[4.032s] Level 1:colcon.colcon_core.package_identification:_identify(src/ros_ur_driver/src/Universal_Robots_ROS2_Driver/ur_dashboard_msgs) by extension 'ignore'
[4.032s] Level 1:colcon.colcon_core.package_identification:_identify(src/ros_ur_driver/src/Universal_Robots_ROS2_Driver/ur_dashboard_msgs) by extension 'ignore_ament_install'
[4.032s] Level 1:colcon.colcon_core.package_identification:_identify(src/ros_ur_driver/src/Universal_Robots_ROS2_Driver/ur_dashboard_msgs) by extensions ['colcon_pkg']
[4.032s] Level 1:colcon.colcon_core.package_identification:_identify(src/ros_ur_driver/src/Universal_Robots_ROS2_Driver/ur_dashboard_msgs) by extension 'colcon_pkg'
[4.032s] Level 1:colcon.colcon_core.package_identification:_identify(src/ros_ur_driver/src/Universal_Robots_ROS2_Driver/ur_dashboard_msgs) by extensions ['colcon_meta']
[4.032s] Level 1:colcon.colcon_core.package_identification:_identify(src/ros_ur_driver/src/Universal_Robots_ROS2_Driver/ur_dashboard_msgs) by extension 'colcon_meta'
[4.032s] Level 1:colcon.colcon_core.package_identification:_identify(src/ros_ur_driver/src/Universal_Robots_ROS2_Driver/ur_dashboard_msgs) by extensions ['ros']
[4.032s] Level 1:colcon.colcon_core.package_identification:_identify(src/ros_ur_driver/src/Universal_Robots_ROS2_Driver/ur_dashboard_msgs) by extension 'ros'
[4.033s] DEBUG:colcon.colcon_core.package_identification:Package 'src/ros_ur_driver/src/Universal_Robots_ROS2_Driver/ur_dashboard_msgs' with type 'ros.ament_cmake' and name 'ur_dashboard_msgs'
[4.033s] Level 1:colcon.colcon_core.package_identification:_identify(src/ros_ur_driver/src/Universal_Robots_ROS2_Driver/ur_moveit_config) by extensions ['ignore', 'ignore_ament_install']
[4.033s] Level 1:colcon.colcon_core.package_identification:_identify(src/ros_ur_driver/src/Universal_Robots_ROS2_Driver/ur_moveit_config) by extension 'ignore'
[4.033s] Level 1:colcon.colcon_core.package_identification:_identify(src/ros_ur_driver/src/Universal_Robots_ROS2_Driver/ur_moveit_config) by extension 'ignore_ament_install'
[4.033s] Level 1:colcon.colcon_core.package_identification:_identify(src/ros_ur_driver/src/Universal_Robots_ROS2_Driver/ur_moveit_config) by extensions ['colcon_pkg']
[4.033s] Level 1:colcon.colcon_core.package_identification:_identify(src/ros_ur_driver/src/Universal_Robots_ROS2_Driver/ur_moveit_config) by extension 'colcon_pkg'
[4.033s] Level 1:colcon.colcon_core.package_identification:_identify(src/ros_ur_driver/src/Universal_Robots_ROS2_Driver/ur_moveit_config) by extensions ['colcon_meta']
[4.033s] Level 1:colcon.colcon_core.package_identification:_identify(src/ros_ur_driver/src/Universal_Robots_ROS2_Driver/ur_moveit_config) by extension 'colcon_meta'
[4.033s] Level 1:colcon.colcon_core.package_identification:_identify(src/ros_ur_driver/src/Universal_Robots_ROS2_Driver/ur_moveit_config) by extensions ['ros']
[4.033s] Level 1:colcon.colcon_core.package_identification:_identify(src/ros_ur_driver/src/Universal_Robots_ROS2_Driver/ur_moveit_config) by extension 'ros'
[4.034s] DEBUG:colcon.colcon_core.package_identification:Package 'src/ros_ur_driver/src/Universal_Robots_ROS2_Driver/ur_moveit_config' with type 'ros.ament_cmake' and name 'ur_moveit_config'
[4.034s] Level 1:colcon.colcon_core.package_identification:_identify(src/ros_ur_driver/src/Universal_Robots_ROS2_Driver/ur_robot_driver) by extensions ['ignore', 'ignore_ament_install']
[4.034s] Level 1:colcon.colcon_core.package_identification:_identify(src/ros_ur_driver/src/Universal_Robots_ROS2_Driver/ur_robot_driver) by extension 'ignore'
[4.034s] Level 1:colcon.colcon_core.package_identification:_identify(src/ros_ur_driver/src/Universal_Robots_ROS2_Driver/ur_robot_driver) by extension 'ignore_ament_install'
[4.034s] Level 1:colcon.colcon_core.package_identification:_identify(src/ros_ur_driver/src/Universal_Robots_ROS2_Driver/ur_robot_driver) by extensions ['colcon_pkg']
[4.034s] Level 1:colcon.colcon_core.package_identification:_identify(src/ros_ur_driver/src/Universal_Robots_ROS2_Driver/ur_robot_driver) by extension 'colcon_pkg'
[4.034s] Level 1:colcon.colcon_core.package_identification:_identify(src/ros_ur_driver/src/Universal_Robots_ROS2_Driver/ur_robot_driver) by extensions ['colcon_meta']
[4.034s] Level 1:colcon.colcon_core.package_identification:_identify(src/ros_ur_driver/src/Universal_Robots_ROS2_Driver/ur_robot_driver) by extension 'colcon_meta'
[4.034s] Level 1:colcon.colcon_core.package_identification:_identify(src/ros_ur_driver/src/Universal_Robots_ROS2_Driver/ur_robot_driver) by extensions ['ros']
[4.034s] Level 1:colcon.colcon_core.package_identification:_identify(src/ros_ur_driver/src/Universal_Robots_ROS2_Driver/ur_robot_driver) by extension 'ros'
[4.036s] DEBUG:colcon.colcon_core.package_identification:Package 'src/ros_ur_driver/src/Universal_Robots_ROS2_Driver/ur_robot_driver' with type 'ros.ament_cmake' and name 'ur_robot_driver'
[4.036s] Level 1:colcon.colcon_core.package_discovery:discover_packages(recursive) using defaults
[4.036s] Level 1:colcon.colcon_core.package_discovery:discover_packages(ignore) discover
[4.036s] Level 1:colcon.colcon_core.package_discovery:discover_packages(ignore) using defaults
[4.036s] Level 1:colcon.colcon_core.package_discovery:discover_packages(path) discover
[4.036s] Level 1:colcon.colcon_core.package_discovery:discover_packages(path) using defaults
[4.219s] INFO:colcon.colcon_core.package_selection:Skipping not selected package 'robot_base' in 'src/robot_base'
[4.219s] INFO:colcon.colcon_core.package_selection:Skipping not selected package 'ur_dashboard_msgs' in 'src/ros_ur_driver/src/Universal_Robots_ROS2_Driver/ur_dashboard_msgs'
[4.219s] INFO:colcon.colcon_core.package_selection:Skipping not selected package 'ur_moveit_config' in 'src/ros_ur_driver/src/Universal_Robots_ROS2_Driver/ur_moveit_config'
[4.219s] INFO:colcon.colcon_core.package_selection:Skipping not selected package 'ur_controllers' in 'src/ros_ur_driver/src/Universal_Robots_ROS2_Driver/ur_controllers'
[4.219s] INFO:colcon.colcon_core.package_selection:Skipping not selected package 'ur_bringup' in 'src/ros_ur_driver/src/Universal_Robots_ROS2_Driver/ur_bringup'
[4.219s] INFO:colcon.colcon_core.package_selection:Skipping not selected package 'ur_robot_driver' in 'src/ros_ur_driver/src/Universal_Robots_ROS2_Driver/ur_robot_driver'
[4.219s] INFO:colcon.colcon_core.package_selection:Skipping not selected package 'ur_calibration' in 'src/ros_ur_driver/src/Universal_Robots_ROS2_Driver/ur_calibration'
[4.312s] Level 1:colcon.colcon_core.package_discovery:discover_packages(prefix_path) check parameters
[4.312s] Level 1:colcon.colcon_core.package_discovery:discover_packages(prefix_path) discover
[4.412s] DEBUG:colcon.colcon_installed_package_information.package_discovery:Found 2 installed packages in /home/kkk/total_care_project/install
[4.465s] DEBUG:colcon.colcon_installed_package_information.package_discovery:Found 344 installed packages in /home/kkk/ros2_humble/install
[4.467s] Level 1:colcon.colcon_core.package_discovery:discover_packages(prefix_path) using defaults
[4.597s] Level 5:colcon.colcon_core.verb:set package 'communication_interface' build argument 'cmake_args' from command line to 'None'
[4.597s] Level 5:colcon.colcon_core.verb:set package 'communication_interface' build argument 'cmake_target' from command line to 'None'
[4.597s] Level 5:colcon.colcon_core.verb:set package 'communication_interface' build argument 'cmake_target_skip_unavailable' from command line to 'False'
[4.597s] Level 5:colcon.colcon_core.verb:set package 'communication_interface' build argument 'cmake_clean_cache' from command line to 'False'
[4.597s] Level 5:colcon.colcon_core.verb:set package 'communication_interface' build argument 'cmake_clean_first' from command line to 'False'
[4.598s] Level 5:colcon.colcon_core.verb:set package 'communication_interface' build argument 'cmake_force_configure' from command line to 'False'
[4.598s] Level 5:colcon.colcon_core.verb:set package 'communication_interface' build argument 'ament_cmake_args' from command line to 'None'
[4.598s] Level 5:colcon.colcon_core.verb:set package 'communication_interface' build argument 'catkin_cmake_args' from command line to 'None'
[4.598s] Level 5:colcon.colcon_core.verb:set package 'communication_interface' build argument 'catkin_skip_building_tests' from command line to 'False'
[4.598s] DEBUG:colcon.colcon_core.verb:Building package 'communication_interface' with the following arguments: {'ament_cmake_args': None, 'build_base': '/home/kkk/total_care_project/build/communication_interface', 'catkin_cmake_args': None, 'catkin_skip_building_tests': False, 'cmake_args': None, 'cmake_clean_cache': False, 'cmake_clean_first': False, 'cmake_force_configure': False, 'cmake_target': None, 'cmake_target_skip_unavailable': False, 'install_base': '/home/kkk/total_care_project/install/communication_interface', 'merge_install': False, 'path': '/home/kkk/total_care_project/src/communication_interface', 'symlink_install': True, 'test_result_base': None}
[4.649s] INFO:colcon.colcon_core.executor:Executing jobs using 'parallel' executor
[4.696s] DEBUG:colcon.colcon_parallel_executor.executor.parallel:run_until_complete
[4.697s] INFO:colcon.colcon_ros.task.ament_cmake.build:Building ROS package in '/home/kkk/total_care_project/src/communication_interface' with build type 'ament_cmake'
[4.697s] INFO:colcon.colcon_cmake.task.cmake.build:Building CMake package in '/home/kkk/total_care_project/src/communication_interface'
[4.752s] INFO:colcon.colcon_core.plugin_system:Skipping extension 'colcon_core.shell.bat': Not used on non-Windows systems
[4.752s] INFO:colcon.colcon_core.shell:Skip shell extension 'powershell' for command environment: Not usable outside of PowerShell
[4.752s] DEBUG:colcon.colcon_core.shell:Skip shell extension 'dsv' for command environment
[4.946s] DEBUG:colcon.colcon_core.event_handler.log_command:Invoking command in '/home/kkk/total_care_project/build/communication_interface': CMAKE_PREFIX_PATH=${CMAKE_PREFIX_PATH}:/home/kkk/total_care_project/install/robot_base:/home/kkk/ros2_humble/install/rqt_bag_plugins:/home/kkk/ros2_humble/install/rqt_bag:/home/kkk/ros2_humble/install/ros2bag:/home/kkk/ros2_humble/install/tracetools_test:/home/kkk/ros2_humble/install/tracetools_launch:/home/kkk/ros2_humble/install/topic_monitor:/home/kkk/ros2_humble/install/tf2_tools:/home/kkk/ros2_humble/install/examples_tf2_py:/home/kkk/ros2_humble/install/tf2_ros_py:/home/kkk/ros2_humble/install/sros2:/home/kkk/ros2_humble/install/rqt_topic:/home/kkk/ros2_humble/install/rqt_srv:/home/kkk/ros2_humble/install/rqt_shell:/home/kkk/ros2_humble/install/rqt_service_caller:/home/kkk/ros2_humble/install/rqt_reconfigure:/home/kkk/ros2_humble/install/rqt_py_console:/home/kkk/ros2_humble/install/rqt_publisher:/home/kkk/ros2_humble/install/rqt_plot:/home/kkk/ros2_humble/install/rqt_action:/home/kkk/ros2_humble/install/rqt_msg:/home/kkk/ros2_humble/install/rqt_console:/home/kkk/ros2_humble/install/rqt:/home/kkk/ros2_humble/install/rqt_graph:/home/kkk/ros2_humble/install/rqt_gui_py:/home/kkk/ros2_humble/install/rqt_gui:/home/kkk/ros2_humble/install/ros2trace:/home/kkk/ros2_humble/install/ros2topic:/home/kkk/ros2_humble/install/ros2test:/home/kkk/ros2_humble/install/ros2component:/home/kkk/ros2_humble/install/ros2param:/home/kkk/ros2_humble/install/ros2lifecycle:/home/kkk/ros2_humble/install/ros2service:/home/kkk/ros2_humble/install/ros2run:/home/kkk/ros2_humble/install/ros2launch:/home/kkk/ros2_humble/install/ros2pkg:/home/kkk/ros2_humble/install/ros2node:/home/kkk/ros2_humble/install/ros2multicast:/home/kkk/ros2_humble/install/ros2interface:/home/kkk/ros2_humble/install/ros2doctor:/home/kkk/ros2_humble/install/ros2action:/home/kkk/ros2_humble/install/ros2cli:/home/kkk/ros2_humble/install/quality_of_service_demo_py:/home/kkk/ros2_humble/install/lifecycle_py:/home/kkk/ros2_humble/install/launch_testing_ros:/home/kkk/ros2_humble/install/launch_ros:/home/kkk/ros2_humble/install/examples_rclpy_pointcloud_publisher:/home/kkk/ros2_humble/install/examples_rclpy_minimal_subscriber:/home/kkk/ros2_humble/install/examples_rclpy_minimal_service:/home/kkk/ros2_humble/install/examples_rclpy_minimal_publisher:/home/kkk/ros2_humble/install/examples_rclpy_minimal_client:/home/kkk/ros2_humble/install/examples_rclpy_minimal_action_server:/home/kkk/ros2_humble/install/examples_rclpy_minimal_action_client:/home/kkk/ros2_humble/install/examples_rclpy_guard_conditions:/home/kkk/ros2_humble/install/examples_rclpy_executors:/home/kkk/ros2_humble/install/demo_nodes_py:/home/kkk/ros2_humble/install/action_tutorials_py:/home/kkk/ros2_humble/install/ament_uncrustify:/home/kkk/ros2_humble/install/tracetools_trace:/home/kkk/ros2_humble/install/tracetools_read:/home/kkk/ros2_humble/install/test_tracetools_launch:/home/kkk/ros2_humble/install/test_launch_ros:/home/kkk/ros2_humble/install/sensor_msgs_py:/home/kkk/ros2_humble/install/rpyutils:/home/kkk/ros2_humble/install/rosidl_runtime_py:/home/kkk/ros2_humble/install/rosidl_cli:/home/kkk/ros2_humble/install/launch_pytest:/home/kkk/ros2_humble/install/launch_testing:/home/kkk/ros2_humble/install/launch_yaml:/home/kkk/ros2_humble/install/launch_xml:/home/kkk/ros2_humble/install/launch:/home/kkk/ros2_humble/install/osrf_pycommon:/home/kkk/ros2_humble/install/launch_testing_examples:/home/kkk/ros2_humble/install/domain_coordinator:/home/kkk/ros2_humble/install/ament_xmllint:/home/kkk/ros2_humble/install/ament_pyflakes:/home/kkk/ros2_humble/install/ament_pycodestyle:/home/kkk/ros2_humble/install/ament_pep257:/home/kkk/ros2_humble/install/ament_pclint:/home/kkk/ros2_humble/install/ament_package:/home/kkk/ros2_humble/install/ament_mypy:/home/kkk/ros2_humble/install/ament_lint_cmake:/home/kkk/ros2_humble/install/ament_flake8:/home/kkk/ros2_humble/install/ament_copyright:/home/kkk/ros2_humble/install/ament_lint:/home/kkk/ros2_humble/install/ament_index_python:/home/kkk/ros2_humble/install/ament_cpplint:/home/kkk/ros2_humble/install/ament_cppcheck:/home/kkk/ros2_humble/install/ament_clang_tidy:/home/kkk/ros2_humble/install/ament_clang_format /usr/local/bin/cmake --build /home/kkk/total_care_project/build/communication_interface -- -j8 -l8
[16.163s] DEBUG:colcon.colcon_core.event_handler.log_command:Invoked command in '/home/kkk/total_care_project/build/communication_interface' returned '0': CMAKE_PREFIX_PATH=${CMAKE_PREFIX_PATH}:/home/kkk/total_care_project/install/robot_base:/home/kkk/ros2_humble/install/rqt_bag_plugins:/home/kkk/ros2_humble/install/rqt_bag:/home/kkk/ros2_humble/install/ros2bag:/home/kkk/ros2_humble/install/tracetools_test:/home/kkk/ros2_humble/install/tracetools_launch:/home/kkk/ros2_humble/install/topic_monitor:/home/kkk/ros2_humble/install/tf2_tools:/home/kkk/ros2_humble/install/examples_tf2_py:/home/kkk/ros2_humble/install/tf2_ros_py:/home/kkk/ros2_humble/install/sros2:/home/kkk/ros2_humble/install/rqt_topic:/home/kkk/ros2_humble/install/rqt_srv:/home/kkk/ros2_humble/install/rqt_shell:/home/kkk/ros2_humble/install/rqt_service_caller:/home/kkk/ros2_humble/install/rqt_reconfigure:/home/kkk/ros2_humble/install/rqt_py_console:/home/kkk/ros2_humble/install/rqt_publisher:/home/kkk/ros2_humble/install/rqt_plot:/home/kkk/ros2_humble/install/rqt_action:/home/kkk/ros2_humble/install/rqt_msg:/home/kkk/ros2_humble/install/rqt_console:/home/kkk/ros2_humble/install/rqt:/home/kkk/ros2_humble/install/rqt_graph:/home/kkk/ros2_humble/install/rqt_gui_py:/home/kkk/ros2_humble/install/rqt_gui:/home/kkk/ros2_humble/install/ros2trace:/home/kkk/ros2_humble/install/ros2topic:/home/kkk/ros2_humble/install/ros2test:/home/kkk/ros2_humble/install/ros2component:/home/kkk/ros2_humble/install/ros2param:/home/kkk/ros2_humble/install/ros2lifecycle:/home/kkk/ros2_humble/install/ros2service:/home/kkk/ros2_humble/install/ros2run:/home/kkk/ros2_humble/install/ros2launch:/home/kkk/ros2_humble/install/ros2pkg:/home/kkk/ros2_humble/install/ros2node:/home/kkk/ros2_humble/install/ros2multicast:/home/kkk/ros2_humble/install/ros2interface:/home/kkk/ros2_humble/install/ros2doctor:/home/kkk/ros2_humble/install/ros2action:/home/kkk/ros2_humble/install/ros2cli:/home/kkk/ros2_humble/install/quality_of_service_demo_py:/home/kkk/ros2_humble/install/lifecycle_py:/home/kkk/ros2_humble/install/launch_testing_ros:/home/kkk/ros2_humble/install/launch_ros:/home/kkk/ros2_humble/install/examples_rclpy_pointcloud_publisher:/home/kkk/ros2_humble/install/examples_rclpy_minimal_subscriber:/home/kkk/ros2_humble/install/examples_rclpy_minimal_service:/home/kkk/ros2_humble/install/examples_rclpy_minimal_publisher:/home/kkk/ros2_humble/install/examples_rclpy_minimal_client:/home/kkk/ros2_humble/install/examples_rclpy_minimal_action_server:/home/kkk/ros2_humble/install/examples_rclpy_minimal_action_client:/home/kkk/ros2_humble/install/examples_rclpy_guard_conditions:/home/kkk/ros2_humble/install/examples_rclpy_executors:/home/kkk/ros2_humble/install/demo_nodes_py:/home/kkk/ros2_humble/install/action_tutorials_py:/home/kkk/ros2_humble/install/ament_uncrustify:/home/kkk/ros2_humble/install/tracetools_trace:/home/kkk/ros2_humble/install/tracetools_read:/home/kkk/ros2_humble/install/test_tracetools_launch:/home/kkk/ros2_humble/install/test_launch_ros:/home/kkk/ros2_humble/install/sensor_msgs_py:/home/kkk/ros2_humble/install/rpyutils:/home/kkk/ros2_humble/install/rosidl_runtime_py:/home/kkk/ros2_humble/install/rosidl_cli:/home/kkk/ros2_humble/install/launch_pytest:/home/kkk/ros2_humble/install/launch_testing:/home/kkk/ros2_humble/install/launch_yaml:/home/kkk/ros2_humble/install/launch_xml:/home/kkk/ros2_humble/install/launch:/home/kkk/ros2_humble/install/osrf_pycommon:/home/kkk/ros2_humble/install/launch_testing_examples:/home/kkk/ros2_humble/install/domain_coordinator:/home/kkk/ros2_humble/install/ament_xmllint:/home/kkk/ros2_humble/install/ament_pyflakes:/home/kkk/ros2_humble/install/ament_pycodestyle:/home/kkk/ros2_humble/install/ament_pep257:/home/kkk/ros2_humble/install/ament_pclint:/home/kkk/ros2_humble/install/ament_package:/home/kkk/ros2_humble/install/ament_mypy:/home/kkk/ros2_humble/install/ament_lint_cmake:/home/kkk/ros2_humble/install/ament_flake8:/home/kkk/ros2_humble/install/ament_copyright:/home/kkk/ros2_humble/install/ament_lint:/home/kkk/ros2_humble/install/ament_index_python:/home/kkk/ros2_humble/install/ament_cpplint:/home/kkk/ros2_humble/install/ament_cppcheck:/home/kkk/ros2_humble/install/ament_clang_tidy:/home/kkk/ros2_humble/install/ament_clang_format /usr/local/bin/cmake --build /home/kkk/total_care_project/build/communication_interface -- -j8 -l8
[16.369s] DEBUG:colcon.colcon_core.event_handler.log_command:Invoking command in '/home/kkk/total_care_project/build/communication_interface': CMAKE_PREFIX_PATH=${CMAKE_PREFIX_PATH}:/home/kkk/total_care_project/install/robot_base:/home/kkk/ros2_humble/install/rqt_bag_plugins:/home/kkk/ros2_humble/install/rqt_bag:/home/kkk/ros2_humble/install/ros2bag:/home/kkk/ros2_humble/install/tracetools_test:/home/kkk/ros2_humble/install/tracetools_launch:/home/kkk/ros2_humble/install/topic_monitor:/home/kkk/ros2_humble/install/tf2_tools:/home/kkk/ros2_humble/install/examples_tf2_py:/home/kkk/ros2_humble/install/tf2_ros_py:/home/kkk/ros2_humble/install/sros2:/home/kkk/ros2_humble/install/rqt_topic:/home/kkk/ros2_humble/install/rqt_srv:/home/kkk/ros2_humble/install/rqt_shell:/home/kkk/ros2_humble/install/rqt_service_caller:/home/kkk/ros2_humble/install/rqt_reconfigure:/home/kkk/ros2_humble/install/rqt_py_console:/home/kkk/ros2_humble/install/rqt_publisher:/home/kkk/ros2_humble/install/rqt_plot:/home/kkk/ros2_humble/install/rqt_action:/home/kkk/ros2_humble/install/rqt_msg:/home/kkk/ros2_humble/install/rqt_console:/home/kkk/ros2_humble/install/rqt:/home/kkk/ros2_humble/install/rqt_graph:/home/kkk/ros2_humble/install/rqt_gui_py:/home/kkk/ros2_humble/install/rqt_gui:/home/kkk/ros2_humble/install/ros2trace:/home/kkk/ros2_humble/install/ros2topic:/home/kkk/ros2_humble/install/ros2test:/home/kkk/ros2_humble/install/ros2component:/home/kkk/ros2_humble/install/ros2param:/home/kkk/ros2_humble/install/ros2lifecycle:/home/kkk/ros2_humble/install/ros2service:/home/kkk/ros2_humble/install/ros2run:/home/kkk/ros2_humble/install/ros2launch:/home/kkk/ros2_humble/install/ros2pkg:/home/kkk/ros2_humble/install/ros2node:/home/kkk/ros2_humble/install/ros2multicast:/home/kkk/ros2_humble/install/ros2interface:/home/kkk/ros2_humble/install/ros2doctor:/home/kkk/ros2_humble/install/ros2action:/home/kkk/ros2_humble/install/ros2cli:/home/kkk/ros2_humble/install/quality_of_service_demo_py:/home/kkk/ros2_humble/install/lifecycle_py:/home/kkk/ros2_humble/install/launch_testing_ros:/home/kkk/ros2_humble/install/launch_ros:/home/kkk/ros2_humble/install/examples_rclpy_pointcloud_publisher:/home/kkk/ros2_humble/install/examples_rclpy_minimal_subscriber:/home/kkk/ros2_humble/install/examples_rclpy_minimal_service:/home/kkk/ros2_humble/install/examples_rclpy_minimal_publisher:/home/kkk/ros2_humble/install/examples_rclpy_minimal_client:/home/kkk/ros2_humble/install/examples_rclpy_minimal_action_server:/home/kkk/ros2_humble/install/examples_rclpy_minimal_action_client:/home/kkk/ros2_humble/install/examples_rclpy_guard_conditions:/home/kkk/ros2_humble/install/examples_rclpy_executors:/home/kkk/ros2_humble/install/demo_nodes_py:/home/kkk/ros2_humble/install/action_tutorials_py:/home/kkk/ros2_humble/install/ament_uncrustify:/home/kkk/ros2_humble/install/tracetools_trace:/home/kkk/ros2_humble/install/tracetools_read:/home/kkk/ros2_humble/install/test_tracetools_launch:/home/kkk/ros2_humble/install/test_launch_ros:/home/kkk/ros2_humble/install/sensor_msgs_py:/home/kkk/ros2_humble/install/rpyutils:/home/kkk/ros2_humble/install/rosidl_runtime_py:/home/kkk/ros2_humble/install/rosidl_cli:/home/kkk/ros2_humble/install/launch_pytest:/home/kkk/ros2_humble/install/launch_testing:/home/kkk/ros2_humble/install/launch_yaml:/home/kkk/ros2_humble/install/launch_xml:/home/kkk/ros2_humble/install/launch:/home/kkk/ros2_humble/install/osrf_pycommon:/home/kkk/ros2_humble/install/launch_testing_examples:/home/kkk/ros2_humble/install/domain_coordinator:/home/kkk/ros2_humble/install/ament_xmllint:/home/kkk/ros2_humble/install/ament_pyflakes:/home/kkk/ros2_humble/install/ament_pycodestyle:/home/kkk/ros2_humble/install/ament_pep257:/home/kkk/ros2_humble/install/ament_pclint:/home/kkk/ros2_humble/install/ament_package:/home/kkk/ros2_humble/install/ament_mypy:/home/kkk/ros2_humble/install/ament_lint_cmake:/home/kkk/ros2_humble/install/ament_flake8:/home/kkk/ros2_humble/install/ament_copyright:/home/kkk/ros2_humble/install/ament_lint:/home/kkk/ros2_humble/install/ament_index_python:/home/kkk/ros2_humble/install/ament_cpplint:/home/kkk/ros2_humble/install/ament_cppcheck:/home/kkk/ros2_humble/install/ament_clang_tidy:/home/kkk/ros2_humble/install/ament_clang_format /usr/local/bin/cmake --install /home/kkk/total_care_project/build/communication_interface
[17.337s] Level 1:colcon.colcon_core.environment:create_environment_scripts_only(communication_interface)
[17.338s] DEBUG:colcon.colcon_core.event_handler.log_command:Invoked command in '/home/kkk/total_care_project/build/communication_interface' returned '0': CMAKE_PREFIX_PATH=${CMAKE_PREFIX_PATH}:/home/kkk/total_care_project/install/robot_base:/home/kkk/ros2_humble/install/rqt_bag_plugins:/home/kkk/ros2_humble/install/rqt_bag:/home/kkk/ros2_humble/install/ros2bag:/home/kkk/ros2_humble/install/tracetools_test:/home/kkk/ros2_humble/install/tracetools_launch:/home/kkk/ros2_humble/install/topic_monitor:/home/kkk/ros2_humble/install/tf2_tools:/home/kkk/ros2_humble/install/examples_tf2_py:/home/kkk/ros2_humble/install/tf2_ros_py:/home/kkk/ros2_humble/install/sros2:/home/kkk/ros2_humble/install/rqt_topic:/home/kkk/ros2_humble/install/rqt_srv:/home/kkk/ros2_humble/install/rqt_shell:/home/kkk/ros2_humble/install/rqt_service_caller:/home/kkk/ros2_humble/install/rqt_reconfigure:/home/kkk/ros2_humble/install/rqt_py_console:/home/kkk/ros2_humble/install/rqt_publisher:/home/kkk/ros2_humble/install/rqt_plot:/home/kkk/ros2_humble/install/rqt_action:/home/kkk/ros2_humble/install/rqt_msg:/home/kkk/ros2_humble/install/rqt_console:/home/kkk/ros2_humble/install/rqt:/home/kkk/ros2_humble/install/rqt_graph:/home/kkk/ros2_humble/install/rqt_gui_py:/home/kkk/ros2_humble/install/rqt_gui:/home/kkk/ros2_humble/install/ros2trace:/home/kkk/ros2_humble/install/ros2topic:/home/kkk/ros2_humble/install/ros2test:/home/kkk/ros2_humble/install/ros2component:/home/kkk/ros2_humble/install/ros2param:/home/kkk/ros2_humble/install/ros2lifecycle:/home/kkk/ros2_humble/install/ros2service:/home/kkk/ros2_humble/install/ros2run:/home/kkk/ros2_humble/install/ros2launch:/home/kkk/ros2_humble/install/ros2pkg:/home/kkk/ros2_humble/install/ros2node:/home/kkk/ros2_humble/install/ros2multicast:/home/kkk/ros2_humble/install/ros2interface:/home/kkk/ros2_humble/install/ros2doctor:/home/kkk/ros2_humble/install/ros2action:/home/kkk/ros2_humble/install/ros2cli:/home/kkk/ros2_humble/install/quality_of_service_demo_py:/home/kkk/ros2_humble/install/lifecycle_py:/home/kkk/ros2_humble/install/launch_testing_ros:/home/kkk/ros2_humble/install/launch_ros:/home/kkk/ros2_humble/install/examples_rclpy_pointcloud_publisher:/home/kkk/ros2_humble/install/examples_rclpy_minimal_subscriber:/home/kkk/ros2_humble/install/examples_rclpy_minimal_service:/home/kkk/ros2_humble/install/examples_rclpy_minimal_publisher:/home/kkk/ros2_humble/install/examples_rclpy_minimal_client:/home/kkk/ros2_humble/install/examples_rclpy_minimal_action_server:/home/kkk/ros2_humble/install/examples_rclpy_minimal_action_client:/home/kkk/ros2_humble/install/examples_rclpy_guard_conditions:/home/kkk/ros2_humble/install/examples_rclpy_executors:/home/kkk/ros2_humble/install/demo_nodes_py:/home/kkk/ros2_humble/install/action_tutorials_py:/home/kkk/ros2_humble/install/ament_uncrustify:/home/kkk/ros2_humble/install/tracetools_trace:/home/kkk/ros2_humble/install/tracetools_read:/home/kkk/ros2_humble/install/test_tracetools_launch:/home/kkk/ros2_humble/install/test_launch_ros:/home/kkk/ros2_humble/install/sensor_msgs_py:/home/kkk/ros2_humble/install/rpyutils:/home/kkk/ros2_humble/install/rosidl_runtime_py:/home/kkk/ros2_humble/install/rosidl_cli:/home/kkk/ros2_humble/install/launch_pytest:/home/kkk/ros2_humble/install/launch_testing:/home/kkk/ros2_humble/install/launch_yaml:/home/kkk/ros2_humble/install/launch_xml:/home/kkk/ros2_humble/install/launch:/home/kkk/ros2_humble/install/osrf_pycommon:/home/kkk/ros2_humble/install/launch_testing_examples:/home/kkk/ros2_humble/install/domain_coordinator:/home/kkk/ros2_humble/install/ament_xmllint:/home/kkk/ros2_humble/install/ament_pyflakes:/home/kkk/ros2_humble/install/ament_pycodestyle:/home/kkk/ros2_humble/install/ament_pep257:/home/kkk/ros2_humble/install/ament_pclint:/home/kkk/ros2_humble/install/ament_package:/home/kkk/ros2_humble/install/ament_mypy:/home/kkk/ros2_humble/install/ament_lint_cmake:/home/kkk/ros2_humble/install/ament_flake8:/home/kkk/ros2_humble/install/ament_copyright:/home/kkk/ros2_humble/install/ament_lint:/home/kkk/ros2_humble/install/ament_index_python:/home/kkk/ros2_humble/install/ament_cpplint:/home/kkk/ros2_humble/install/ament_cppcheck:/home/kkk/ros2_humble/install/ament_clang_tidy:/home/kkk/ros2_humble/install/ament_clang_format /usr/local/bin/cmake --install /home/kkk/total_care_project/build/communication_interface
[17.397s] Level 1:colcon.colcon_core.environment:checking '/home/kkk/total_care_project/install/communication_interface' for CMake module files
[17.398s] Level 1:colcon.colcon_core.environment:checking '/home/kkk/total_care_project/install/communication_interface' for CMake config files
[17.399s] Level 1:colcon.colcon_core.shell:create_environment_hook('communication_interface', 'cmake_prefix_path')
[17.448s] INFO:colcon.colcon_core.shell:Creating environment hook '/home/kkk/total_care_project/install/communication_interface/share/communication_interface/hook/cmake_prefix_path.ps1'
[17.458s] INFO:colcon.colcon_core.shell:Creating environment descriptor '/home/kkk/total_care_project/install/communication_interface/share/communication_interface/hook/cmake_prefix_path.dsv'
[17.459s] INFO:colcon.colcon_core.shell:Creating environment hook '/home/kkk/total_care_project/install/communication_interface/share/communication_interface/hook/cmake_prefix_path.sh'
[17.460s] Level 1:colcon.colcon_core.environment:checking '/home/kkk/total_care_project/install/communication_interface/lib'
[17.460s] Level 1:colcon.colcon_core.shell:create_environment_hook('communication_interface', 'ld_library_path_lib')
[17.520s] INFO:colcon.colcon_core.shell:Creating environment hook '/home/kkk/total_care_project/install/communication_interface/share/communication_interface/hook/ld_library_path_lib.ps1'
[17.520s] INFO:colcon.colcon_core.shell:Creating environment descriptor '/home/kkk/total_care_project/install/communication_interface/share/communication_interface/hook/ld_library_path_lib.dsv'
[17.520s] INFO:colcon.colcon_core.shell:Creating environment hook '/home/kkk/total_care_project/install/communication_interface/share/communication_interface/hook/ld_library_path_lib.sh'
[17.521s] Level 1:colcon.colcon_core.environment:checking '/home/kkk/total_care_project/install/communication_interface/bin'
[17.521s] Level 1:colcon.colcon_core.environment:checking '/home/kkk/total_care_project/install/communication_interface/lib/pkgconfig/communication_interface.pc'
[17.523s] Level 1:colcon.colcon_core.environment:checking '/home/kkk/total_care_project/install/communication_interface/lib/python3.8/site-packages'
[17.523s] Level 1:colcon.colcon_core.shell:create_environment_hook('communication_interface', 'pythonpath')
[17.571s] INFO:colcon.colcon_core.shell:Creating environment hook '/home/kkk/total_care_project/install/communication_interface/share/communication_interface/hook/pythonpath.ps1'
[17.571s] INFO:colcon.colcon_core.shell:Creating environment descriptor '/home/kkk/total_care_project/install/communication_interface/share/communication_interface/hook/pythonpath.dsv'
[17.572s] INFO:colcon.colcon_core.shell:Creating environment hook '/home/kkk/total_care_project/install/communication_interface/share/communication_interface/hook/pythonpath.sh'
[17.572s] Level 1:colcon.colcon_core.environment:checking '/home/kkk/total_care_project/install/communication_interface/bin'
[17.619s] INFO:colcon.colcon_core.shell:Creating package script '/home/kkk/total_care_project/install/communication_interface/share/communication_interface/package.ps1'
[17.620s] INFO:colcon.colcon_core.shell:Creating package descriptor '/home/kkk/total_care_project/install/communication_interface/share/communication_interface/package.dsv'
[17.620s] INFO:colcon.colcon_core.shell:Creating package script '/home/kkk/total_care_project/install/communication_interface/share/communication_interface/package.sh'
[17.621s] INFO:colcon.colcon_core.shell:Creating package script '/home/kkk/total_care_project/install/communication_interface/share/communication_interface/package.bash'
[17.621s] INFO:colcon.colcon_core.shell:Creating package script '/home/kkk/total_care_project/install/communication_interface/share/communication_interface/package.zsh'
[17.622s] Level 1:colcon.colcon_core.environment:create_file_with_runtime_dependencies(/home/kkk/total_care_project/install/communication_interface/share/colcon-core/packages/communication_interface)
[17.894s] Level 1:colcon.colcon_core.environment:create_environment_scripts_only(communication_interface)
[17.944s] Level 1:colcon.colcon_core.environment:checking '/home/kkk/total_care_project/install/communication_interface' for CMake module files
[17.944s] Level 1:colcon.colcon_core.environment:checking '/home/kkk/total_care_project/install/communication_interface' for CMake config files
[17.945s] Level 1:colcon.colcon_core.shell:create_environment_hook('communication_interface', 'cmake_prefix_path')
[17.993s] INFO:colcon.colcon_core.shell:Creating environment hook '/home/kkk/total_care_project/install/communication_interface/share/communication_interface/hook/cmake_prefix_path.ps1'
[17.993s] INFO:colcon.colcon_core.shell:Creating environment descriptor '/home/kkk/total_care_project/install/communication_interface/share/communication_interface/hook/cmake_prefix_path.dsv'
[17.993s] INFO:colcon.colcon_core.shell:Creating environment hook '/home/kkk/total_care_project/install/communication_interface/share/communication_interface/hook/cmake_prefix_path.sh'
[17.994s] Level 1:colcon.colcon_core.environment:checking '/home/kkk/total_care_project/install/communication_interface/lib'
[17.994s] Level 1:colcon.colcon_core.shell:create_environment_hook('communication_interface', 'ld_library_path_lib')
[18.042s] INFO:colcon.colcon_core.shell:Creating environment hook '/home/kkk/total_care_project/install/communication_interface/share/communication_interface/hook/ld_library_path_lib.ps1'
[18.043s] INFO:colcon.colcon_core.shell:Creating environment descriptor '/home/kkk/total_care_project/install/communication_interface/share/communication_interface/hook/ld_library_path_lib.dsv'
[18.043s] INFO:colcon.colcon_core.shell:Creating environment hook '/home/kkk/total_care_project/install/communication_interface/share/communication_interface/hook/ld_library_path_lib.sh'
[18.043s] Level 1:colcon.colcon_core.environment:checking '/home/kkk/total_care_project/install/communication_interface/bin'
[18.043s] Level 1:colcon.colcon_core.environment:checking '/home/kkk/total_care_project/install/communication_interface/lib/pkgconfig/communication_interface.pc'
[18.044s] Level 1:colcon.colcon_core.environment:checking '/home/kkk/total_care_project/install/communication_interface/lib/python3.8/site-packages'
[18.044s] Level 1:colcon.colcon_core.shell:create_environment_hook('communication_interface', 'pythonpath')
[18.091s] INFO:colcon.colcon_core.shell:Creating environment hook '/home/kkk/total_care_project/install/communication_interface/share/communication_interface/hook/pythonpath.ps1'
[18.091s] INFO:colcon.colcon_core.shell:Creating environment descriptor '/home/kkk/total_care_project/install/communication_interface/share/communication_interface/hook/pythonpath.dsv'
[18.092s] INFO:colcon.colcon_core.shell:Creating environment hook '/home/kkk/total_care_project/install/communication_interface/share/communication_interface/hook/pythonpath.sh'
[18.092s] Level 1:colcon.colcon_core.environment:checking '/home/kkk/total_care_project/install/communication_interface/bin'
[18.138s] INFO:colcon.colcon_core.shell:Creating package script '/home/kkk/total_care_project/install/communication_interface/share/communication_interface/package.ps1'
[18.139s] INFO:colcon.colcon_core.shell:Creating package descriptor '/home/kkk/total_care_project/install/communication_interface/share/communication_interface/package.dsv'
[18.139s] INFO:colcon.colcon_core.shell:Creating package script '/home/kkk/total_care_project/install/communication_interface/share/communication_interface/package.sh'
[18.140s] INFO:colcon.colcon_core.shell:Creating package script '/home/kkk/total_care_project/install/communication_interface/share/communication_interface/package.bash'
[18.140s] INFO:colcon.colcon_core.shell:Creating package script '/home/kkk/total_care_project/install/communication_interface/share/communication_interface/package.zsh'
[18.140s] Level 1:colcon.colcon_core.environment:create_file_with_runtime_dependencies(/home/kkk/total_care_project/install/communication_interface/share/colcon-core/packages/communication_interface)
[18.141s] DEBUG:colcon.colcon_parallel_executor.executor.parallel:closing loop
[18.141s] DEBUG:colcon.colcon_parallel_executor.executor.parallel:loop closed
[18.141s] DEBUG:colcon.colcon_parallel_executor.executor.parallel:run_until_complete finished with '0'
[18.141s] DEBUG:colcon.colcon_core.event_reactor:joining thread
[18.209s] INFO:colcon.colcon_core.plugin_system:Skipping extension 'colcon_notification.desktop_notification.terminal_notifier': Not used on non-Darwin systems
[18.209s] INFO:colcon.colcon_core.plugin_system:Skipping extension 'colcon_notification.desktop_notification.win32': Not used on non-Windows systems
[18.209s] INFO:colcon.colcon_notification.desktop_notification:Sending desktop notification using 'notify2'
[18.228s] DEBUG:colcon.colcon_core.event_reactor:joined thread
[18.282s] INFO:colcon.colcon_core.shell:Creating prefix script '/home/kkk/total_care_project/install/local_setup.ps1'
[18.283s] INFO:colcon.colcon_core.shell:Creating prefix util module '/home/kkk/total_care_project/install/_local_setup_util_ps1.py'
[18.284s] INFO:colcon.colcon_core.shell:Creating prefix chain script '/home/kkk/total_care_project/install/setup.ps1'
[18.340s] INFO:colcon.colcon_core.shell:Creating prefix script '/home/kkk/total_care_project/install/local_setup.sh'
[18.341s] INFO:colcon.colcon_core.shell:Creating prefix util module '/home/kkk/total_care_project/install/_local_setup_util_sh.py'
[18.341s] INFO:colcon.colcon_core.shell:Creating prefix chain script '/home/kkk/total_care_project/install/setup.sh'
[18.398s] INFO:colcon.colcon_core.shell:Creating prefix script '/home/kkk/total_care_project/install/local_setup.bash'
[18.398s] INFO:colcon.colcon_core.shell:Creating prefix chain script '/home/kkk/total_care_project/install/setup.bash'
[18.454s] INFO:colcon.colcon_core.shell:Creating prefix script '/home/kkk/total_care_project/install/local_setup.zsh'
[18.454s] INFO:colcon.colcon_core.shell:Creating prefix chain script '/home/kkk/total_care_project/install/setup.zsh'
