[3.613s] DEBUG:colcon:Command line arguments: ['/usr/bin/colcon', 'build', '--symlink-install', '--packages-select', 'robot_base']
[3.613s] DEBUG:colcon:Parsed command line arguments: Namespace(allow_overriding=[], ament_cmake_args=None, base_paths=['.'], build_base='build', catkin_cmake_args=None, catkin_skip_building_tests=False, cmake_args=None, cmake_clean_cache=False, cmake_clean_first=False, cmake_force_configure=False, cmake_target=None, cmake_target_skip_unavailable=False, continue_on_error=False, event_handlers=None, executor='parallel', ignore_user_meta=False, install_base='install', log_base=None, log_level=None, main=<bound method BuildVerb.main of <colcon_core.verb.build.BuildVerb object at 0x7f01241b94f0>>, merge_install=False, metas=['./colcon.meta'], mixin=None, mixin_files=None, mixin_verb=('build',), packages_above=None, packages_above_and_dependencies=None, packages_above_depth=None, packages_end=None, packages_ignore=None, packages_ignore_regex=None, packages_select=['robot_base'], packages_select_build_failed=False, packages_select_by_dep=None, packages_select_regex=None, packages_select_test_failures=False, packages_skip=None, packages_skip_build_finished=False, packages_skip_by_dep=None, packages_skip_regex=None, packages_skip_test_passed=False, packages_skip_up_to=None, packages_start=None, packages_up_to=None, packages_up_to_regex=None, parallel_workers=8, paths=None, symlink_install=True, test_result_base=None, verb_extension=<colcon_core.verb.build.BuildVerb object at 0x7f01241b94f0>, verb_name='build', verb_parser=<colcon_mixin.mixin.mixin_argument.MixinArgumentDecorator object at 0x7f01236023d0>)
[3.737s] Level 1:colcon.colcon_core.package_discovery:discover_packages(colcon_meta) check parameters
[3.737s] Level 1:colcon.colcon_core.package_discovery:discover_packages(recursive) check parameters
[3.737s] Level 1:colcon.colcon_core.package_discovery:discover_packages(ignore) check parameters
[3.737s] Level 1:colcon.colcon_core.package_discovery:discover_packages(path) check parameters
[3.737s] Level 1:colcon.colcon_core.package_discovery:discover_packages(colcon_meta) discover
[3.737s] Level 1:colcon.colcon_core.package_discovery:discover_packages(recursive) discover
[3.737s] INFO:colcon.colcon_core.package_discovery:Crawling recursively for packages in '/home/kkk/total_care_project'
[3.737s] Level 1:colcon.colcon_core.package_identification:_identify(.) by extensions ['ignore', 'ignore_ament_install']
[3.738s] Level 1:colcon.colcon_core.package_identification:_identify(.) by extension 'ignore'
[3.738s] Level 1:colcon.colcon_core.package_identification:_identify(.) by extension 'ignore_ament_install'
[3.738s] Level 1:colcon.colcon_core.package_identification:_identify(.) by extensions ['colcon_pkg']
[3.738s] Level 1:colcon.colcon_core.package_identification:_identify(.) by extension 'colcon_pkg'
[3.738s] Level 1:colcon.colcon_core.package_identification:_identify(.) by extensions ['colcon_meta']
[3.738s] Level 1:colcon.colcon_core.package_identification:_identify(.) by extension 'colcon_meta'
[3.738s] Level 1:colcon.colcon_core.package_identification:_identify(.) by extensions ['ros']
[3.738s] Level 1:colcon.colcon_core.package_identification:_identify(.) by extension 'ros'
[3.748s] Level 1:colcon.colcon_core.package_identification:_identify(.) by extensions ['cmake', 'python']
[3.748s] Level 1:colcon.colcon_core.package_identification:_identify(.) by extension 'cmake'
[3.748s] Level 1:colcon.colcon_core.package_identification:_identify(.) by extension 'python'
[3.748s] Level 1:colcon.colcon_core.package_identification:_identify(.) by extensions ['python_setup_py']
[3.748s] Level 1:colcon.colcon_core.package_identification:_identify(.) by extension 'python_setup_py'
[3.748s] Level 1:colcon.colcon_core.package_identification:_identify(build) by extensions ['ignore', 'ignore_ament_install']
[3.749s] Level 1:colcon.colcon_core.package_identification:_identify(build) by extension 'ignore'
[3.749s] Level 1:colcon.colcon_core.package_identification:_identify(build) ignored
[3.749s] Level 1:colcon.colcon_core.package_identification:_identify(install) by extensions ['ignore', 'ignore_ament_install']
[3.749s] Level 1:colcon.colcon_core.package_identification:_identify(install) by extension 'ignore'
[3.749s] Level 1:colcon.colcon_core.package_identification:_identify(install) ignored
[3.749s] Level 1:colcon.colcon_core.package_identification:_identify(log) by extensions ['ignore', 'ignore_ament_install']
[3.749s] Level 1:colcon.colcon_core.package_identification:_identify(log) by extension 'ignore'
[3.749s] Level 1:colcon.colcon_core.package_identification:_identify(log) ignored
[3.749s] Level 1:colcon.colcon_core.package_identification:_identify(src) by extensions ['ignore', 'ignore_ament_install']
[3.749s] Level 1:colcon.colcon_core.package_identification:_identify(src) by extension 'ignore'
[3.749s] Level 1:colcon.colcon_core.package_identification:_identify(src) by extension 'ignore_ament_install'
[3.749s] Level 1:colcon.colcon_core.package_identification:_identify(src) by extensions ['colcon_pkg']
[3.749s] Level 1:colcon.colcon_core.package_identification:_identify(src) by extension 'colcon_pkg'
[3.749s] Level 1:colcon.colcon_core.package_identification:_identify(src) by extensions ['colcon_meta']
[3.749s] Level 1:colcon.colcon_core.package_identification:_identify(src) by extension 'colcon_meta'
[3.749s] Level 1:colcon.colcon_core.package_identification:_identify(src) by extensions ['ros']
[3.749s] Level 1:colcon.colcon_core.package_identification:_identify(src) by extension 'ros'
[3.749s] Level 1:colcon.colcon_core.package_identification:_identify(src) by extensions ['cmake', 'python']
[3.749s] Level 1:colcon.colcon_core.package_identification:_identify(src) by extension 'cmake'
[3.750s] Level 1:colcon.colcon_core.package_identification:_identify(src) by extension 'python'
[3.750s] Level 1:colcon.colcon_core.package_identification:_identify(src) by extensions ['python_setup_py']
[3.750s] Level 1:colcon.colcon_core.package_identification:_identify(src) by extension 'python_setup_py'
[3.750s] Level 1:colcon.colcon_core.package_identification:_identify(src/robot_base) by extensions ['ignore', 'ignore_ament_install']
[3.750s] Level 1:colcon.colcon_core.package_identification:_identify(src/robot_base) by extension 'ignore'
[3.750s] Level 1:colcon.colcon_core.package_identification:_identify(src/robot_base) by extension 'ignore_ament_install'
[3.750s] Level 1:colcon.colcon_core.package_identification:_identify(src/robot_base) by extensions ['colcon_pkg']
[3.750s] Level 1:colcon.colcon_core.package_identification:_identify(src/robot_base) by extension 'colcon_pkg'
[3.750s] Level 1:colcon.colcon_core.package_identification:_identify(src/robot_base) by extensions ['colcon_meta']
[3.750s] Level 1:colcon.colcon_core.package_identification:_identify(src/robot_base) by extension 'colcon_meta'
[3.750s] Level 1:colcon.colcon_core.package_identification:_identify(src/robot_base) by extensions ['ros']
[3.750s] Level 1:colcon.colcon_core.package_identification:_identify(src/robot_base) by extension 'ros'
[3.752s] DEBUG:colcon.colcon_core.package_identification:Package 'src/robot_base' with type 'ros.ament_python' and name 'robot_base'
[3.752s] Level 1:colcon.colcon_core.package_identification:_identify(src/ros_ur_driver) by extensions ['ignore', 'ignore_ament_install']
[3.752s] Level 1:colcon.colcon_core.package_identification:_identify(src/ros_ur_driver) by extension 'ignore'
[3.752s] Level 1:colcon.colcon_core.package_identification:_identify(src/ros_ur_driver) by extension 'ignore_ament_install'
[3.752s] Level 1:colcon.colcon_core.package_identification:_identify(src/ros_ur_driver) by extensions ['colcon_pkg']
[3.752s] Level 1:colcon.colcon_core.package_identification:_identify(src/ros_ur_driver) by extension 'colcon_pkg'
[3.752s] Level 1:colcon.colcon_core.package_identification:_identify(src/ros_ur_driver) by extensions ['colcon_meta']
[3.753s] Level 1:colcon.colcon_core.package_identification:_identify(src/ros_ur_driver) by extension 'colcon_meta'
[3.753s] Level 1:colcon.colcon_core.package_identification:_identify(src/ros_ur_driver) by extensions ['ros']
[3.753s] Level 1:colcon.colcon_core.package_identification:_identify(src/ros_ur_driver) by extension 'ros'
[3.753s] Level 1:colcon.colcon_core.package_identification:_identify(src/ros_ur_driver) by extensions ['cmake', 'python']
[3.753s] Level 1:colcon.colcon_core.package_identification:_identify(src/ros_ur_driver) by extension 'cmake'
[3.753s] Level 1:colcon.colcon_core.package_identification:_identify(src/ros_ur_driver) by extension 'python'
[3.753s] Level 1:colcon.colcon_core.package_identification:_identify(src/ros_ur_driver) by extensions ['python_setup_py']
[3.753s] Level 1:colcon.colcon_core.package_identification:_identify(src/ros_ur_driver) by extension 'python_setup_py'
[3.753s] Level 1:colcon.colcon_core.package_identification:_identify(src/ros_ur_driver/build) by extensions ['ignore', 'ignore_ament_install']
[3.753s] Level 1:colcon.colcon_core.package_identification:_identify(src/ros_ur_driver/build) by extension 'ignore'
[3.753s] Level 1:colcon.colcon_core.package_identification:_identify(src/ros_ur_driver/build) ignored
[3.753s] Level 1:colcon.colcon_core.package_identification:_identify(src/ros_ur_driver/install) by extensions ['ignore', 'ignore_ament_install']
[3.753s] Level 1:colcon.colcon_core.package_identification:_identify(src/ros_ur_driver/install) by extension 'ignore'
[3.753s] Level 1:colcon.colcon_core.package_identification:_identify(src/ros_ur_driver/install) ignored
[3.753s] Level 1:colcon.colcon_core.package_identification:_identify(src/ros_ur_driver/log) by extensions ['ignore', 'ignore_ament_install']
[3.753s] Level 1:colcon.colcon_core.package_identification:_identify(src/ros_ur_driver/log) by extension 'ignore'
[3.753s] Level 1:colcon.colcon_core.package_identification:_identify(src/ros_ur_driver/log) ignored
[3.753s] Level 1:colcon.colcon_core.package_identification:_identify(src/ros_ur_driver/src) by extensions ['ignore', 'ignore_ament_install']
[3.753s] Level 1:colcon.colcon_core.package_identification:_identify(src/ros_ur_driver/src) by extension 'ignore'
[3.754s] Level 1:colcon.colcon_core.package_identification:_identify(src/ros_ur_driver/src) by extension 'ignore_ament_install'
[3.754s] Level 1:colcon.colcon_core.package_identification:_identify(src/ros_ur_driver/src) by extensions ['colcon_pkg']
[3.754s] Level 1:colcon.colcon_core.package_identification:_identify(src/ros_ur_driver/src) by extension 'colcon_pkg'
[3.754s] Level 1:colcon.colcon_core.package_identification:_identify(src/ros_ur_driver/src) by extensions ['colcon_meta']
[3.754s] Level 1:colcon.colcon_core.package_identification:_identify(src/ros_ur_driver/src) by extension 'colcon_meta'
[3.754s] Level 1:colcon.colcon_core.package_identification:_identify(src/ros_ur_driver/src) by extensions ['ros']
[3.754s] Level 1:colcon.colcon_core.package_identification:_identify(src/ros_ur_driver/src) by extension 'ros'
[3.754s] Level 1:colcon.colcon_core.package_identification:_identify(src/ros_ur_driver/src) by extensions ['cmake', 'python']
[3.754s] Level 1:colcon.colcon_core.package_identification:_identify(src/ros_ur_driver/src) by extension 'cmake'
[3.754s] Level 1:colcon.colcon_core.package_identification:_identify(src/ros_ur_driver/src) by extension 'python'
[3.754s] Level 1:colcon.colcon_core.package_identification:_identify(src/ros_ur_driver/src) by extensions ['python_setup_py']
[3.754s] Level 1:colcon.colcon_core.package_identification:_identify(src/ros_ur_driver/src) by extension 'python_setup_py'
[3.754s] Level 1:colcon.colcon_core.package_identification:_identify(src/ros_ur_driver/src/Universal_Robots_ROS2_Driver) by extensions ['ignore', 'ignore_ament_install']
[3.754s] Level 1:colcon.colcon_core.package_identification:_identify(src/ros_ur_driver/src/Universal_Robots_ROS2_Driver) by extension 'ignore'
[3.754s] Level 1:colcon.colcon_core.package_identification:_identify(src/ros_ur_driver/src/Universal_Robots_ROS2_Driver) by extension 'ignore_ament_install'
[3.754s] Level 1:colcon.colcon_core.package_identification:_identify(src/ros_ur_driver/src/Universal_Robots_ROS2_Driver) by extensions ['colcon_pkg']
[3.754s] Level 1:colcon.colcon_core.package_identification:_identify(src/ros_ur_driver/src/Universal_Robots_ROS2_Driver) by extension 'colcon_pkg'
[3.754s] Level 1:colcon.colcon_core.package_identification:_identify(src/ros_ur_driver/src/Universal_Robots_ROS2_Driver) by extensions ['colcon_meta']
[3.754s] Level 1:colcon.colcon_core.package_identification:_identify(src/ros_ur_driver/src/Universal_Robots_ROS2_Driver) by extension 'colcon_meta'
[3.754s] Level 1:colcon.colcon_core.package_identification:_identify(src/ros_ur_driver/src/Universal_Robots_ROS2_Driver) by extensions ['ros']
[3.754s] Level 1:colcon.colcon_core.package_identification:_identify(src/ros_ur_driver/src/Universal_Robots_ROS2_Driver) by extension 'ros'
[3.754s] Level 1:colcon.colcon_core.package_identification:_identify(src/ros_ur_driver/src/Universal_Robots_ROS2_Driver) by extensions ['cmake', 'python']
[3.754s] Level 1:colcon.colcon_core.package_identification:_identify(src/ros_ur_driver/src/Universal_Robots_ROS2_Driver) by extension 'cmake'
[3.754s] Level 1:colcon.colcon_core.package_identification:_identify(src/ros_ur_driver/src/Universal_Robots_ROS2_Driver) by extension 'python'
[3.754s] Level 1:colcon.colcon_core.package_identification:_identify(src/ros_ur_driver/src/Universal_Robots_ROS2_Driver) by extensions ['python_setup_py']
[3.755s] Level 1:colcon.colcon_core.package_identification:_identify(src/ros_ur_driver/src/Universal_Robots_ROS2_Driver) by extension 'python_setup_py'
[3.755s] Level 1:colcon.colcon_core.package_identification:_identify(src/ros_ur_driver/src/Universal_Robots_ROS2_Driver/ur_bringup) by extensions ['ignore', 'ignore_ament_install']
[3.755s] Level 1:colcon.colcon_core.package_identification:_identify(src/ros_ur_driver/src/Universal_Robots_ROS2_Driver/ur_bringup) by extension 'ignore'
[3.755s] Level 1:colcon.colcon_core.package_identification:_identify(src/ros_ur_driver/src/Universal_Robots_ROS2_Driver/ur_bringup) by extension 'ignore_ament_install'
[3.755s] Level 1:colcon.colcon_core.package_identification:_identify(src/ros_ur_driver/src/Universal_Robots_ROS2_Driver/ur_bringup) by extensions ['colcon_pkg']
[3.755s] Level 1:colcon.colcon_core.package_identification:_identify(src/ros_ur_driver/src/Universal_Robots_ROS2_Driver/ur_bringup) by extension 'colcon_pkg'
[3.755s] Level 1:colcon.colcon_core.package_identification:_identify(src/ros_ur_driver/src/Universal_Robots_ROS2_Driver/ur_bringup) by extensions ['colcon_meta']
[3.755s] Level 1:colcon.colcon_core.package_identification:_identify(src/ros_ur_driver/src/Universal_Robots_ROS2_Driver/ur_bringup) by extension 'colcon_meta'
[3.755s] Level 1:colcon.colcon_core.package_identification:_identify(src/ros_ur_driver/src/Universal_Robots_ROS2_Driver/ur_bringup) by extensions ['ros']
[3.755s] Level 1:colcon.colcon_core.package_identification:_identify(src/ros_ur_driver/src/Universal_Robots_ROS2_Driver/ur_bringup) by extension 'ros'
[3.756s] DEBUG:colcon.colcon_core.package_identification:Package 'src/ros_ur_driver/src/Universal_Robots_ROS2_Driver/ur_bringup' with type 'ros.ament_cmake' and name 'ur_bringup'
[3.756s] Level 1:colcon.colcon_core.package_identification:_identify(src/ros_ur_driver/src/Universal_Robots_ROS2_Driver/ur_calibration) by extensions ['ignore', 'ignore_ament_install']
[3.756s] Level 1:colcon.colcon_core.package_identification:_identify(src/ros_ur_driver/src/Universal_Robots_ROS2_Driver/ur_calibration) by extension 'ignore'
[3.756s] Level 1:colcon.colcon_core.package_identification:_identify(src/ros_ur_driver/src/Universal_Robots_ROS2_Driver/ur_calibration) by extension 'ignore_ament_install'
[3.756s] Level 1:colcon.colcon_core.package_identification:_identify(src/ros_ur_driver/src/Universal_Robots_ROS2_Driver/ur_calibration) by extensions ['colcon_pkg']
[3.756s] Level 1:colcon.colcon_core.package_identification:_identify(src/ros_ur_driver/src/Universal_Robots_ROS2_Driver/ur_calibration) by extension 'colcon_pkg'
[3.756s] Level 1:colcon.colcon_core.package_identification:_identify(src/ros_ur_driver/src/Universal_Robots_ROS2_Driver/ur_calibration) by extensions ['colcon_meta']
[3.756s] Level 1:colcon.colcon_core.package_identification:_identify(src/ros_ur_driver/src/Universal_Robots_ROS2_Driver/ur_calibration) by extension 'colcon_meta'
[3.756s] Level 1:colcon.colcon_core.package_identification:_identify(src/ros_ur_driver/src/Universal_Robots_ROS2_Driver/ur_calibration) by extensions ['ros']
[3.756s] Level 1:colcon.colcon_core.package_identification:_identify(src/ros_ur_driver/src/Universal_Robots_ROS2_Driver/ur_calibration) by extension 'ros'
[3.757s] DEBUG:colcon.colcon_core.package_identification:Package 'src/ros_ur_driver/src/Universal_Robots_ROS2_Driver/ur_calibration' with type 'ros.ament_cmake' and name 'ur_calibration'
[3.757s] Level 1:colcon.colcon_core.package_identification:_identify(src/ros_ur_driver/src/Universal_Robots_ROS2_Driver/ur_controllers) by extensions ['ignore', 'ignore_ament_install']
[3.757s] Level 1:colcon.colcon_core.package_identification:_identify(src/ros_ur_driver/src/Universal_Robots_ROS2_Driver/ur_controllers) by extension 'ignore'
[3.757s] Level 1:colcon.colcon_core.package_identification:_identify(src/ros_ur_driver/src/Universal_Robots_ROS2_Driver/ur_controllers) by extension 'ignore_ament_install'
[3.757s] Level 1:colcon.colcon_core.package_identification:_identify(src/ros_ur_driver/src/Universal_Robots_ROS2_Driver/ur_controllers) by extensions ['colcon_pkg']
[3.757s] Level 1:colcon.colcon_core.package_identification:_identify(src/ros_ur_driver/src/Universal_Robots_ROS2_Driver/ur_controllers) by extension 'colcon_pkg'
[3.757s] Level 1:colcon.colcon_core.package_identification:_identify(src/ros_ur_driver/src/Universal_Robots_ROS2_Driver/ur_controllers) by extensions ['colcon_meta']
[3.757s] Level 1:colcon.colcon_core.package_identification:_identify(src/ros_ur_driver/src/Universal_Robots_ROS2_Driver/ur_controllers) by extension 'colcon_meta'
[3.757s] Level 1:colcon.colcon_core.package_identification:_identify(src/ros_ur_driver/src/Universal_Robots_ROS2_Driver/ur_controllers) by extensions ['ros']
[3.757s] Level 1:colcon.colcon_core.package_identification:_identify(src/ros_ur_driver/src/Universal_Robots_ROS2_Driver/ur_controllers) by extension 'ros'
[3.758s] DEBUG:colcon.colcon_core.package_identification:Package 'src/ros_ur_driver/src/Universal_Robots_ROS2_Driver/ur_controllers' with type 'ros.ament_cmake' and name 'ur_controllers'
[3.759s] Level 1:colcon.colcon_core.package_identification:_identify(src/ros_ur_driver/src/Universal_Robots_ROS2_Driver/ur_dashboard_msgs) by extensions ['ignore', 'ignore_ament_install']
[3.759s] Level 1:colcon.colcon_core.package_identification:_identify(src/ros_ur_driver/src/Universal_Robots_ROS2_Driver/ur_dashboard_msgs) by extension 'ignore'
[3.759s] Level 1:colcon.colcon_core.package_identification:_identify(src/ros_ur_driver/src/Universal_Robots_ROS2_Driver/ur_dashboard_msgs) by extension 'ignore_ament_install'
[3.759s] Level 1:colcon.colcon_core.package_identification:_identify(src/ros_ur_driver/src/Universal_Robots_ROS2_Driver/ur_dashboard_msgs) by extensions ['colcon_pkg']
[3.759s] Level 1:colcon.colcon_core.package_identification:_identify(src/ros_ur_driver/src/Universal_Robots_ROS2_Driver/ur_dashboard_msgs) by extension 'colcon_pkg'
[3.759s] Level 1:colcon.colcon_core.package_identification:_identify(src/ros_ur_driver/src/Universal_Robots_ROS2_Driver/ur_dashboard_msgs) by extensions ['colcon_meta']
[3.759s] Level 1:colcon.colcon_core.package_identification:_identify(src/ros_ur_driver/src/Universal_Robots_ROS2_Driver/ur_dashboard_msgs) by extension 'colcon_meta'
[3.759s] Level 1:colcon.colcon_core.package_identification:_identify(src/ros_ur_driver/src/Universal_Robots_ROS2_Driver/ur_dashboard_msgs) by extensions ['ros']
[3.759s] Level 1:colcon.colcon_core.package_identification:_identify(src/ros_ur_driver/src/Universal_Robots_ROS2_Driver/ur_dashboard_msgs) by extension 'ros'
[3.760s] DEBUG:colcon.colcon_core.package_identification:Package 'src/ros_ur_driver/src/Universal_Robots_ROS2_Driver/ur_dashboard_msgs' with type 'ros.ament_cmake' and name 'ur_dashboard_msgs'
[3.760s] Level 1:colcon.colcon_core.package_identification:_identify(src/ros_ur_driver/src/Universal_Robots_ROS2_Driver/ur_moveit_config) by extensions ['ignore', 'ignore_ament_install']
[3.760s] Level 1:colcon.colcon_core.package_identification:_identify(src/ros_ur_driver/src/Universal_Robots_ROS2_Driver/ur_moveit_config) by extension 'ignore'
[3.760s] Level 1:colcon.colcon_core.package_identification:_identify(src/ros_ur_driver/src/Universal_Robots_ROS2_Driver/ur_moveit_config) by extension 'ignore_ament_install'
[3.760s] Level 1:colcon.colcon_core.package_identification:_identify(src/ros_ur_driver/src/Universal_Robots_ROS2_Driver/ur_moveit_config) by extensions ['colcon_pkg']
[3.760s] Level 1:colcon.colcon_core.package_identification:_identify(src/ros_ur_driver/src/Universal_Robots_ROS2_Driver/ur_moveit_config) by extension 'colcon_pkg'
[3.760s] Level 1:colcon.colcon_core.package_identification:_identify(src/ros_ur_driver/src/Universal_Robots_ROS2_Driver/ur_moveit_config) by extensions ['colcon_meta']
[3.760s] Level 1:colcon.colcon_core.package_identification:_identify(src/ros_ur_driver/src/Universal_Robots_ROS2_Driver/ur_moveit_config) by extension 'colcon_meta'
[3.760s] Level 1:colcon.colcon_core.package_identification:_identify(src/ros_ur_driver/src/Universal_Robots_ROS2_Driver/ur_moveit_config) by extensions ['ros']
[3.760s] Level 1:colcon.colcon_core.package_identification:_identify(src/ros_ur_driver/src/Universal_Robots_ROS2_Driver/ur_moveit_config) by extension 'ros'
[3.761s] DEBUG:colcon.colcon_core.package_identification:Package 'src/ros_ur_driver/src/Universal_Robots_ROS2_Driver/ur_moveit_config' with type 'ros.ament_cmake' and name 'ur_moveit_config'
[3.761s] Level 1:colcon.colcon_core.package_identification:_identify(src/ros_ur_driver/src/Universal_Robots_ROS2_Driver/ur_robot_driver) by extensions ['ignore', 'ignore_ament_install']
[3.761s] Level 1:colcon.colcon_core.package_identification:_identify(src/ros_ur_driver/src/Universal_Robots_ROS2_Driver/ur_robot_driver) by extension 'ignore'
[3.761s] Level 1:colcon.colcon_core.package_identification:_identify(src/ros_ur_driver/src/Universal_Robots_ROS2_Driver/ur_robot_driver) by extension 'ignore_ament_install'
[3.761s] Level 1:colcon.colcon_core.package_identification:_identify(src/ros_ur_driver/src/Universal_Robots_ROS2_Driver/ur_robot_driver) by extensions ['colcon_pkg']
[3.761s] Level 1:colcon.colcon_core.package_identification:_identify(src/ros_ur_driver/src/Universal_Robots_ROS2_Driver/ur_robot_driver) by extension 'colcon_pkg'
[3.761s] Level 1:colcon.colcon_core.package_identification:_identify(src/ros_ur_driver/src/Universal_Robots_ROS2_Driver/ur_robot_driver) by extensions ['colcon_meta']
[3.761s] Level 1:colcon.colcon_core.package_identification:_identify(src/ros_ur_driver/src/Universal_Robots_ROS2_Driver/ur_robot_driver) by extension 'colcon_meta'
[3.761s] Level 1:colcon.colcon_core.package_identification:_identify(src/ros_ur_driver/src/Universal_Robots_ROS2_Driver/ur_robot_driver) by extensions ['ros']
[3.761s] Level 1:colcon.colcon_core.package_identification:_identify(src/ros_ur_driver/src/Universal_Robots_ROS2_Driver/ur_robot_driver) by extension 'ros'
[3.763s] DEBUG:colcon.colcon_core.package_identification:Package 'src/ros_ur_driver/src/Universal_Robots_ROS2_Driver/ur_robot_driver' with type 'ros.ament_cmake' and name 'ur_robot_driver'
[3.763s] Level 1:colcon.colcon_core.package_discovery:discover_packages(recursive) using defaults
[3.763s] Level 1:colcon.colcon_core.package_discovery:discover_packages(ignore) discover
[3.763s] Level 1:colcon.colcon_core.package_discovery:discover_packages(ignore) using defaults
[3.763s] Level 1:colcon.colcon_core.package_discovery:discover_packages(path) discover
[3.763s] Level 1:colcon.colcon_core.package_discovery:discover_packages(path) using defaults
[3.944s] INFO:colcon.colcon_core.package_selection:Skipping not selected package 'ur_dashboard_msgs' in 'src/ros_ur_driver/src/Universal_Robots_ROS2_Driver/ur_dashboard_msgs'
[3.945s] INFO:colcon.colcon_core.package_selection:Skipping not selected package 'ur_moveit_config' in 'src/ros_ur_driver/src/Universal_Robots_ROS2_Driver/ur_moveit_config'
[3.945s] INFO:colcon.colcon_core.package_selection:Skipping not selected package 'ur_controllers' in 'src/ros_ur_driver/src/Universal_Robots_ROS2_Driver/ur_controllers'
[3.945s] INFO:colcon.colcon_core.package_selection:Skipping not selected package 'ur_bringup' in 'src/ros_ur_driver/src/Universal_Robots_ROS2_Driver/ur_bringup'
[3.945s] INFO:colcon.colcon_core.package_selection:Skipping not selected package 'ur_robot_driver' in 'src/ros_ur_driver/src/Universal_Robots_ROS2_Driver/ur_robot_driver'
[3.945s] INFO:colcon.colcon_core.package_selection:Skipping not selected package 'ur_calibration' in 'src/ros_ur_driver/src/Universal_Robots_ROS2_Driver/ur_calibration'
[4.034s] Level 1:colcon.colcon_core.package_discovery:discover_packages(prefix_path) check parameters
[4.034s] Level 1:colcon.colcon_core.package_discovery:discover_packages(prefix_path) discover
[4.139s] DEBUG:colcon.colcon_installed_package_information.package_discovery:Found 344 installed packages in /home/kkk/ros2_humble/install
[4.141s] Level 1:colcon.colcon_core.package_discovery:discover_packages(prefix_path) using defaults
[4.267s] Level 5:colcon.colcon_core.verb:set package 'robot_base' build argument 'cmake_args' from command line to 'None'
[4.267s] Level 5:colcon.colcon_core.verb:set package 'robot_base' build argument 'cmake_target' from command line to 'None'
[4.267s] Level 5:colcon.colcon_core.verb:set package 'robot_base' build argument 'cmake_target_skip_unavailable' from command line to 'False'
[4.267s] Level 5:colcon.colcon_core.verb:set package 'robot_base' build argument 'cmake_clean_cache' from command line to 'False'
[4.267s] Level 5:colcon.colcon_core.verb:set package 'robot_base' build argument 'cmake_clean_first' from command line to 'False'
[4.267s] Level 5:colcon.colcon_core.verb:set package 'robot_base' build argument 'cmake_force_configure' from command line to 'False'
[4.267s] Level 5:colcon.colcon_core.verb:set package 'robot_base' build argument 'ament_cmake_args' from command line to 'None'
[4.267s] Level 5:colcon.colcon_core.verb:set package 'robot_base' build argument 'catkin_cmake_args' from command line to 'None'
[4.267s] Level 5:colcon.colcon_core.verb:set package 'robot_base' build argument 'catkin_skip_building_tests' from command line to 'False'
[4.267s] DEBUG:colcon.colcon_core.verb:Building package 'robot_base' with the following arguments: {'ament_cmake_args': None, 'build_base': '/home/kkk/total_care_project/build/robot_base', 'catkin_cmake_args': None, 'catkin_skip_building_tests': False, 'cmake_args': None, 'cmake_clean_cache': False, 'cmake_clean_first': False, 'cmake_force_configure': False, 'cmake_target': None, 'cmake_target_skip_unavailable': False, 'install_base': '/home/kkk/total_care_project/install/robot_base', 'merge_install': False, 'path': '/home/kkk/total_care_project/src/robot_base', 'symlink_install': True, 'test_result_base': None}
[4.312s] INFO:colcon.colcon_core.executor:Executing jobs using 'parallel' executor
[4.358s] DEBUG:colcon.colcon_parallel_executor.executor.parallel:run_until_complete
[4.358s] INFO:colcon.colcon_ros.task.ament_python.build:Building ROS package in '/home/kkk/total_care_project/src/robot_base' with build type 'ament_python'
[4.358s] Level 1:colcon.colcon_core.shell:create_environment_hook('robot_base', 'ament_prefix_path')
[4.409s] INFO:colcon.colcon_core.plugin_system:Skipping extension 'colcon_core.shell.bat': Not used on non-Windows systems
[4.409s] INFO:colcon.colcon_core.shell:Creating environment hook '/home/kkk/total_care_project/install/robot_base/share/robot_base/hook/ament_prefix_path.ps1'
[4.410s] INFO:colcon.colcon_core.shell:Creating environment descriptor '/home/kkk/total_care_project/install/robot_base/share/robot_base/hook/ament_prefix_path.dsv'
[4.410s] INFO:colcon.colcon_core.shell:Creating environment hook '/home/kkk/total_care_project/install/robot_base/share/robot_base/hook/ament_prefix_path.sh'
[4.458s] INFO:colcon.colcon_core.shell:Skip shell extension 'powershell' for command environment: Not usable outside of PowerShell
[4.458s] DEBUG:colcon.colcon_core.shell:Skip shell extension 'dsv' for command environment
[5.299s] INFO:colcon.colcon_core.task.python.build:Building Python package in '/home/kkk/total_care_project/src/robot_base'
[5.346s] INFO:colcon.colcon_core.shell:Skip shell extension 'powershell' for command environment: Not usable outside of PowerShell
[5.346s] DEBUG:colcon.colcon_core.shell:Skip shell extension 'dsv' for command environment
[6.453s] DEBUG:colcon.colcon_core.event_handler.log_command:Invoking command in '/home/kkk/total_care_project/build/robot_base': PYTHONPATH=/home/kkk/total_care_project/build/robot_base/prefix_override:/home/kkk/total_care_project/install/robot_base/lib/python3.8/site-packages:${PYTHONPATH} /usr/bin/python3 setup.py develop --editable --build-directory /home/kkk/total_care_project/build/robot_base/build --no-deps install_data
[7.513s] Level 1:colcon.colcon_core.shell:create_environment_hook('robot_base', 'pythonpath_develop')
[7.514s] DEBUG:colcon.colcon_core.event_handler.log_command:Invoked command in '/home/kkk/total_care_project/build/robot_base' returned '0': PYTHONPATH=/home/kkk/total_care_project/build/robot_base/prefix_override:/home/kkk/total_care_project/install/robot_base/lib/python3.8/site-packages:${PYTHONPATH} /usr/bin/python3 setup.py develop --editable --build-directory /home/kkk/total_care_project/build/robot_base/build --no-deps install_data
[7.565s] INFO:colcon.colcon_core.shell:Creating environment hook '/home/kkk/total_care_project/build/robot_base/share/robot_base/hook/pythonpath_develop.ps1'
[7.566s] INFO:colcon.colcon_core.shell:Creating environment descriptor '/home/kkk/total_care_project/build/robot_base/share/robot_base/hook/pythonpath_develop.dsv'
[7.566s] INFO:colcon.colcon_core.shell:Creating environment hook '/home/kkk/total_care_project/build/robot_base/share/robot_base/hook/pythonpath_develop.sh'
[7.617s] Level 1:colcon.colcon_core.environment:checking '/home/kkk/total_care_project/install/robot_base' for CMake module files
[7.617s] Level 1:colcon.colcon_core.environment:checking '/home/kkk/total_care_project/install/robot_base' for CMake config files
[7.618s] Level 1:colcon.colcon_core.environment:checking '/home/kkk/total_care_project/install/robot_base/lib'
[7.618s] Level 1:colcon.colcon_core.environment:checking '/home/kkk/total_care_project/install/robot_base/bin'
[7.618s] Level 1:colcon.colcon_core.shell:create_environment_hook('robot_base', 'path')
[7.664s] INFO:colcon.colcon_core.shell:Creating environment hook '/home/kkk/total_care_project/install/robot_base/share/robot_base/hook/path.ps1'
[7.664s] INFO:colcon.colcon_core.shell:Creating environment descriptor '/home/kkk/total_care_project/install/robot_base/share/robot_base/hook/path.dsv'
[7.664s] INFO:colcon.colcon_core.shell:Creating environment hook '/home/kkk/total_care_project/install/robot_base/share/robot_base/hook/path.sh'
[7.664s] Level 1:colcon.colcon_core.environment:checking '/home/kkk/total_care_project/install/robot_base/lib/pkgconfig/robot_base.pc'
[7.665s] Level 1:colcon.colcon_core.environment:checking '/home/kkk/total_care_project/install/robot_base/lib/python3.8/site-packages'
[7.665s] Level 1:colcon.colcon_core.shell:create_environment_hook('robot_base', 'pythonpath')
[7.711s] INFO:colcon.colcon_core.shell:Creating environment hook '/home/kkk/total_care_project/install/robot_base/share/robot_base/hook/pythonpath.ps1'
[7.711s] INFO:colcon.colcon_core.shell:Creating environment descriptor '/home/kkk/total_care_project/install/robot_base/share/robot_base/hook/pythonpath.dsv'
[7.712s] INFO:colcon.colcon_core.shell:Creating environment hook '/home/kkk/total_care_project/install/robot_base/share/robot_base/hook/pythonpath.sh'
[7.712s] Level 1:colcon.colcon_core.environment:checking '/home/kkk/total_care_project/install/robot_base/bin'
[7.712s] Level 1:colcon.colcon_core.shell:create_environment_hook('robot_base', 'pythonscriptspath')
[7.759s] INFO:colcon.colcon_core.shell:Creating environment hook '/home/kkk/total_care_project/install/robot_base/share/robot_base/hook/pythonscriptspath.ps1'
[7.759s] INFO:colcon.colcon_core.shell:Creating environment descriptor '/home/kkk/total_care_project/install/robot_base/share/robot_base/hook/pythonscriptspath.dsv'
[7.759s] INFO:colcon.colcon_core.shell:Creating environment hook '/home/kkk/total_care_project/install/robot_base/share/robot_base/hook/pythonscriptspath.sh'
[7.759s] Level 1:colcon.colcon_core.environment:create_environment_scripts_only(robot_base)
[7.806s] INFO:colcon.colcon_core.shell:Creating package script '/home/kkk/total_care_project/install/robot_base/share/robot_base/package.ps1'
[7.807s] INFO:colcon.colcon_core.shell:Creating package descriptor '/home/kkk/total_care_project/install/robot_base/share/robot_base/package.dsv'
[7.807s] INFO:colcon.colcon_core.shell:Creating package script '/home/kkk/total_care_project/install/robot_base/share/robot_base/package.sh'
[7.808s] INFO:colcon.colcon_core.shell:Creating package script '/home/kkk/total_care_project/install/robot_base/share/robot_base/package.bash'
[7.808s] INFO:colcon.colcon_core.shell:Creating package script '/home/kkk/total_care_project/install/robot_base/share/robot_base/package.zsh'
[7.809s] Level 1:colcon.colcon_core.environment:create_file_with_runtime_dependencies(/home/kkk/total_care_project/install/robot_base/share/colcon-core/packages/robot_base)
[7.809s] DEBUG:colcon.colcon_parallel_executor.executor.parallel:closing loop
[7.809s] DEBUG:colcon.colcon_parallel_executor.executor.parallel:loop closed
[7.809s] DEBUG:colcon.colcon_parallel_executor.executor.parallel:run_until_complete finished with '0'
[7.809s] DEBUG:colcon.colcon_core.event_reactor:joining thread
[7.874s] INFO:colcon.colcon_core.plugin_system:Skipping extension 'colcon_notification.desktop_notification.terminal_notifier': Not used on non-Darwin systems
[7.874s] INFO:colcon.colcon_core.plugin_system:Skipping extension 'colcon_notification.desktop_notification.win32': Not used on non-Windows systems
[7.874s] INFO:colcon.colcon_notification.desktop_notification:Sending desktop notification using 'notify2'
[7.898s] DEBUG:colcon.colcon_core.event_reactor:joined thread
[7.948s] INFO:colcon.colcon_core.shell:Creating prefix script '/home/kkk/total_care_project/install/local_setup.ps1'
[7.949s] INFO:colcon.colcon_core.shell:Creating prefix util module '/home/kkk/total_care_project/install/_local_setup_util_ps1.py'
[7.950s] INFO:colcon.colcon_core.shell:Creating prefix chain script '/home/kkk/total_care_project/install/setup.ps1'
[8.008s] INFO:colcon.colcon_core.shell:Creating prefix script '/home/kkk/total_care_project/install/local_setup.sh'
[8.009s] INFO:colcon.colcon_core.shell:Creating prefix util module '/home/kkk/total_care_project/install/_local_setup_util_sh.py'
[8.009s] INFO:colcon.colcon_core.shell:Creating prefix chain script '/home/kkk/total_care_project/install/setup.sh'
[8.067s] INFO:colcon.colcon_core.shell:Creating prefix script '/home/kkk/total_care_project/install/local_setup.bash'
[8.067s] INFO:colcon.colcon_core.shell:Creating prefix chain script '/home/kkk/total_care_project/install/setup.bash'
[8.124s] INFO:colcon.colcon_core.shell:Creating prefix script '/home/kkk/total_care_project/install/local_setup.zsh'
[8.124s] INFO:colcon.colcon_core.shell:Creating prefix chain script '/home/kkk/total_care_project/install/setup.zsh'
