-- The C compiler identification is GNU 9.4.0
-- The CXX compiler identification is GNU 9.4.0
-- Check for working C compiler: /usr/bin/cc
-- Check for working C compiler: /usr/bin/cc -- works
-- Detecting C compiler ABI info
-- Detecting C compiler ABI info - done
-- Detecting C compile features
-- Detecting C compile features - done
-- Check for working CXX compiler: /usr/bin/c++
-- Check for working CXX compiler: /usr/bin/c++ -- works
-- Detecting CXX compiler ABI info
-- Detecting CXX compiler ABI info - done
-- Detecting CXX compile features
-- Detecting CXX compile features - done
-- Found ament_cmake: 1.1.6 (/opt/ros/galactic/share/ament_cmake/cmake)
-- Found PythonInterp: /usr/bin/python3 (found suitable version "3.8.10", minimum required is "3") 
-- Using PYTHON_EXECUTABLE: /usr/bin/python3
-- Found controller_manager: 1.6.0 (/opt/ros/galactic/share/controller_manager/cmake)
-- Using all available rosidl_typesupport_c: rosidl_typesupport_fastrtps_c;rosidl_typesupport_introspection_c
-- Found rosidl_adapter: 2.2.3 (/opt/ros/galactic/share/rosidl_adapter/cmake)
-- Found OpenSSL: /usr/lib/x86_64-linux-gnu/libcrypto.so (found version "1.1.1f")  
-- Found FastRTPS: /opt/ros/galactic/include  
-- Using all available rosidl_typesupport_cpp: rosidl_typesupport_fastrtps_cpp;rosidl_typesupport_introspection_cpp
-- Found rmw_implementation_cmake: 3.3.1 (/opt/ros/galactic/share/rmw_implementation_cmake/cmake)
-- Found rmw_cyclonedds_cpp: 0.22.6 (/opt/ros/galactic/share/rmw_cyclonedds_cpp/cmake)
-- Using RMW implementation 'rmw_cyclonedds_cpp' as default
-- Looking for pthread.h
-- Looking for pthread.h - found
-- Performing Test CMAKE_HAVE_LIBC_PTHREAD
-- Performing Test CMAKE_HAVE_LIBC_PTHREAD - Failed
-- Looking for pthread_create in pthreads
-- Looking for pthread_create in pthreads - not found
-- Looking for pthread_create in pthread
-- Looking for pthread_create in pthread - found
-- Found Threads: TRUE  
-- Found rclpy: 1.9.3 (/opt/ros/galactic/share/rclpy/cmake)
-- Found std_srvs: 2.2.4 (/opt/ros/galactic/share/std_srvs/cmake)
-- Found tf2_geometry_msgs: 0.17.5 (/opt/ros/galactic/share/tf2_geometry_msgs/cmake)
-- Found eigen3_cmake_module: 0.1.1 (/opt/ros/galactic/share/eigen3_cmake_module/cmake)
-- Found Eigen3: TRUE (found version "3.3.7") 
-- Found ur_dashboard_msgs: 2.1.2 (/home/kkk/workspace/ros_ur_driver/install/ur_dashboard_msgs/share/ur_dashboard_msgs/cmake)
-- Found ur_controllers: 2.1.2 (/home/kkk/workspace/ros_ur_driver/install/ur_controllers/share/ur_controllers/cmake)
-- Found ur_description: 2.0.0 (/opt/ros/galactic/share/ur_description/cmake)
-- Found ur_bringup: 2.1.2 (/home/kkk/workspace/ros_ur_driver/install/ur_bringup/share/ur_bringup/cmake)
-- Found launch_testing_ament_cmake: 0.17.2 (/opt/ros/galactic/share/launch_testing_ament_cmake/cmake)
-- Found python_cmake_module: 0.8.1 (/opt/ros/galactic/share/python_cmake_module/cmake)
-- Found PythonInterp: /usr/bin/python3 (found suitable version "3.8.10", minimum required is "3.5") 
-- Found PythonLibs: /usr/lib/x86_64-linux-gnu/libpython3.8.so (found suitable version "3.8.10", minimum required is "3.5") 
-- Using PYTHON_EXECUTABLE: /usr/bin/python3
-- Using PYTHON_INCLUDE_DIRS: /usr/include/python3.8
-- Using PYTHON_LIBRARIES: /usr/lib/x86_64-linux-gnu/libpython3.8.so
-- Found PythonExtra: .so  
-- Configuring done
-- Generating done
-- Build files have been written to: /home/kkk/workspace/ros_ur_driver/build/ur_robot_driver
[35m[1mScanning dependencies of target ur_ros2_control_node[0m
[35m[1mScanning dependencies of target ament_cmake_python_copy_ur_robot_driver[0m
[35m[1mScanning dependencies of target controller_stopper_node[0m
[35m[1mScanning dependencies of target ur_robot_driver_plugin[0m
[35m[1mScanning dependencies of target dashboard_client[0m
[  0%] Built target ament_cmake_python_copy_ur_robot_driver
[35m[1mScanning dependencies of target ament_cmake_python_build_ur_robot_driver_egg[0m
[ 23%] [32mBuilding CXX object CMakeFiles/dashboard_client.dir/src/dashboard_client_node.cpp.o[0m
[ 23%] [32mBuilding CXX object CMakeFiles/dashboard_client.dir/src/urcl_log_handler.cpp.o[0m
[ 23%] [32mBuilding CXX object CMakeFiles/dashboard_client.dir/src/dashboard_client_ros.cpp.o[0m
[ 30%] [32mBuilding CXX object CMakeFiles/controller_stopper_node.dir/src/controller_stopper.cpp.o[0m
[ 38%] [32mBuilding CXX object CMakeFiles/controller_stopper_node.dir/src/controller_stopper_node.cpp.o[0m
[ 46%] [32mBuilding CXX object CMakeFiles/ur_ros2_control_node.dir/src/ur_ros2_control_node.cpp.o[0m
[ 53%] [32mBuilding CXX object CMakeFiles/ur_robot_driver_plugin.dir/src/dashboard_client_ros.cpp.o[0m
running egg_info
creating ur_robot_driver.egg-info
writing ur_robot_driver.egg-info/PKG-INFO
writing dependency_links to ur_robot_driver.egg-info/dependency_links.txt
writing top-level names to ur_robot_driver.egg-info/top_level.txt
writing manifest file 'ur_robot_driver.egg-info/SOURCES.txt'
reading manifest file 'ur_robot_driver.egg-info/SOURCES.txt'
writing manifest file 'ur_robot_driver.egg-info/SOURCES.txt'
[ 53%] Built target ament_cmake_python_build_ur_robot_driver_egg
[ 61%] [32mBuilding CXX object CMakeFiles/ur_robot_driver_plugin.dir/src/hardware_interface.cpp.o[0m
[ 69%] [32mBuilding CXX object CMakeFiles/ur_robot_driver_plugin.dir/src/urcl_log_handler.cpp.o[0m
[ 76%] [32m[1mLinking CXX executable ur_ros2_control_node[0m
[ 76%] Built target ur_ros2_control_node
[ 84%] [32m[1mLinking CXX executable controller_stopper_node[0m
[ 84%] Built target controller_stopper_node
[ 92%] [32m[1mLinking CXX executable dashboard_client[0m
[100%] [32m[1mLinking CXX shared library libur_robot_driver_plugin.so[0m
[100%] Built target dashboard_client
[100%] Built target ur_robot_driver_plugin
-- Install configuration: "Release"
-- Installing: /home/kkk/workspace/ros_ur_driver/install/ur_robot_driver/share/ur_robot_driver/hardware_interface_plugin.xml
-- Installing: /home/kkk/workspace/ros_ur_driver/install/ur_robot_driver/lib/ur_robot_driver/dashboard_client
-- Set runtime path of "/home/kkk/workspace/ros_ur_driver/install/ur_robot_driver/lib/ur_robot_driver/dashboard_client" to ""
-- Installing: /home/kkk/workspace/ros_ur_driver/install/ur_robot_driver/lib/ur_robot_driver/ur_ros2_control_node
-- Set runtime path of "/home/kkk/workspace/ros_ur_driver/install/ur_robot_driver/lib/ur_robot_driver/ur_ros2_control_node" to ""
-- Installing: /home/kkk/workspace/ros_ur_driver/install/ur_robot_driver/lib/ur_robot_driver/controller_stopper_node
-- Set runtime path of "/home/kkk/workspace/ros_ur_driver/install/ur_robot_driver/lib/ur_robot_driver/controller_stopper_node" to ""
-- Installing: /home/kkk/workspace/ros_ur_driver/install/ur_robot_driver/lib/libur_robot_driver_plugin.so
-- Set runtime path of "/home/kkk/workspace/ros_ur_driver/install/ur_robot_driver/lib/libur_robot_driver_plugin.so" to ""
-- Installing: /home/kkk/workspace/ros_ur_driver/install/ur_robot_driver/include
-- Installing: /home/kkk/workspace/ros_ur_driver/install/ur_robot_driver/include/ur_robot_driver
-- Installing: /home/kkk/workspace/ros_ur_driver/install/ur_robot_driver/include/ur_robot_driver/urcl_log_handler.hpp
-- Installing: /home/kkk/workspace/ros_ur_driver/install/ur_robot_driver/include/ur_robot_driver/hardware_interface.hpp
-- Installing: /home/kkk/workspace/ros_ur_driver/install/ur_robot_driver/include/ur_robot_driver/controller_stopper.hpp
-- Installing: /home/kkk/workspace/ros_ur_driver/install/ur_robot_driver/include/ur_robot_driver/dashboard_client_ros.hpp
-- Installing: /home/kkk/workspace/ros_ur_driver/install/ur_robot_driver/share/ur_robot_driver/environment/library_path.sh
-- Installing: /home/kkk/workspace/ros_ur_driver/install/ur_robot_driver/share/ur_robot_driver/environment/library_path.dsv
-- Installing: /home/kkk/workspace/ros_ur_driver/install/ur_robot_driver/share/ur_robot_driver/resources
-- Installing: /home/kkk/workspace/ros_ur_driver/install/ur_robot_driver/share/ur_robot_driver/resources/Dockerfile
-- Installing: /home/kkk/workspace/ros_ur_driver/install/ur_robot_driver/share/ur_robot_driver/resources/rtde_output_recipe.txt
-- Installing: /home/kkk/workspace/ros_ur_driver/install/ur_robot_driver/share/ur_robot_driver/resources/rs485-1.0.urcap
-- Installing: /home/kkk/workspace/ros_ur_driver/install/ur_robot_driver/share/ur_robot_driver/resources/ros_control.urscript
-- Installing: /home/kkk/workspace/ros_ur_driver/install/ur_robot_driver/share/ur_robot_driver/resources/rtde_input_recipe.txt
-- Installing: /home/kkk/workspace/ros_ur_driver/install/ur_robot_driver/share/ur_robot_driver/resources/externalcontrol-1.0.5.urcap
-- Installing: /home/kkk/workspace/ros_ur_driver/install/ur_robot_driver/share/ur_robot_driver/resources/ursim_driver
-- Installing: /home/kkk/workspace/ros_ur_driver/install/ur_robot_driver/share/ur_robot_driver/resources/ursim_driver/docker-compose.yml
-- Installing: /home/kkk/workspace/ros_ur_driver/install/ur_robot_driver/share/ur_robot_driver/resources/ursim_driver/driver
-- Installing: /home/kkk/workspace/ros_ur_driver/install/ur_robot_driver/share/ur_robot_driver/resources/ursim_driver/driver/Dockerfile
-- Installing: /home/kkk/workspace/ros_ur_driver/install/ur_robot_driver/share/ur_robot_driver/resources/ursim_driver/driver/entrypoint.sh
-- Installing: /home/kkk/workspace/ros_ur_driver/install/ur_robot_driver/share/ur_robot_driver/resources/ursim_driver/driver/wait_dashboard_server.sh
-- Installing: /home/kkk/workspace/ros_ur_driver/install/ur_robot_driver/share/ur_robot_driver/resources/ursim_driver/resources
-- Installing: /home/kkk/workspace/ros_ur_driver/install/ur_robot_driver/share/ur_robot_driver/resources/ursim_driver/resources/settings.png
-- Installing: /home/kkk/workspace/ros_ur_driver/install/ur_robot_driver/share/ur_robot_driver/resources/ursim_driver/resources/urcap_menu.png
-- Installing: /home/kkk/workspace/ros_ur_driver/install/ur_robot_driver/share/ur_robot_driver/resources/ursim_driver/resources/poweron_proc.png
-- Installing: /home/kkk/workspace/ros_ur_driver/install/ur_robot_driver/share/ur_robot_driver/resources/ursim_driver/resources/added_external_ctrl.png
-- Installing: /home/kkk/workspace/ros_ur_driver/install/ur_robot_driver/share/ur_robot_driver/resources/ursim_driver/resources/move_tab.png
-- Installing: /home/kkk/workspace/ros_ur_driver/install/ur_robot_driver/share/ur_robot_driver/resources/ursim_driver/resources/powered_on.png
-- Installing: /home/kkk/workspace/ros_ur_driver/install/ur_robot_driver/share/ur_robot_driver/resources/ursim_driver/resources/vncviewer_list.png
-- Installing: /home/kkk/workspace/ros_ur_driver/install/ur_robot_driver/share/ur_robot_driver/resources/ursim_driver/resources/added_urcap.png
-- Installing: /home/kkk/workspace/ros_ur_driver/install/ur_robot_driver/share/ur_robot_driver/resources/ursim_driver/resources/add_urcap.png
-- Installing: /home/kkk/workspace/ros_ur_driver/install/ur_robot_driver/share/ur_robot_driver/resources/ursim_driver/resources/rviz.png
-- Installing: /home/kkk/workspace/ros_ur_driver/install/ur_robot_driver/share/ur_robot_driver/resources/ursim_driver/resources/running_external_ctrl.png
-- Installing: /home/kkk/workspace/ros_ur_driver/install/ur_robot_driver/share/ur_robot_driver/resources/ursim_driver/resources/terminal.png
-- Installing: /home/kkk/workspace/ros_ur_driver/install/ur_robot_driver/share/ur_robot_driver/resources/ursim_driver/README.md
-- Installing: /home/kkk/workspace/ros_ur_driver/install/ur_robot_driver/share/ur_robot_driver/resources/ursim_driver/build_and_run_docker_ursim_with_driver.sh
-- Installing: /home/kkk/workspace/ros_ur_driver/install/ur_robot_driver/share/ur_robot_driver/resources/ursim_driver/ursim
-- Up-to-date: /home/kkk/workspace/ros_ur_driver/install/ur_robot_driver/include
-- Up-to-date: /home/kkk/workspace/ros_ur_driver/install/ur_robot_driver/include/ur_robot_driver
-- Up-to-date: /home/kkk/workspace/ros_ur_driver/install/ur_robot_driver/include/ur_robot_driver/urcl_log_handler.hpp
-- Up-to-date: /home/kkk/workspace/ros_ur_driver/install/ur_robot_driver/include/ur_robot_driver/hardware_interface.hpp
-- Up-to-date: /home/kkk/workspace/ros_ur_driver/install/ur_robot_driver/include/ur_robot_driver/controller_stopper.hpp
-- Up-to-date: /home/kkk/workspace/ros_ur_driver/install/ur_robot_driver/include/ur_robot_driver/dashboard_client_ros.hpp
-- Installing: /home/kkk/workspace/ros_ur_driver/install/ur_robot_driver/share/ur_robot_driver/environment/pythonpath.sh
-- Installing: /home/kkk/workspace/ros_ur_driver/install/ur_robot_driver/share/ur_robot_driver/environment/pythonpath.dsv
-- Installing: /home/kkk/workspace/ros_ur_driver/install/ur_robot_driver/lib/python3.8/site-packages//ur_robot_driver.egg-info
-- Installing: /home/kkk/workspace/ros_ur_driver/install/ur_robot_driver/lib/python3.8/site-packages//ur_robot_driver.egg-info/top_level.txt
-- Installing: /home/kkk/workspace/ros_ur_driver/install/ur_robot_driver/lib/python3.8/site-packages//ur_robot_driver.egg-info/SOURCES.txt
-- Installing: /home/kkk/workspace/ros_ur_driver/install/ur_robot_driver/lib/python3.8/site-packages//ur_robot_driver.egg-info/dependency_links.txt
-- Installing: /home/kkk/workspace/ros_ur_driver/install/ur_robot_driver/lib/python3.8/site-packages//ur_robot_driver.egg-info/PKG-INFO
-- Installing: /home/kkk/workspace/ros_ur_driver/install/ur_robot_driver/lib/python3.8/site-packages/ur_robot_driver
-- Installing: /home/kkk/workspace/ros_ur_driver/install/ur_robot_driver/lib/python3.8/site-packages/ur_robot_driver/__init__.py
Listing '/home/kkk/workspace/ros_ur_driver/install/ur_robot_driver/lib/python3.8/site-packages/ur_robot_driver'...
Compiling '/home/kkk/workspace/ros_ur_driver/install/ur_robot_driver/lib/python3.8/site-packages/ur_robot_driver/__init__.py'...
-- Installing: /home/kkk/workspace/ros_ur_driver/install/ur_robot_driver/lib/ur_robot_driver/tool_communication.py
-- Installing: /home/kkk/workspace/ros_ur_driver/install/ur_robot_driver/bin/wait_dashboard_server.sh
-- Installing: /home/kkk/workspace/ros_ur_driver/install/ur_robot_driver/share/ament_index/resource_index/package_run_dependencies/ur_robot_driver
-- Installing: /home/kkk/workspace/ros_ur_driver/install/ur_robot_driver/share/ament_index/resource_index/parent_prefix_path/ur_robot_driver
-- Installing: /home/kkk/workspace/ros_ur_driver/install/ur_robot_driver/share/ur_robot_driver/environment/ament_prefix_path.sh
-- Installing: /home/kkk/workspace/ros_ur_driver/install/ur_robot_driver/share/ur_robot_driver/environment/ament_prefix_path.dsv
-- Installing: /home/kkk/workspace/ros_ur_driver/install/ur_robot_driver/share/ur_robot_driver/environment/path.sh
-- Installing: /home/kkk/workspace/ros_ur_driver/install/ur_robot_driver/share/ur_robot_driver/environment/path.dsv
-- Installing: /home/kkk/workspace/ros_ur_driver/install/ur_robot_driver/share/ur_robot_driver/local_setup.bash
-- Installing: /home/kkk/workspace/ros_ur_driver/install/ur_robot_driver/share/ur_robot_driver/local_setup.sh
-- Installing: /home/kkk/workspace/ros_ur_driver/install/ur_robot_driver/share/ur_robot_driver/local_setup.zsh
-- Installing: /home/kkk/workspace/ros_ur_driver/install/ur_robot_driver/share/ur_robot_driver/local_setup.dsv
-- Installing: /home/kkk/workspace/ros_ur_driver/install/ur_robot_driver/share/ur_robot_driver/package.dsv
-- Installing: /home/kkk/workspace/ros_ur_driver/install/ur_robot_driver/share/ament_index/resource_index/packages/ur_robot_driver
-- Installing: /home/kkk/workspace/ros_ur_driver/install/ur_robot_driver/share/ament_index/resource_index/hardware_interface__pluginlib__plugin/ur_robot_driver
-- Installing: /home/kkk/workspace/ros_ur_driver/install/ur_robot_driver/share/ur_robot_driver/cmake/ament_cmake_export_include_directories-extras.cmake
-- Installing: /home/kkk/workspace/ros_ur_driver/install/ur_robot_driver/share/ur_robot_driver/cmake/ament_cmake_export_libraries-extras.cmake
-- Installing: /home/kkk/workspace/ros_ur_driver/install/ur_robot_driver/share/ur_robot_driver/cmake/ament_cmake_export_dependencies-extras.cmake
-- Installing: /home/kkk/workspace/ros_ur_driver/install/ur_robot_driver/share/ur_robot_driver/cmake/ur_robot_driverConfig.cmake
-- Installing: /home/kkk/workspace/ros_ur_driver/install/ur_robot_driver/share/ur_robot_driver/cmake/ur_robot_driverConfig-version.cmake
-- Installing: /home/kkk/workspace/ros_ur_driver/install/ur_robot_driver/share/ur_robot_driver/package.xml
