[0.019s] Invoking command in '/home/kkk/workspace/ros_ur_driver/build/ur_robot_driver': AMENT_PREFIX_PATH=/home/kkk/workspace/ros_ur_driver/install/ur_bringup:/home/kkk/workspace/ros_ur_driver/install/ur_controllers:/home/kkk/workspace/ros_ur_driver/install/ur_dashboard_msgs:${AMENT_PREFIX_PATH} CMAKE_PREFIX_PATH=/home/kkk/workspace/ros_ur_driver/install/ur_bringup:/home/kkk/workspace/ros_ur_driver/install/ur_controllers:/home/kkk/workspace/ros_ur_driver/install/ur_dashboard_msgs:/opt/ros/galactic LD_LIBRARY_PATH=/home/kkk/workspace/ros_ur_driver/install/ur_controllers/lib:/home/kkk/workspace/ros_ur_driver/install/ur_dashboard_msgs/lib:${LD_LIBRARY_PATH} PYTHONPATH=/home/kkk/workspace/ros_ur_driver/install/ur_dashboard_msgs/lib/python3.8/site-packages:${PYTHONPATH} /usr/bin/cmake /home/kkk/workspace/ros_ur_driver/src/Universal_Robots_ROS2_Driver/ur_robot_driver -DCMAKE_BUILD_TYPE=Release -DCMAKE_INSTALL_PREFIX=/home/kkk/workspace/ros_ur_driver/install/ur_robot_driver
[0.097s] -- The C compiler identification is GNU 9.4.0
[0.164s] -- The CXX compiler identification is GNU 9.4.0
[0.168s] -- Check for working C compiler: /usr/bin/cc
[0.264s] -- Check for working C compiler: /usr/bin/cc -- works
[0.265s] -- Detecting C compiler ABI info
[0.356s] -- Detecting C compiler ABI info - done
[0.375s] -- Detecting C compile features
[0.376s] -- Detecting C compile features - done
[0.378s] -- Check for working CXX compiler: /usr/bin/c++
[0.479s] -- Check for working CXX compiler: /usr/bin/c++ -- works
[0.481s] -- Detecting CXX compiler ABI info
[0.585s] -- Detecting CXX compiler ABI info - done
[0.604s] -- Detecting CXX compile features
[0.604s] -- Detecting CXX compile features - done
[0.606s] -- Found ament_cmake: 1.1.6 (/opt/ros/galactic/share/ament_cmake/cmake)
[0.636s] -- Found PythonInterp: /usr/bin/python3 (found suitable version "3.8.10", minimum required is "3") 
[0.636s] -- Using PYTHON_EXECUTABLE: /usr/bin/python3
[0.710s] -- Found controller_manager: 1.6.0 (/opt/ros/galactic/share/controller_manager/cmake)
[0.742s] -- Using all available rosidl_typesupport_c: rosidl_typesupport_fastrtps_c;rosidl_typesupport_introspection_c
[0.748s] -- Found rosidl_adapter: 2.2.3 (/opt/ros/galactic/share/rosidl_adapter/cmake)
[0.850s] -- Found OpenSSL: /usr/lib/x86_64-linux-gnu/libcrypto.so (found version "1.1.1f")  
[0.876s] -- Found FastRTPS: /opt/ros/galactic/include  
[0.949s] -- Using all available rosidl_typesupport_cpp: rosidl_typesupport_fastrtps_cpp;rosidl_typesupport_introspection_cpp
[1.460s] -- Found rmw_implementation_cmake: 3.3.1 (/opt/ros/galactic/share/rmw_implementation_cmake/cmake)
[1.463s] -- Found rmw_cyclonedds_cpp: 0.22.6 (/opt/ros/galactic/share/rmw_cyclonedds_cpp/cmake)
[1.481s] -- Using RMW implementation 'rmw_cyclonedds_cpp' as default
[1.483s] -- Looking for pthread.h
[1.584s] -- Looking for pthread.h - found
[1.584s] -- Performing Test CMAKE_HAVE_LIBC_PTHREAD
[1.684s] -- Performing Test CMAKE_HAVE_LIBC_PTHREAD - Failed
[1.685s] -- Looking for pthread_create in pthreads
[1.774s] -- Looking for pthread_create in pthreads - not found
[1.774s] -- Looking for pthread_create in pthread
[1.862s] -- Looking for pthread_create in pthread - found
[1.864s] -- Found Threads: TRUE  
[2.260s] -- Found rclpy: 1.9.3 (/opt/ros/galactic/share/rclpy/cmake)
[2.261s] -- Found std_srvs: 2.2.4 (/opt/ros/galactic/share/std_srvs/cmake)
[2.275s] -- Found tf2_geometry_msgs: 0.17.5 (/opt/ros/galactic/share/tf2_geometry_msgs/cmake)
[2.284s] -- Found eigen3_cmake_module: 0.1.1 (/opt/ros/galactic/share/eigen3_cmake_module/cmake)
[2.287s] -- Found Eigen3: TRUE (found version "3.3.7") 
[2.644s] -- Found ur_dashboard_msgs: 2.1.2 (/home/kkk/workspace/ros_ur_driver/install/ur_dashboard_msgs/share/ur_dashboard_msgs/cmake)
[3.357s] -- Found ur_controllers: 2.1.2 (/home/kkk/workspace/ros_ur_driver/install/ur_controllers/share/ur_controllers/cmake)
[3.899s] -- Found ur_description: 2.0.0 (/opt/ros/galactic/share/ur_description/cmake)
[3.899s] -- Found ur_bringup: 2.1.2 (/home/kkk/workspace/ros_ur_driver/install/ur_bringup/share/ur_bringup/cmake)
[3.910s] -- Found launch_testing_ament_cmake: 0.17.2 (/opt/ros/galactic/share/launch_testing_ament_cmake/cmake)
[3.914s] -- Found python_cmake_module: 0.8.1 (/opt/ros/galactic/share/python_cmake_module/cmake)
[3.938s] -- Found PythonInterp: /usr/bin/python3 (found suitable version "3.8.10", minimum required is "3.5") 
[3.948s] -- Found PythonLibs: /usr/lib/x86_64-linux-gnu/libpython3.8.so (found suitable version "3.8.10", minimum required is "3.5") 
[3.949s] -- Using PYTHON_EXECUTABLE: /usr/bin/python3
[3.949s] -- Using PYTHON_INCLUDE_DIRS: /usr/include/python3.8
[3.949s] -- Using PYTHON_LIBRARIES: /usr/lib/x86_64-linux-gnu/libpython3.8.so
[3.977s] -- Found PythonExtra: .so  
[3.985s] -- Configuring done
[4.126s] -- Generating done
[4.128s] -- Build files have been written to: /home/kkk/workspace/ros_ur_driver/build/ur_robot_driver
[4.137s] Invoked command in '/home/kkk/workspace/ros_ur_driver/build/ur_robot_driver' returned '0': AMENT_PREFIX_PATH=/home/kkk/workspace/ros_ur_driver/install/ur_bringup:/home/kkk/workspace/ros_ur_driver/install/ur_controllers:/home/kkk/workspace/ros_ur_driver/install/ur_dashboard_msgs:${AMENT_PREFIX_PATH} CMAKE_PREFIX_PATH=/home/kkk/workspace/ros_ur_driver/install/ur_bringup:/home/kkk/workspace/ros_ur_driver/install/ur_controllers:/home/kkk/workspace/ros_ur_driver/install/ur_dashboard_msgs:/opt/ros/galactic LD_LIBRARY_PATH=/home/kkk/workspace/ros_ur_driver/install/ur_controllers/lib:/home/kkk/workspace/ros_ur_driver/install/ur_dashboard_msgs/lib:${LD_LIBRARY_PATH} PYTHONPATH=/home/kkk/workspace/ros_ur_driver/install/ur_dashboard_msgs/lib/python3.8/site-packages:${PYTHONPATH} /usr/bin/cmake /home/kkk/workspace/ros_ur_driver/src/Universal_Robots_ROS2_Driver/ur_robot_driver -DCMAKE_BUILD_TYPE=Release -DCMAKE_INSTALL_PREFIX=/home/kkk/workspace/ros_ur_driver/install/ur_robot_driver
[4.142s] Invoking command in '/home/kkk/workspace/ros_ur_driver/build/ur_robot_driver': AMENT_PREFIX_PATH=/home/kkk/workspace/ros_ur_driver/install/ur_bringup:/home/kkk/workspace/ros_ur_driver/install/ur_controllers:/home/kkk/workspace/ros_ur_driver/install/ur_dashboard_msgs:${AMENT_PREFIX_PATH} CMAKE_PREFIX_PATH=/home/kkk/workspace/ros_ur_driver/install/ur_bringup:/home/kkk/workspace/ros_ur_driver/install/ur_controllers:/home/kkk/workspace/ros_ur_driver/install/ur_dashboard_msgs:/opt/ros/galactic LD_LIBRARY_PATH=/home/kkk/workspace/ros_ur_driver/install/ur_controllers/lib:/home/kkk/workspace/ros_ur_driver/install/ur_dashboard_msgs/lib:${LD_LIBRARY_PATH} PYTHONPATH=/home/kkk/workspace/ros_ur_driver/install/ur_dashboard_msgs/lib/python3.8/site-packages:${PYTHONPATH} /usr/bin/cmake --build /home/kkk/workspace/ros_ur_driver/build/ur_robot_driver -- -j8 -l8
[4.199s] [35m[1mScanning dependencies of target ur_ros2_control_node[0m
[4.200s] [35m[1mScanning dependencies of target ament_cmake_python_copy_ur_robot_driver[0m
[4.200s] [35m[1mScanning dependencies of target controller_stopper_node[0m
[4.202s] [35m[1mScanning dependencies of target ur_robot_driver_plugin[0m
[4.204s] [35m[1mScanning dependencies of target dashboard_client[0m
[4.219s] [  0%] Built target ament_cmake_python_copy_ur_robot_driver
[4.230s] [35m[1mScanning dependencies of target ament_cmake_python_build_ur_robot_driver_egg[0m
[4.253s] [ 23%] [32mBuilding CXX object CMakeFiles/dashboard_client.dir/src/dashboard_client_node.cpp.o[0m
[4.253s] [ 23%] [32mBuilding CXX object CMakeFiles/dashboard_client.dir/src/urcl_log_handler.cpp.o[0m
[4.253s] [ 23%] [32mBuilding CXX object CMakeFiles/dashboard_client.dir/src/dashboard_client_ros.cpp.o[0m
[4.269s] [ 30%] [32mBuilding CXX object CMakeFiles/controller_stopper_node.dir/src/controller_stopper.cpp.o[0m
[4.276s] [ 38%] [32mBuilding CXX object CMakeFiles/controller_stopper_node.dir/src/controller_stopper_node.cpp.o[0m
[4.278s] [ 46%] [32mBuilding CXX object CMakeFiles/ur_ros2_control_node.dir/src/ur_ros2_control_node.cpp.o[0m
[4.291s] [ 53%] [32mBuilding CXX object CMakeFiles/ur_robot_driver_plugin.dir/src/dashboard_client_ros.cpp.o[0m
[4.532s] running egg_info
[4.533s] creating ur_robot_driver.egg-info
[4.534s] writing ur_robot_driver.egg-info/PKG-INFO
[4.534s] writing dependency_links to ur_robot_driver.egg-info/dependency_links.txt
[4.534s] writing top-level names to ur_robot_driver.egg-info/top_level.txt
[4.537s] writing manifest file 'ur_robot_driver.egg-info/SOURCES.txt'
[4.598s] reading manifest file 'ur_robot_driver.egg-info/SOURCES.txt'
[4.599s] writing manifest file 'ur_robot_driver.egg-info/SOURCES.txt'
[4.656s] [ 53%] Built target ament_cmake_python_build_ur_robot_driver_egg
[4.669s] [ 61%] [32mBuilding CXX object CMakeFiles/ur_robot_driver_plugin.dir/src/hardware_interface.cpp.o[0m
[5.493s] [ 69%] [32mBuilding CXX object CMakeFiles/ur_robot_driver_plugin.dir/src/urcl_log_handler.cpp.o[0m
[10.059s] [ 76%] [32m[1mLinking CXX executable ur_ros2_control_node[0m
[10.468s] [ 76%] Built target ur_ros2_control_node
[17.008s] [ 84%] [32m[1mLinking CXX executable controller_stopper_node[0m
[17.255s] [ 84%] Built target controller_stopper_node
[17.923s] [ 92%] [32m[1mLinking CXX executable dashboard_client[0m
[18.036s] [100%] [32m[1mLinking CXX shared library libur_robot_driver_plugin.so[0m
[18.186s] [100%] Built target dashboard_client
[18.299s] [100%] Built target ur_robot_driver_plugin
[18.309s] Invoked command in '/home/kkk/workspace/ros_ur_driver/build/ur_robot_driver' returned '0': AMENT_PREFIX_PATH=/home/kkk/workspace/ros_ur_driver/install/ur_bringup:/home/kkk/workspace/ros_ur_driver/install/ur_controllers:/home/kkk/workspace/ros_ur_driver/install/ur_dashboard_msgs:${AMENT_PREFIX_PATH} CMAKE_PREFIX_PATH=/home/kkk/workspace/ros_ur_driver/install/ur_bringup:/home/kkk/workspace/ros_ur_driver/install/ur_controllers:/home/kkk/workspace/ros_ur_driver/install/ur_dashboard_msgs:/opt/ros/galactic LD_LIBRARY_PATH=/home/kkk/workspace/ros_ur_driver/install/ur_controllers/lib:/home/kkk/workspace/ros_ur_driver/install/ur_dashboard_msgs/lib:${LD_LIBRARY_PATH} PYTHONPATH=/home/kkk/workspace/ros_ur_driver/install/ur_dashboard_msgs/lib/python3.8/site-packages:${PYTHONPATH} /usr/bin/cmake --build /home/kkk/workspace/ros_ur_driver/build/ur_robot_driver -- -j8 -l8
[18.359s] Invoking command in '/home/kkk/workspace/ros_ur_driver/build/ur_robot_driver': AMENT_PREFIX_PATH=/home/kkk/workspace/ros_ur_driver/install/ur_bringup:/home/kkk/workspace/ros_ur_driver/install/ur_controllers:/home/kkk/workspace/ros_ur_driver/install/ur_dashboard_msgs:${AMENT_PREFIX_PATH} CMAKE_PREFIX_PATH=/home/kkk/workspace/ros_ur_driver/install/ur_bringup:/home/kkk/workspace/ros_ur_driver/install/ur_controllers:/home/kkk/workspace/ros_ur_driver/install/ur_dashboard_msgs:/opt/ros/galactic LD_LIBRARY_PATH=/home/kkk/workspace/ros_ur_driver/install/ur_controllers/lib:/home/kkk/workspace/ros_ur_driver/install/ur_dashboard_msgs/lib:${LD_LIBRARY_PATH} PYTHONPATH=/home/kkk/workspace/ros_ur_driver/install/ur_dashboard_msgs/lib/python3.8/site-packages:${PYTHONPATH} /usr/bin/cmake --install /home/kkk/workspace/ros_ur_driver/build/ur_robot_driver
[18.372s] -- Install configuration: "Release"
[18.372s] -- Installing: /home/kkk/workspace/ros_ur_driver/install/ur_robot_driver/share/ur_robot_driver/hardware_interface_plugin.xml
[18.373s] -- Installing: /home/kkk/workspace/ros_ur_driver/install/ur_robot_driver/lib/ur_robot_driver/dashboard_client
[18.373s] -- Set runtime path of "/home/kkk/workspace/ros_ur_driver/install/ur_robot_driver/lib/ur_robot_driver/dashboard_client" to ""
[18.373s] -- Installing: /home/kkk/workspace/ros_ur_driver/install/ur_robot_driver/lib/ur_robot_driver/ur_ros2_control_node
[18.374s] -- Set runtime path of "/home/kkk/workspace/ros_ur_driver/install/ur_robot_driver/lib/ur_robot_driver/ur_ros2_control_node" to ""
[18.374s] -- Installing: /home/kkk/workspace/ros_ur_driver/install/ur_robot_driver/lib/ur_robot_driver/controller_stopper_node
[18.374s] -- Set runtime path of "/home/kkk/workspace/ros_ur_driver/install/ur_robot_driver/lib/ur_robot_driver/controller_stopper_node" to ""
[18.374s] -- Installing: /home/kkk/workspace/ros_ur_driver/install/ur_robot_driver/lib/libur_robot_driver_plugin.so
[18.375s] -- Set runtime path of "/home/kkk/workspace/ros_ur_driver/install/ur_robot_driver/lib/libur_robot_driver_plugin.so" to ""
[18.376s] -- Installing: /home/kkk/workspace/ros_ur_driver/install/ur_robot_driver/include
[18.376s] -- Installing: /home/kkk/workspace/ros_ur_driver/install/ur_robot_driver/include/ur_robot_driver
[18.376s] -- Installing: /home/kkk/workspace/ros_ur_driver/install/ur_robot_driver/include/ur_robot_driver/urcl_log_handler.hpp
[18.376s] -- Installing: /home/kkk/workspace/ros_ur_driver/install/ur_robot_driver/include/ur_robot_driver/hardware_interface.hpp
[18.376s] -- Installing: /home/kkk/workspace/ros_ur_driver/install/ur_robot_driver/include/ur_robot_driver/controller_stopper.hpp
[18.376s] -- Installing: /home/kkk/workspace/ros_ur_driver/install/ur_robot_driver/include/ur_robot_driver/dashboard_client_ros.hpp
[18.376s] -- Installing: /home/kkk/workspace/ros_ur_driver/install/ur_robot_driver/share/ur_robot_driver/environment/library_path.sh
[18.377s] -- Installing: /home/kkk/workspace/ros_ur_driver/install/ur_robot_driver/share/ur_robot_driver/environment/library_path.dsv
[18.377s] -- Installing: /home/kkk/workspace/ros_ur_driver/install/ur_robot_driver/share/ur_robot_driver/resources
[18.377s] -- Installing: /home/kkk/workspace/ros_ur_driver/install/ur_robot_driver/share/ur_robot_driver/resources/Dockerfile
[18.377s] -- Installing: /home/kkk/workspace/ros_ur_driver/install/ur_robot_driver/share/ur_robot_driver/resources/rtde_output_recipe.txt
[18.377s] -- Installing: /home/kkk/workspace/ros_ur_driver/install/ur_robot_driver/share/ur_robot_driver/resources/rs485-1.0.urcap
[18.377s] -- Installing: /home/kkk/workspace/ros_ur_driver/install/ur_robot_driver/share/ur_robot_driver/resources/ros_control.urscript
[18.378s] -- Installing: /home/kkk/workspace/ros_ur_driver/install/ur_robot_driver/share/ur_robot_driver/resources/rtde_input_recipe.txt
[18.378s] -- Installing: /home/kkk/workspace/ros_ur_driver/install/ur_robot_driver/share/ur_robot_driver/resources/externalcontrol-1.0.5.urcap
[18.378s] -- Installing: /home/kkk/workspace/ros_ur_driver/install/ur_robot_driver/share/ur_robot_driver/resources/ursim_driver
[18.378s] -- Installing: /home/kkk/workspace/ros_ur_driver/install/ur_robot_driver/share/ur_robot_driver/resources/ursim_driver/docker-compose.yml
[18.378s] -- Installing: /home/kkk/workspace/ros_ur_driver/install/ur_robot_driver/share/ur_robot_driver/resources/ursim_driver/driver
[18.378s] -- Installing: /home/kkk/workspace/ros_ur_driver/install/ur_robot_driver/share/ur_robot_driver/resources/ursim_driver/driver/Dockerfile
[18.378s] -- Installing: /home/kkk/workspace/ros_ur_driver/install/ur_robot_driver/share/ur_robot_driver/resources/ursim_driver/driver/entrypoint.sh
[18.378s] -- Installing: /home/kkk/workspace/ros_ur_driver/install/ur_robot_driver/share/ur_robot_driver/resources/ursim_driver/driver/wait_dashboard_server.sh
[18.378s] -- Installing: /home/kkk/workspace/ros_ur_driver/install/ur_robot_driver/share/ur_robot_driver/resources/ursim_driver/resources
[18.379s] -- Installing: /home/kkk/workspace/ros_ur_driver/install/ur_robot_driver/share/ur_robot_driver/resources/ursim_driver/resources/settings.png
[18.379s] -- Installing: /home/kkk/workspace/ros_ur_driver/install/ur_robot_driver/share/ur_robot_driver/resources/ursim_driver/resources/urcap_menu.png
[18.379s] -- Installing: /home/kkk/workspace/ros_ur_driver/install/ur_robot_driver/share/ur_robot_driver/resources/ursim_driver/resources/poweron_proc.png
[18.379s] -- Installing: /home/kkk/workspace/ros_ur_driver/install/ur_robot_driver/share/ur_robot_driver/resources/ursim_driver/resources/added_external_ctrl.png
[18.379s] -- Installing: /home/kkk/workspace/ros_ur_driver/install/ur_robot_driver/share/ur_robot_driver/resources/ursim_driver/resources/move_tab.png
[18.379s] -- Installing: /home/kkk/workspace/ros_ur_driver/install/ur_robot_driver/share/ur_robot_driver/resources/ursim_driver/resources/powered_on.png
[18.379s] -- Installing: /home/kkk/workspace/ros_ur_driver/install/ur_robot_driver/share/ur_robot_driver/resources/ursim_driver/resources/vncviewer_list.png
[18.380s] -- Installing: /home/kkk/workspace/ros_ur_driver/install/ur_robot_driver/share/ur_robot_driver/resources/ursim_driver/resources/added_urcap.png
[18.380s] -- Installing: /home/kkk/workspace/ros_ur_driver/install/ur_robot_driver/share/ur_robot_driver/resources/ursim_driver/resources/add_urcap.png
[18.380s] -- Installing: /home/kkk/workspace/ros_ur_driver/install/ur_robot_driver/share/ur_robot_driver/resources/ursim_driver/resources/rviz.png
[18.380s] -- Installing: /home/kkk/workspace/ros_ur_driver/install/ur_robot_driver/share/ur_robot_driver/resources/ursim_driver/resources/running_external_ctrl.png
[18.380s] -- Installing: /home/kkk/workspace/ros_ur_driver/install/ur_robot_driver/share/ur_robot_driver/resources/ursim_driver/resources/terminal.png
[18.380s] -- Installing: /home/kkk/workspace/ros_ur_driver/install/ur_robot_driver/share/ur_robot_driver/resources/ursim_driver/README.md
[18.380s] -- Installing: /home/kkk/workspace/ros_ur_driver/install/ur_robot_driver/share/ur_robot_driver/resources/ursim_driver/build_and_run_docker_ursim_with_driver.sh
[18.380s] -- Installing: /home/kkk/workspace/ros_ur_driver/install/ur_robot_driver/share/ur_robot_driver/resources/ursim_driver/ursim
[18.381s] -- Up-to-date: /home/kkk/workspace/ros_ur_driver/install/ur_robot_driver/include
[18.381s] -- Up-to-date: /home/kkk/workspace/ros_ur_driver/install/ur_robot_driver/include/ur_robot_driver
[18.381s] -- Up-to-date: /home/kkk/workspace/ros_ur_driver/install/ur_robot_driver/include/ur_robot_driver/urcl_log_handler.hpp
[18.381s] -- Up-to-date: /home/kkk/workspace/ros_ur_driver/install/ur_robot_driver/include/ur_robot_driver/hardware_interface.hpp
[18.381s] -- Up-to-date: /home/kkk/workspace/ros_ur_driver/install/ur_robot_driver/include/ur_robot_driver/controller_stopper.hpp
[18.381s] -- Up-to-date: /home/kkk/workspace/ros_ur_driver/install/ur_robot_driver/include/ur_robot_driver/dashboard_client_ros.hpp
[18.381s] -- Installing: /home/kkk/workspace/ros_ur_driver/install/ur_robot_driver/share/ur_robot_driver/environment/pythonpath.sh
[18.381s] -- Installing: /home/kkk/workspace/ros_ur_driver/install/ur_robot_driver/share/ur_robot_driver/environment/pythonpath.dsv
[18.381s] -- Installing: /home/kkk/workspace/ros_ur_driver/install/ur_robot_driver/lib/python3.8/site-packages//ur_robot_driver.egg-info
[18.382s] -- Installing: /home/kkk/workspace/ros_ur_driver/install/ur_robot_driver/lib/python3.8/site-packages//ur_robot_driver.egg-info/top_level.txt
[18.382s] -- Installing: /home/kkk/workspace/ros_ur_driver/install/ur_robot_driver/lib/python3.8/site-packages//ur_robot_driver.egg-info/SOURCES.txt
[18.382s] -- Installing: /home/kkk/workspace/ros_ur_driver/install/ur_robot_driver/lib/python3.8/site-packages//ur_robot_driver.egg-info/dependency_links.txt
[18.382s] -- Installing: /home/kkk/workspace/ros_ur_driver/install/ur_robot_driver/lib/python3.8/site-packages//ur_robot_driver.egg-info/PKG-INFO
[18.382s] -- Installing: /home/kkk/workspace/ros_ur_driver/install/ur_robot_driver/lib/python3.8/site-packages/ur_robot_driver
[18.382s] -- Installing: /home/kkk/workspace/ros_ur_driver/install/ur_robot_driver/lib/python3.8/site-packages/ur_robot_driver/__init__.py
[18.407s] Listing '/home/kkk/workspace/ros_ur_driver/install/ur_robot_driver/lib/python3.8/site-packages/ur_robot_driver'...
[18.407s] Compiling '/home/kkk/workspace/ros_ur_driver/install/ur_robot_driver/lib/python3.8/site-packages/ur_robot_driver/__init__.py'...
[18.411s] -- Installing: /home/kkk/workspace/ros_ur_driver/install/ur_robot_driver/lib/ur_robot_driver/tool_communication.py
[18.411s] -- Installing: /home/kkk/workspace/ros_ur_driver/install/ur_robot_driver/bin/wait_dashboard_server.sh
[18.412s] -- Installing: /home/kkk/workspace/ros_ur_driver/install/ur_robot_driver/share/ament_index/resource_index/package_run_dependencies/ur_robot_driver
[18.412s] -- Installing: /home/kkk/workspace/ros_ur_driver/install/ur_robot_driver/share/ament_index/resource_index/parent_prefix_path/ur_robot_driver
[18.412s] -- Installing: /home/kkk/workspace/ros_ur_driver/install/ur_robot_driver/share/ur_robot_driver/environment/ament_prefix_path.sh
[18.412s] -- Installing: /home/kkk/workspace/ros_ur_driver/install/ur_robot_driver/share/ur_robot_driver/environment/ament_prefix_path.dsv
[18.413s] -- Installing: /home/kkk/workspace/ros_ur_driver/install/ur_robot_driver/share/ur_robot_driver/environment/path.sh
[18.413s] -- Installing: /home/kkk/workspace/ros_ur_driver/install/ur_robot_driver/share/ur_robot_driver/environment/path.dsv
[18.413s] -- Installing: /home/kkk/workspace/ros_ur_driver/install/ur_robot_driver/share/ur_robot_driver/local_setup.bash
[18.413s] -- Installing: /home/kkk/workspace/ros_ur_driver/install/ur_robot_driver/share/ur_robot_driver/local_setup.sh
[18.413s] -- Installing: /home/kkk/workspace/ros_ur_driver/install/ur_robot_driver/share/ur_robot_driver/local_setup.zsh
[18.414s] -- Installing: /home/kkk/workspace/ros_ur_driver/install/ur_robot_driver/share/ur_robot_driver/local_setup.dsv
[18.414s] -- Installing: /home/kkk/workspace/ros_ur_driver/install/ur_robot_driver/share/ur_robot_driver/package.dsv
[18.414s] -- Installing: /home/kkk/workspace/ros_ur_driver/install/ur_robot_driver/share/ament_index/resource_index/packages/ur_robot_driver
[18.415s] -- Installing: /home/kkk/workspace/ros_ur_driver/install/ur_robot_driver/share/ament_index/resource_index/hardware_interface__pluginlib__plugin/ur_robot_driver
[18.415s] -- Installing: /home/kkk/workspace/ros_ur_driver/install/ur_robot_driver/share/ur_robot_driver/cmake/ament_cmake_export_include_directories-extras.cmake
[18.415s] -- Installing: /home/kkk/workspace/ros_ur_driver/install/ur_robot_driver/share/ur_robot_driver/cmake/ament_cmake_export_libraries-extras.cmake
[18.415s] -- Installing: /home/kkk/workspace/ros_ur_driver/install/ur_robot_driver/share/ur_robot_driver/cmake/ament_cmake_export_dependencies-extras.cmake
[18.415s] -- Installing: /home/kkk/workspace/ros_ur_driver/install/ur_robot_driver/share/ur_robot_driver/cmake/ur_robot_driverConfig.cmake
[18.416s] -- Installing: /home/kkk/workspace/ros_ur_driver/install/ur_robot_driver/share/ur_robot_driver/cmake/ur_robot_driverConfig-version.cmake
[18.416s] -- Installing: /home/kkk/workspace/ros_ur_driver/install/ur_robot_driver/share/ur_robot_driver/package.xml
[18.424s] Invoked command in '/home/kkk/workspace/ros_ur_driver/build/ur_robot_driver' returned '0': AMENT_PREFIX_PATH=/home/kkk/workspace/ros_ur_driver/install/ur_bringup:/home/kkk/workspace/ros_ur_driver/install/ur_controllers:/home/kkk/workspace/ros_ur_driver/install/ur_dashboard_msgs:${AMENT_PREFIX_PATH} CMAKE_PREFIX_PATH=/home/kkk/workspace/ros_ur_driver/install/ur_bringup:/home/kkk/workspace/ros_ur_driver/install/ur_controllers:/home/kkk/workspace/ros_ur_driver/install/ur_dashboard_msgs:/opt/ros/galactic LD_LIBRARY_PATH=/home/kkk/workspace/ros_ur_driver/install/ur_controllers/lib:/home/kkk/workspace/ros_ur_driver/install/ur_dashboard_msgs/lib:${LD_LIBRARY_PATH} PYTHONPATH=/home/kkk/workspace/ros_ur_driver/install/ur_dashboard_msgs/lib/python3.8/site-packages:${PYTHONPATH} /usr/bin/cmake --install /home/kkk/workspace/ros_ur_driver/build/ur_robot_driver
