[0.305s] DEBUG:colcon:Command line arguments: ['/usr/bin/colcon', 'build', '--cmake-args', '-DCMAKE_BUILD_TYPE=Release']
[0.306s] DEBUG:colcon:Parsed command line arguments: Namespace(allow_overriding=[], ament_cmake_args=None, base_paths=['.'], build_base='build', catkin_cmake_args=None, catkin_skip_building_tests=False, cmake_args=['-DCMAKE_BUILD_TYPE=Release'], cmake_clean_cache=False, cmake_clean_first=False, cmake_force_configure=False, cmake_target=None, cmake_target_skip_unavailable=False, continue_on_error=False, event_handlers=None, executor='parallel', ignore_user_meta=False, install_base='install', log_base=None, log_level=None, main=<bound method BuildVerb.main of <colcon_core.verb.build.BuildVerb object at 0x7f20ff8286a0>>, merge_install=False, metas=['./colcon.meta'], packages_above=None, packages_above_and_dependencies=None, packages_above_depth=None, packages_end=None, packages_ignore=None, packages_ignore_regex=None, packages_select=None, packages_select_build_failed=False, packages_select_by_dep=None, packages_select_regex=None, packages_select_test_failures=False, packages_skip=None, packages_skip_build_finished=False, packages_skip_by_dep=None, packages_skip_regex=None, packages_skip_test_passed=False, packages_skip_up_to=None, packages_start=None, packages_up_to=None, packages_up_to_regex=None, parallel_workers=8, paths=None, symlink_install=False, test_result_base=None, verb_extension=<colcon_core.verb.build.BuildVerb object at 0x7f20ff8286a0>, verb_name='build', verb_parser=<colcon_defaults.argument_parser.defaults.DefaultArgumentsDecorator object at 0x7f20ff828be0>)
[0.336s] Level 1:colcon.colcon_core.package_discovery:discover_packages(colcon_meta) check parameters
[0.336s] Level 1:colcon.colcon_core.package_discovery:discover_packages(recursive) check parameters
[0.336s] Level 1:colcon.colcon_core.package_discovery:discover_packages(ignore) check parameters
[0.336s] Level 1:colcon.colcon_core.package_discovery:discover_packages(path) check parameters
[0.336s] Level 1:colcon.colcon_core.package_discovery:discover_packages(colcon_meta) discover
[0.336s] Level 1:colcon.colcon_core.package_discovery:discover_packages(recursive) discover
[0.336s] INFO:colcon.colcon_core.package_discovery:Crawling recursively for packages in '/home/kkk/workspace/ros_ur_driver'
[0.336s] Level 1:colcon.colcon_core.package_identification:_identify(.) by extensions ['ignore', 'ignore_ament_install']
[0.336s] Level 1:colcon.colcon_core.package_identification:_identify(.) by extension 'ignore'
[0.336s] Level 1:colcon.colcon_core.package_identification:_identify(.) by extension 'ignore_ament_install'
[0.337s] Level 1:colcon.colcon_core.package_identification:_identify(.) by extensions ['colcon_pkg']
[0.337s] Level 1:colcon.colcon_core.package_identification:_identify(.) by extension 'colcon_pkg'
[0.337s] Level 1:colcon.colcon_core.package_identification:_identify(.) by extensions ['colcon_meta']
[0.337s] Level 1:colcon.colcon_core.package_identification:_identify(.) by extension 'colcon_meta'
[0.337s] Level 1:colcon.colcon_core.package_identification:_identify(.) by extensions ['ros']
[0.337s] Level 1:colcon.colcon_core.package_identification:_identify(.) by extension 'ros'
[0.355s] Level 1:colcon.colcon_core.package_identification:_identify(.) by extensions ['cmake', 'python']
[0.356s] Level 1:colcon.colcon_core.package_identification:_identify(.) by extension 'cmake'
[0.356s] Level 1:colcon.colcon_core.package_identification:_identify(.) by extension 'python'
[0.356s] Level 1:colcon.colcon_core.package_identification:_identify(.) by extensions ['python_setup_py']
[0.356s] Level 1:colcon.colcon_core.package_identification:_identify(.) by extension 'python_setup_py'
[0.356s] Level 1:colcon.colcon_core.package_identification:_identify(build) by extensions ['ignore', 'ignore_ament_install']
[0.356s] Level 1:colcon.colcon_core.package_identification:_identify(build) by extension 'ignore'
[0.356s] Level 1:colcon.colcon_core.package_identification:_identify(build) ignored
[0.356s] Level 1:colcon.colcon_core.package_identification:_identify(install) by extensions ['ignore', 'ignore_ament_install']
[0.356s] Level 1:colcon.colcon_core.package_identification:_identify(install) by extension 'ignore'
[0.356s] Level 1:colcon.colcon_core.package_identification:_identify(install) ignored
[0.356s] Level 1:colcon.colcon_core.package_identification:_identify(log) by extensions ['ignore', 'ignore_ament_install']
[0.356s] Level 1:colcon.colcon_core.package_identification:_identify(log) by extension 'ignore'
[0.356s] Level 1:colcon.colcon_core.package_identification:_identify(log) ignored
[0.356s] Level 1:colcon.colcon_core.package_identification:_identify(src) by extensions ['ignore', 'ignore_ament_install']
[0.356s] Level 1:colcon.colcon_core.package_identification:_identify(src) by extension 'ignore'
[0.356s] Level 1:colcon.colcon_core.package_identification:_identify(src) by extension 'ignore_ament_install'
[0.356s] Level 1:colcon.colcon_core.package_identification:_identify(src) by extensions ['colcon_pkg']
[0.356s] Level 1:colcon.colcon_core.package_identification:_identify(src) by extension 'colcon_pkg'
[0.357s] Level 1:colcon.colcon_core.package_identification:_identify(src) by extensions ['colcon_meta']
[0.357s] Level 1:colcon.colcon_core.package_identification:_identify(src) by extension 'colcon_meta'
[0.357s] Level 1:colcon.colcon_core.package_identification:_identify(src) by extensions ['ros']
[0.357s] Level 1:colcon.colcon_core.package_identification:_identify(src) by extension 'ros'
[0.357s] Level 1:colcon.colcon_core.package_identification:_identify(src) by extensions ['cmake', 'python']
[0.357s] Level 1:colcon.colcon_core.package_identification:_identify(src) by extension 'cmake'
[0.357s] Level 1:colcon.colcon_core.package_identification:_identify(src) by extension 'python'
[0.357s] Level 1:colcon.colcon_core.package_identification:_identify(src) by extensions ['python_setup_py']
[0.357s] Level 1:colcon.colcon_core.package_identification:_identify(src) by extension 'python_setup_py'
[0.357s] Level 1:colcon.colcon_core.package_identification:_identify(src/Universal_Robots_ROS2_Driver) by extensions ['ignore', 'ignore_ament_install']
[0.357s] Level 1:colcon.colcon_core.package_identification:_identify(src/Universal_Robots_ROS2_Driver) by extension 'ignore'
[0.357s] Level 1:colcon.colcon_core.package_identification:_identify(src/Universal_Robots_ROS2_Driver) by extension 'ignore_ament_install'
[0.357s] Level 1:colcon.colcon_core.package_identification:_identify(src/Universal_Robots_ROS2_Driver) by extensions ['colcon_pkg']
[0.357s] Level 1:colcon.colcon_core.package_identification:_identify(src/Universal_Robots_ROS2_Driver) by extension 'colcon_pkg'
[0.357s] Level 1:colcon.colcon_core.package_identification:_identify(src/Universal_Robots_ROS2_Driver) by extensions ['colcon_meta']
[0.357s] Level 1:colcon.colcon_core.package_identification:_identify(src/Universal_Robots_ROS2_Driver) by extension 'colcon_meta'
[0.357s] Level 1:colcon.colcon_core.package_identification:_identify(src/Universal_Robots_ROS2_Driver) by extensions ['ros']
[0.357s] Level 1:colcon.colcon_core.package_identification:_identify(src/Universal_Robots_ROS2_Driver) by extension 'ros'
[0.357s] Level 1:colcon.colcon_core.package_identification:_identify(src/Universal_Robots_ROS2_Driver) by extensions ['cmake', 'python']
[0.357s] Level 1:colcon.colcon_core.package_identification:_identify(src/Universal_Robots_ROS2_Driver) by extension 'cmake'
[0.357s] Level 1:colcon.colcon_core.package_identification:_identify(src/Universal_Robots_ROS2_Driver) by extension 'python'
[0.357s] Level 1:colcon.colcon_core.package_identification:_identify(src/Universal_Robots_ROS2_Driver) by extensions ['python_setup_py']
[0.357s] Level 1:colcon.colcon_core.package_identification:_identify(src/Universal_Robots_ROS2_Driver) by extension 'python_setup_py'
[0.357s] Level 1:colcon.colcon_core.package_identification:_identify(src/Universal_Robots_ROS2_Driver/ur_bringup) by extensions ['ignore', 'ignore_ament_install']
[0.357s] Level 1:colcon.colcon_core.package_identification:_identify(src/Universal_Robots_ROS2_Driver/ur_bringup) by extension 'ignore'
[0.358s] Level 1:colcon.colcon_core.package_identification:_identify(src/Universal_Robots_ROS2_Driver/ur_bringup) by extension 'ignore_ament_install'
[0.358s] Level 1:colcon.colcon_core.package_identification:_identify(src/Universal_Robots_ROS2_Driver/ur_bringup) by extensions ['colcon_pkg']
[0.358s] Level 1:colcon.colcon_core.package_identification:_identify(src/Universal_Robots_ROS2_Driver/ur_bringup) by extension 'colcon_pkg'
[0.358s] Level 1:colcon.colcon_core.package_identification:_identify(src/Universal_Robots_ROS2_Driver/ur_bringup) by extensions ['colcon_meta']
[0.358s] Level 1:colcon.colcon_core.package_identification:_identify(src/Universal_Robots_ROS2_Driver/ur_bringup) by extension 'colcon_meta'
[0.358s] Level 1:colcon.colcon_core.package_identification:_identify(src/Universal_Robots_ROS2_Driver/ur_bringup) by extensions ['ros']
[0.358s] Level 1:colcon.colcon_core.package_identification:_identify(src/Universal_Robots_ROS2_Driver/ur_bringup) by extension 'ros'
[0.360s] DEBUG:colcon.colcon_core.package_identification:Package 'src/Universal_Robots_ROS2_Driver/ur_bringup' with type 'ros.ament_cmake' and name 'ur_bringup'
[0.361s] Level 1:colcon.colcon_core.package_identification:_identify(src/Universal_Robots_ROS2_Driver/ur_calibration) by extensions ['ignore', 'ignore_ament_install']
[0.361s] Level 1:colcon.colcon_core.package_identification:_identify(src/Universal_Robots_ROS2_Driver/ur_calibration) by extension 'ignore'
[0.361s] Level 1:colcon.colcon_core.package_identification:_identify(src/Universal_Robots_ROS2_Driver/ur_calibration) by extension 'ignore_ament_install'
[0.361s] Level 1:colcon.colcon_core.package_identification:_identify(src/Universal_Robots_ROS2_Driver/ur_calibration) by extensions ['colcon_pkg']
[0.361s] Level 1:colcon.colcon_core.package_identification:_identify(src/Universal_Robots_ROS2_Driver/ur_calibration) by extension 'colcon_pkg'
[0.361s] Level 1:colcon.colcon_core.package_identification:_identify(src/Universal_Robots_ROS2_Driver/ur_calibration) by extensions ['colcon_meta']
[0.361s] Level 1:colcon.colcon_core.package_identification:_identify(src/Universal_Robots_ROS2_Driver/ur_calibration) by extension 'colcon_meta'
[0.361s] Level 1:colcon.colcon_core.package_identification:_identify(src/Universal_Robots_ROS2_Driver/ur_calibration) by extensions ['ros']
[0.361s] Level 1:colcon.colcon_core.package_identification:_identify(src/Universal_Robots_ROS2_Driver/ur_calibration) by extension 'ros'
[0.362s] DEBUG:colcon.colcon_core.package_identification:Package 'src/Universal_Robots_ROS2_Driver/ur_calibration' with type 'ros.ament_cmake' and name 'ur_calibration'
[0.362s] Level 1:colcon.colcon_core.package_identification:_identify(src/Universal_Robots_ROS2_Driver/ur_controllers) by extensions ['ignore', 'ignore_ament_install']
[0.362s] Level 1:colcon.colcon_core.package_identification:_identify(src/Universal_Robots_ROS2_Driver/ur_controllers) by extension 'ignore'
[0.362s] Level 1:colcon.colcon_core.package_identification:_identify(src/Universal_Robots_ROS2_Driver/ur_controllers) by extension 'ignore_ament_install'
[0.362s] Level 1:colcon.colcon_core.package_identification:_identify(src/Universal_Robots_ROS2_Driver/ur_controllers) by extensions ['colcon_pkg']
[0.362s] Level 1:colcon.colcon_core.package_identification:_identify(src/Universal_Robots_ROS2_Driver/ur_controllers) by extension 'colcon_pkg'
[0.362s] Level 1:colcon.colcon_core.package_identification:_identify(src/Universal_Robots_ROS2_Driver/ur_controllers) by extensions ['colcon_meta']
[0.362s] Level 1:colcon.colcon_core.package_identification:_identify(src/Universal_Robots_ROS2_Driver/ur_controllers) by extension 'colcon_meta'
[0.362s] Level 1:colcon.colcon_core.package_identification:_identify(src/Universal_Robots_ROS2_Driver/ur_controllers) by extensions ['ros']
[0.362s] Level 1:colcon.colcon_core.package_identification:_identify(src/Universal_Robots_ROS2_Driver/ur_controllers) by extension 'ros'
[0.363s] DEBUG:colcon.colcon_core.package_identification:Package 'src/Universal_Robots_ROS2_Driver/ur_controllers' with type 'ros.ament_cmake' and name 'ur_controllers'
[0.363s] Level 1:colcon.colcon_core.package_identification:_identify(src/Universal_Robots_ROS2_Driver/ur_dashboard_msgs) by extensions ['ignore', 'ignore_ament_install']
[0.364s] Level 1:colcon.colcon_core.package_identification:_identify(src/Universal_Robots_ROS2_Driver/ur_dashboard_msgs) by extension 'ignore'
[0.364s] Level 1:colcon.colcon_core.package_identification:_identify(src/Universal_Robots_ROS2_Driver/ur_dashboard_msgs) by extension 'ignore_ament_install'
[0.364s] Level 1:colcon.colcon_core.package_identification:_identify(src/Universal_Robots_ROS2_Driver/ur_dashboard_msgs) by extensions ['colcon_pkg']
[0.364s] Level 1:colcon.colcon_core.package_identification:_identify(src/Universal_Robots_ROS2_Driver/ur_dashboard_msgs) by extension 'colcon_pkg'
[0.364s] Level 1:colcon.colcon_core.package_identification:_identify(src/Universal_Robots_ROS2_Driver/ur_dashboard_msgs) by extensions ['colcon_meta']
[0.364s] Level 1:colcon.colcon_core.package_identification:_identify(src/Universal_Robots_ROS2_Driver/ur_dashboard_msgs) by extension 'colcon_meta'
[0.364s] Level 1:colcon.colcon_core.package_identification:_identify(src/Universal_Robots_ROS2_Driver/ur_dashboard_msgs) by extensions ['ros']
[0.364s] Level 1:colcon.colcon_core.package_identification:_identify(src/Universal_Robots_ROS2_Driver/ur_dashboard_msgs) by extension 'ros'
[0.364s] DEBUG:colcon.colcon_core.package_identification:Package 'src/Universal_Robots_ROS2_Driver/ur_dashboard_msgs' with type 'ros.ament_cmake' and name 'ur_dashboard_msgs'
[0.364s] Level 1:colcon.colcon_core.package_identification:_identify(src/Universal_Robots_ROS2_Driver/ur_moveit_config) by extensions ['ignore', 'ignore_ament_install']
[0.364s] Level 1:colcon.colcon_core.package_identification:_identify(src/Universal_Robots_ROS2_Driver/ur_moveit_config) by extension 'ignore'
[0.364s] Level 1:colcon.colcon_core.package_identification:_identify(src/Universal_Robots_ROS2_Driver/ur_moveit_config) by extension 'ignore_ament_install'
[0.364s] Level 1:colcon.colcon_core.package_identification:_identify(src/Universal_Robots_ROS2_Driver/ur_moveit_config) by extensions ['colcon_pkg']
[0.365s] Level 1:colcon.colcon_core.package_identification:_identify(src/Universal_Robots_ROS2_Driver/ur_moveit_config) by extension 'colcon_pkg'
[0.365s] Level 1:colcon.colcon_core.package_identification:_identify(src/Universal_Robots_ROS2_Driver/ur_moveit_config) by extensions ['colcon_meta']
[0.365s] Level 1:colcon.colcon_core.package_identification:_identify(src/Universal_Robots_ROS2_Driver/ur_moveit_config) by extension 'colcon_meta'
[0.365s] Level 1:colcon.colcon_core.package_identification:_identify(src/Universal_Robots_ROS2_Driver/ur_moveit_config) by extensions ['ros']
[0.365s] Level 1:colcon.colcon_core.package_identification:_identify(src/Universal_Robots_ROS2_Driver/ur_moveit_config) by extension 'ros'
[0.365s] DEBUG:colcon.colcon_core.package_identification:Package 'src/Universal_Robots_ROS2_Driver/ur_moveit_config' with type 'ros.ament_cmake' and name 'ur_moveit_config'
[0.365s] Level 1:colcon.colcon_core.package_identification:_identify(src/Universal_Robots_ROS2_Driver/ur_robot_driver) by extensions ['ignore', 'ignore_ament_install']
[0.365s] Level 1:colcon.colcon_core.package_identification:_identify(src/Universal_Robots_ROS2_Driver/ur_robot_driver) by extension 'ignore'
[0.365s] Level 1:colcon.colcon_core.package_identification:_identify(src/Universal_Robots_ROS2_Driver/ur_robot_driver) by extension 'ignore_ament_install'
[0.365s] Level 1:colcon.colcon_core.package_identification:_identify(src/Universal_Robots_ROS2_Driver/ur_robot_driver) by extensions ['colcon_pkg']
[0.365s] Level 1:colcon.colcon_core.package_identification:_identify(src/Universal_Robots_ROS2_Driver/ur_robot_driver) by extension 'colcon_pkg'
[0.366s] Level 1:colcon.colcon_core.package_identification:_identify(src/Universal_Robots_ROS2_Driver/ur_robot_driver) by extensions ['colcon_meta']
[0.366s] Level 1:colcon.colcon_core.package_identification:_identify(src/Universal_Robots_ROS2_Driver/ur_robot_driver) by extension 'colcon_meta'
[0.366s] Level 1:colcon.colcon_core.package_identification:_identify(src/Universal_Robots_ROS2_Driver/ur_robot_driver) by extensions ['ros']
[0.366s] Level 1:colcon.colcon_core.package_identification:_identify(src/Universal_Robots_ROS2_Driver/ur_robot_driver) by extension 'ros'
[0.367s] DEBUG:colcon.colcon_core.package_identification:Package 'src/Universal_Robots_ROS2_Driver/ur_robot_driver' with type 'ros.ament_cmake' and name 'ur_robot_driver'
[0.367s] Level 1:colcon.colcon_core.package_discovery:discover_packages(recursive) using defaults
[0.367s] Level 1:colcon.colcon_core.package_discovery:discover_packages(ignore) discover
[0.367s] Level 1:colcon.colcon_core.package_discovery:discover_packages(ignore) using defaults
[0.367s] Level 1:colcon.colcon_core.package_discovery:discover_packages(path) discover
[0.367s] Level 1:colcon.colcon_core.package_discovery:discover_packages(path) using defaults
[0.387s] Level 1:colcon.colcon_core.package_discovery:discover_packages(prefix_path) check parameters
[0.387s] Level 1:colcon.colcon_core.package_discovery:discover_packages(prefix_path) discover
[0.391s] DEBUG:colcon.colcon_installed_package_information.package_discovery:Found 292 installed packages in /opt/ros/galactic
[0.392s] Level 1:colcon.colcon_core.package_discovery:discover_packages(prefix_path) using defaults
[0.463s] Level 5:colcon.colcon_core.verb:set package 'ur_dashboard_msgs' build argument 'cmake_args' from command line to '['-DCMAKE_BUILD_TYPE=Release']'
[0.463s] Level 5:colcon.colcon_core.verb:set package 'ur_dashboard_msgs' build argument 'cmake_target' from command line to 'None'
[0.463s] Level 5:colcon.colcon_core.verb:set package 'ur_dashboard_msgs' build argument 'cmake_target_skip_unavailable' from command line to 'False'
[0.463s] Level 5:colcon.colcon_core.verb:set package 'ur_dashboard_msgs' build argument 'cmake_clean_cache' from command line to 'False'
[0.463s] Level 5:colcon.colcon_core.verb:set package 'ur_dashboard_msgs' build argument 'cmake_clean_first' from command line to 'False'
[0.463s] Level 5:colcon.colcon_core.verb:set package 'ur_dashboard_msgs' build argument 'cmake_force_configure' from command line to 'False'
[0.463s] Level 5:colcon.colcon_core.verb:set package 'ur_dashboard_msgs' build argument 'ament_cmake_args' from command line to 'None'
[0.463s] Level 5:colcon.colcon_core.verb:set package 'ur_dashboard_msgs' build argument 'catkin_cmake_args' from command line to 'None'
[0.463s] Level 5:colcon.colcon_core.verb:set package 'ur_dashboard_msgs' build argument 'catkin_skip_building_tests' from command line to 'False'
[0.463s] DEBUG:colcon.colcon_core.verb:Building package 'ur_dashboard_msgs' with the following arguments: {'ament_cmake_args': None, 'build_base': '/home/kkk/workspace/ros_ur_driver/build/ur_dashboard_msgs', 'catkin_cmake_args': None, 'catkin_skip_building_tests': False, 'cmake_args': ['-DCMAKE_BUILD_TYPE=Release'], 'cmake_clean_cache': False, 'cmake_clean_first': False, 'cmake_force_configure': False, 'cmake_target': None, 'cmake_target_skip_unavailable': False, 'install_base': '/home/kkk/workspace/ros_ur_driver/install/ur_dashboard_msgs', 'merge_install': False, 'path': '/home/kkk/workspace/ros_ur_driver/src/Universal_Robots_ROS2_Driver/ur_dashboard_msgs', 'symlink_install': False, 'test_result_base': None}
[0.464s] Level 5:colcon.colcon_core.verb:set package 'ur_moveit_config' build argument 'cmake_args' from command line to '['-DCMAKE_BUILD_TYPE=Release']'
[0.464s] Level 5:colcon.colcon_core.verb:set package 'ur_moveit_config' build argument 'cmake_target' from command line to 'None'
[0.464s] Level 5:colcon.colcon_core.verb:set package 'ur_moveit_config' build argument 'cmake_target_skip_unavailable' from command line to 'False'
[0.464s] Level 5:colcon.colcon_core.verb:set package 'ur_moveit_config' build argument 'cmake_clean_cache' from command line to 'False'
[0.464s] Level 5:colcon.colcon_core.verb:set package 'ur_moveit_config' build argument 'cmake_clean_first' from command line to 'False'
[0.464s] Level 5:colcon.colcon_core.verb:set package 'ur_moveit_config' build argument 'cmake_force_configure' from command line to 'False'
[0.464s] Level 5:colcon.colcon_core.verb:set package 'ur_moveit_config' build argument 'ament_cmake_args' from command line to 'None'
[0.464s] Level 5:colcon.colcon_core.verb:set package 'ur_moveit_config' build argument 'catkin_cmake_args' from command line to 'None'
[0.464s] Level 5:colcon.colcon_core.verb:set package 'ur_moveit_config' build argument 'catkin_skip_building_tests' from command line to 'False'
[0.464s] DEBUG:colcon.colcon_core.verb:Building package 'ur_moveit_config' with the following arguments: {'ament_cmake_args': None, 'build_base': '/home/kkk/workspace/ros_ur_driver/build/ur_moveit_config', 'catkin_cmake_args': None, 'catkin_skip_building_tests': False, 'cmake_args': ['-DCMAKE_BUILD_TYPE=Release'], 'cmake_clean_cache': False, 'cmake_clean_first': False, 'cmake_force_configure': False, 'cmake_target': None, 'cmake_target_skip_unavailable': False, 'install_base': '/home/kkk/workspace/ros_ur_driver/install/ur_moveit_config', 'merge_install': False, 'path': '/home/kkk/workspace/ros_ur_driver/src/Universal_Robots_ROS2_Driver/ur_moveit_config', 'symlink_install': False, 'test_result_base': None}
[0.465s] Level 5:colcon.colcon_core.verb:set package 'ur_controllers' build argument 'cmake_args' from command line to '['-DCMAKE_BUILD_TYPE=Release']'
[0.465s] Level 5:colcon.colcon_core.verb:set package 'ur_controllers' build argument 'cmake_target' from command line to 'None'
[0.465s] Level 5:colcon.colcon_core.verb:set package 'ur_controllers' build argument 'cmake_target_skip_unavailable' from command line to 'False'
[0.465s] Level 5:colcon.colcon_core.verb:set package 'ur_controllers' build argument 'cmake_clean_cache' from command line to 'False'
[0.465s] Level 5:colcon.colcon_core.verb:set package 'ur_controllers' build argument 'cmake_clean_first' from command line to 'False'
[0.465s] Level 5:colcon.colcon_core.verb:set package 'ur_controllers' build argument 'cmake_force_configure' from command line to 'False'
[0.465s] Level 5:colcon.colcon_core.verb:set package 'ur_controllers' build argument 'ament_cmake_args' from command line to 'None'
[0.465s] Level 5:colcon.colcon_core.verb:set package 'ur_controllers' build argument 'catkin_cmake_args' from command line to 'None'
[0.465s] Level 5:colcon.colcon_core.verb:set package 'ur_controllers' build argument 'catkin_skip_building_tests' from command line to 'False'
[0.465s] DEBUG:colcon.colcon_core.verb:Building package 'ur_controllers' with the following arguments: {'ament_cmake_args': None, 'build_base': '/home/kkk/workspace/ros_ur_driver/build/ur_controllers', 'catkin_cmake_args': None, 'catkin_skip_building_tests': False, 'cmake_args': ['-DCMAKE_BUILD_TYPE=Release'], 'cmake_clean_cache': False, 'cmake_clean_first': False, 'cmake_force_configure': False, 'cmake_target': None, 'cmake_target_skip_unavailable': False, 'install_base': '/home/kkk/workspace/ros_ur_driver/install/ur_controllers', 'merge_install': False, 'path': '/home/kkk/workspace/ros_ur_driver/src/Universal_Robots_ROS2_Driver/ur_controllers', 'symlink_install': False, 'test_result_base': None}
[0.466s] Level 5:colcon.colcon_core.verb:set package 'ur_bringup' build argument 'cmake_args' from command line to '['-DCMAKE_BUILD_TYPE=Release']'
[0.466s] Level 5:colcon.colcon_core.verb:set package 'ur_bringup' build argument 'cmake_target' from command line to 'None'
[0.466s] Level 5:colcon.colcon_core.verb:set package 'ur_bringup' build argument 'cmake_target_skip_unavailable' from command line to 'False'
[0.466s] Level 5:colcon.colcon_core.verb:set package 'ur_bringup' build argument 'cmake_clean_cache' from command line to 'False'
[0.466s] Level 5:colcon.colcon_core.verb:set package 'ur_bringup' build argument 'cmake_clean_first' from command line to 'False'
[0.466s] Level 5:colcon.colcon_core.verb:set package 'ur_bringup' build argument 'cmake_force_configure' from command line to 'False'
[0.466s] Level 5:colcon.colcon_core.verb:set package 'ur_bringup' build argument 'ament_cmake_args' from command line to 'None'
[0.466s] Level 5:colcon.colcon_core.verb:set package 'ur_bringup' build argument 'catkin_cmake_args' from command line to 'None'
[0.466s] Level 5:colcon.colcon_core.verb:set package 'ur_bringup' build argument 'catkin_skip_building_tests' from command line to 'False'
[0.466s] DEBUG:colcon.colcon_core.verb:Building package 'ur_bringup' with the following arguments: {'ament_cmake_args': None, 'build_base': '/home/kkk/workspace/ros_ur_driver/build/ur_bringup', 'catkin_cmake_args': None, 'catkin_skip_building_tests': False, 'cmake_args': ['-DCMAKE_BUILD_TYPE=Release'], 'cmake_clean_cache': False, 'cmake_clean_first': False, 'cmake_force_configure': False, 'cmake_target': None, 'cmake_target_skip_unavailable': False, 'install_base': '/home/kkk/workspace/ros_ur_driver/install/ur_bringup', 'merge_install': False, 'path': '/home/kkk/workspace/ros_ur_driver/src/Universal_Robots_ROS2_Driver/ur_bringup', 'symlink_install': False, 'test_result_base': None}
[0.467s] Level 5:colcon.colcon_core.verb:set package 'ur_robot_driver' build argument 'cmake_args' from command line to '['-DCMAKE_BUILD_TYPE=Release']'
[0.467s] Level 5:colcon.colcon_core.verb:set package 'ur_robot_driver' build argument 'cmake_target' from command line to 'None'
[0.467s] Level 5:colcon.colcon_core.verb:set package 'ur_robot_driver' build argument 'cmake_target_skip_unavailable' from command line to 'False'
[0.467s] Level 5:colcon.colcon_core.verb:set package 'ur_robot_driver' build argument 'cmake_clean_cache' from command line to 'False'
[0.467s] Level 5:colcon.colcon_core.verb:set package 'ur_robot_driver' build argument 'cmake_clean_first' from command line to 'False'
[0.467s] Level 5:colcon.colcon_core.verb:set package 'ur_robot_driver' build argument 'cmake_force_configure' from command line to 'False'
[0.467s] Level 5:colcon.colcon_core.verb:set package 'ur_robot_driver' build argument 'ament_cmake_args' from command line to 'None'
[0.467s] Level 5:colcon.colcon_core.verb:set package 'ur_robot_driver' build argument 'catkin_cmake_args' from command line to 'None'
[0.467s] Level 5:colcon.colcon_core.verb:set package 'ur_robot_driver' build argument 'catkin_skip_building_tests' from command line to 'False'
[0.467s] DEBUG:colcon.colcon_core.verb:Building package 'ur_robot_driver' with the following arguments: {'ament_cmake_args': None, 'build_base': '/home/kkk/workspace/ros_ur_driver/build/ur_robot_driver', 'catkin_cmake_args': None, 'catkin_skip_building_tests': False, 'cmake_args': ['-DCMAKE_BUILD_TYPE=Release'], 'cmake_clean_cache': False, 'cmake_clean_first': False, 'cmake_force_configure': False, 'cmake_target': None, 'cmake_target_skip_unavailable': False, 'install_base': '/home/kkk/workspace/ros_ur_driver/install/ur_robot_driver', 'merge_install': False, 'path': '/home/kkk/workspace/ros_ur_driver/src/Universal_Robots_ROS2_Driver/ur_robot_driver', 'symlink_install': False, 'test_result_base': None}
[0.468s] Level 5:colcon.colcon_core.verb:set package 'ur_calibration' build argument 'cmake_args' from command line to '['-DCMAKE_BUILD_TYPE=Release']'
[0.468s] Level 5:colcon.colcon_core.verb:set package 'ur_calibration' build argument 'cmake_target' from command line to 'None'
[0.468s] Level 5:colcon.colcon_core.verb:set package 'ur_calibration' build argument 'cmake_target_skip_unavailable' from command line to 'False'
[0.468s] Level 5:colcon.colcon_core.verb:set package 'ur_calibration' build argument 'cmake_clean_cache' from command line to 'False'
[0.468s] Level 5:colcon.colcon_core.verb:set package 'ur_calibration' build argument 'cmake_clean_first' from command line to 'False'
[0.468s] Level 5:colcon.colcon_core.verb:set package 'ur_calibration' build argument 'cmake_force_configure' from command line to 'False'
[0.468s] Level 5:colcon.colcon_core.verb:set package 'ur_calibration' build argument 'ament_cmake_args' from command line to 'None'
[0.468s] Level 5:colcon.colcon_core.verb:set package 'ur_calibration' build argument 'catkin_cmake_args' from command line to 'None'
[0.468s] Level 5:colcon.colcon_core.verb:set package 'ur_calibration' build argument 'catkin_skip_building_tests' from command line to 'False'
[0.468s] DEBUG:colcon.colcon_core.verb:Building package 'ur_calibration' with the following arguments: {'ament_cmake_args': None, 'build_base': '/home/kkk/workspace/ros_ur_driver/build/ur_calibration', 'catkin_cmake_args': None, 'catkin_skip_building_tests': False, 'cmake_args': ['-DCMAKE_BUILD_TYPE=Release'], 'cmake_clean_cache': False, 'cmake_clean_first': False, 'cmake_force_configure': False, 'cmake_target': None, 'cmake_target_skip_unavailable': False, 'install_base': '/home/kkk/workspace/ros_ur_driver/install/ur_calibration', 'merge_install': False, 'path': '/home/kkk/workspace/ros_ur_driver/src/Universal_Robots_ROS2_Driver/ur_calibration', 'symlink_install': False, 'test_result_base': None}
[0.469s] INFO:colcon.colcon_core.executor:Executing jobs using 'parallel' executor
[0.471s] DEBUG:colcon.colcon_parallel_executor.executor.parallel:run_until_complete
[0.472s] INFO:colcon.colcon_ros.task.ament_cmake.build:Building ROS package in '/home/kkk/workspace/ros_ur_driver/src/Universal_Robots_ROS2_Driver/ur_dashboard_msgs' with build type 'ament_cmake'
[0.472s] INFO:colcon.colcon_cmake.task.cmake.build:Building CMake package in '/home/kkk/workspace/ros_ur_driver/src/Universal_Robots_ROS2_Driver/ur_dashboard_msgs'
[0.478s] INFO:colcon.colcon_core.plugin_system:Skipping extension 'colcon_core.shell.bat': Not used on non-Windows systems
[0.478s] INFO:colcon.colcon_core.shell:Skip shell extension 'powershell' for command environment: Not usable outside of PowerShell
[0.478s] DEBUG:colcon.colcon_core.shell:Skip shell extension 'dsv' for command environment
[0.482s] INFO:colcon.colcon_ros.task.ament_cmake.build:Building ROS package in '/home/kkk/workspace/ros_ur_driver/src/Universal_Robots_ROS2_Driver/ur_moveit_config' with build type 'ament_cmake'
[0.483s] INFO:colcon.colcon_cmake.task.cmake.build:Building CMake package in '/home/kkk/workspace/ros_ur_driver/src/Universal_Robots_ROS2_Driver/ur_moveit_config'
[0.484s] INFO:colcon.colcon_core.shell:Skip shell extension 'powershell' for command environment: Not usable outside of PowerShell
[0.484s] DEBUG:colcon.colcon_core.shell:Skip shell extension 'dsv' for command environment
[0.493s] DEBUG:colcon.colcon_core.event_handler.log_command:Invoking command in '/home/kkk/workspace/ros_ur_driver/build/ur_dashboard_msgs': CMAKE_PREFIX_PATH=/opt/ros/galactic /usr/bin/cmake /home/kkk/workspace/ros_ur_driver/src/Universal_Robots_ROS2_Driver/ur_dashboard_msgs -DCMAKE_BUILD_TYPE=Release -DCMAKE_INSTALL_PREFIX=/home/kkk/workspace/ros_ur_driver/install/ur_dashboard_msgs
[0.509s] DEBUG:colcon.colcon_core.event_handler.log_command:Invoking command in '/home/kkk/workspace/ros_ur_driver/build/ur_moveit_config': CMAKE_PREFIX_PATH=/opt/ros/galactic /usr/bin/cmake /home/kkk/workspace/ros_ur_driver/src/Universal_Robots_ROS2_Driver/ur_moveit_config -DCMAKE_BUILD_TYPE=Release -DCMAKE_INSTALL_PREFIX=/home/kkk/workspace/ros_ur_driver/install/ur_moveit_config
[1.350s] DEBUG:colcon.colcon_core.event_handler.log_command:Invoked command in '/home/kkk/workspace/ros_ur_driver/build/ur_moveit_config' returned '0': CMAKE_PREFIX_PATH=/opt/ros/galactic /usr/bin/cmake /home/kkk/workspace/ros_ur_driver/src/Universal_Robots_ROS2_Driver/ur_moveit_config -DCMAKE_BUILD_TYPE=Release -DCMAKE_INSTALL_PREFIX=/home/kkk/workspace/ros_ur_driver/install/ur_moveit_config
[1.354s] DEBUG:colcon.colcon_core.event_handler.log_command:Invoking command in '/home/kkk/workspace/ros_ur_driver/build/ur_moveit_config': CMAKE_PREFIX_PATH=/opt/ros/galactic /usr/bin/cmake --build /home/kkk/workspace/ros_ur_driver/build/ur_moveit_config -- -j8 -l8
[1.680s] DEBUG:colcon.colcon_core.event_handler.log_command:Invoked command in '/home/kkk/workspace/ros_ur_driver/build/ur_moveit_config' returned '0': CMAKE_PREFIX_PATH=/opt/ros/galactic /usr/bin/cmake --build /home/kkk/workspace/ros_ur_driver/build/ur_moveit_config -- -j8 -l8
[1.725s] DEBUG:colcon.colcon_core.event_handler.log_command:Invoking command in '/home/kkk/workspace/ros_ur_driver/build/ur_moveit_config': CMAKE_PREFIX_PATH=/opt/ros/galactic /usr/bin/cmake --install /home/kkk/workspace/ros_ur_driver/build/ur_moveit_config
[1.808s] Level 1:colcon.colcon_core.environment:create_environment_scripts_only(ur_moveit_config)
[1.809s] DEBUG:colcon.colcon_core.event_handler.log_command:Invoked command in '/home/kkk/workspace/ros_ur_driver/build/ur_moveit_config' returned '0': CMAKE_PREFIX_PATH=/opt/ros/galactic /usr/bin/cmake --install /home/kkk/workspace/ros_ur_driver/build/ur_moveit_config
[1.819s] Level 1:colcon.colcon_core.environment:checking '/home/kkk/workspace/ros_ur_driver/install/ur_moveit_config' for CMake module files
[1.820s] Level 1:colcon.colcon_core.environment:checking '/home/kkk/workspace/ros_ur_driver/install/ur_moveit_config' for CMake config files
[1.820s] Level 1:colcon.colcon_core.shell:create_environment_hook('ur_moveit_config', 'cmake_prefix_path')
[1.821s] INFO:colcon.colcon_core.shell:Creating environment hook '/home/kkk/workspace/ros_ur_driver/install/ur_moveit_config/share/ur_moveit_config/hook/cmake_prefix_path.ps1'
[1.822s] INFO:colcon.colcon_core.shell:Creating environment descriptor '/home/kkk/workspace/ros_ur_driver/install/ur_moveit_config/share/ur_moveit_config/hook/cmake_prefix_path.dsv'
[1.822s] INFO:colcon.colcon_core.shell:Creating environment hook '/home/kkk/workspace/ros_ur_driver/install/ur_moveit_config/share/ur_moveit_config/hook/cmake_prefix_path.sh'
[1.823s] Level 1:colcon.colcon_core.environment:checking '/home/kkk/workspace/ros_ur_driver/install/ur_moveit_config/lib'
[1.823s] Level 1:colcon.colcon_core.environment:checking '/home/kkk/workspace/ros_ur_driver/install/ur_moveit_config/bin'
[1.823s] Level 1:colcon.colcon_core.environment:checking '/home/kkk/workspace/ros_ur_driver/install/ur_moveit_config/lib/pkgconfig/ur_moveit_config.pc'
[1.823s] Level 1:colcon.colcon_core.environment:checking '/home/kkk/workspace/ros_ur_driver/install/ur_moveit_config/lib/python3.8/site-packages'
[1.823s] Level 1:colcon.colcon_core.shell:create_environment_hook('ur_moveit_config', 'pythonpath')
[1.825s] INFO:colcon.colcon_core.shell:Creating environment hook '/home/kkk/workspace/ros_ur_driver/install/ur_moveit_config/share/ur_moveit_config/hook/pythonpath.ps1'
[1.825s] INFO:colcon.colcon_core.shell:Creating environment descriptor '/home/kkk/workspace/ros_ur_driver/install/ur_moveit_config/share/ur_moveit_config/hook/pythonpath.dsv'
[1.825s] INFO:colcon.colcon_core.shell:Creating environment hook '/home/kkk/workspace/ros_ur_driver/install/ur_moveit_config/share/ur_moveit_config/hook/pythonpath.sh'
[1.826s] Level 1:colcon.colcon_core.environment:checking '/home/kkk/workspace/ros_ur_driver/install/ur_moveit_config/bin'
[1.827s] INFO:colcon.colcon_core.shell:Creating package script '/home/kkk/workspace/ros_ur_driver/install/ur_moveit_config/share/ur_moveit_config/package.ps1'
[1.828s] INFO:colcon.colcon_core.shell:Creating package descriptor '/home/kkk/workspace/ros_ur_driver/install/ur_moveit_config/share/ur_moveit_config/package.dsv'
[1.828s] INFO:colcon.colcon_core.shell:Creating package script '/home/kkk/workspace/ros_ur_driver/install/ur_moveit_config/share/ur_moveit_config/package.sh'
[1.829s] INFO:colcon.colcon_core.shell:Creating package script '/home/kkk/workspace/ros_ur_driver/install/ur_moveit_config/share/ur_moveit_config/package.bash'
[1.830s] INFO:colcon.colcon_core.shell:Creating package script '/home/kkk/workspace/ros_ur_driver/install/ur_moveit_config/share/ur_moveit_config/package.zsh'
[1.832s] Level 1:colcon.colcon_core.environment:create_file_with_runtime_dependencies(/home/kkk/workspace/ros_ur_driver/install/ur_moveit_config/share/colcon-core/packages/ur_moveit_config)
[1.866s] Level 1:colcon.colcon_core.environment:create_environment_scripts_only(ur_moveit_config)
[1.869s] Level 1:colcon.colcon_core.environment:checking '/home/kkk/workspace/ros_ur_driver/install/ur_moveit_config' for CMake module files
[1.870s] Level 1:colcon.colcon_core.environment:checking '/home/kkk/workspace/ros_ur_driver/install/ur_moveit_config' for CMake config files
[1.871s] Level 1:colcon.colcon_core.shell:create_environment_hook('ur_moveit_config', 'cmake_prefix_path')
[1.873s] INFO:colcon.colcon_core.shell:Creating environment hook '/home/kkk/workspace/ros_ur_driver/install/ur_moveit_config/share/ur_moveit_config/hook/cmake_prefix_path.ps1'
[1.873s] INFO:colcon.colcon_core.shell:Creating environment descriptor '/home/kkk/workspace/ros_ur_driver/install/ur_moveit_config/share/ur_moveit_config/hook/cmake_prefix_path.dsv'
[1.874s] INFO:colcon.colcon_core.shell:Creating environment hook '/home/kkk/workspace/ros_ur_driver/install/ur_moveit_config/share/ur_moveit_config/hook/cmake_prefix_path.sh'
[1.874s] Level 1:colcon.colcon_core.environment:checking '/home/kkk/workspace/ros_ur_driver/install/ur_moveit_config/lib'
[1.874s] Level 1:colcon.colcon_core.environment:checking '/home/kkk/workspace/ros_ur_driver/install/ur_moveit_config/bin'
[1.874s] Level 1:colcon.colcon_core.environment:checking '/home/kkk/workspace/ros_ur_driver/install/ur_moveit_config/lib/pkgconfig/ur_moveit_config.pc'
[1.875s] Level 1:colcon.colcon_core.environment:checking '/home/kkk/workspace/ros_ur_driver/install/ur_moveit_config/lib/python3.8/site-packages'
[1.875s] Level 1:colcon.colcon_core.shell:create_environment_hook('ur_moveit_config', 'pythonpath')
[1.876s] INFO:colcon.colcon_core.shell:Creating environment hook '/home/kkk/workspace/ros_ur_driver/install/ur_moveit_config/share/ur_moveit_config/hook/pythonpath.ps1'
[1.876s] INFO:colcon.colcon_core.shell:Creating environment descriptor '/home/kkk/workspace/ros_ur_driver/install/ur_moveit_config/share/ur_moveit_config/hook/pythonpath.dsv'
[1.877s] INFO:colcon.colcon_core.shell:Creating environment hook '/home/kkk/workspace/ros_ur_driver/install/ur_moveit_config/share/ur_moveit_config/hook/pythonpath.sh'
[1.877s] Level 1:colcon.colcon_core.environment:checking '/home/kkk/workspace/ros_ur_driver/install/ur_moveit_config/bin'
[1.879s] INFO:colcon.colcon_core.shell:Creating package script '/home/kkk/workspace/ros_ur_driver/install/ur_moveit_config/share/ur_moveit_config/package.ps1'
[1.879s] INFO:colcon.colcon_core.shell:Creating package descriptor '/home/kkk/workspace/ros_ur_driver/install/ur_moveit_config/share/ur_moveit_config/package.dsv'
[1.880s] INFO:colcon.colcon_core.shell:Creating package script '/home/kkk/workspace/ros_ur_driver/install/ur_moveit_config/share/ur_moveit_config/package.sh'
[1.880s] INFO:colcon.colcon_core.shell:Creating package script '/home/kkk/workspace/ros_ur_driver/install/ur_moveit_config/share/ur_moveit_config/package.bash'
[1.881s] INFO:colcon.colcon_core.shell:Creating package script '/home/kkk/workspace/ros_ur_driver/install/ur_moveit_config/share/ur_moveit_config/package.zsh'
[1.881s] Level 1:colcon.colcon_core.environment:create_file_with_runtime_dependencies(/home/kkk/workspace/ros_ur_driver/install/ur_moveit_config/share/colcon-core/packages/ur_moveit_config)
[2.184s] DEBUG:colcon.colcon_core.event_handler.log_command:Invoked command in '/home/kkk/workspace/ros_ur_driver/build/ur_dashboard_msgs' returned '0': CMAKE_PREFIX_PATH=/opt/ros/galactic /usr/bin/cmake /home/kkk/workspace/ros_ur_driver/src/Universal_Robots_ROS2_Driver/ur_dashboard_msgs -DCMAKE_BUILD_TYPE=Release -DCMAKE_INSTALL_PREFIX=/home/kkk/workspace/ros_ur_driver/install/ur_dashboard_msgs
[2.185s] DEBUG:colcon.colcon_core.event_handler.log_command:Invoking command in '/home/kkk/workspace/ros_ur_driver/build/ur_dashboard_msgs': CMAKE_PREFIX_PATH=/opt/ros/galactic /usr/bin/cmake --build /home/kkk/workspace/ros_ur_driver/build/ur_dashboard_msgs -- -j8 -l8
[15.718s] DEBUG:colcon.colcon_core.event_handler.log_command:Invoked command in '/home/kkk/workspace/ros_ur_driver/build/ur_dashboard_msgs' returned '0': CMAKE_PREFIX_PATH=/opt/ros/galactic /usr/bin/cmake --build /home/kkk/workspace/ros_ur_driver/build/ur_dashboard_msgs -- -j8 -l8
[15.913s] DEBUG:colcon.colcon_core.event_handler.log_command:Invoking command in '/home/kkk/workspace/ros_ur_driver/build/ur_dashboard_msgs': CMAKE_PREFIX_PATH=/opt/ros/galactic /usr/bin/cmake --install /home/kkk/workspace/ros_ur_driver/build/ur_dashboard_msgs
[16.009s] Level 1:colcon.colcon_core.environment:create_environment_scripts_only(ur_dashboard_msgs)
[16.013s] Level 1:colcon.colcon_core.environment:checking '/home/kkk/workspace/ros_ur_driver/install/ur_dashboard_msgs' for CMake module files
[16.014s] DEBUG:colcon.colcon_core.event_handler.log_command:Invoked command in '/home/kkk/workspace/ros_ur_driver/build/ur_dashboard_msgs' returned '0': CMAKE_PREFIX_PATH=/opt/ros/galactic /usr/bin/cmake --install /home/kkk/workspace/ros_ur_driver/build/ur_dashboard_msgs
[16.014s] Level 1:colcon.colcon_core.environment:checking '/home/kkk/workspace/ros_ur_driver/install/ur_dashboard_msgs' for CMake config files
[16.016s] Level 1:colcon.colcon_core.shell:create_environment_hook('ur_dashboard_msgs', 'cmake_prefix_path')
[16.018s] INFO:colcon.colcon_core.shell:Creating environment hook '/home/kkk/workspace/ros_ur_driver/install/ur_dashboard_msgs/share/ur_dashboard_msgs/hook/cmake_prefix_path.ps1'
[16.019s] INFO:colcon.colcon_core.shell:Creating environment descriptor '/home/kkk/workspace/ros_ur_driver/install/ur_dashboard_msgs/share/ur_dashboard_msgs/hook/cmake_prefix_path.dsv'
[16.020s] INFO:colcon.colcon_core.shell:Creating environment hook '/home/kkk/workspace/ros_ur_driver/install/ur_dashboard_msgs/share/ur_dashboard_msgs/hook/cmake_prefix_path.sh'
[16.020s] Level 1:colcon.colcon_core.environment:checking '/home/kkk/workspace/ros_ur_driver/install/ur_dashboard_msgs/lib'
[16.020s] Level 1:colcon.colcon_core.shell:create_environment_hook('ur_dashboard_msgs', 'ld_library_path_lib')
[16.023s] INFO:colcon.colcon_core.shell:Creating environment hook '/home/kkk/workspace/ros_ur_driver/install/ur_dashboard_msgs/share/ur_dashboard_msgs/hook/ld_library_path_lib.ps1'
[16.023s] INFO:colcon.colcon_core.shell:Creating environment descriptor '/home/kkk/workspace/ros_ur_driver/install/ur_dashboard_msgs/share/ur_dashboard_msgs/hook/ld_library_path_lib.dsv'
[16.024s] INFO:colcon.colcon_core.shell:Creating environment hook '/home/kkk/workspace/ros_ur_driver/install/ur_dashboard_msgs/share/ur_dashboard_msgs/hook/ld_library_path_lib.sh'
[16.024s] Level 1:colcon.colcon_core.environment:checking '/home/kkk/workspace/ros_ur_driver/install/ur_dashboard_msgs/bin'
[16.024s] Level 1:colcon.colcon_core.environment:checking '/home/kkk/workspace/ros_ur_driver/install/ur_dashboard_msgs/lib/pkgconfig/ur_dashboard_msgs.pc'
[16.025s] Level 1:colcon.colcon_core.environment:checking '/home/kkk/workspace/ros_ur_driver/install/ur_dashboard_msgs/lib/python3.8/site-packages'
[16.025s] Level 1:colcon.colcon_core.shell:create_environment_hook('ur_dashboard_msgs', 'pythonpath')
[16.026s] INFO:colcon.colcon_core.shell:Creating environment hook '/home/kkk/workspace/ros_ur_driver/install/ur_dashboard_msgs/share/ur_dashboard_msgs/hook/pythonpath.ps1'
[16.026s] INFO:colcon.colcon_core.shell:Creating environment descriptor '/home/kkk/workspace/ros_ur_driver/install/ur_dashboard_msgs/share/ur_dashboard_msgs/hook/pythonpath.dsv'
[16.026s] INFO:colcon.colcon_core.shell:Creating environment hook '/home/kkk/workspace/ros_ur_driver/install/ur_dashboard_msgs/share/ur_dashboard_msgs/hook/pythonpath.sh'
[16.027s] Level 1:colcon.colcon_core.environment:checking '/home/kkk/workspace/ros_ur_driver/install/ur_dashboard_msgs/bin'
[16.028s] INFO:colcon.colcon_core.shell:Creating package script '/home/kkk/workspace/ros_ur_driver/install/ur_dashboard_msgs/share/ur_dashboard_msgs/package.ps1'
[16.028s] INFO:colcon.colcon_core.shell:Creating package descriptor '/home/kkk/workspace/ros_ur_driver/install/ur_dashboard_msgs/share/ur_dashboard_msgs/package.dsv'
[16.029s] INFO:colcon.colcon_core.shell:Creating package script '/home/kkk/workspace/ros_ur_driver/install/ur_dashboard_msgs/share/ur_dashboard_msgs/package.sh'
[16.029s] INFO:colcon.colcon_core.shell:Creating package script '/home/kkk/workspace/ros_ur_driver/install/ur_dashboard_msgs/share/ur_dashboard_msgs/package.bash'
[16.029s] INFO:colcon.colcon_core.shell:Creating package script '/home/kkk/workspace/ros_ur_driver/install/ur_dashboard_msgs/share/ur_dashboard_msgs/package.zsh'
[16.029s] Level 1:colcon.colcon_core.environment:create_file_with_runtime_dependencies(/home/kkk/workspace/ros_ur_driver/install/ur_dashboard_msgs/share/colcon-core/packages/ur_dashboard_msgs)
[16.193s] Level 1:colcon.colcon_core.environment:create_environment_scripts_only(ur_dashboard_msgs)
[16.198s] Level 1:colcon.colcon_core.environment:checking '/home/kkk/workspace/ros_ur_driver/install/ur_dashboard_msgs' for CMake module files
[16.199s] Level 1:colcon.colcon_core.environment:checking '/home/kkk/workspace/ros_ur_driver/install/ur_dashboard_msgs' for CMake config files
[16.200s] Level 1:colcon.colcon_core.shell:create_environment_hook('ur_dashboard_msgs', 'cmake_prefix_path')
[16.202s] INFO:colcon.colcon_core.shell:Creating environment hook '/home/kkk/workspace/ros_ur_driver/install/ur_dashboard_msgs/share/ur_dashboard_msgs/hook/cmake_prefix_path.ps1'
[16.203s] INFO:colcon.colcon_core.shell:Creating environment descriptor '/home/kkk/workspace/ros_ur_driver/install/ur_dashboard_msgs/share/ur_dashboard_msgs/hook/cmake_prefix_path.dsv'
[16.204s] INFO:colcon.colcon_core.shell:Creating environment hook '/home/kkk/workspace/ros_ur_driver/install/ur_dashboard_msgs/share/ur_dashboard_msgs/hook/cmake_prefix_path.sh'
[16.204s] Level 1:colcon.colcon_core.environment:checking '/home/kkk/workspace/ros_ur_driver/install/ur_dashboard_msgs/lib'
[16.204s] Level 1:colcon.colcon_core.shell:create_environment_hook('ur_dashboard_msgs', 'ld_library_path_lib')
[16.205s] INFO:colcon.colcon_core.shell:Creating environment hook '/home/kkk/workspace/ros_ur_driver/install/ur_dashboard_msgs/share/ur_dashboard_msgs/hook/ld_library_path_lib.ps1'
[16.206s] INFO:colcon.colcon_core.shell:Creating environment descriptor '/home/kkk/workspace/ros_ur_driver/install/ur_dashboard_msgs/share/ur_dashboard_msgs/hook/ld_library_path_lib.dsv'
[16.206s] INFO:colcon.colcon_core.shell:Creating environment hook '/home/kkk/workspace/ros_ur_driver/install/ur_dashboard_msgs/share/ur_dashboard_msgs/hook/ld_library_path_lib.sh'
[16.206s] Level 1:colcon.colcon_core.environment:checking '/home/kkk/workspace/ros_ur_driver/install/ur_dashboard_msgs/bin'
[16.206s] Level 1:colcon.colcon_core.environment:checking '/home/kkk/workspace/ros_ur_driver/install/ur_dashboard_msgs/lib/pkgconfig/ur_dashboard_msgs.pc'
[16.206s] Level 1:colcon.colcon_core.environment:checking '/home/kkk/workspace/ros_ur_driver/install/ur_dashboard_msgs/lib/python3.8/site-packages'
[16.206s] Level 1:colcon.colcon_core.shell:create_environment_hook('ur_dashboard_msgs', 'pythonpath')
[16.208s] INFO:colcon.colcon_core.shell:Creating environment hook '/home/kkk/workspace/ros_ur_driver/install/ur_dashboard_msgs/share/ur_dashboard_msgs/hook/pythonpath.ps1'
[16.208s] INFO:colcon.colcon_core.shell:Creating environment descriptor '/home/kkk/workspace/ros_ur_driver/install/ur_dashboard_msgs/share/ur_dashboard_msgs/hook/pythonpath.dsv'
[16.208s] INFO:colcon.colcon_core.shell:Creating environment hook '/home/kkk/workspace/ros_ur_driver/install/ur_dashboard_msgs/share/ur_dashboard_msgs/hook/pythonpath.sh'
[16.208s] Level 1:colcon.colcon_core.environment:checking '/home/kkk/workspace/ros_ur_driver/install/ur_dashboard_msgs/bin'
[16.210s] INFO:colcon.colcon_core.shell:Creating package script '/home/kkk/workspace/ros_ur_driver/install/ur_dashboard_msgs/share/ur_dashboard_msgs/package.ps1'
[16.210s] INFO:colcon.colcon_core.shell:Creating package descriptor '/home/kkk/workspace/ros_ur_driver/install/ur_dashboard_msgs/share/ur_dashboard_msgs/package.dsv'
[16.211s] INFO:colcon.colcon_core.shell:Creating package script '/home/kkk/workspace/ros_ur_driver/install/ur_dashboard_msgs/share/ur_dashboard_msgs/package.sh'
[16.211s] INFO:colcon.colcon_core.shell:Creating package script '/home/kkk/workspace/ros_ur_driver/install/ur_dashboard_msgs/share/ur_dashboard_msgs/package.bash'
[16.211s] INFO:colcon.colcon_core.shell:Creating package script '/home/kkk/workspace/ros_ur_driver/install/ur_dashboard_msgs/share/ur_dashboard_msgs/package.zsh'
[16.211s] Level 1:colcon.colcon_core.environment:create_file_with_runtime_dependencies(/home/kkk/workspace/ros_ur_driver/install/ur_dashboard_msgs/share/colcon-core/packages/ur_dashboard_msgs)
[16.212s] INFO:colcon.colcon_ros.task.ament_cmake.build:Building ROS package in '/home/kkk/workspace/ros_ur_driver/src/Universal_Robots_ROS2_Driver/ur_controllers' with build type 'ament_cmake'
[16.212s] INFO:colcon.colcon_cmake.task.cmake.build:Building CMake package in '/home/kkk/workspace/ros_ur_driver/src/Universal_Robots_ROS2_Driver/ur_controllers'
[16.213s] INFO:colcon.colcon_core.shell:Skip shell extension 'powershell' for command environment: Not usable outside of PowerShell
[16.213s] DEBUG:colcon.colcon_core.shell:Skip shell extension 'dsv' for command environment
[16.231s] DEBUG:colcon.colcon_core.event_handler.log_command:Invoking command in '/home/kkk/workspace/ros_ur_driver/build/ur_controllers': AMENT_PREFIX_PATH=/home/kkk/workspace/ros_ur_driver/install/ur_dashboard_msgs:${AMENT_PREFIX_PATH} CMAKE_PREFIX_PATH=/home/kkk/workspace/ros_ur_driver/install/ur_dashboard_msgs:/opt/ros/galactic LD_LIBRARY_PATH=/home/kkk/workspace/ros_ur_driver/install/ur_dashboard_msgs/lib:${LD_LIBRARY_PATH} PYTHONPATH=/home/kkk/workspace/ros_ur_driver/install/ur_dashboard_msgs/lib/python3.8/site-packages:${PYTHONPATH} /usr/bin/cmake /home/kkk/workspace/ros_ur_driver/src/Universal_Robots_ROS2_Driver/ur_controllers -DCMAKE_BUILD_TYPE=Release -DCMAKE_INSTALL_PREFIX=/home/kkk/workspace/ros_ur_driver/install/ur_controllers
[19.201s] DEBUG:colcon.colcon_core.event_handler.log_command:Invoked command in '/home/kkk/workspace/ros_ur_driver/build/ur_controllers' returned '0': AMENT_PREFIX_PATH=/home/kkk/workspace/ros_ur_driver/install/ur_dashboard_msgs:${AMENT_PREFIX_PATH} CMAKE_PREFIX_PATH=/home/kkk/workspace/ros_ur_driver/install/ur_dashboard_msgs:/opt/ros/galactic LD_LIBRARY_PATH=/home/kkk/workspace/ros_ur_driver/install/ur_dashboard_msgs/lib:${LD_LIBRARY_PATH} PYTHONPATH=/home/kkk/workspace/ros_ur_driver/install/ur_dashboard_msgs/lib/python3.8/site-packages:${PYTHONPATH} /usr/bin/cmake /home/kkk/workspace/ros_ur_driver/src/Universal_Robots_ROS2_Driver/ur_controllers -DCMAKE_BUILD_TYPE=Release -DCMAKE_INSTALL_PREFIX=/home/kkk/workspace/ros_ur_driver/install/ur_controllers
[19.205s] DEBUG:colcon.colcon_core.event_handler.log_command:Invoking command in '/home/kkk/workspace/ros_ur_driver/build/ur_controllers': AMENT_PREFIX_PATH=/home/kkk/workspace/ros_ur_driver/install/ur_dashboard_msgs:${AMENT_PREFIX_PATH} CMAKE_PREFIX_PATH=/home/kkk/workspace/ros_ur_driver/install/ur_dashboard_msgs:/opt/ros/galactic LD_LIBRARY_PATH=/home/kkk/workspace/ros_ur_driver/install/ur_dashboard_msgs/lib:${LD_LIBRARY_PATH} PYTHONPATH=/home/kkk/workspace/ros_ur_driver/install/ur_dashboard_msgs/lib/python3.8/site-packages:${PYTHONPATH} /usr/bin/cmake --build /home/kkk/workspace/ros_ur_driver/build/ur_controllers -- -j8 -l8
[29.084s] DEBUG:colcon.colcon_core.event_handler.log_command:Invoked command in '/home/kkk/workspace/ros_ur_driver/build/ur_controllers' returned '0': AMENT_PREFIX_PATH=/home/kkk/workspace/ros_ur_driver/install/ur_dashboard_msgs:${AMENT_PREFIX_PATH} CMAKE_PREFIX_PATH=/home/kkk/workspace/ros_ur_driver/install/ur_dashboard_msgs:/opt/ros/galactic LD_LIBRARY_PATH=/home/kkk/workspace/ros_ur_driver/install/ur_dashboard_msgs/lib:${LD_LIBRARY_PATH} PYTHONPATH=/home/kkk/workspace/ros_ur_driver/install/ur_dashboard_msgs/lib/python3.8/site-packages:${PYTHONPATH} /usr/bin/cmake --build /home/kkk/workspace/ros_ur_driver/build/ur_controllers -- -j8 -l8
[29.124s] DEBUG:colcon.colcon_core.event_handler.log_command:Invoking command in '/home/kkk/workspace/ros_ur_driver/build/ur_controllers': AMENT_PREFIX_PATH=/home/kkk/workspace/ros_ur_driver/install/ur_dashboard_msgs:${AMENT_PREFIX_PATH} CMAKE_PREFIX_PATH=/home/kkk/workspace/ros_ur_driver/install/ur_dashboard_msgs:/opt/ros/galactic LD_LIBRARY_PATH=/home/kkk/workspace/ros_ur_driver/install/ur_dashboard_msgs/lib:${LD_LIBRARY_PATH} PYTHONPATH=/home/kkk/workspace/ros_ur_driver/install/ur_dashboard_msgs/lib/python3.8/site-packages:${PYTHONPATH} /usr/bin/cmake --install /home/kkk/workspace/ros_ur_driver/build/ur_controllers
[29.141s] Level 1:colcon.colcon_core.environment:create_environment_scripts_only(ur_controllers)
[29.147s] Level 1:colcon.colcon_core.environment:checking '/home/kkk/workspace/ros_ur_driver/install/ur_controllers' for CMake module files
[29.148s] DEBUG:colcon.colcon_core.event_handler.log_command:Invoked command in '/home/kkk/workspace/ros_ur_driver/build/ur_controllers' returned '0': AMENT_PREFIX_PATH=/home/kkk/workspace/ros_ur_driver/install/ur_dashboard_msgs:${AMENT_PREFIX_PATH} CMAKE_PREFIX_PATH=/home/kkk/workspace/ros_ur_driver/install/ur_dashboard_msgs:/opt/ros/galactic LD_LIBRARY_PATH=/home/kkk/workspace/ros_ur_driver/install/ur_dashboard_msgs/lib:${LD_LIBRARY_PATH} PYTHONPATH=/home/kkk/workspace/ros_ur_driver/install/ur_dashboard_msgs/lib/python3.8/site-packages:${PYTHONPATH} /usr/bin/cmake --install /home/kkk/workspace/ros_ur_driver/build/ur_controllers
[29.149s] Level 1:colcon.colcon_core.environment:checking '/home/kkk/workspace/ros_ur_driver/install/ur_controllers' for CMake config files
[29.150s] Level 1:colcon.colcon_core.shell:create_environment_hook('ur_controllers', 'cmake_prefix_path')
[29.152s] INFO:colcon.colcon_core.shell:Creating environment hook '/home/kkk/workspace/ros_ur_driver/install/ur_controllers/share/ur_controllers/hook/cmake_prefix_path.ps1'
[29.153s] INFO:colcon.colcon_core.shell:Creating environment descriptor '/home/kkk/workspace/ros_ur_driver/install/ur_controllers/share/ur_controllers/hook/cmake_prefix_path.dsv'
[29.153s] INFO:colcon.colcon_core.shell:Creating environment hook '/home/kkk/workspace/ros_ur_driver/install/ur_controllers/share/ur_controllers/hook/cmake_prefix_path.sh'
[29.153s] Level 1:colcon.colcon_core.environment:checking '/home/kkk/workspace/ros_ur_driver/install/ur_controllers/lib'
[29.153s] Level 1:colcon.colcon_core.shell:create_environment_hook('ur_controllers', 'ld_library_path_lib')
[29.155s] INFO:colcon.colcon_core.shell:Creating environment hook '/home/kkk/workspace/ros_ur_driver/install/ur_controllers/share/ur_controllers/hook/ld_library_path_lib.ps1'
[29.155s] INFO:colcon.colcon_core.shell:Creating environment descriptor '/home/kkk/workspace/ros_ur_driver/install/ur_controllers/share/ur_controllers/hook/ld_library_path_lib.dsv'
[29.155s] INFO:colcon.colcon_core.shell:Creating environment hook '/home/kkk/workspace/ros_ur_driver/install/ur_controllers/share/ur_controllers/hook/ld_library_path_lib.sh'
[29.155s] Level 1:colcon.colcon_core.environment:checking '/home/kkk/workspace/ros_ur_driver/install/ur_controllers/bin'
[29.155s] Level 1:colcon.colcon_core.environment:checking '/home/kkk/workspace/ros_ur_driver/install/ur_controllers/lib/pkgconfig/ur_controllers.pc'
[29.155s] Level 1:colcon.colcon_core.environment:checking '/home/kkk/workspace/ros_ur_driver/install/ur_controllers/lib/python3.8/site-packages'
[29.156s] Level 1:colcon.colcon_core.environment:checking '/home/kkk/workspace/ros_ur_driver/install/ur_controllers/bin'
[29.157s] INFO:colcon.colcon_core.shell:Creating package script '/home/kkk/workspace/ros_ur_driver/install/ur_controllers/share/ur_controllers/package.ps1'
[29.157s] INFO:colcon.colcon_core.shell:Creating package descriptor '/home/kkk/workspace/ros_ur_driver/install/ur_controllers/share/ur_controllers/package.dsv'
[29.158s] INFO:colcon.colcon_core.shell:Creating package script '/home/kkk/workspace/ros_ur_driver/install/ur_controllers/share/ur_controllers/package.sh'
[29.158s] INFO:colcon.colcon_core.shell:Creating package script '/home/kkk/workspace/ros_ur_driver/install/ur_controllers/share/ur_controllers/package.bash'
[29.158s] INFO:colcon.colcon_core.shell:Creating package script '/home/kkk/workspace/ros_ur_driver/install/ur_controllers/share/ur_controllers/package.zsh'
[29.159s] Level 1:colcon.colcon_core.environment:create_file_with_runtime_dependencies(/home/kkk/workspace/ros_ur_driver/install/ur_controllers/share/colcon-core/packages/ur_controllers)
[29.195s] Level 1:colcon.colcon_core.environment:create_environment_scripts_only(ur_controllers)
[29.199s] Level 1:colcon.colcon_core.environment:checking '/home/kkk/workspace/ros_ur_driver/install/ur_controllers' for CMake module files
[29.200s] Level 1:colcon.colcon_core.environment:checking '/home/kkk/workspace/ros_ur_driver/install/ur_controllers' for CMake config files
[29.200s] Level 1:colcon.colcon_core.shell:create_environment_hook('ur_controllers', 'cmake_prefix_path')
[29.201s] INFO:colcon.colcon_core.shell:Creating environment hook '/home/kkk/workspace/ros_ur_driver/install/ur_controllers/share/ur_controllers/hook/cmake_prefix_path.ps1'
[29.202s] INFO:colcon.colcon_core.shell:Creating environment descriptor '/home/kkk/workspace/ros_ur_driver/install/ur_controllers/share/ur_controllers/hook/cmake_prefix_path.dsv'
[29.202s] INFO:colcon.colcon_core.shell:Creating environment hook '/home/kkk/workspace/ros_ur_driver/install/ur_controllers/share/ur_controllers/hook/cmake_prefix_path.sh'
[29.202s] Level 1:colcon.colcon_core.environment:checking '/home/kkk/workspace/ros_ur_driver/install/ur_controllers/lib'
[29.202s] Level 1:colcon.colcon_core.shell:create_environment_hook('ur_controllers', 'ld_library_path_lib')
[29.204s] INFO:colcon.colcon_core.shell:Creating environment hook '/home/kkk/workspace/ros_ur_driver/install/ur_controllers/share/ur_controllers/hook/ld_library_path_lib.ps1'
[29.204s] INFO:colcon.colcon_core.shell:Creating environment descriptor '/home/kkk/workspace/ros_ur_driver/install/ur_controllers/share/ur_controllers/hook/ld_library_path_lib.dsv'
[29.204s] INFO:colcon.colcon_core.shell:Creating environment hook '/home/kkk/workspace/ros_ur_driver/install/ur_controllers/share/ur_controllers/hook/ld_library_path_lib.sh'
[29.204s] Level 1:colcon.colcon_core.environment:checking '/home/kkk/workspace/ros_ur_driver/install/ur_controllers/bin'
[29.204s] Level 1:colcon.colcon_core.environment:checking '/home/kkk/workspace/ros_ur_driver/install/ur_controllers/lib/pkgconfig/ur_controllers.pc'
[29.205s] Level 1:colcon.colcon_core.environment:checking '/home/kkk/workspace/ros_ur_driver/install/ur_controllers/lib/python3.8/site-packages'
[29.205s] Level 1:colcon.colcon_core.environment:checking '/home/kkk/workspace/ros_ur_driver/install/ur_controllers/bin'
[29.206s] INFO:colcon.colcon_core.shell:Creating package script '/home/kkk/workspace/ros_ur_driver/install/ur_controllers/share/ur_controllers/package.ps1'
[29.206s] INFO:colcon.colcon_core.shell:Creating package descriptor '/home/kkk/workspace/ros_ur_driver/install/ur_controllers/share/ur_controllers/package.dsv'
[29.207s] INFO:colcon.colcon_core.shell:Creating package script '/home/kkk/workspace/ros_ur_driver/install/ur_controllers/share/ur_controllers/package.sh'
[29.207s] INFO:colcon.colcon_core.shell:Creating package script '/home/kkk/workspace/ros_ur_driver/install/ur_controllers/share/ur_controllers/package.bash'
[29.207s] INFO:colcon.colcon_core.shell:Creating package script '/home/kkk/workspace/ros_ur_driver/install/ur_controllers/share/ur_controllers/package.zsh'
[29.208s] Level 1:colcon.colcon_core.environment:create_file_with_runtime_dependencies(/home/kkk/workspace/ros_ur_driver/install/ur_controllers/share/colcon-core/packages/ur_controllers)
[29.208s] INFO:colcon.colcon_ros.task.ament_cmake.build:Building ROS package in '/home/kkk/workspace/ros_ur_driver/src/Universal_Robots_ROS2_Driver/ur_bringup' with build type 'ament_cmake'
[29.208s] INFO:colcon.colcon_cmake.task.cmake.build:Building CMake package in '/home/kkk/workspace/ros_ur_driver/src/Universal_Robots_ROS2_Driver/ur_bringup'
[29.209s] INFO:colcon.colcon_core.shell:Skip shell extension 'powershell' for command environment: Not usable outside of PowerShell
[29.209s] DEBUG:colcon.colcon_core.shell:Skip shell extension 'dsv' for command environment
[29.231s] DEBUG:colcon.colcon_core.event_handler.log_command:Invoking command in '/home/kkk/workspace/ros_ur_driver/build/ur_bringup': AMENT_PREFIX_PATH=/home/kkk/workspace/ros_ur_driver/install/ur_controllers:/home/kkk/workspace/ros_ur_driver/install/ur_dashboard_msgs:${AMENT_PREFIX_PATH} CMAKE_PREFIX_PATH=/home/kkk/workspace/ros_ur_driver/install/ur_controllers:/home/kkk/workspace/ros_ur_driver/install/ur_dashboard_msgs:/opt/ros/galactic LD_LIBRARY_PATH=/home/kkk/workspace/ros_ur_driver/install/ur_controllers/lib:/home/kkk/workspace/ros_ur_driver/install/ur_dashboard_msgs/lib:${LD_LIBRARY_PATH} PYTHONPATH=/home/kkk/workspace/ros_ur_driver/install/ur_dashboard_msgs/lib/python3.8/site-packages:${PYTHONPATH} /usr/bin/cmake /home/kkk/workspace/ros_ur_driver/src/Universal_Robots_ROS2_Driver/ur_bringup -DCMAKE_BUILD_TYPE=Release -DCMAKE_INSTALL_PREFIX=/home/kkk/workspace/ros_ur_driver/install/ur_bringup
[29.942s] DEBUG:colcon.colcon_core.event_handler.log_command:Invoked command in '/home/kkk/workspace/ros_ur_driver/build/ur_bringup' returned '0': AMENT_PREFIX_PATH=/home/kkk/workspace/ros_ur_driver/install/ur_controllers:/home/kkk/workspace/ros_ur_driver/install/ur_dashboard_msgs:${AMENT_PREFIX_PATH} CMAKE_PREFIX_PATH=/home/kkk/workspace/ros_ur_driver/install/ur_controllers:/home/kkk/workspace/ros_ur_driver/install/ur_dashboard_msgs:/opt/ros/galactic LD_LIBRARY_PATH=/home/kkk/workspace/ros_ur_driver/install/ur_controllers/lib:/home/kkk/workspace/ros_ur_driver/install/ur_dashboard_msgs/lib:${LD_LIBRARY_PATH} PYTHONPATH=/home/kkk/workspace/ros_ur_driver/install/ur_dashboard_msgs/lib/python3.8/site-packages:${PYTHONPATH} /usr/bin/cmake /home/kkk/workspace/ros_ur_driver/src/Universal_Robots_ROS2_Driver/ur_bringup -DCMAKE_BUILD_TYPE=Release -DCMAKE_INSTALL_PREFIX=/home/kkk/workspace/ros_ur_driver/install/ur_bringup
[29.945s] DEBUG:colcon.colcon_core.event_handler.log_command:Invoking command in '/home/kkk/workspace/ros_ur_driver/build/ur_bringup': AMENT_PREFIX_PATH=/home/kkk/workspace/ros_ur_driver/install/ur_controllers:/home/kkk/workspace/ros_ur_driver/install/ur_dashboard_msgs:${AMENT_PREFIX_PATH} CMAKE_PREFIX_PATH=/home/kkk/workspace/ros_ur_driver/install/ur_controllers:/home/kkk/workspace/ros_ur_driver/install/ur_dashboard_msgs:/opt/ros/galactic LD_LIBRARY_PATH=/home/kkk/workspace/ros_ur_driver/install/ur_controllers/lib:/home/kkk/workspace/ros_ur_driver/install/ur_dashboard_msgs/lib:${LD_LIBRARY_PATH} PYTHONPATH=/home/kkk/workspace/ros_ur_driver/install/ur_dashboard_msgs/lib/python3.8/site-packages:${PYTHONPATH} /usr/bin/cmake --build /home/kkk/workspace/ros_ur_driver/build/ur_bringup -- -j8 -l8
[30.001s] DEBUG:colcon.colcon_core.event_handler.log_command:Invoked command in '/home/kkk/workspace/ros_ur_driver/build/ur_bringup' returned '0': AMENT_PREFIX_PATH=/home/kkk/workspace/ros_ur_driver/install/ur_controllers:/home/kkk/workspace/ros_ur_driver/install/ur_dashboard_msgs:${AMENT_PREFIX_PATH} CMAKE_PREFIX_PATH=/home/kkk/workspace/ros_ur_driver/install/ur_controllers:/home/kkk/workspace/ros_ur_driver/install/ur_dashboard_msgs:/opt/ros/galactic LD_LIBRARY_PATH=/home/kkk/workspace/ros_ur_driver/install/ur_controllers/lib:/home/kkk/workspace/ros_ur_driver/install/ur_dashboard_msgs/lib:${LD_LIBRARY_PATH} PYTHONPATH=/home/kkk/workspace/ros_ur_driver/install/ur_dashboard_msgs/lib/python3.8/site-packages:${PYTHONPATH} /usr/bin/cmake --build /home/kkk/workspace/ros_ur_driver/build/ur_bringup -- -j8 -l8
[30.033s] DEBUG:colcon.colcon_core.event_handler.log_command:Invoking command in '/home/kkk/workspace/ros_ur_driver/build/ur_bringup': AMENT_PREFIX_PATH=/home/kkk/workspace/ros_ur_driver/install/ur_controllers:/home/kkk/workspace/ros_ur_driver/install/ur_dashboard_msgs:${AMENT_PREFIX_PATH} CMAKE_PREFIX_PATH=/home/kkk/workspace/ros_ur_driver/install/ur_controllers:/home/kkk/workspace/ros_ur_driver/install/ur_dashboard_msgs:/opt/ros/galactic LD_LIBRARY_PATH=/home/kkk/workspace/ros_ur_driver/install/ur_controllers/lib:/home/kkk/workspace/ros_ur_driver/install/ur_dashboard_msgs/lib:${LD_LIBRARY_PATH} PYTHONPATH=/home/kkk/workspace/ros_ur_driver/install/ur_dashboard_msgs/lib/python3.8/site-packages:${PYTHONPATH} /usr/bin/cmake --install /home/kkk/workspace/ros_ur_driver/build/ur_bringup
[30.051s] Level 1:colcon.colcon_core.environment:create_environment_scripts_only(ur_bringup)
[30.055s] Level 1:colcon.colcon_core.environment:checking '/home/kkk/workspace/ros_ur_driver/install/ur_bringup' for CMake module files
[30.056s] DEBUG:colcon.colcon_core.event_handler.log_command:Invoked command in '/home/kkk/workspace/ros_ur_driver/build/ur_bringup' returned '0': AMENT_PREFIX_PATH=/home/kkk/workspace/ros_ur_driver/install/ur_controllers:/home/kkk/workspace/ros_ur_driver/install/ur_dashboard_msgs:${AMENT_PREFIX_PATH} CMAKE_PREFIX_PATH=/home/kkk/workspace/ros_ur_driver/install/ur_controllers:/home/kkk/workspace/ros_ur_driver/install/ur_dashboard_msgs:/opt/ros/galactic LD_LIBRARY_PATH=/home/kkk/workspace/ros_ur_driver/install/ur_controllers/lib:/home/kkk/workspace/ros_ur_driver/install/ur_dashboard_msgs/lib:${LD_LIBRARY_PATH} PYTHONPATH=/home/kkk/workspace/ros_ur_driver/install/ur_dashboard_msgs/lib/python3.8/site-packages:${PYTHONPATH} /usr/bin/cmake --install /home/kkk/workspace/ros_ur_driver/build/ur_bringup
[30.057s] Level 1:colcon.colcon_core.environment:checking '/home/kkk/workspace/ros_ur_driver/install/ur_bringup' for CMake config files
[30.057s] Level 1:colcon.colcon_core.shell:create_environment_hook('ur_bringup', 'cmake_prefix_path')
[30.060s] INFO:colcon.colcon_core.shell:Creating environment hook '/home/kkk/workspace/ros_ur_driver/install/ur_bringup/share/ur_bringup/hook/cmake_prefix_path.ps1'
[30.061s] INFO:colcon.colcon_core.shell:Creating environment descriptor '/home/kkk/workspace/ros_ur_driver/install/ur_bringup/share/ur_bringup/hook/cmake_prefix_path.dsv'
[30.062s] INFO:colcon.colcon_core.shell:Creating environment hook '/home/kkk/workspace/ros_ur_driver/install/ur_bringup/share/ur_bringup/hook/cmake_prefix_path.sh'
[30.063s] Level 1:colcon.colcon_core.environment:checking '/home/kkk/workspace/ros_ur_driver/install/ur_bringup/lib'
[30.063s] Level 1:colcon.colcon_core.environment:checking '/home/kkk/workspace/ros_ur_driver/install/ur_bringup/bin'
[30.063s] Level 1:colcon.colcon_core.environment:checking '/home/kkk/workspace/ros_ur_driver/install/ur_bringup/lib/pkgconfig/ur_bringup.pc'
[30.064s] Level 1:colcon.colcon_core.environment:checking '/home/kkk/workspace/ros_ur_driver/install/ur_bringup/lib/python3.8/site-packages'
[30.064s] Level 1:colcon.colcon_core.environment:checking '/home/kkk/workspace/ros_ur_driver/install/ur_bringup/bin'
[30.066s] INFO:colcon.colcon_core.shell:Creating package script '/home/kkk/workspace/ros_ur_driver/install/ur_bringup/share/ur_bringup/package.ps1'
[30.067s] INFO:colcon.colcon_core.shell:Creating package descriptor '/home/kkk/workspace/ros_ur_driver/install/ur_bringup/share/ur_bringup/package.dsv'
[30.068s] INFO:colcon.colcon_core.shell:Creating package script '/home/kkk/workspace/ros_ur_driver/install/ur_bringup/share/ur_bringup/package.sh'
[30.069s] INFO:colcon.colcon_core.shell:Creating package script '/home/kkk/workspace/ros_ur_driver/install/ur_bringup/share/ur_bringup/package.bash'
[30.069s] INFO:colcon.colcon_core.shell:Creating package script '/home/kkk/workspace/ros_ur_driver/install/ur_bringup/share/ur_bringup/package.zsh'
[30.069s] Level 1:colcon.colcon_core.environment:create_file_with_runtime_dependencies(/home/kkk/workspace/ros_ur_driver/install/ur_bringup/share/colcon-core/packages/ur_bringup)
[30.103s] Level 1:colcon.colcon_core.environment:create_environment_scripts_only(ur_bringup)
[30.106s] Level 1:colcon.colcon_core.environment:checking '/home/kkk/workspace/ros_ur_driver/install/ur_bringup' for CMake module files
[30.107s] Level 1:colcon.colcon_core.environment:checking '/home/kkk/workspace/ros_ur_driver/install/ur_bringup' for CMake config files
[30.107s] Level 1:colcon.colcon_core.shell:create_environment_hook('ur_bringup', 'cmake_prefix_path')
[30.110s] INFO:colcon.colcon_core.shell:Creating environment hook '/home/kkk/workspace/ros_ur_driver/install/ur_bringup/share/ur_bringup/hook/cmake_prefix_path.ps1'
[30.111s] INFO:colcon.colcon_core.shell:Creating environment descriptor '/home/kkk/workspace/ros_ur_driver/install/ur_bringup/share/ur_bringup/hook/cmake_prefix_path.dsv'
[30.112s] INFO:colcon.colcon_core.shell:Creating environment hook '/home/kkk/workspace/ros_ur_driver/install/ur_bringup/share/ur_bringup/hook/cmake_prefix_path.sh'
[30.113s] Level 1:colcon.colcon_core.environment:checking '/home/kkk/workspace/ros_ur_driver/install/ur_bringup/lib'
[30.113s] Level 1:colcon.colcon_core.environment:checking '/home/kkk/workspace/ros_ur_driver/install/ur_bringup/bin'
[30.113s] Level 1:colcon.colcon_core.environment:checking '/home/kkk/workspace/ros_ur_driver/install/ur_bringup/lib/pkgconfig/ur_bringup.pc'
[30.113s] Level 1:colcon.colcon_core.environment:checking '/home/kkk/workspace/ros_ur_driver/install/ur_bringup/lib/python3.8/site-packages'
[30.113s] Level 1:colcon.colcon_core.environment:checking '/home/kkk/workspace/ros_ur_driver/install/ur_bringup/bin'
[30.115s] INFO:colcon.colcon_core.shell:Creating package script '/home/kkk/workspace/ros_ur_driver/install/ur_bringup/share/ur_bringup/package.ps1'
[30.115s] INFO:colcon.colcon_core.shell:Creating package descriptor '/home/kkk/workspace/ros_ur_driver/install/ur_bringup/share/ur_bringup/package.dsv'
[30.116s] INFO:colcon.colcon_core.shell:Creating package script '/home/kkk/workspace/ros_ur_driver/install/ur_bringup/share/ur_bringup/package.sh'
[30.116s] INFO:colcon.colcon_core.shell:Creating package script '/home/kkk/workspace/ros_ur_driver/install/ur_bringup/share/ur_bringup/package.bash'
[30.116s] INFO:colcon.colcon_core.shell:Creating package script '/home/kkk/workspace/ros_ur_driver/install/ur_bringup/share/ur_bringup/package.zsh'
[30.116s] Level 1:colcon.colcon_core.environment:create_file_with_runtime_dependencies(/home/kkk/workspace/ros_ur_driver/install/ur_bringup/share/colcon-core/packages/ur_bringup)
[30.117s] INFO:colcon.colcon_ros.task.ament_cmake.build:Building ROS package in '/home/kkk/workspace/ros_ur_driver/src/Universal_Robots_ROS2_Driver/ur_robot_driver' with build type 'ament_cmake'
[30.117s] INFO:colcon.colcon_cmake.task.cmake.build:Building CMake package in '/home/kkk/workspace/ros_ur_driver/src/Universal_Robots_ROS2_Driver/ur_robot_driver'
[30.118s] INFO:colcon.colcon_core.shell:Skip shell extension 'powershell' for command environment: Not usable outside of PowerShell
[30.118s] DEBUG:colcon.colcon_core.shell:Skip shell extension 'dsv' for command environment
[30.140s] DEBUG:colcon.colcon_core.event_handler.log_command:Invoking command in '/home/kkk/workspace/ros_ur_driver/build/ur_robot_driver': AMENT_PREFIX_PATH=/home/kkk/workspace/ros_ur_driver/install/ur_bringup:/home/kkk/workspace/ros_ur_driver/install/ur_controllers:/home/kkk/workspace/ros_ur_driver/install/ur_dashboard_msgs:${AMENT_PREFIX_PATH} CMAKE_PREFIX_PATH=/home/kkk/workspace/ros_ur_driver/install/ur_bringup:/home/kkk/workspace/ros_ur_driver/install/ur_controllers:/home/kkk/workspace/ros_ur_driver/install/ur_dashboard_msgs:/opt/ros/galactic LD_LIBRARY_PATH=/home/kkk/workspace/ros_ur_driver/install/ur_controllers/lib:/home/kkk/workspace/ros_ur_driver/install/ur_dashboard_msgs/lib:${LD_LIBRARY_PATH} PYTHONPATH=/home/kkk/workspace/ros_ur_driver/install/ur_dashboard_msgs/lib/python3.8/site-packages:${PYTHONPATH} /usr/bin/cmake /home/kkk/workspace/ros_ur_driver/src/Universal_Robots_ROS2_Driver/ur_robot_driver -DCMAKE_BUILD_TYPE=Release -DCMAKE_INSTALL_PREFIX=/home/kkk/workspace/ros_ur_driver/install/ur_robot_driver
[34.257s] DEBUG:colcon.colcon_core.event_handler.log_command:Invoked command in '/home/kkk/workspace/ros_ur_driver/build/ur_robot_driver' returned '0': AMENT_PREFIX_PATH=/home/kkk/workspace/ros_ur_driver/install/ur_bringup:/home/kkk/workspace/ros_ur_driver/install/ur_controllers:/home/kkk/workspace/ros_ur_driver/install/ur_dashboard_msgs:${AMENT_PREFIX_PATH} CMAKE_PREFIX_PATH=/home/kkk/workspace/ros_ur_driver/install/ur_bringup:/home/kkk/workspace/ros_ur_driver/install/ur_controllers:/home/kkk/workspace/ros_ur_driver/install/ur_dashboard_msgs:/opt/ros/galactic LD_LIBRARY_PATH=/home/kkk/workspace/ros_ur_driver/install/ur_controllers/lib:/home/kkk/workspace/ros_ur_driver/install/ur_dashboard_msgs/lib:${LD_LIBRARY_PATH} PYTHONPATH=/home/kkk/workspace/ros_ur_driver/install/ur_dashboard_msgs/lib/python3.8/site-packages:${PYTHONPATH} /usr/bin/cmake /home/kkk/workspace/ros_ur_driver/src/Universal_Robots_ROS2_Driver/ur_robot_driver -DCMAKE_BUILD_TYPE=Release -DCMAKE_INSTALL_PREFIX=/home/kkk/workspace/ros_ur_driver/install/ur_robot_driver
[34.262s] DEBUG:colcon.colcon_core.event_handler.log_command:Invoking command in '/home/kkk/workspace/ros_ur_driver/build/ur_robot_driver': AMENT_PREFIX_PATH=/home/kkk/workspace/ros_ur_driver/install/ur_bringup:/home/kkk/workspace/ros_ur_driver/install/ur_controllers:/home/kkk/workspace/ros_ur_driver/install/ur_dashboard_msgs:${AMENT_PREFIX_PATH} CMAKE_PREFIX_PATH=/home/kkk/workspace/ros_ur_driver/install/ur_bringup:/home/kkk/workspace/ros_ur_driver/install/ur_controllers:/home/kkk/workspace/ros_ur_driver/install/ur_dashboard_msgs:/opt/ros/galactic LD_LIBRARY_PATH=/home/kkk/workspace/ros_ur_driver/install/ur_controllers/lib:/home/kkk/workspace/ros_ur_driver/install/ur_dashboard_msgs/lib:${LD_LIBRARY_PATH} PYTHONPATH=/home/kkk/workspace/ros_ur_driver/install/ur_dashboard_msgs/lib/python3.8/site-packages:${PYTHONPATH} /usr/bin/cmake --build /home/kkk/workspace/ros_ur_driver/build/ur_robot_driver -- -j8 -l8
[48.429s] DEBUG:colcon.colcon_core.event_handler.log_command:Invoked command in '/home/kkk/workspace/ros_ur_driver/build/ur_robot_driver' returned '0': AMENT_PREFIX_PATH=/home/kkk/workspace/ros_ur_driver/install/ur_bringup:/home/kkk/workspace/ros_ur_driver/install/ur_controllers:/home/kkk/workspace/ros_ur_driver/install/ur_dashboard_msgs:${AMENT_PREFIX_PATH} CMAKE_PREFIX_PATH=/home/kkk/workspace/ros_ur_driver/install/ur_bringup:/home/kkk/workspace/ros_ur_driver/install/ur_controllers:/home/kkk/workspace/ros_ur_driver/install/ur_dashboard_msgs:/opt/ros/galactic LD_LIBRARY_PATH=/home/kkk/workspace/ros_ur_driver/install/ur_controllers/lib:/home/kkk/workspace/ros_ur_driver/install/ur_dashboard_msgs/lib:${LD_LIBRARY_PATH} PYTHONPATH=/home/kkk/workspace/ros_ur_driver/install/ur_dashboard_msgs/lib/python3.8/site-packages:${PYTHONPATH} /usr/bin/cmake --build /home/kkk/workspace/ros_ur_driver/build/ur_robot_driver -- -j8 -l8
[48.479s] DEBUG:colcon.colcon_core.event_handler.log_command:Invoking command in '/home/kkk/workspace/ros_ur_driver/build/ur_robot_driver': AMENT_PREFIX_PATH=/home/kkk/workspace/ros_ur_driver/install/ur_bringup:/home/kkk/workspace/ros_ur_driver/install/ur_controllers:/home/kkk/workspace/ros_ur_driver/install/ur_dashboard_msgs:${AMENT_PREFIX_PATH} CMAKE_PREFIX_PATH=/home/kkk/workspace/ros_ur_driver/install/ur_bringup:/home/kkk/workspace/ros_ur_driver/install/ur_controllers:/home/kkk/workspace/ros_ur_driver/install/ur_dashboard_msgs:/opt/ros/galactic LD_LIBRARY_PATH=/home/kkk/workspace/ros_ur_driver/install/ur_controllers/lib:/home/kkk/workspace/ros_ur_driver/install/ur_dashboard_msgs/lib:${LD_LIBRARY_PATH} PYTHONPATH=/home/kkk/workspace/ros_ur_driver/install/ur_dashboard_msgs/lib/python3.8/site-packages:${PYTHONPATH} /usr/bin/cmake --install /home/kkk/workspace/ros_ur_driver/build/ur_robot_driver
[48.538s] Level 1:colcon.colcon_core.environment:create_environment_scripts_only(ur_robot_driver)
[48.543s] Level 1:colcon.colcon_core.environment:checking '/home/kkk/workspace/ros_ur_driver/install/ur_robot_driver' for CMake module files
[48.544s] DEBUG:colcon.colcon_core.event_handler.log_command:Invoked command in '/home/kkk/workspace/ros_ur_driver/build/ur_robot_driver' returned '0': AMENT_PREFIX_PATH=/home/kkk/workspace/ros_ur_driver/install/ur_bringup:/home/kkk/workspace/ros_ur_driver/install/ur_controllers:/home/kkk/workspace/ros_ur_driver/install/ur_dashboard_msgs:${AMENT_PREFIX_PATH} CMAKE_PREFIX_PATH=/home/kkk/workspace/ros_ur_driver/install/ur_bringup:/home/kkk/workspace/ros_ur_driver/install/ur_controllers:/home/kkk/workspace/ros_ur_driver/install/ur_dashboard_msgs:/opt/ros/galactic LD_LIBRARY_PATH=/home/kkk/workspace/ros_ur_driver/install/ur_controllers/lib:/home/kkk/workspace/ros_ur_driver/install/ur_dashboard_msgs/lib:${LD_LIBRARY_PATH} PYTHONPATH=/home/kkk/workspace/ros_ur_driver/install/ur_dashboard_msgs/lib/python3.8/site-packages:${PYTHONPATH} /usr/bin/cmake --install /home/kkk/workspace/ros_ur_driver/build/ur_robot_driver
[48.545s] Level 1:colcon.colcon_core.environment:checking '/home/kkk/workspace/ros_ur_driver/install/ur_robot_driver' for CMake config files
[48.546s] Level 1:colcon.colcon_core.shell:create_environment_hook('ur_robot_driver', 'cmake_prefix_path')
[48.548s] INFO:colcon.colcon_core.shell:Creating environment hook '/home/kkk/workspace/ros_ur_driver/install/ur_robot_driver/share/ur_robot_driver/hook/cmake_prefix_path.ps1'
[48.549s] INFO:colcon.colcon_core.shell:Creating environment descriptor '/home/kkk/workspace/ros_ur_driver/install/ur_robot_driver/share/ur_robot_driver/hook/cmake_prefix_path.dsv'
[48.549s] INFO:colcon.colcon_core.shell:Creating environment hook '/home/kkk/workspace/ros_ur_driver/install/ur_robot_driver/share/ur_robot_driver/hook/cmake_prefix_path.sh'
[48.550s] Level 1:colcon.colcon_core.environment:checking '/home/kkk/workspace/ros_ur_driver/install/ur_robot_driver/lib'
[48.550s] Level 1:colcon.colcon_core.shell:create_environment_hook('ur_robot_driver', 'ld_library_path_lib')
[48.553s] INFO:colcon.colcon_core.shell:Creating environment hook '/home/kkk/workspace/ros_ur_driver/install/ur_robot_driver/share/ur_robot_driver/hook/ld_library_path_lib.ps1'
[48.553s] INFO:colcon.colcon_core.shell:Creating environment descriptor '/home/kkk/workspace/ros_ur_driver/install/ur_robot_driver/share/ur_robot_driver/hook/ld_library_path_lib.dsv'
[48.553s] INFO:colcon.colcon_core.shell:Creating environment hook '/home/kkk/workspace/ros_ur_driver/install/ur_robot_driver/share/ur_robot_driver/hook/ld_library_path_lib.sh'
[48.553s] Level 1:colcon.colcon_core.environment:checking '/home/kkk/workspace/ros_ur_driver/install/ur_robot_driver/bin'
[48.553s] Level 1:colcon.colcon_core.shell:create_environment_hook('ur_robot_driver', 'path')
[48.555s] INFO:colcon.colcon_core.shell:Creating environment hook '/home/kkk/workspace/ros_ur_driver/install/ur_robot_driver/share/ur_robot_driver/hook/path.ps1'
[48.555s] INFO:colcon.colcon_core.shell:Creating environment descriptor '/home/kkk/workspace/ros_ur_driver/install/ur_robot_driver/share/ur_robot_driver/hook/path.dsv'
[48.555s] INFO:colcon.colcon_core.shell:Creating environment hook '/home/kkk/workspace/ros_ur_driver/install/ur_robot_driver/share/ur_robot_driver/hook/path.sh'
[48.555s] Level 1:colcon.colcon_core.environment:checking '/home/kkk/workspace/ros_ur_driver/install/ur_robot_driver/lib/pkgconfig/ur_robot_driver.pc'
[48.555s] Level 1:colcon.colcon_core.environment:checking '/home/kkk/workspace/ros_ur_driver/install/ur_robot_driver/lib/python3.8/site-packages'
[48.555s] Level 1:colcon.colcon_core.shell:create_environment_hook('ur_robot_driver', 'pythonpath')
[48.557s] INFO:colcon.colcon_core.shell:Creating environment hook '/home/kkk/workspace/ros_ur_driver/install/ur_robot_driver/share/ur_robot_driver/hook/pythonpath.ps1'
[48.557s] INFO:colcon.colcon_core.shell:Creating environment descriptor '/home/kkk/workspace/ros_ur_driver/install/ur_robot_driver/share/ur_robot_driver/hook/pythonpath.dsv'
[48.557s] INFO:colcon.colcon_core.shell:Creating environment hook '/home/kkk/workspace/ros_ur_driver/install/ur_robot_driver/share/ur_robot_driver/hook/pythonpath.sh'
[48.557s] Level 1:colcon.colcon_core.environment:checking '/home/kkk/workspace/ros_ur_driver/install/ur_robot_driver/bin'
[48.557s] Level 1:colcon.colcon_core.shell:create_environment_hook('ur_robot_driver', 'pythonscriptspath')
[48.559s] INFO:colcon.colcon_core.shell:Creating environment hook '/home/kkk/workspace/ros_ur_driver/install/ur_robot_driver/share/ur_robot_driver/hook/pythonscriptspath.ps1'
[48.559s] INFO:colcon.colcon_core.shell:Creating environment descriptor '/home/kkk/workspace/ros_ur_driver/install/ur_robot_driver/share/ur_robot_driver/hook/pythonscriptspath.dsv'
[48.559s] INFO:colcon.colcon_core.shell:Creating environment hook '/home/kkk/workspace/ros_ur_driver/install/ur_robot_driver/share/ur_robot_driver/hook/pythonscriptspath.sh'
[48.560s] INFO:colcon.colcon_core.shell:Creating package script '/home/kkk/workspace/ros_ur_driver/install/ur_robot_driver/share/ur_robot_driver/package.ps1'
[48.561s] INFO:colcon.colcon_core.shell:Creating package descriptor '/home/kkk/workspace/ros_ur_driver/install/ur_robot_driver/share/ur_robot_driver/package.dsv'
[48.561s] INFO:colcon.colcon_core.shell:Creating package script '/home/kkk/workspace/ros_ur_driver/install/ur_robot_driver/share/ur_robot_driver/package.sh'
[48.562s] INFO:colcon.colcon_core.shell:Creating package script '/home/kkk/workspace/ros_ur_driver/install/ur_robot_driver/share/ur_robot_driver/package.bash'
[48.562s] INFO:colcon.colcon_core.shell:Creating package script '/home/kkk/workspace/ros_ur_driver/install/ur_robot_driver/share/ur_robot_driver/package.zsh'
[48.562s] Level 1:colcon.colcon_core.environment:create_file_with_runtime_dependencies(/home/kkk/workspace/ros_ur_driver/install/ur_robot_driver/share/colcon-core/packages/ur_robot_driver)
[48.608s] Level 1:colcon.colcon_core.environment:create_environment_scripts_only(ur_robot_driver)
[48.611s] Level 1:colcon.colcon_core.environment:checking '/home/kkk/workspace/ros_ur_driver/install/ur_robot_driver' for CMake module files
[48.612s] Level 1:colcon.colcon_core.environment:checking '/home/kkk/workspace/ros_ur_driver/install/ur_robot_driver' for CMake config files
[48.613s] Level 1:colcon.colcon_core.shell:create_environment_hook('ur_robot_driver', 'cmake_prefix_path')
[48.614s] INFO:colcon.colcon_core.shell:Creating environment hook '/home/kkk/workspace/ros_ur_driver/install/ur_robot_driver/share/ur_robot_driver/hook/cmake_prefix_path.ps1'
[48.614s] INFO:colcon.colcon_core.shell:Creating environment descriptor '/home/kkk/workspace/ros_ur_driver/install/ur_robot_driver/share/ur_robot_driver/hook/cmake_prefix_path.dsv'
[48.614s] INFO:colcon.colcon_core.shell:Creating environment hook '/home/kkk/workspace/ros_ur_driver/install/ur_robot_driver/share/ur_robot_driver/hook/cmake_prefix_path.sh'
[48.615s] Level 1:colcon.colcon_core.environment:checking '/home/kkk/workspace/ros_ur_driver/install/ur_robot_driver/lib'
[48.615s] Level 1:colcon.colcon_core.shell:create_environment_hook('ur_robot_driver', 'ld_library_path_lib')
[48.616s] INFO:colcon.colcon_core.shell:Creating environment hook '/home/kkk/workspace/ros_ur_driver/install/ur_robot_driver/share/ur_robot_driver/hook/ld_library_path_lib.ps1'
[48.616s] INFO:colcon.colcon_core.shell:Creating environment descriptor '/home/kkk/workspace/ros_ur_driver/install/ur_robot_driver/share/ur_robot_driver/hook/ld_library_path_lib.dsv'
[48.617s] INFO:colcon.colcon_core.shell:Creating environment hook '/home/kkk/workspace/ros_ur_driver/install/ur_robot_driver/share/ur_robot_driver/hook/ld_library_path_lib.sh'
[48.617s] Level 1:colcon.colcon_core.environment:checking '/home/kkk/workspace/ros_ur_driver/install/ur_robot_driver/bin'
[48.617s] Level 1:colcon.colcon_core.shell:create_environment_hook('ur_robot_driver', 'path')
[48.618s] INFO:colcon.colcon_core.shell:Creating environment hook '/home/kkk/workspace/ros_ur_driver/install/ur_robot_driver/share/ur_robot_driver/hook/path.ps1'
[48.618s] INFO:colcon.colcon_core.shell:Creating environment descriptor '/home/kkk/workspace/ros_ur_driver/install/ur_robot_driver/share/ur_robot_driver/hook/path.dsv'
[48.618s] INFO:colcon.colcon_core.shell:Creating environment hook '/home/kkk/workspace/ros_ur_driver/install/ur_robot_driver/share/ur_robot_driver/hook/path.sh'
[48.619s] Level 1:colcon.colcon_core.environment:checking '/home/kkk/workspace/ros_ur_driver/install/ur_robot_driver/lib/pkgconfig/ur_robot_driver.pc'
[48.619s] Level 1:colcon.colcon_core.environment:checking '/home/kkk/workspace/ros_ur_driver/install/ur_robot_driver/lib/python3.8/site-packages'
[48.619s] Level 1:colcon.colcon_core.shell:create_environment_hook('ur_robot_driver', 'pythonpath')
[48.620s] INFO:colcon.colcon_core.shell:Creating environment hook '/home/kkk/workspace/ros_ur_driver/install/ur_robot_driver/share/ur_robot_driver/hook/pythonpath.ps1'
[48.621s] INFO:colcon.colcon_core.shell:Creating environment descriptor '/home/kkk/workspace/ros_ur_driver/install/ur_robot_driver/share/ur_robot_driver/hook/pythonpath.dsv'
[48.621s] INFO:colcon.colcon_core.shell:Creating environment hook '/home/kkk/workspace/ros_ur_driver/install/ur_robot_driver/share/ur_robot_driver/hook/pythonpath.sh'
[48.622s] Level 1:colcon.colcon_core.environment:checking '/home/kkk/workspace/ros_ur_driver/install/ur_robot_driver/bin'
[48.622s] Level 1:colcon.colcon_core.shell:create_environment_hook('ur_robot_driver', 'pythonscriptspath')
[48.625s] INFO:colcon.colcon_core.shell:Creating environment hook '/home/kkk/workspace/ros_ur_driver/install/ur_robot_driver/share/ur_robot_driver/hook/pythonscriptspath.ps1'
[48.625s] INFO:colcon.colcon_core.shell:Creating environment descriptor '/home/kkk/workspace/ros_ur_driver/install/ur_robot_driver/share/ur_robot_driver/hook/pythonscriptspath.dsv'
[48.626s] INFO:colcon.colcon_core.shell:Creating environment hook '/home/kkk/workspace/ros_ur_driver/install/ur_robot_driver/share/ur_robot_driver/hook/pythonscriptspath.sh'
[48.628s] INFO:colcon.colcon_core.shell:Creating package script '/home/kkk/workspace/ros_ur_driver/install/ur_robot_driver/share/ur_robot_driver/package.ps1'
[48.629s] INFO:colcon.colcon_core.shell:Creating package descriptor '/home/kkk/workspace/ros_ur_driver/install/ur_robot_driver/share/ur_robot_driver/package.dsv'
[48.629s] INFO:colcon.colcon_core.shell:Creating package script '/home/kkk/workspace/ros_ur_driver/install/ur_robot_driver/share/ur_robot_driver/package.sh'
[48.630s] INFO:colcon.colcon_core.shell:Creating package script '/home/kkk/workspace/ros_ur_driver/install/ur_robot_driver/share/ur_robot_driver/package.bash'
[48.630s] INFO:colcon.colcon_core.shell:Creating package script '/home/kkk/workspace/ros_ur_driver/install/ur_robot_driver/share/ur_robot_driver/package.zsh'
[48.630s] Level 1:colcon.colcon_core.environment:create_file_with_runtime_dependencies(/home/kkk/workspace/ros_ur_driver/install/ur_robot_driver/share/colcon-core/packages/ur_robot_driver)
[48.630s] INFO:colcon.colcon_ros.task.ament_cmake.build:Building ROS package in '/home/kkk/workspace/ros_ur_driver/src/Universal_Robots_ROS2_Driver/ur_calibration' with build type 'ament_cmake'
[48.630s] INFO:colcon.colcon_cmake.task.cmake.build:Building CMake package in '/home/kkk/workspace/ros_ur_driver/src/Universal_Robots_ROS2_Driver/ur_calibration'
[48.632s] INFO:colcon.colcon_core.shell:Skip shell extension 'powershell' for command environment: Not usable outside of PowerShell
[48.632s] DEBUG:colcon.colcon_core.shell:Skip shell extension 'dsv' for command environment
[48.657s] DEBUG:colcon.colcon_core.event_handler.log_command:Invoking command in '/home/kkk/workspace/ros_ur_driver/build/ur_calibration': AMENT_PREFIX_PATH=/home/kkk/workspace/ros_ur_driver/install/ur_robot_driver:/home/kkk/workspace/ros_ur_driver/install/ur_bringup:/home/kkk/workspace/ros_ur_driver/install/ur_controllers:/home/kkk/workspace/ros_ur_driver/install/ur_dashboard_msgs:${AMENT_PREFIX_PATH} CMAKE_PREFIX_PATH=/home/kkk/workspace/ros_ur_driver/install/ur_robot_driver:/home/kkk/workspace/ros_ur_driver/install/ur_bringup:/home/kkk/workspace/ros_ur_driver/install/ur_controllers:/home/kkk/workspace/ros_ur_driver/install/ur_dashboard_msgs:/opt/ros/galactic LD_LIBRARY_PATH=/home/kkk/workspace/ros_ur_driver/install/ur_robot_driver/lib:/home/kkk/workspace/ros_ur_driver/install/ur_controllers/lib:/home/kkk/workspace/ros_ur_driver/install/ur_dashboard_msgs/lib:${LD_LIBRARY_PATH} PATH=/home/kkk/workspace/ros_ur_driver/install/ur_robot_driver/bin:${PATH} PYTHONPATH=/home/kkk/workspace/ros_ur_driver/install/ur_robot_driver/lib/python3.8/site-packages:/home/kkk/workspace/ros_ur_driver/install/ur_dashboard_msgs/lib/python3.8/site-packages:${PYTHONPATH} /usr/bin/cmake /home/kkk/workspace/ros_ur_driver/src/Universal_Robots_ROS2_Driver/ur_calibration -DCMAKE_BUILD_TYPE=Release -DCMAKE_INSTALL_PREFIX=/home/kkk/workspace/ros_ur_driver/install/ur_calibration
[51.534s] DEBUG:colcon.colcon_core.event_handler.log_command:Invoked command in '/home/kkk/workspace/ros_ur_driver/build/ur_calibration' returned '1': AMENT_PREFIX_PATH=/home/kkk/workspace/ros_ur_driver/install/ur_robot_driver:/home/kkk/workspace/ros_ur_driver/install/ur_bringup:/home/kkk/workspace/ros_ur_driver/install/ur_controllers:/home/kkk/workspace/ros_ur_driver/install/ur_dashboard_msgs:${AMENT_PREFIX_PATH} CMAKE_PREFIX_PATH=/home/kkk/workspace/ros_ur_driver/install/ur_robot_driver:/home/kkk/workspace/ros_ur_driver/install/ur_bringup:/home/kkk/workspace/ros_ur_driver/install/ur_controllers:/home/kkk/workspace/ros_ur_driver/install/ur_dashboard_msgs:/opt/ros/galactic LD_LIBRARY_PATH=/home/kkk/workspace/ros_ur_driver/install/ur_robot_driver/lib:/home/kkk/workspace/ros_ur_driver/install/ur_controllers/lib:/home/kkk/workspace/ros_ur_driver/install/ur_dashboard_msgs/lib:${LD_LIBRARY_PATH} PATH=/home/kkk/workspace/ros_ur_driver/install/ur_robot_driver/bin:${PATH} PYTHONPATH=/home/kkk/workspace/ros_ur_driver/install/ur_robot_driver/lib/python3.8/site-packages:/home/kkk/workspace/ros_ur_driver/install/ur_dashboard_msgs/lib/python3.8/site-packages:${PYTHONPATH} /usr/bin/cmake /home/kkk/workspace/ros_ur_driver/src/Universal_Robots_ROS2_Driver/ur_calibration -DCMAKE_BUILD_TYPE=Release -DCMAKE_INSTALL_PREFIX=/home/kkk/workspace/ros_ur_driver/install/ur_calibration
[51.549s] Level 1:colcon.colcon_core.environment:create_environment_scripts_only(ur_calibration)
[51.553s] Level 1:colcon.colcon_core.environment:checking '/home/kkk/workspace/ros_ur_driver/install/ur_calibration' for CMake module files
[51.554s] Level 1:colcon.colcon_core.environment:checking '/home/kkk/workspace/ros_ur_driver/install/ur_calibration' for CMake config files
[51.554s] Level 1:colcon.colcon_core.environment:checking '/home/kkk/workspace/ros_ur_driver/install/ur_calibration/bin'
[51.554s] Level 1:colcon.colcon_core.environment:checking '/home/kkk/workspace/ros_ur_driver/install/ur_calibration/lib/pkgconfig/ur_calibration.pc'
[51.555s] Level 1:colcon.colcon_core.environment:checking '/home/kkk/workspace/ros_ur_driver/install/ur_calibration/lib/python3.8/site-packages'
[51.555s] Level 1:colcon.colcon_core.environment:checking '/home/kkk/workspace/ros_ur_driver/install/ur_calibration/bin'
[51.557s] INFO:colcon.colcon_core.shell:Creating package script '/home/kkk/workspace/ros_ur_driver/install/ur_calibration/share/ur_calibration/package.ps1'
[51.558s] INFO:colcon.colcon_core.shell:Creating package descriptor '/home/kkk/workspace/ros_ur_driver/install/ur_calibration/share/ur_calibration/package.dsv'
[51.559s] INFO:colcon.colcon_core.shell:Creating package script '/home/kkk/workspace/ros_ur_driver/install/ur_calibration/share/ur_calibration/package.sh'
[51.559s] INFO:colcon.colcon_core.shell:Creating package script '/home/kkk/workspace/ros_ur_driver/install/ur_calibration/share/ur_calibration/package.bash'
[51.560s] INFO:colcon.colcon_core.shell:Creating package script '/home/kkk/workspace/ros_ur_driver/install/ur_calibration/share/ur_calibration/package.zsh'
[51.560s] Level 1:colcon.colcon_core.environment:create_file_with_runtime_dependencies(/home/kkk/workspace/ros_ur_driver/install/ur_calibration/share/colcon-core/packages/ur_calibration)
[51.572s] DEBUG:colcon.colcon_parallel_executor.executor.parallel:closing loop
[51.572s] DEBUG:colcon.colcon_parallel_executor.executor.parallel:loop closed
[51.572s] DEBUG:colcon.colcon_parallel_executor.executor.parallel:run_until_complete finished with '1'
[51.572s] DEBUG:colcon.colcon_core.event_reactor:joining thread
[51.591s] INFO:colcon.colcon_core.plugin_system:Skipping extension 'colcon_notification.desktop_notification.terminal_notifier': Not used on non-Darwin systems
[51.591s] INFO:colcon.colcon_core.plugin_system:Skipping extension 'colcon_notification.desktop_notification.win32': Not used on non-Windows systems
[51.591s] INFO:colcon.colcon_notification.desktop_notification:Sending desktop notification using 'notify2'
[51.618s] DEBUG:colcon.colcon_core.event_reactor:joined thread
[51.621s] INFO:colcon.colcon_core.shell:Creating prefix script '/home/kkk/workspace/ros_ur_driver/install/local_setup.ps1'
[51.622s] INFO:colcon.colcon_core.shell:Creating prefix util module '/home/kkk/workspace/ros_ur_driver/install/_local_setup_util_ps1.py'
[51.625s] INFO:colcon.colcon_core.shell:Creating prefix chain script '/home/kkk/workspace/ros_ur_driver/install/setup.ps1'
[51.627s] INFO:colcon.colcon_core.shell:Creating prefix script '/home/kkk/workspace/ros_ur_driver/install/local_setup.sh'
[51.628s] INFO:colcon.colcon_core.shell:Creating prefix util module '/home/kkk/workspace/ros_ur_driver/install/_local_setup_util_sh.py'
[51.629s] INFO:colcon.colcon_core.shell:Creating prefix chain script '/home/kkk/workspace/ros_ur_driver/install/setup.sh'
[51.631s] INFO:colcon.colcon_core.shell:Creating prefix script '/home/kkk/workspace/ros_ur_driver/install/local_setup.bash'
[51.632s] INFO:colcon.colcon_core.shell:Creating prefix chain script '/home/kkk/workspace/ros_ur_driver/install/setup.bash'
[51.633s] INFO:colcon.colcon_core.shell:Creating prefix script '/home/kkk/workspace/ros_ur_driver/install/local_setup.zsh'
[51.633s] INFO:colcon.colcon_core.shell:Creating prefix chain script '/home/kkk/workspace/ros_ur_driver/install/setup.zsh'
