In file included from [01m[K/home/kkk/total_care_project/build/communication_interface/rosidl_generator_c/communication_interface/srv/detail/action__functions.h:19[m[K,
                 from [01m[K/home/kkk/total_care_project/build/communication_interface/rosidl_generator_c/communication_interface/srv/detail/action__functions.c:4[m[K:
[01m[K/home/kkk/total_care_project/build/communication_interface/rosidl_generator_c/communication_interface/srv/detail/action__struct.h:23:10:[m[K [01;31m[Kfatal error: [m[Kcommunication_interface/msg/detail/string__struct.h: No such file or directory
   23 | #include [01;31m[K"communication_interface/msg/detail/string__struct.h"[m[K
      |          [01;31m[K^~~~~~~~~~~~~~~~~~~~~~~~~~~~~~~~~~~~~~~~~~~~~~~~~~~~~[m[K
compilation terminated.
make[2]: *** [CMakeFiles/communication_interface__rosidl_generator_c.dir/build.make:107: CMakeFiles/communication_interface__rosidl_generator_c.dir/rosidl_generator_c/communication_interface/srv/detail/action__functions.c.o] Error 1
make[1]: *** [CMakeFiles/Makefile2:213: CMakeFiles/communication_interface__rosidl_generator_c.dir/all] Error 2
make[1]: *** Waiting for unfinished jobs....
In file included from [01m[K/home/kkk/total_care_project/build/communication_interface/rosidl_typesupport_cpp/communication_interface/srv/action__type_support.cpp:7[m[K:
[01m[K/home/kkk/total_care_project/build/communication_interface/rosidl_generator_cpp/communication_interface/srv/detail/action__struct.hpp:21:10:[m[K [01;31m[Kfatal error: [m[Kcommunication_interface/msg/detail/string__struct.hpp: No such file or directory
   21 | #include [01;31m[K"communication_interface/msg/detail/string__struct.hpp"[m[K
      |          [01;31m[K^~~~~~~~~~~~~~~~~~~~~~~~~~~~~~~~~~~~~~~~~~~~~~~~~~~~~~~[m[K
compilation terminated.
make[2]: *** [CMakeFiles/communication_interface__rosidl_typesupport_cpp.dir/build.make:88: CMakeFiles/communication_interface__rosidl_typesupport_cpp.dir/rosidl_typesupport_cpp/communication_interface/srv/action__type_support.cpp.o] Error 1
make[1]: *** [CMakeFiles/Makefile2:395: CMakeFiles/communication_interface__rosidl_typesupport_cpp.dir/all] Error 2
In file included from [01m[K/home/kkk/total_care_project/build/communication_interface/rosidl_typesupport_introspection_cpp/communication_interface/srv/detail/action__type_support.cpp:12[m[K:
[01m[K/home/kkk/total_care_project/build/communication_interface/rosidl_generator_cpp/communication_interface/srv/detail/action__struct.hpp:21:10:[m[K [01;31m[Kfatal error: [m[Kcommunication_interface/msg/detail/string__struct.hpp: No such file or directory
   21 | #include [01;31m[K"communication_interface/msg/detail/string__struct.hpp"[m[K
      |          [01;31m[K^~~~~~~~~~~~~~~~~~~~~~~~~~~~~~~~~~~~~~~~~~~~~~~~~~~~~~~[m[K
compilation terminated.
make[2]: *** [CMakeFiles/communication_interface__rosidl_typesupport_introspection_cpp.dir/build.make:93: CMakeFiles/communication_interface__rosidl_typesupport_introspection_cpp.dir/rosidl_typesupport_introspection_cpp/communication_interface/srv/detail/action__type_support.cpp.o] Error 1
make[1]: *** [CMakeFiles/Makefile2:369: CMakeFiles/communication_interface__rosidl_typesupport_introspection_cpp.dir/all] Error 2
In file included from [01m[K/home/kkk/total_care_project/build/communication_interface/rosidl_typesupport_fastrtps_cpp/communication_interface/srv/detail/action__rosidl_typesupport_fastrtps_cpp.hpp:11[m[K,
                 from [01m[K/home/kkk/total_care_project/build/communication_interface/rosidl_typesupport_fastrtps_cpp/communication_interface/srv/detail/dds_fastrtps/action__type_support.cpp:4[m[K:
[01m[K/home/kkk/total_care_project/build/communication_interface/rosidl_generator_cpp/communication_interface/srv/detail/action__struct.hpp:21:10:[m[K [01;31m[Kfatal error: [m[Kcommunication_interface/msg/detail/string__struct.hpp: No such file or directory
   21 | #include [01;31m[K"communication_interface/msg/detail/string__struct.hpp"[m[K
      |          [01;31m[K^~~~~~~~~~~~~~~~~~~~~~~~~~~~~~~~~~~~~~~~~~~~~~~~~~~~~~~[m[K
compilation terminated.
make[2]: *** [CMakeFiles/communication_interface__rosidl_typesupport_fastrtps_cpp.dir/build.make:93: CMakeFiles/communication_interface__rosidl_typesupport_fastrtps_cpp.dir/rosidl_typesupport_fastrtps_cpp/communication_interface/srv/detail/dds_fastrtps/action__type_support.cpp.o] Error 1
make[1]: *** [CMakeFiles/Makefile2:291: CMakeFiles/communication_interface__rosidl_typesupport_fastrtps_cpp.dir/all] Error 2
make: *** [Makefile:146: all] Error 2
