[0.024s] Invoking command in '/home/kkk/workspace/ros_ur_driver/build/ur_calibration': AMENT_PREFIX_PATH=/home/kkk/workspace/ros_ur_driver/install/ur_robot_driver:/home/kkk/workspace/ros_ur_driver/install/ur_bringup:/home/kkk/workspace/ros_ur_driver/install/ur_controllers:/home/kkk/workspace/ros_ur_driver/install/ur_dashboard_msgs:${AMENT_PREFIX_PATH} CMAKE_PREFIX_PATH=/home/kkk/workspace/ros_ur_driver/install/ur_robot_driver:/home/kkk/workspace/ros_ur_driver/install/ur_bringup:/home/kkk/workspace/ros_ur_driver/install/ur_controllers:/home/kkk/workspace/ros_ur_driver/install/ur_dashboard_msgs:/opt/ros/galactic LD_LIBRARY_PATH=/home/kkk/workspace/ros_ur_driver/install/ur_robot_driver/lib:/home/kkk/workspace/ros_ur_driver/install/ur_controllers/lib:/home/kkk/workspace/ros_ur_driver/install/ur_dashboard_msgs/lib:${LD_LIBRARY_PATH} PATH=/home/kkk/workspace/ros_ur_driver/install/ur_robot_driver/bin:${PATH} PYTHONPATH=/home/kkk/workspace/ros_ur_driver/install/ur_robot_driver/lib/python3.8/site-packages:/home/kkk/workspace/ros_ur_driver/install/ur_dashboard_msgs/lib/python3.8/site-packages:${PYTHONPATH} /usr/bin/cmake /home/kkk/workspace/ros_ur_driver/src/Universal_Robots_ROS2_Driver/ur_calibration -DCMAKE_BUILD_TYPE=Release -DCMAKE_INSTALL_PREFIX=/home/kkk/workspace/ros_ur_driver/install/ur_calibration
[0.101s] -- The C compiler identification is GNU 9.4.0
[0.169s] -- The CXX compiler identification is GNU 9.4.0
[0.177s] -- Check for working C compiler: /usr/bin/cc
[0.269s] -- Check for working C compiler: /usr/bin/cc -- works
[0.269s] -- Detecting C compiler ABI info
[0.357s] -- Detecting C compiler ABI info - done
[0.367s] -- Detecting C compile features
[0.367s] -- Detecting C compile features - done
[0.369s] -- Check for working CXX compiler: /usr/bin/c++
[0.450s] -- Check for working CXX compiler: /usr/bin/c++ -- works
[0.451s] -- Detecting CXX compiler ABI info
[0.543s] -- Detecting CXX compiler ABI info - done
[0.557s] -- Detecting CXX compile features
[0.558s] -- Detecting CXX compile features - done
[0.560s] -- Found ament_cmake: 1.1.6 (/opt/ros/galactic/share/ament_cmake/cmake)
[0.588s] -- Found PythonInterp: /usr/bin/python3 (found suitable version "3.8.10", minimum required is "3") 
[0.589s] -- Using PYTHON_EXECUTABLE: /usr/bin/python3
[0.668s] -- Found rclcpp: 9.2.2 (/opt/ros/galactic/share/rclcpp/cmake)
[0.711s] -- Using all available rosidl_typesupport_c: rosidl_typesupport_fastrtps_c;rosidl_typesupport_introspection_c
[0.717s] -- Found rosidl_adapter: 2.2.3 (/opt/ros/galactic/share/rosidl_adapter/cmake)
[0.823s] -- Found OpenSSL: /usr/lib/x86_64-linux-gnu/libcrypto.so (found version "1.1.1f")  
[0.850s] -- Found FastRTPS: /opt/ros/galactic/include  
[0.920s] -- Using all available rosidl_typesupport_cpp: rosidl_typesupport_fastrtps_cpp;rosidl_typesupport_introspection_cpp
[0.974s] -- Found rmw_implementation_cmake: 3.3.1 (/opt/ros/galactic/share/rmw_implementation_cmake/cmake)
[0.976s] -- Found rmw_cyclonedds_cpp: 0.22.6 (/opt/ros/galactic/share/rmw_cyclonedds_cpp/cmake)
[0.994s] -- Using RMW implementation 'rmw_cyclonedds_cpp' as default
[0.994s] -- Looking for pthread.h
[1.088s] -- Looking for pthread.h - found
[1.088s] -- Performing Test CMAKE_HAVE_LIBC_PTHREAD
[1.174s] -- Performing Test CMAKE_HAVE_LIBC_PTHREAD - Failed
[1.174s] -- Looking for pthread_create in pthreads
[1.254s] -- Looking for pthread_create in pthreads - not found
[1.255s] -- Looking for pthread_create in pthread
[1.352s] -- Looking for pthread_create in pthread - found
[1.354s] -- Found Threads: TRUE  
[1.499s] -- Found ur_robot_driver: 2.1.2 (/home/kkk/workspace/ros_ur_driver/install/ur_robot_driver/share/ur_robot_driver/cmake)
[2.470s] -- Found eigen3_cmake_module: 0.1.1 (/opt/ros/galactic/share/eigen3_cmake_module/cmake)
[2.472s] -- Found Eigen3: TRUE (found version "3.3.7") 
[2.891s] CMake Error at CMakeLists.txt:20 (find_package):
[2.891s]   By not providing "Findyaml-cpp.cmake" in CMAKE_MODULE_PATH this project has
[2.891s]   asked CMake to find a package configuration file provided by "yaml-cpp",
[2.891s]   but CMake did not find one.
[2.892s] 
[2.892s]   Could not find a package configuration file provided by "yaml-cpp" with any
[2.892s]   of the following names:
[2.892s] 
[2.892s]     yaml-cppConfig.cmake
[2.892s]     yaml-cpp-config.cmake
[2.892s] 
[2.892s]   Add the installation prefix of "yaml-cpp" to CMAKE_PREFIX_PATH or set
[2.892s]   "yaml-cpp_DIR" to a directory containing one of the above files.  If
[2.892s]   "yaml-cpp" provides a separate development package or SDK, be sure it has
[2.893s]   been installed.
[2.893s] 
[2.893s] 
[2.893s] -- Configuring incomplete, errors occurred!
[2.893s] See also "/home/kkk/workspace/ros_ur_driver/build/ur_calibration/CMakeFiles/CMakeOutput.log".
[2.893s] See also "/home/kkk/workspace/ros_ur_driver/build/ur_calibration/CMakeFiles/CMakeError.log".
[2.901s] Invoked command in '/home/kkk/workspace/ros_ur_driver/build/ur_calibration' returned '1': AMENT_PREFIX_PATH=/home/kkk/workspace/ros_ur_driver/install/ur_robot_driver:/home/kkk/workspace/ros_ur_driver/install/ur_bringup:/home/kkk/workspace/ros_ur_driver/install/ur_controllers:/home/kkk/workspace/ros_ur_driver/install/ur_dashboard_msgs:${AMENT_PREFIX_PATH} CMAKE_PREFIX_PATH=/home/kkk/workspace/ros_ur_driver/install/ur_robot_driver:/home/kkk/workspace/ros_ur_driver/install/ur_bringup:/home/kkk/workspace/ros_ur_driver/install/ur_controllers:/home/kkk/workspace/ros_ur_driver/install/ur_dashboard_msgs:/opt/ros/galactic LD_LIBRARY_PATH=/home/kkk/workspace/ros_ur_driver/install/ur_robot_driver/lib:/home/kkk/workspace/ros_ur_driver/install/ur_controllers/lib:/home/kkk/workspace/ros_ur_driver/install/ur_dashboard_msgs/lib:${LD_LIBRARY_PATH} PATH=/home/kkk/workspace/ros_ur_driver/install/ur_robot_driver/bin:${PATH} PYTHONPATH=/home/kkk/workspace/ros_ur_driver/install/ur_robot_driver/lib/python3.8/site-packages:/home/kkk/workspace/ros_ur_driver/install/ur_dashboard_msgs/lib/python3.8/site-packages:${PYTHONPATH} /usr/bin/cmake /home/kkk/workspace/ros_ur_driver/src/Universal_Robots_ROS2_Driver/ur_calibration -DCMAKE_BUILD_TYPE=Release -DCMAKE_INSTALL_PREFIX=/home/kkk/workspace/ros_ur_driver/install/ur_calibration
