[0.022s] Invoking command in '/home/kkk/workspace/ros_ur_driver/build/ur_moveit_config': CMAKE_PREFIX_PATH=/opt/ros/galactic /usr/bin/cmake --build /home/kkk/workspace/ros_ur_driver/build/ur_moveit_config -- -j8 -l8
[0.081s] Built target ament_cmake_python_copy_ur_moveit_config
[0.283s] running egg_info
[0.284s] writing ur_moveit_config.egg-info/PKG-INFO
[0.284s] writing dependency_links to ur_moveit_config.egg-info/dependency_links.txt
[0.284s] writing top-level names to ur_moveit_config.egg-info/top_level.txt
[0.314s] reading manifest file 'ur_moveit_config.egg-info/SOURCES.txt'
[0.315s] writing manifest file 'ur_moveit_config.egg-info/SOURCES.txt'
[0.345s] Built target ament_cmake_python_build_ur_moveit_config_egg
[0.355s] Invoked command in '/home/kkk/workspace/ros_ur_driver/build/ur_moveit_config' returned '0': CMAKE_PREFIX_PATH=/opt/ros/galactic /usr/bin/cmake --build /home/kkk/workspace/ros_ur_driver/build/ur_moveit_config -- -j8 -l8
[0.393s] Invoking command in '/home/kkk/workspace/ros_ur_driver/build/ur_moveit_config': CMAKE_PREFIX_PATH=/opt/ros/galactic /usr/bin/cmake --install /home/kkk/workspace/ros_ur_driver/build/ur_moveit_config
[0.409s] -- Install configuration: "Release"
[0.409s] -- Up-to-date: /home/kkk/workspace/ros_ur_driver/install/ur_moveit_config/share/ur_moveit_config/config
[0.409s] -- Up-to-date: /home/kkk/workspace/ros_ur_driver/install/ur_moveit_config/share/ur_moveit_config/config/controllers.yaml
[0.409s] -- Up-to-date: /home/kkk/workspace/ros_ur_driver/install/ur_moveit_config/share/ur_moveit_config/config/ompl_planning.yaml
[0.410s] -- Up-to-date: /home/kkk/workspace/ros_ur_driver/install/ur_moveit_config/share/ur_moveit_config/config/ur_servo.yaml
[0.410s] -- Up-to-date: /home/kkk/workspace/ros_ur_driver/install/ur_moveit_config/share/ur_moveit_config/config/kinematics.yaml
[0.410s] -- Up-to-date: /home/kkk/workspace/ros_ur_driver/install/ur_moveit_config/share/ur_moveit_config/launch
[0.410s] -- Up-to-date: /home/kkk/workspace/ros_ur_driver/install/ur_moveit_config/share/ur_moveit_config/launch/ur_moveit.launch.py
[0.411s] -- Up-to-date: /home/kkk/workspace/ros_ur_driver/install/ur_moveit_config/share/ur_moveit_config/rviz
[0.411s] -- Up-to-date: /home/kkk/workspace/ros_ur_driver/install/ur_moveit_config/share/ur_moveit_config/rviz/view_robot.rviz
[0.411s] -- Up-to-date: /home/kkk/workspace/ros_ur_driver/install/ur_moveit_config/share/ur_moveit_config/srdf
[0.411s] -- Up-to-date: /home/kkk/workspace/ros_ur_driver/install/ur_moveit_config/share/ur_moveit_config/srdf/ur.srdf.xacro
[0.411s] -- Up-to-date: /home/kkk/workspace/ros_ur_driver/install/ur_moveit_config/share/ur_moveit_config/srdf/ur_macro.srdf.xacro
[0.411s] -- Up-to-date: /home/kkk/workspace/ros_ur_driver/install/ur_moveit_config/share/ur_moveit_config/environment/pythonpath.sh
[0.411s] -- Up-to-date: /home/kkk/workspace/ros_ur_driver/install/ur_moveit_config/share/ur_moveit_config/environment/pythonpath.dsv
[0.412s] -- Up-to-date: /home/kkk/workspace/ros_ur_driver/install/ur_moveit_config/lib/python3.8/site-packages//ur_moveit_config.egg-info
[0.412s] -- Installing: /home/kkk/workspace/ros_ur_driver/install/ur_moveit_config/lib/python3.8/site-packages//ur_moveit_config.egg-info/top_level.txt
[0.412s] -- Installing: /home/kkk/workspace/ros_ur_driver/install/ur_moveit_config/lib/python3.8/site-packages//ur_moveit_config.egg-info/SOURCES.txt
[0.412s] -- Installing: /home/kkk/workspace/ros_ur_driver/install/ur_moveit_config/lib/python3.8/site-packages//ur_moveit_config.egg-info/dependency_links.txt
[0.412s] -- Installing: /home/kkk/workspace/ros_ur_driver/install/ur_moveit_config/lib/python3.8/site-packages//ur_moveit_config.egg-info/PKG-INFO
[0.412s] -- Up-to-date: /home/kkk/workspace/ros_ur_driver/install/ur_moveit_config/lib/python3.8/site-packages/ur_moveit_config
[0.412s] -- Up-to-date: /home/kkk/workspace/ros_ur_driver/install/ur_moveit_config/lib/python3.8/site-packages/ur_moveit_config/__init__.py
[0.412s] -- Up-to-date: /home/kkk/workspace/ros_ur_driver/install/ur_moveit_config/lib/python3.8/site-packages/ur_moveit_config/launch_common.py
[0.439s] Listing '/home/kkk/workspace/ros_ur_driver/install/ur_moveit_config/lib/python3.8/site-packages/ur_moveit_config'...
[0.443s] -- Up-to-date: /home/kkk/workspace/ros_ur_driver/install/ur_moveit_config/lib/python3.8/site-packages/launch_common.py
[0.479s] -- Up-to-date: /home/kkk/workspace/ros_ur_driver/install/ur_moveit_config/share/ament_index/resource_index/package_run_dependencies/ur_moveit_config
[0.479s] -- Up-to-date: /home/kkk/workspace/ros_ur_driver/install/ur_moveit_config/share/ament_index/resource_index/parent_prefix_path/ur_moveit_config
[0.480s] -- Up-to-date: /home/kkk/workspace/ros_ur_driver/install/ur_moveit_config/share/ur_moveit_config/environment/ament_prefix_path.sh
[0.480s] -- Up-to-date: /home/kkk/workspace/ros_ur_driver/install/ur_moveit_config/share/ur_moveit_config/environment/ament_prefix_path.dsv
[0.480s] -- Up-to-date: /home/kkk/workspace/ros_ur_driver/install/ur_moveit_config/share/ur_moveit_config/environment/path.sh
[0.480s] -- Up-to-date: /home/kkk/workspace/ros_ur_driver/install/ur_moveit_config/share/ur_moveit_config/environment/path.dsv
[0.480s] -- Up-to-date: /home/kkk/workspace/ros_ur_driver/install/ur_moveit_config/share/ur_moveit_config/local_setup.bash
[0.480s] -- Up-to-date: /home/kkk/workspace/ros_ur_driver/install/ur_moveit_config/share/ur_moveit_config/local_setup.sh
[0.480s] -- Up-to-date: /home/kkk/workspace/ros_ur_driver/install/ur_moveit_config/share/ur_moveit_config/local_setup.zsh
[0.480s] -- Up-to-date: /home/kkk/workspace/ros_ur_driver/install/ur_moveit_config/share/ur_moveit_config/local_setup.dsv
[0.480s] -- Installing: /home/kkk/workspace/ros_ur_driver/install/ur_moveit_config/share/ur_moveit_config/package.dsv
[0.480s] -- Up-to-date: /home/kkk/workspace/ros_ur_driver/install/ur_moveit_config/share/ament_index/resource_index/packages/ur_moveit_config
[0.481s] -- Up-to-date: /home/kkk/workspace/ros_ur_driver/install/ur_moveit_config/share/ur_moveit_config/cmake/ur_moveit_configConfig.cmake
[0.481s] -- Up-to-date: /home/kkk/workspace/ros_ur_driver/install/ur_moveit_config/share/ur_moveit_config/cmake/ur_moveit_configConfig-version.cmake
[0.481s] -- Up-to-date: /home/kkk/workspace/ros_ur_driver/install/ur_moveit_config/share/ur_moveit_config/package.xml
[0.484s] Invoked command in '/home/kkk/workspace/ros_ur_driver/build/ur_moveit_config' returned '0': CMAKE_PREFIX_PATH=/opt/ros/galactic /usr/bin/cmake --install /home/kkk/workspace/ros_ur_driver/build/ur_moveit_config
