[3.704s] DEBUG:colcon:Command line arguments: ['/usr/bin/colcon', 'build', '--symlink-install', '--packages-select', 'service_clients']
[3.704s] DEBUG:colcon:Parsed command line arguments: Namespace(allow_overriding=[], ament_cmake_args=None, base_paths=['.'], build_base='build', catkin_cmake_args=None, catkin_skip_building_tests=False, cmake_args=None, cmake_clean_cache=False, cmake_clean_first=False, cmake_force_configure=False, cmake_target=None, cmake_target_skip_unavailable=False, continue_on_error=False, event_handlers=None, executor='parallel', ignore_user_meta=False, install_base='install', log_base=None, log_level=None, main=<bound method BuildVerb.main of <colcon_core.verb.build.BuildVerb object at 0x7fc720755550>>, merge_install=False, metas=['./colcon.meta'], mixin=None, mixin_files=None, mixin_verb=('build',), packages_above=None, packages_above_and_dependencies=None, packages_above_depth=None, packages_end=None, packages_ignore=None, packages_ignore_regex=None, packages_select=['service_clients'], packages_select_build_failed=False, packages_select_by_dep=None, packages_select_regex=None, packages_select_test_failures=False, packages_skip=None, packages_skip_build_finished=False, packages_skip_by_dep=None, packages_skip_regex=None, packages_skip_test_passed=False, packages_skip_up_to=None, packages_start=None, packages_up_to=None, packages_up_to_regex=None, parallel_workers=8, paths=None, symlink_install=True, test_result_base=None, verb_extension=<colcon_core.verb.build.BuildVerb object at 0x7fc720755550>, verb_name='build', verb_parser=<colcon_mixin.mixin.mixin_argument.MixinArgumentDecorator object at 0x7fc7206268b0>)
[3.830s] Level 1:colcon.colcon_core.package_discovery:discover_packages(colcon_meta) check parameters
[3.831s] Level 1:colcon.colcon_core.package_discovery:discover_packages(recursive) check parameters
[3.831s] Level 1:colcon.colcon_core.package_discovery:discover_packages(ignore) check parameters
[3.831s] Level 1:colcon.colcon_core.package_discovery:discover_packages(path) check parameters
[3.831s] Level 1:colcon.colcon_core.package_discovery:discover_packages(colcon_meta) discover
[3.831s] Level 1:colcon.colcon_core.package_discovery:discover_packages(recursive) discover
[3.831s] INFO:colcon.colcon_core.package_discovery:Crawling recursively for packages in '/home/kkk/total_care_project'
[3.831s] Level 1:colcon.colcon_core.package_identification:_identify(.) by extensions ['ignore', 'ignore_ament_install']
[3.831s] Level 1:colcon.colcon_core.package_identification:_identify(.) by extension 'ignore'
[3.831s] Level 1:colcon.colcon_core.package_identification:_identify(.) by extension 'ignore_ament_install'
[3.831s] Level 1:colcon.colcon_core.package_identification:_identify(.) by extensions ['colcon_pkg']
[3.831s] Level 1:colcon.colcon_core.package_identification:_identify(.) by extension 'colcon_pkg'
[3.831s] Level 1:colcon.colcon_core.package_identification:_identify(.) by extensions ['colcon_meta']
[3.831s] Level 1:colcon.colcon_core.package_identification:_identify(.) by extension 'colcon_meta'
[3.831s] Level 1:colcon.colcon_core.package_identification:_identify(.) by extensions ['ros']
[3.831s] Level 1:colcon.colcon_core.package_identification:_identify(.) by extension 'ros'
[3.842s] Level 1:colcon.colcon_core.package_identification:_identify(.) by extensions ['cmake', 'python']
[3.842s] Level 1:colcon.colcon_core.package_identification:_identify(.) by extension 'cmake'
[3.842s] Level 1:colcon.colcon_core.package_identification:_identify(.) by extension 'python'
[3.842s] Level 1:colcon.colcon_core.package_identification:_identify(.) by extensions ['python_setup_py']
[3.842s] Level 1:colcon.colcon_core.package_identification:_identify(.) by extension 'python_setup_py'
[3.842s] Level 1:colcon.colcon_core.package_identification:_identify(build) by extensions ['ignore', 'ignore_ament_install']
[3.842s] Level 1:colcon.colcon_core.package_identification:_identify(build) by extension 'ignore'
[3.842s] Level 1:colcon.colcon_core.package_identification:_identify(build) ignored
[3.843s] Level 1:colcon.colcon_core.package_identification:_identify(install) by extensions ['ignore', 'ignore_ament_install']
[3.843s] Level 1:colcon.colcon_core.package_identification:_identify(install) by extension 'ignore'
[3.843s] Level 1:colcon.colcon_core.package_identification:_identify(install) ignored
[3.843s] Level 1:colcon.colcon_core.package_identification:_identify(log) by extensions ['ignore', 'ignore_ament_install']
[3.843s] Level 1:colcon.colcon_core.package_identification:_identify(log) by extension 'ignore'
[3.843s] Level 1:colcon.colcon_core.package_identification:_identify(log) ignored
[3.843s] Level 1:colcon.colcon_core.package_identification:_identify(src) by extensions ['ignore', 'ignore_ament_install']
[3.843s] Level 1:colcon.colcon_core.package_identification:_identify(src) by extension 'ignore'
[3.843s] Level 1:colcon.colcon_core.package_identification:_identify(src) by extension 'ignore_ament_install'
[3.843s] Level 1:colcon.colcon_core.package_identification:_identify(src) by extensions ['colcon_pkg']
[3.843s] Level 1:colcon.colcon_core.package_identification:_identify(src) by extension 'colcon_pkg'
[3.843s] Level 1:colcon.colcon_core.package_identification:_identify(src) by extensions ['colcon_meta']
[3.843s] Level 1:colcon.colcon_core.package_identification:_identify(src) by extension 'colcon_meta'
[3.843s] Level 1:colcon.colcon_core.package_identification:_identify(src) by extensions ['ros']
[3.843s] Level 1:colcon.colcon_core.package_identification:_identify(src) by extension 'ros'
[3.843s] Level 1:colcon.colcon_core.package_identification:_identify(src) by extensions ['cmake', 'python']
[3.843s] Level 1:colcon.colcon_core.package_identification:_identify(src) by extension 'cmake'
[3.843s] Level 1:colcon.colcon_core.package_identification:_identify(src) by extension 'python'
[3.843s] Level 1:colcon.colcon_core.package_identification:_identify(src) by extensions ['python_setup_py']
[3.843s] Level 1:colcon.colcon_core.package_identification:_identify(src) by extension 'python_setup_py'
[3.844s] Level 1:colcon.colcon_core.package_identification:_identify(src/communication_interface) by extensions ['ignore', 'ignore_ament_install']
[3.844s] Level 1:colcon.colcon_core.package_identification:_identify(src/communication_interface) by extension 'ignore'
[3.844s] Level 1:colcon.colcon_core.package_identification:_identify(src/communication_interface) by extension 'ignore_ament_install'
[3.844s] Level 1:colcon.colcon_core.package_identification:_identify(src/communication_interface) by extensions ['colcon_pkg']
[3.844s] Level 1:colcon.colcon_core.package_identification:_identify(src/communication_interface) by extension 'colcon_pkg'
[3.844s] Level 1:colcon.colcon_core.package_identification:_identify(src/communication_interface) by extensions ['colcon_meta']
[3.844s] Level 1:colcon.colcon_core.package_identification:_identify(src/communication_interface) by extension 'colcon_meta'
[3.844s] Level 1:colcon.colcon_core.package_identification:_identify(src/communication_interface) by extensions ['ros']
[3.844s] Level 1:colcon.colcon_core.package_identification:_identify(src/communication_interface) by extension 'ros'
[3.846s] DEBUG:colcon.colcon_core.package_identification:Package 'src/communication_interface' with type 'ros.ament_cmake' and name 'communication_interface'
[3.846s] Level 1:colcon.colcon_core.package_identification:_identify(src/robot_base) by extensions ['ignore', 'ignore_ament_install']
[3.846s] Level 1:colcon.colcon_core.package_identification:_identify(src/robot_base) by extension 'ignore'
[3.846s] Level 1:colcon.colcon_core.package_identification:_identify(src/robot_base) by extension 'ignore_ament_install'
[3.846s] Level 1:colcon.colcon_core.package_identification:_identify(src/robot_base) by extensions ['colcon_pkg']
[3.846s] Level 1:colcon.colcon_core.package_identification:_identify(src/robot_base) by extension 'colcon_pkg'
[3.846s] Level 1:colcon.colcon_core.package_identification:_identify(src/robot_base) by extensions ['colcon_meta']
[3.846s] Level 1:colcon.colcon_core.package_identification:_identify(src/robot_base) by extension 'colcon_meta'
[3.846s] Level 1:colcon.colcon_core.package_identification:_identify(src/robot_base) by extensions ['ros']
[3.846s] Level 1:colcon.colcon_core.package_identification:_identify(src/robot_base) by extension 'ros'
[3.847s] DEBUG:colcon.colcon_core.package_identification:Package 'src/robot_base' with type 'ros.ament_python' and name 'robot_base'
[3.847s] Level 1:colcon.colcon_core.package_identification:_identify(src/ros_ur_driver) by extensions ['ignore', 'ignore_ament_install']
[3.847s] Level 1:colcon.colcon_core.package_identification:_identify(src/ros_ur_driver) by extension 'ignore'
[3.847s] Level 1:colcon.colcon_core.package_identification:_identify(src/ros_ur_driver) by extension 'ignore_ament_install'
[3.847s] Level 1:colcon.colcon_core.package_identification:_identify(src/ros_ur_driver) by extensions ['colcon_pkg']
[3.847s] Level 1:colcon.colcon_core.package_identification:_identify(src/ros_ur_driver) by extension 'colcon_pkg'
[3.847s] Level 1:colcon.colcon_core.package_identification:_identify(src/ros_ur_driver) by extensions ['colcon_meta']
[3.847s] Level 1:colcon.colcon_core.package_identification:_identify(src/ros_ur_driver) by extension 'colcon_meta'
[3.847s] Level 1:colcon.colcon_core.package_identification:_identify(src/ros_ur_driver) by extensions ['ros']
[3.847s] Level 1:colcon.colcon_core.package_identification:_identify(src/ros_ur_driver) by extension 'ros'
[3.848s] Level 1:colcon.colcon_core.package_identification:_identify(src/ros_ur_driver) by extensions ['cmake', 'python']
[3.848s] Level 1:colcon.colcon_core.package_identification:_identify(src/ros_ur_driver) by extension 'cmake'
[3.848s] Level 1:colcon.colcon_core.package_identification:_identify(src/ros_ur_driver) by extension 'python'
[3.848s] Level 1:colcon.colcon_core.package_identification:_identify(src/ros_ur_driver) by extensions ['python_setup_py']
[3.848s] Level 1:colcon.colcon_core.package_identification:_identify(src/ros_ur_driver) by extension 'python_setup_py'
[3.848s] Level 1:colcon.colcon_core.package_identification:_identify(src/ros_ur_driver/build) by extensions ['ignore', 'ignore_ament_install']
[3.848s] Level 1:colcon.colcon_core.package_identification:_identify(src/ros_ur_driver/build) by extension 'ignore'
[3.848s] Level 1:colcon.colcon_core.package_identification:_identify(src/ros_ur_driver/build) ignored
[3.848s] Level 1:colcon.colcon_core.package_identification:_identify(src/ros_ur_driver/install) by extensions ['ignore', 'ignore_ament_install']
[3.848s] Level 1:colcon.colcon_core.package_identification:_identify(src/ros_ur_driver/install) by extension 'ignore'
[3.848s] Level 1:colcon.colcon_core.package_identification:_identify(src/ros_ur_driver/install) ignored
[3.848s] Level 1:colcon.colcon_core.package_identification:_identify(src/ros_ur_driver/log) by extensions ['ignore', 'ignore_ament_install']
[3.848s] Level 1:colcon.colcon_core.package_identification:_identify(src/ros_ur_driver/log) by extension 'ignore'
[3.848s] Level 1:colcon.colcon_core.package_identification:_identify(src/ros_ur_driver/log) ignored
[3.848s] Level 1:colcon.colcon_core.package_identification:_identify(src/ros_ur_driver/src) by extensions ['ignore', 'ignore_ament_install']
[3.848s] Level 1:colcon.colcon_core.package_identification:_identify(src/ros_ur_driver/src) by extension 'ignore'
[3.848s] Level 1:colcon.colcon_core.package_identification:_identify(src/ros_ur_driver/src) by extension 'ignore_ament_install'
[3.848s] Level 1:colcon.colcon_core.package_identification:_identify(src/ros_ur_driver/src) by extensions ['colcon_pkg']
[3.848s] Level 1:colcon.colcon_core.package_identification:_identify(src/ros_ur_driver/src) by extension 'colcon_pkg'
[3.849s] Level 1:colcon.colcon_core.package_identification:_identify(src/ros_ur_driver/src) by extensions ['colcon_meta']
[3.849s] Level 1:colcon.colcon_core.package_identification:_identify(src/ros_ur_driver/src) by extension 'colcon_meta'
[3.849s] Level 1:colcon.colcon_core.package_identification:_identify(src/ros_ur_driver/src) by extensions ['ros']
[3.849s] Level 1:colcon.colcon_core.package_identification:_identify(src/ros_ur_driver/src) by extension 'ros'
[3.849s] Level 1:colcon.colcon_core.package_identification:_identify(src/ros_ur_driver/src) by extensions ['cmake', 'python']
[3.849s] Level 1:colcon.colcon_core.package_identification:_identify(src/ros_ur_driver/src) by extension 'cmake'
[3.849s] Level 1:colcon.colcon_core.package_identification:_identify(src/ros_ur_driver/src) by extension 'python'
[3.849s] Level 1:colcon.colcon_core.package_identification:_identify(src/ros_ur_driver/src) by extensions ['python_setup_py']
[3.849s] Level 1:colcon.colcon_core.package_identification:_identify(src/ros_ur_driver/src) by extension 'python_setup_py'
[3.849s] Level 1:colcon.colcon_core.package_identification:_identify(src/ros_ur_driver/src/Universal_Robots_ROS2_Driver) by extensions ['ignore', 'ignore_ament_install']
[3.849s] Level 1:colcon.colcon_core.package_identification:_identify(src/ros_ur_driver/src/Universal_Robots_ROS2_Driver) by extension 'ignore'
[3.849s] Level 1:colcon.colcon_core.package_identification:_identify(src/ros_ur_driver/src/Universal_Robots_ROS2_Driver) by extension 'ignore_ament_install'
[3.849s] Level 1:colcon.colcon_core.package_identification:_identify(src/ros_ur_driver/src/Universal_Robots_ROS2_Driver) by extensions ['colcon_pkg']
[3.849s] Level 1:colcon.colcon_core.package_identification:_identify(src/ros_ur_driver/src/Universal_Robots_ROS2_Driver) by extension 'colcon_pkg'
[3.849s] Level 1:colcon.colcon_core.package_identification:_identify(src/ros_ur_driver/src/Universal_Robots_ROS2_Driver) by extensions ['colcon_meta']
[3.849s] Level 1:colcon.colcon_core.package_identification:_identify(src/ros_ur_driver/src/Universal_Robots_ROS2_Driver) by extension 'colcon_meta'
[3.849s] Level 1:colcon.colcon_core.package_identification:_identify(src/ros_ur_driver/src/Universal_Robots_ROS2_Driver) by extensions ['ros']
[3.849s] Level 1:colcon.colcon_core.package_identification:_identify(src/ros_ur_driver/src/Universal_Robots_ROS2_Driver) by extension 'ros'
[3.849s] Level 1:colcon.colcon_core.package_identification:_identify(src/ros_ur_driver/src/Universal_Robots_ROS2_Driver) by extensions ['cmake', 'python']
[3.849s] Level 1:colcon.colcon_core.package_identification:_identify(src/ros_ur_driver/src/Universal_Robots_ROS2_Driver) by extension 'cmake'
[3.849s] Level 1:colcon.colcon_core.package_identification:_identify(src/ros_ur_driver/src/Universal_Robots_ROS2_Driver) by extension 'python'
[3.849s] Level 1:colcon.colcon_core.package_identification:_identify(src/ros_ur_driver/src/Universal_Robots_ROS2_Driver) by extensions ['python_setup_py']
[3.849s] Level 1:colcon.colcon_core.package_identification:_identify(src/ros_ur_driver/src/Universal_Robots_ROS2_Driver) by extension 'python_setup_py'
[3.850s] Level 1:colcon.colcon_core.package_identification:_identify(src/ros_ur_driver/src/Universal_Robots_ROS2_Driver/ur_bringup) by extensions ['ignore', 'ignore_ament_install']
[3.850s] Level 1:colcon.colcon_core.package_identification:_identify(src/ros_ur_driver/src/Universal_Robots_ROS2_Driver/ur_bringup) by extension 'ignore'
[3.850s] Level 1:colcon.colcon_core.package_identification:_identify(src/ros_ur_driver/src/Universal_Robots_ROS2_Driver/ur_bringup) by extension 'ignore_ament_install'
[3.850s] Level 1:colcon.colcon_core.package_identification:_identify(src/ros_ur_driver/src/Universal_Robots_ROS2_Driver/ur_bringup) by extensions ['colcon_pkg']
[3.850s] Level 1:colcon.colcon_core.package_identification:_identify(src/ros_ur_driver/src/Universal_Robots_ROS2_Driver/ur_bringup) by extension 'colcon_pkg'
[3.850s] Level 1:colcon.colcon_core.package_identification:_identify(src/ros_ur_driver/src/Universal_Robots_ROS2_Driver/ur_bringup) by extensions ['colcon_meta']
[3.850s] Level 1:colcon.colcon_core.package_identification:_identify(src/ros_ur_driver/src/Universal_Robots_ROS2_Driver/ur_bringup) by extension 'colcon_meta'
[3.850s] Level 1:colcon.colcon_core.package_identification:_identify(src/ros_ur_driver/src/Universal_Robots_ROS2_Driver/ur_bringup) by extensions ['ros']
[3.850s] Level 1:colcon.colcon_core.package_identification:_identify(src/ros_ur_driver/src/Universal_Robots_ROS2_Driver/ur_bringup) by extension 'ros'
[3.851s] DEBUG:colcon.colcon_core.package_identification:Package 'src/ros_ur_driver/src/Universal_Robots_ROS2_Driver/ur_bringup' with type 'ros.ament_cmake' and name 'ur_bringup'
[3.851s] Level 1:colcon.colcon_core.package_identification:_identify(src/ros_ur_driver/src/Universal_Robots_ROS2_Driver/ur_calibration) by extensions ['ignore', 'ignore_ament_install']
[3.851s] Level 1:colcon.colcon_core.package_identification:_identify(src/ros_ur_driver/src/Universal_Robots_ROS2_Driver/ur_calibration) by extension 'ignore'
[3.851s] Level 1:colcon.colcon_core.package_identification:_identify(src/ros_ur_driver/src/Universal_Robots_ROS2_Driver/ur_calibration) by extension 'ignore_ament_install'
[3.851s] Level 1:colcon.colcon_core.package_identification:_identify(src/ros_ur_driver/src/Universal_Robots_ROS2_Driver/ur_calibration) by extensions ['colcon_pkg']
[3.851s] Level 1:colcon.colcon_core.package_identification:_identify(src/ros_ur_driver/src/Universal_Robots_ROS2_Driver/ur_calibration) by extension 'colcon_pkg'
[3.851s] Level 1:colcon.colcon_core.package_identification:_identify(src/ros_ur_driver/src/Universal_Robots_ROS2_Driver/ur_calibration) by extensions ['colcon_meta']
[3.851s] Level 1:colcon.colcon_core.package_identification:_identify(src/ros_ur_driver/src/Universal_Robots_ROS2_Driver/ur_calibration) by extension 'colcon_meta'
[3.851s] Level 1:colcon.colcon_core.package_identification:_identify(src/ros_ur_driver/src/Universal_Robots_ROS2_Driver/ur_calibration) by extensions ['ros']
[3.851s] Level 1:colcon.colcon_core.package_identification:_identify(src/ros_ur_driver/src/Universal_Robots_ROS2_Driver/ur_calibration) by extension 'ros'
[3.852s] DEBUG:colcon.colcon_core.package_identification:Package 'src/ros_ur_driver/src/Universal_Robots_ROS2_Driver/ur_calibration' with type 'ros.ament_cmake' and name 'ur_calibration'
[3.852s] Level 1:colcon.colcon_core.package_identification:_identify(src/ros_ur_driver/src/Universal_Robots_ROS2_Driver/ur_controllers) by extensions ['ignore', 'ignore_ament_install']
[3.852s] Level 1:colcon.colcon_core.package_identification:_identify(src/ros_ur_driver/src/Universal_Robots_ROS2_Driver/ur_controllers) by extension 'ignore'
[3.852s] Level 1:colcon.colcon_core.package_identification:_identify(src/ros_ur_driver/src/Universal_Robots_ROS2_Driver/ur_controllers) by extension 'ignore_ament_install'
[3.852s] Level 1:colcon.colcon_core.package_identification:_identify(src/ros_ur_driver/src/Universal_Robots_ROS2_Driver/ur_controllers) by extensions ['colcon_pkg']
[3.852s] Level 1:colcon.colcon_core.package_identification:_identify(src/ros_ur_driver/src/Universal_Robots_ROS2_Driver/ur_controllers) by extension 'colcon_pkg'
[3.852s] Level 1:colcon.colcon_core.package_identification:_identify(src/ros_ur_driver/src/Universal_Robots_ROS2_Driver/ur_controllers) by extensions ['colcon_meta']
[3.852s] Level 1:colcon.colcon_core.package_identification:_identify(src/ros_ur_driver/src/Universal_Robots_ROS2_Driver/ur_controllers) by extension 'colcon_meta'
[3.852s] Level 1:colcon.colcon_core.package_identification:_identify(src/ros_ur_driver/src/Universal_Robots_ROS2_Driver/ur_controllers) by extensions ['ros']
[3.852s] Level 1:colcon.colcon_core.package_identification:_identify(src/ros_ur_driver/src/Universal_Robots_ROS2_Driver/ur_controllers) by extension 'ros'
[3.854s] DEBUG:colcon.colcon_core.package_identification:Package 'src/ros_ur_driver/src/Universal_Robots_ROS2_Driver/ur_controllers' with type 'ros.ament_cmake' and name 'ur_controllers'
[3.854s] Level 1:colcon.colcon_core.package_identification:_identify(src/ros_ur_driver/src/Universal_Robots_ROS2_Driver/ur_dashboard_msgs) by extensions ['ignore', 'ignore_ament_install']
[3.854s] Level 1:colcon.colcon_core.package_identification:_identify(src/ros_ur_driver/src/Universal_Robots_ROS2_Driver/ur_dashboard_msgs) by extension 'ignore'
[3.854s] Level 1:colcon.colcon_core.package_identification:_identify(src/ros_ur_driver/src/Universal_Robots_ROS2_Driver/ur_dashboard_msgs) by extension 'ignore_ament_install'
[3.855s] Level 1:colcon.colcon_core.package_identification:_identify(src/ros_ur_driver/src/Universal_Robots_ROS2_Driver/ur_dashboard_msgs) by extensions ['colcon_pkg']
[3.855s] Level 1:colcon.colcon_core.package_identification:_identify(src/ros_ur_driver/src/Universal_Robots_ROS2_Driver/ur_dashboard_msgs) by extension 'colcon_pkg'
[3.855s] Level 1:colcon.colcon_core.package_identification:_identify(src/ros_ur_driver/src/Universal_Robots_ROS2_Driver/ur_dashboard_msgs) by extensions ['colcon_meta']
[3.855s] Level 1:colcon.colcon_core.package_identification:_identify(src/ros_ur_driver/src/Universal_Robots_ROS2_Driver/ur_dashboard_msgs) by extension 'colcon_meta'
[3.855s] Level 1:colcon.colcon_core.package_identification:_identify(src/ros_ur_driver/src/Universal_Robots_ROS2_Driver/ur_dashboard_msgs) by extensions ['ros']
[3.855s] Level 1:colcon.colcon_core.package_identification:_identify(src/ros_ur_driver/src/Universal_Robots_ROS2_Driver/ur_dashboard_msgs) by extension 'ros'
[3.855s] DEBUG:colcon.colcon_core.package_identification:Package 'src/ros_ur_driver/src/Universal_Robots_ROS2_Driver/ur_dashboard_msgs' with type 'ros.ament_cmake' and name 'ur_dashboard_msgs'
[3.855s] Level 1:colcon.colcon_core.package_identification:_identify(src/ros_ur_driver/src/Universal_Robots_ROS2_Driver/ur_moveit_config) by extensions ['ignore', 'ignore_ament_install']
[3.855s] Level 1:colcon.colcon_core.package_identification:_identify(src/ros_ur_driver/src/Universal_Robots_ROS2_Driver/ur_moveit_config) by extension 'ignore'
[3.855s] Level 1:colcon.colcon_core.package_identification:_identify(src/ros_ur_driver/src/Universal_Robots_ROS2_Driver/ur_moveit_config) by extension 'ignore_ament_install'
[3.856s] Level 1:colcon.colcon_core.package_identification:_identify(src/ros_ur_driver/src/Universal_Robots_ROS2_Driver/ur_moveit_config) by extensions ['colcon_pkg']
[3.856s] Level 1:colcon.colcon_core.package_identification:_identify(src/ros_ur_driver/src/Universal_Robots_ROS2_Driver/ur_moveit_config) by extension 'colcon_pkg'
[3.856s] Level 1:colcon.colcon_core.package_identification:_identify(src/ros_ur_driver/src/Universal_Robots_ROS2_Driver/ur_moveit_config) by extensions ['colcon_meta']
[3.856s] Level 1:colcon.colcon_core.package_identification:_identify(src/ros_ur_driver/src/Universal_Robots_ROS2_Driver/ur_moveit_config) by extension 'colcon_meta'
[3.856s] Level 1:colcon.colcon_core.package_identification:_identify(src/ros_ur_driver/src/Universal_Robots_ROS2_Driver/ur_moveit_config) by extensions ['ros']
[3.856s] Level 1:colcon.colcon_core.package_identification:_identify(src/ros_ur_driver/src/Universal_Robots_ROS2_Driver/ur_moveit_config) by extension 'ros'
[3.856s] DEBUG:colcon.colcon_core.package_identification:Package 'src/ros_ur_driver/src/Universal_Robots_ROS2_Driver/ur_moveit_config' with type 'ros.ament_cmake' and name 'ur_moveit_config'
[3.856s] Level 1:colcon.colcon_core.package_identification:_identify(src/ros_ur_driver/src/Universal_Robots_ROS2_Driver/ur_robot_driver) by extensions ['ignore', 'ignore_ament_install']
[3.856s] Level 1:colcon.colcon_core.package_identification:_identify(src/ros_ur_driver/src/Universal_Robots_ROS2_Driver/ur_robot_driver) by extension 'ignore'
[3.856s] Level 1:colcon.colcon_core.package_identification:_identify(src/ros_ur_driver/src/Universal_Robots_ROS2_Driver/ur_robot_driver) by extension 'ignore_ament_install'
[3.856s] Level 1:colcon.colcon_core.package_identification:_identify(src/ros_ur_driver/src/Universal_Robots_ROS2_Driver/ur_robot_driver) by extensions ['colcon_pkg']
[3.856s] Level 1:colcon.colcon_core.package_identification:_identify(src/ros_ur_driver/src/Universal_Robots_ROS2_Driver/ur_robot_driver) by extension 'colcon_pkg'
[3.857s] Level 1:colcon.colcon_core.package_identification:_identify(src/ros_ur_driver/src/Universal_Robots_ROS2_Driver/ur_robot_driver) by extensions ['colcon_meta']
[3.857s] Level 1:colcon.colcon_core.package_identification:_identify(src/ros_ur_driver/src/Universal_Robots_ROS2_Driver/ur_robot_driver) by extension 'colcon_meta'
[3.857s] Level 1:colcon.colcon_core.package_identification:_identify(src/ros_ur_driver/src/Universal_Robots_ROS2_Driver/ur_robot_driver) by extensions ['ros']
[3.857s] Level 1:colcon.colcon_core.package_identification:_identify(src/ros_ur_driver/src/Universal_Robots_ROS2_Driver/ur_robot_driver) by extension 'ros'
[3.858s] DEBUG:colcon.colcon_core.package_identification:Package 'src/ros_ur_driver/src/Universal_Robots_ROS2_Driver/ur_robot_driver' with type 'ros.ament_cmake' and name 'ur_robot_driver'
[3.858s] Level 1:colcon.colcon_core.package_identification:_identify(src/service_clients) by extensions ['ignore', 'ignore_ament_install']
[3.858s] Level 1:colcon.colcon_core.package_identification:_identify(src/service_clients) by extension 'ignore'
[3.858s] Level 1:colcon.colcon_core.package_identification:_identify(src/service_clients) by extension 'ignore_ament_install'
[3.859s] Level 1:colcon.colcon_core.package_identification:_identify(src/service_clients) by extensions ['colcon_pkg']
[3.859s] Level 1:colcon.colcon_core.package_identification:_identify(src/service_clients) by extension 'colcon_pkg'
[3.859s] Level 1:colcon.colcon_core.package_identification:_identify(src/service_clients) by extensions ['colcon_meta']
[3.859s] Level 1:colcon.colcon_core.package_identification:_identify(src/service_clients) by extension 'colcon_meta'
[3.859s] Level 1:colcon.colcon_core.package_identification:_identify(src/service_clients) by extensions ['ros']
[3.859s] Level 1:colcon.colcon_core.package_identification:_identify(src/service_clients) by extension 'ros'
[3.871s] DEBUG:colcon.colcon_core.package_identification:Package 'src/service_clients' with type 'ros.ament_python' and name 'service_clients'
[3.871s] Level 1:colcon.colcon_core.package_identification:_identify(src/web_controller) by extensions ['ignore', 'ignore_ament_install']
[3.871s] Level 1:colcon.colcon_core.package_identification:_identify(src/web_controller) by extension 'ignore'
[3.871s] Level 1:colcon.colcon_core.package_identification:_identify(src/web_controller) by extension 'ignore_ament_install'
[3.871s] Level 1:colcon.colcon_core.package_identification:_identify(src/web_controller) by extensions ['colcon_pkg']
[3.871s] Level 1:colcon.colcon_core.package_identification:_identify(src/web_controller) by extension 'colcon_pkg'
[3.871s] Level 1:colcon.colcon_core.package_identification:_identify(src/web_controller) by extensions ['colcon_meta']
[3.871s] Level 1:colcon.colcon_core.package_identification:_identify(src/web_controller) by extension 'colcon_meta'
[3.871s] Level 1:colcon.colcon_core.package_identification:_identify(src/web_controller) by extensions ['ros']
[3.871s] Level 1:colcon.colcon_core.package_identification:_identify(src/web_controller) by extension 'ros'
[3.872s] DEBUG:colcon.colcon_core.package_identification:Package 'src/web_controller' with type 'ros.ament_python' and name 'web_controller'
[3.872s] Level 1:colcon.colcon_core.package_discovery:discover_packages(recursive) using defaults
[3.872s] Level 1:colcon.colcon_core.package_discovery:discover_packages(ignore) discover
[3.872s] Level 1:colcon.colcon_core.package_discovery:discover_packages(ignore) using defaults
[3.872s] Level 1:colcon.colcon_core.package_discovery:discover_packages(path) discover
[3.872s] Level 1:colcon.colcon_core.package_discovery:discover_packages(path) using defaults
[4.042s] INFO:colcon.colcon_core.package_selection:Skipping not selected package 'communication_interface' in 'src/communication_interface'
[4.042s] INFO:colcon.colcon_core.package_selection:Skipping not selected package 'robot_base' in 'src/robot_base'
[4.042s] INFO:colcon.colcon_core.package_selection:Skipping not selected package 'ur_dashboard_msgs' in 'src/ros_ur_driver/src/Universal_Robots_ROS2_Driver/ur_dashboard_msgs'
[4.042s] INFO:colcon.colcon_core.package_selection:Skipping not selected package 'ur_moveit_config' in 'src/ros_ur_driver/src/Universal_Robots_ROS2_Driver/ur_moveit_config'
[4.042s] INFO:colcon.colcon_core.package_selection:Skipping not selected package 'web_controller' in 'src/web_controller'
[4.042s] INFO:colcon.colcon_core.package_selection:Skipping not selected package 'ur_controllers' in 'src/ros_ur_driver/src/Universal_Robots_ROS2_Driver/ur_controllers'
[4.042s] INFO:colcon.colcon_core.package_selection:Skipping not selected package 'ur_bringup' in 'src/ros_ur_driver/src/Universal_Robots_ROS2_Driver/ur_bringup'
[4.042s] INFO:colcon.colcon_core.package_selection:Skipping not selected package 'ur_robot_driver' in 'src/ros_ur_driver/src/Universal_Robots_ROS2_Driver/ur_robot_driver'
[4.042s] INFO:colcon.colcon_core.package_selection:Skipping not selected package 'ur_calibration' in 'src/ros_ur_driver/src/Universal_Robots_ROS2_Driver/ur_calibration'
[4.133s] Level 1:colcon.colcon_core.package_discovery:discover_packages(prefix_path) check parameters
[4.133s] Level 1:colcon.colcon_core.package_discovery:discover_packages(prefix_path) discover
[4.243s] DEBUG:colcon.colcon_installed_package_information.package_discovery:Found 2 installed packages in /home/kkk/total_care_project/install
[4.296s] DEBUG:colcon.colcon_installed_package_information.package_discovery:Found 344 installed packages in /home/kkk/ros2_humble/install
[4.298s] Level 1:colcon.colcon_core.package_discovery:discover_packages(prefix_path) using defaults
[4.428s] Level 5:colcon.colcon_core.verb:set package 'service_clients' build argument 'cmake_args' from command line to 'None'
[4.428s] Level 5:colcon.colcon_core.verb:set package 'service_clients' build argument 'cmake_target' from command line to 'None'
[4.428s] Level 5:colcon.colcon_core.verb:set package 'service_clients' build argument 'cmake_target_skip_unavailable' from command line to 'False'
[4.429s] Level 5:colcon.colcon_core.verb:set package 'service_clients' build argument 'cmake_clean_cache' from command line to 'False'
[4.429s] Level 5:colcon.colcon_core.verb:set package 'service_clients' build argument 'cmake_clean_first' from command line to 'False'
[4.429s] Level 5:colcon.colcon_core.verb:set package 'service_clients' build argument 'cmake_force_configure' from command line to 'False'
[4.429s] Level 5:colcon.colcon_core.verb:set package 'service_clients' build argument 'ament_cmake_args' from command line to 'None'
[4.429s] Level 5:colcon.colcon_core.verb:set package 'service_clients' build argument 'catkin_cmake_args' from command line to 'None'
[4.429s] Level 5:colcon.colcon_core.verb:set package 'service_clients' build argument 'catkin_skip_building_tests' from command line to 'False'
[4.429s] DEBUG:colcon.colcon_core.verb:Building package 'service_clients' with the following arguments: {'ament_cmake_args': None, 'build_base': '/home/kkk/total_care_project/build/service_clients', 'catkin_cmake_args': None, 'catkin_skip_building_tests': False, 'cmake_args': None, 'cmake_clean_cache': False, 'cmake_clean_first': False, 'cmake_force_configure': False, 'cmake_target': None, 'cmake_target_skip_unavailable': False, 'install_base': '/home/kkk/total_care_project/install/service_clients', 'merge_install': False, 'path': '/home/kkk/total_care_project/src/service_clients', 'symlink_install': True, 'test_result_base': None}
[4.474s] INFO:colcon.colcon_core.executor:Executing jobs using 'parallel' executor
[4.523s] DEBUG:colcon.colcon_parallel_executor.executor.parallel:run_until_complete
[4.523s] INFO:colcon.colcon_ros.task.ament_python.build:Building ROS package in '/home/kkk/total_care_project/src/service_clients' with build type 'ament_python'
[4.523s] Level 1:colcon.colcon_core.shell:create_environment_hook('service_clients', 'ament_prefix_path')
[4.575s] INFO:colcon.colcon_core.plugin_system:Skipping extension 'colcon_core.shell.bat': Not used on non-Windows systems
[4.575s] INFO:colcon.colcon_core.shell:Creating environment hook '/home/kkk/total_care_project/install/service_clients/share/service_clients/hook/ament_prefix_path.ps1'
[4.575s] INFO:colcon.colcon_core.shell:Creating environment descriptor '/home/kkk/total_care_project/install/service_clients/share/service_clients/hook/ament_prefix_path.dsv'
[4.576s] INFO:colcon.colcon_core.shell:Creating environment hook '/home/kkk/total_care_project/install/service_clients/share/service_clients/hook/ament_prefix_path.sh'
[4.622s] INFO:colcon.colcon_core.shell:Skip shell extension 'powershell' for command environment: Not usable outside of PowerShell
[4.622s] DEBUG:colcon.colcon_core.shell:Skip shell extension 'dsv' for command environment
[5.567s] INFO:colcon.colcon_core.task.python.build:Building Python package in '/home/kkk/total_care_project/src/service_clients'
[5.622s] INFO:colcon.colcon_core.shell:Skip shell extension 'powershell' for command environment: Not usable outside of PowerShell
[5.622s] DEBUG:colcon.colcon_core.shell:Skip shell extension 'dsv' for command environment
[6.869s] DEBUG:colcon.colcon_core.event_handler.log_command:Invoking command in '/home/kkk/total_care_project/build/service_clients': PYTHONPATH=/home/kkk/total_care_project/build/service_clients/prefix_override:/home/kkk/total_care_project/install/service_clients/lib/python3.8/site-packages:${PYTHONPATH} /usr/bin/python3 setup.py develop --editable --build-directory /home/kkk/total_care_project/build/service_clients/build --no-deps install_data
[8.036s] Level 1:colcon.colcon_core.shell:create_environment_hook('service_clients', 'pythonpath_develop')
[8.037s] DEBUG:colcon.colcon_core.event_handler.log_command:Invoked command in '/home/kkk/total_care_project/build/service_clients' returned '0': PYTHONPATH=/home/kkk/total_care_project/build/service_clients/prefix_override:/home/kkk/total_care_project/install/service_clients/lib/python3.8/site-packages:${PYTHONPATH} /usr/bin/python3 setup.py develop --editable --build-directory /home/kkk/total_care_project/build/service_clients/build --no-deps install_data
[8.096s] INFO:colcon.colcon_core.shell:Creating environment hook '/home/kkk/total_care_project/build/service_clients/share/service_clients/hook/pythonpath_develop.ps1'
[8.096s] INFO:colcon.colcon_core.shell:Creating environment descriptor '/home/kkk/total_care_project/build/service_clients/share/service_clients/hook/pythonpath_develop.dsv'
[8.096s] INFO:colcon.colcon_core.shell:Creating environment hook '/home/kkk/total_care_project/build/service_clients/share/service_clients/hook/pythonpath_develop.sh'
[8.149s] Level 1:colcon.colcon_core.environment:checking '/home/kkk/total_care_project/install/service_clients' for CMake module files
[8.149s] Level 1:colcon.colcon_core.environment:checking '/home/kkk/total_care_project/install/service_clients' for CMake config files
[8.150s] Level 1:colcon.colcon_core.environment:checking '/home/kkk/total_care_project/install/service_clients/lib'
[8.150s] Level 1:colcon.colcon_core.environment:checking '/home/kkk/total_care_project/install/service_clients/bin'
[8.150s] Level 1:colcon.colcon_core.environment:checking '/home/kkk/total_care_project/install/service_clients/lib/pkgconfig/service_clients.pc'
[8.150s] Level 1:colcon.colcon_core.environment:checking '/home/kkk/total_care_project/install/service_clients/lib/python3.8/site-packages'
[8.150s] Level 1:colcon.colcon_core.shell:create_environment_hook('service_clients', 'pythonpath')
[8.199s] INFO:colcon.colcon_core.shell:Creating environment hook '/home/kkk/total_care_project/install/service_clients/share/service_clients/hook/pythonpath.ps1'
[8.200s] INFO:colcon.colcon_core.shell:Creating environment descriptor '/home/kkk/total_care_project/install/service_clients/share/service_clients/hook/pythonpath.dsv'
[8.200s] INFO:colcon.colcon_core.shell:Creating environment hook '/home/kkk/total_care_project/install/service_clients/share/service_clients/hook/pythonpath.sh'
[8.200s] Level 1:colcon.colcon_core.environment:checking '/home/kkk/total_care_project/install/service_clients/bin'
[8.200s] Level 1:colcon.colcon_core.environment:create_environment_scripts_only(service_clients)
[8.247s] INFO:colcon.colcon_core.shell:Creating package script '/home/kkk/total_care_project/install/service_clients/share/service_clients/package.ps1'
[8.248s] INFO:colcon.colcon_core.shell:Creating package descriptor '/home/kkk/total_care_project/install/service_clients/share/service_clients/package.dsv'
[8.248s] INFO:colcon.colcon_core.shell:Creating package script '/home/kkk/total_care_project/install/service_clients/share/service_clients/package.sh'
[8.249s] INFO:colcon.colcon_core.shell:Creating package script '/home/kkk/total_care_project/install/service_clients/share/service_clients/package.bash'
[8.249s] INFO:colcon.colcon_core.shell:Creating package script '/home/kkk/total_care_project/install/service_clients/share/service_clients/package.zsh'
[8.249s] Level 1:colcon.colcon_core.environment:create_file_with_runtime_dependencies(/home/kkk/total_care_project/install/service_clients/share/colcon-core/packages/service_clients)
[8.250s] DEBUG:colcon.colcon_parallel_executor.executor.parallel:closing loop
[8.250s] DEBUG:colcon.colcon_parallel_executor.executor.parallel:loop closed
[8.250s] DEBUG:colcon.colcon_parallel_executor.executor.parallel:run_until_complete finished with '0'
[8.250s] DEBUG:colcon.colcon_core.event_reactor:joining thread
[8.318s] INFO:colcon.colcon_core.plugin_system:Skipping extension 'colcon_notification.desktop_notification.terminal_notifier': Not used on non-Darwin systems
[8.318s] INFO:colcon.colcon_core.plugin_system:Skipping extension 'colcon_notification.desktop_notification.win32': Not used on non-Windows systems
[8.318s] INFO:colcon.colcon_notification.desktop_notification:Sending desktop notification using 'notify2'
[8.332s] DEBUG:colcon.colcon_core.event_reactor:joined thread
[8.386s] INFO:colcon.colcon_core.shell:Creating prefix script '/home/kkk/total_care_project/install/local_setup.ps1'
[8.387s] INFO:colcon.colcon_core.shell:Creating prefix util module '/home/kkk/total_care_project/install/_local_setup_util_ps1.py'
[8.388s] INFO:colcon.colcon_core.shell:Creating prefix chain script '/home/kkk/total_care_project/install/setup.ps1'
[8.449s] INFO:colcon.colcon_core.shell:Creating prefix script '/home/kkk/total_care_project/install/local_setup.sh'
[8.450s] INFO:colcon.colcon_core.shell:Creating prefix util module '/home/kkk/total_care_project/install/_local_setup_util_sh.py'
[8.450s] INFO:colcon.colcon_core.shell:Creating prefix chain script '/home/kkk/total_care_project/install/setup.sh'
[8.515s] INFO:colcon.colcon_core.shell:Creating prefix script '/home/kkk/total_care_project/install/local_setup.bash'
[8.516s] INFO:colcon.colcon_core.shell:Creating prefix chain script '/home/kkk/total_care_project/install/setup.bash'
[8.581s] INFO:colcon.colcon_core.shell:Creating prefix script '/home/kkk/total_care_project/install/local_setup.zsh'
[8.582s] INFO:colcon.colcon_core.shell:Creating prefix chain script '/home/kkk/total_care_project/install/setup.zsh'
