[3.775s] DEBUG:colcon:Command line arguments: ['/usr/bin/colcon', 'build', '--symlink-install', '--packages-select', 'communication_interface']
[3.775s] DEBUG:colcon:Parsed command line arguments: Namespace(allow_overriding=[], ament_cmake_args=None, base_paths=['.'], build_base='build', catkin_cmake_args=None, catkin_skip_building_tests=False, cmake_args=None, cmake_clean_cache=False, cmake_clean_first=False, cmake_force_configure=False, cmake_target=None, cmake_target_skip_unavailable=False, continue_on_error=False, event_handlers=None, executor='parallel', ignore_user_meta=False, install_base='install', log_base=None, log_level=None, main=<bound method BuildVerb.main of <colcon_core.verb.build.BuildVerb object at 0x7f874a68b9a0>>, merge_install=False, metas=['./colcon.meta'], mixin=None, mixin_files=None, mixin_verb=('build',), packages_above=None, packages_above_and_dependencies=None, packages_above_depth=None, packages_end=None, packages_ignore=None, packages_ignore_regex=None, packages_select=['communication_interface'], packages_select_build_failed=False, packages_select_by_dep=None, packages_select_regex=None, packages_select_test_failures=False, packages_skip=None, packages_skip_build_finished=False, packages_skip_by_dep=None, packages_skip_regex=None, packages_skip_test_passed=False, packages_skip_up_to=None, packages_start=None, packages_up_to=None, packages_up_to_regex=None, parallel_workers=8, paths=None, symlink_install=True, test_result_base=None, verb_extension=<colcon_core.verb.build.BuildVerb object at 0x7f874a68b9a0>, verb_name='build', verb_parser=<colcon_mixin.mixin.mixin_argument.MixinArgumentDecorator object at 0x7f874a5a3460>)
[3.928s] Level 1:colcon.colcon_core.package_discovery:discover_packages(colcon_meta) check parameters
[3.928s] Level 1:colcon.colcon_core.package_discovery:discover_packages(recursive) check parameters
[3.928s] Level 1:colcon.colcon_core.package_discovery:discover_packages(ignore) check parameters
[3.928s] Level 1:colcon.colcon_core.package_discovery:discover_packages(path) check parameters
[3.928s] Level 1:colcon.colcon_core.package_discovery:discover_packages(colcon_meta) discover
[3.928s] Level 1:colcon.colcon_core.package_discovery:discover_packages(recursive) discover
[3.928s] INFO:colcon.colcon_core.package_discovery:Crawling recursively for packages in '/home/kkk/total_care_project'
[3.928s] Level 1:colcon.colcon_core.package_identification:_identify(.) by extensions ['ignore', 'ignore_ament_install']
[3.928s] Level 1:colcon.colcon_core.package_identification:_identify(.) by extension 'ignore'
[3.928s] Level 1:colcon.colcon_core.package_identification:_identify(.) by extension 'ignore_ament_install'
[3.928s] Level 1:colcon.colcon_core.package_identification:_identify(.) by extensions ['colcon_pkg']
[3.928s] Level 1:colcon.colcon_core.package_identification:_identify(.) by extension 'colcon_pkg'
[3.928s] Level 1:colcon.colcon_core.package_identification:_identify(.) by extensions ['colcon_meta']
[3.928s] Level 1:colcon.colcon_core.package_identification:_identify(.) by extension 'colcon_meta'
[3.928s] Level 1:colcon.colcon_core.package_identification:_identify(.) by extensions ['ros']
[3.929s] Level 1:colcon.colcon_core.package_identification:_identify(.) by extension 'ros'
[3.939s] Level 1:colcon.colcon_core.package_identification:_identify(.) by extensions ['cmake', 'python']
[3.939s] Level 1:colcon.colcon_core.package_identification:_identify(.) by extension 'cmake'
[3.939s] Level 1:colcon.colcon_core.package_identification:_identify(.) by extension 'python'
[3.939s] Level 1:colcon.colcon_core.package_identification:_identify(.) by extensions ['python_setup_py']
[3.939s] Level 1:colcon.colcon_core.package_identification:_identify(.) by extension 'python_setup_py'
[3.940s] Level 1:colcon.colcon_core.package_identification:_identify(build) by extensions ['ignore', 'ignore_ament_install']
[3.940s] Level 1:colcon.colcon_core.package_identification:_identify(build) by extension 'ignore'
[3.940s] Level 1:colcon.colcon_core.package_identification:_identify(build) ignored
[3.940s] Level 1:colcon.colcon_core.package_identification:_identify(install) by extensions ['ignore', 'ignore_ament_install']
[3.940s] Level 1:colcon.colcon_core.package_identification:_identify(install) by extension 'ignore'
[3.940s] Level 1:colcon.colcon_core.package_identification:_identify(install) ignored
[3.940s] Level 1:colcon.colcon_core.package_identification:_identify(log) by extensions ['ignore', 'ignore_ament_install']
[3.940s] Level 1:colcon.colcon_core.package_identification:_identify(log) by extension 'ignore'
[3.940s] Level 1:colcon.colcon_core.package_identification:_identify(log) ignored
[3.940s] Level 1:colcon.colcon_core.package_identification:_identify(src) by extensions ['ignore', 'ignore_ament_install']
[3.940s] Level 1:colcon.colcon_core.package_identification:_identify(src) by extension 'ignore'
[3.940s] Level 1:colcon.colcon_core.package_identification:_identify(src) by extension 'ignore_ament_install'
[3.940s] Level 1:colcon.colcon_core.package_identification:_identify(src) by extensions ['colcon_pkg']
[3.940s] Level 1:colcon.colcon_core.package_identification:_identify(src) by extension 'colcon_pkg'
[3.940s] Level 1:colcon.colcon_core.package_identification:_identify(src) by extensions ['colcon_meta']
[3.940s] Level 1:colcon.colcon_core.package_identification:_identify(src) by extension 'colcon_meta'
[3.940s] Level 1:colcon.colcon_core.package_identification:_identify(src) by extensions ['ros']
[3.940s] Level 1:colcon.colcon_core.package_identification:_identify(src) by extension 'ros'
[3.940s] Level 1:colcon.colcon_core.package_identification:_identify(src) by extensions ['cmake', 'python']
[3.941s] Level 1:colcon.colcon_core.package_identification:_identify(src) by extension 'cmake'
[3.941s] Level 1:colcon.colcon_core.package_identification:_identify(src) by extension 'python'
[3.941s] Level 1:colcon.colcon_core.package_identification:_identify(src) by extensions ['python_setup_py']
[3.941s] Level 1:colcon.colcon_core.package_identification:_identify(src) by extension 'python_setup_py'
[3.941s] Level 1:colcon.colcon_core.package_identification:_identify(src/communication_interface) by extensions ['ignore', 'ignore_ament_install']
[3.941s] Level 1:colcon.colcon_core.package_identification:_identify(src/communication_interface) by extension 'ignore'
[3.941s] Level 1:colcon.colcon_core.package_identification:_identify(src/communication_interface) by extension 'ignore_ament_install'
[3.941s] Level 1:colcon.colcon_core.package_identification:_identify(src/communication_interface) by extensions ['colcon_pkg']
[3.941s] Level 1:colcon.colcon_core.package_identification:_identify(src/communication_interface) by extension 'colcon_pkg'
[3.941s] Level 1:colcon.colcon_core.package_identification:_identify(src/communication_interface) by extensions ['colcon_meta']
[3.941s] Level 1:colcon.colcon_core.package_identification:_identify(src/communication_interface) by extension 'colcon_meta'
[3.941s] Level 1:colcon.colcon_core.package_identification:_identify(src/communication_interface) by extensions ['ros']
[3.941s] Level 1:colcon.colcon_core.package_identification:_identify(src/communication_interface) by extension 'ros'
[3.944s] DEBUG:colcon.colcon_core.package_identification:Package 'src/communication_interface' with type 'ros.ament_cmake' and name 'communication_interface'
[3.944s] Level 1:colcon.colcon_core.package_identification:_identify(src/robot_base) by extensions ['ignore', 'ignore_ament_install']
[3.944s] Level 1:colcon.colcon_core.package_identification:_identify(src/robot_base) by extension 'ignore'
[3.944s] Level 1:colcon.colcon_core.package_identification:_identify(src/robot_base) by extension 'ignore_ament_install'
[3.944s] Level 1:colcon.colcon_core.package_identification:_identify(src/robot_base) by extensions ['colcon_pkg']
[3.944s] Level 1:colcon.colcon_core.package_identification:_identify(src/robot_base) by extension 'colcon_pkg'
[3.944s] Level 1:colcon.colcon_core.package_identification:_identify(src/robot_base) by extensions ['colcon_meta']
[3.944s] Level 1:colcon.colcon_core.package_identification:_identify(src/robot_base) by extension 'colcon_meta'
[3.944s] Level 1:colcon.colcon_core.package_identification:_identify(src/robot_base) by extensions ['ros']
[3.944s] Level 1:colcon.colcon_core.package_identification:_identify(src/robot_base) by extension 'ros'
[3.945s] DEBUG:colcon.colcon_core.package_identification:Package 'src/robot_base' with type 'ros.ament_python' and name 'robot_base'
[3.945s] Level 1:colcon.colcon_core.package_identification:_identify(src/ros_ur_driver) by extensions ['ignore', 'ignore_ament_install']
[3.945s] Level 1:colcon.colcon_core.package_identification:_identify(src/ros_ur_driver) by extension 'ignore'
[3.945s] Level 1:colcon.colcon_core.package_identification:_identify(src/ros_ur_driver) by extension 'ignore_ament_install'
[3.945s] Level 1:colcon.colcon_core.package_identification:_identify(src/ros_ur_driver) by extensions ['colcon_pkg']
[3.945s] Level 1:colcon.colcon_core.package_identification:_identify(src/ros_ur_driver) by extension 'colcon_pkg'
[3.945s] Level 1:colcon.colcon_core.package_identification:_identify(src/ros_ur_driver) by extensions ['colcon_meta']
[3.945s] Level 1:colcon.colcon_core.package_identification:_identify(src/ros_ur_driver) by extension 'colcon_meta'
[3.945s] Level 1:colcon.colcon_core.package_identification:_identify(src/ros_ur_driver) by extensions ['ros']
[3.945s] Level 1:colcon.colcon_core.package_identification:_identify(src/ros_ur_driver) by extension 'ros'
[3.945s] Level 1:colcon.colcon_core.package_identification:_identify(src/ros_ur_driver) by extensions ['cmake', 'python']
[3.945s] Level 1:colcon.colcon_core.package_identification:_identify(src/ros_ur_driver) by extension 'cmake'
[3.945s] Level 1:colcon.colcon_core.package_identification:_identify(src/ros_ur_driver) by extension 'python'
[3.945s] Level 1:colcon.colcon_core.package_identification:_identify(src/ros_ur_driver) by extensions ['python_setup_py']
[3.945s] Level 1:colcon.colcon_core.package_identification:_identify(src/ros_ur_driver) by extension 'python_setup_py'
[3.945s] Level 1:colcon.colcon_core.package_identification:_identify(src/ros_ur_driver/build) by extensions ['ignore', 'ignore_ament_install']
[3.945s] Level 1:colcon.colcon_core.package_identification:_identify(src/ros_ur_driver/build) by extension 'ignore'
[3.945s] Level 1:colcon.colcon_core.package_identification:_identify(src/ros_ur_driver/build) ignored
[3.946s] Level 1:colcon.colcon_core.package_identification:_identify(src/ros_ur_driver/install) by extensions ['ignore', 'ignore_ament_install']
[3.946s] Level 1:colcon.colcon_core.package_identification:_identify(src/ros_ur_driver/install) by extension 'ignore'
[3.946s] Level 1:colcon.colcon_core.package_identification:_identify(src/ros_ur_driver/install) ignored
[3.946s] Level 1:colcon.colcon_core.package_identification:_identify(src/ros_ur_driver/log) by extensions ['ignore', 'ignore_ament_install']
[3.946s] Level 1:colcon.colcon_core.package_identification:_identify(src/ros_ur_driver/log) by extension 'ignore'
[3.946s] Level 1:colcon.colcon_core.package_identification:_identify(src/ros_ur_driver/log) ignored
[3.946s] Level 1:colcon.colcon_core.package_identification:_identify(src/ros_ur_driver/src) by extensions ['ignore', 'ignore_ament_install']
[3.946s] Level 1:colcon.colcon_core.package_identification:_identify(src/ros_ur_driver/src) by extension 'ignore'
[3.946s] Level 1:colcon.colcon_core.package_identification:_identify(src/ros_ur_driver/src) by extension 'ignore_ament_install'
[3.946s] Level 1:colcon.colcon_core.package_identification:_identify(src/ros_ur_driver/src) by extensions ['colcon_pkg']
[3.946s] Level 1:colcon.colcon_core.package_identification:_identify(src/ros_ur_driver/src) by extension 'colcon_pkg'
[3.946s] Level 1:colcon.colcon_core.package_identification:_identify(src/ros_ur_driver/src) by extensions ['colcon_meta']
[3.946s] Level 1:colcon.colcon_core.package_identification:_identify(src/ros_ur_driver/src) by extension 'colcon_meta'
[3.946s] Level 1:colcon.colcon_core.package_identification:_identify(src/ros_ur_driver/src) by extensions ['ros']
[3.947s] Level 1:colcon.colcon_core.package_identification:_identify(src/ros_ur_driver/src) by extension 'ros'
[3.947s] Level 1:colcon.colcon_core.package_identification:_identify(src/ros_ur_driver/src) by extensions ['cmake', 'python']
[3.947s] Level 1:colcon.colcon_core.package_identification:_identify(src/ros_ur_driver/src) by extension 'cmake'
[3.947s] Level 1:colcon.colcon_core.package_identification:_identify(src/ros_ur_driver/src) by extension 'python'
[3.947s] Level 1:colcon.colcon_core.package_identification:_identify(src/ros_ur_driver/src) by extensions ['python_setup_py']
[3.947s] Level 1:colcon.colcon_core.package_identification:_identify(src/ros_ur_driver/src) by extension 'python_setup_py'
[3.947s] Level 1:colcon.colcon_core.package_identification:_identify(src/ros_ur_driver/src/Universal_Robots_ROS2_Driver) by extensions ['ignore', 'ignore_ament_install']
[3.947s] Level 1:colcon.colcon_core.package_identification:_identify(src/ros_ur_driver/src/Universal_Robots_ROS2_Driver) by extension 'ignore'
[3.948s] Level 1:colcon.colcon_core.package_identification:_identify(src/ros_ur_driver/src/Universal_Robots_ROS2_Driver) by extension 'ignore_ament_install'
[3.948s] Level 1:colcon.colcon_core.package_identification:_identify(src/ros_ur_driver/src/Universal_Robots_ROS2_Driver) by extensions ['colcon_pkg']
[3.948s] Level 1:colcon.colcon_core.package_identification:_identify(src/ros_ur_driver/src/Universal_Robots_ROS2_Driver) by extension 'colcon_pkg'
[3.948s] Level 1:colcon.colcon_core.package_identification:_identify(src/ros_ur_driver/src/Universal_Robots_ROS2_Driver) by extensions ['colcon_meta']
[3.948s] Level 1:colcon.colcon_core.package_identification:_identify(src/ros_ur_driver/src/Universal_Robots_ROS2_Driver) by extension 'colcon_meta'
[3.948s] Level 1:colcon.colcon_core.package_identification:_identify(src/ros_ur_driver/src/Universal_Robots_ROS2_Driver) by extensions ['ros']
[3.948s] Level 1:colcon.colcon_core.package_identification:_identify(src/ros_ur_driver/src/Universal_Robots_ROS2_Driver) by extension 'ros'
[3.948s] Level 1:colcon.colcon_core.package_identification:_identify(src/ros_ur_driver/src/Universal_Robots_ROS2_Driver) by extensions ['cmake', 'python']
[3.948s] Level 1:colcon.colcon_core.package_identification:_identify(src/ros_ur_driver/src/Universal_Robots_ROS2_Driver) by extension 'cmake'
[3.948s] Level 1:colcon.colcon_core.package_identification:_identify(src/ros_ur_driver/src/Universal_Robots_ROS2_Driver) by extension 'python'
[3.949s] Level 1:colcon.colcon_core.package_identification:_identify(src/ros_ur_driver/src/Universal_Robots_ROS2_Driver) by extensions ['python_setup_py']
[3.949s] Level 1:colcon.colcon_core.package_identification:_identify(src/ros_ur_driver/src/Universal_Robots_ROS2_Driver) by extension 'python_setup_py'
[3.949s] Level 1:colcon.colcon_core.package_identification:_identify(src/ros_ur_driver/src/Universal_Robots_ROS2_Driver/ur_bringup) by extensions ['ignore', 'ignore_ament_install']
[3.949s] Level 1:colcon.colcon_core.package_identification:_identify(src/ros_ur_driver/src/Universal_Robots_ROS2_Driver/ur_bringup) by extension 'ignore'
[3.949s] Level 1:colcon.colcon_core.package_identification:_identify(src/ros_ur_driver/src/Universal_Robots_ROS2_Driver/ur_bringup) by extension 'ignore_ament_install'
[3.949s] Level 1:colcon.colcon_core.package_identification:_identify(src/ros_ur_driver/src/Universal_Robots_ROS2_Driver/ur_bringup) by extensions ['colcon_pkg']
[3.949s] Level 1:colcon.colcon_core.package_identification:_identify(src/ros_ur_driver/src/Universal_Robots_ROS2_Driver/ur_bringup) by extension 'colcon_pkg'
[3.949s] Level 1:colcon.colcon_core.package_identification:_identify(src/ros_ur_driver/src/Universal_Robots_ROS2_Driver/ur_bringup) by extensions ['colcon_meta']
[3.950s] Level 1:colcon.colcon_core.package_identification:_identify(src/ros_ur_driver/src/Universal_Robots_ROS2_Driver/ur_bringup) by extension 'colcon_meta'
[3.950s] Level 1:colcon.colcon_core.package_identification:_identify(src/ros_ur_driver/src/Universal_Robots_ROS2_Driver/ur_bringup) by extensions ['ros']
[3.950s] Level 1:colcon.colcon_core.package_identification:_identify(src/ros_ur_driver/src/Universal_Robots_ROS2_Driver/ur_bringup) by extension 'ros'
[3.951s] DEBUG:colcon.colcon_core.package_identification:Package 'src/ros_ur_driver/src/Universal_Robots_ROS2_Driver/ur_bringup' with type 'ros.ament_cmake' and name 'ur_bringup'
[3.951s] Level 1:colcon.colcon_core.package_identification:_identify(src/ros_ur_driver/src/Universal_Robots_ROS2_Driver/ur_calibration) by extensions ['ignore', 'ignore_ament_install']
[3.951s] Level 1:colcon.colcon_core.package_identification:_identify(src/ros_ur_driver/src/Universal_Robots_ROS2_Driver/ur_calibration) by extension 'ignore'
[3.951s] Level 1:colcon.colcon_core.package_identification:_identify(src/ros_ur_driver/src/Universal_Robots_ROS2_Driver/ur_calibration) by extension 'ignore_ament_install'
[3.951s] Level 1:colcon.colcon_core.package_identification:_identify(src/ros_ur_driver/src/Universal_Robots_ROS2_Driver/ur_calibration) by extensions ['colcon_pkg']
[3.951s] Level 1:colcon.colcon_core.package_identification:_identify(src/ros_ur_driver/src/Universal_Robots_ROS2_Driver/ur_calibration) by extension 'colcon_pkg'
[3.951s] Level 1:colcon.colcon_core.package_identification:_identify(src/ros_ur_driver/src/Universal_Robots_ROS2_Driver/ur_calibration) by extensions ['colcon_meta']
[3.951s] Level 1:colcon.colcon_core.package_identification:_identify(src/ros_ur_driver/src/Universal_Robots_ROS2_Driver/ur_calibration) by extension 'colcon_meta'
[3.951s] Level 1:colcon.colcon_core.package_identification:_identify(src/ros_ur_driver/src/Universal_Robots_ROS2_Driver/ur_calibration) by extensions ['ros']
[3.951s] Level 1:colcon.colcon_core.package_identification:_identify(src/ros_ur_driver/src/Universal_Robots_ROS2_Driver/ur_calibration) by extension 'ros'
[3.952s] DEBUG:colcon.colcon_core.package_identification:Package 'src/ros_ur_driver/src/Universal_Robots_ROS2_Driver/ur_calibration' with type 'ros.ament_cmake' and name 'ur_calibration'
[3.952s] Level 1:colcon.colcon_core.package_identification:_identify(src/ros_ur_driver/src/Universal_Robots_ROS2_Driver/ur_controllers) by extensions ['ignore', 'ignore_ament_install']
[3.952s] Level 1:colcon.colcon_core.package_identification:_identify(src/ros_ur_driver/src/Universal_Robots_ROS2_Driver/ur_controllers) by extension 'ignore'
[3.952s] Level 1:colcon.colcon_core.package_identification:_identify(src/ros_ur_driver/src/Universal_Robots_ROS2_Driver/ur_controllers) by extension 'ignore_ament_install'
[3.952s] Level 1:colcon.colcon_core.package_identification:_identify(src/ros_ur_driver/src/Universal_Robots_ROS2_Driver/ur_controllers) by extensions ['colcon_pkg']
[3.952s] Level 1:colcon.colcon_core.package_identification:_identify(src/ros_ur_driver/src/Universal_Robots_ROS2_Driver/ur_controllers) by extension 'colcon_pkg'
[3.952s] Level 1:colcon.colcon_core.package_identification:_identify(src/ros_ur_driver/src/Universal_Robots_ROS2_Driver/ur_controllers) by extensions ['colcon_meta']
[3.952s] Level 1:colcon.colcon_core.package_identification:_identify(src/ros_ur_driver/src/Universal_Robots_ROS2_Driver/ur_controllers) by extension 'colcon_meta'
[3.952s] Level 1:colcon.colcon_core.package_identification:_identify(src/ros_ur_driver/src/Universal_Robots_ROS2_Driver/ur_controllers) by extensions ['ros']
[3.952s] Level 1:colcon.colcon_core.package_identification:_identify(src/ros_ur_driver/src/Universal_Robots_ROS2_Driver/ur_controllers) by extension 'ros'
[3.954s] DEBUG:colcon.colcon_core.package_identification:Package 'src/ros_ur_driver/src/Universal_Robots_ROS2_Driver/ur_controllers' with type 'ros.ament_cmake' and name 'ur_controllers'
[3.955s] Level 1:colcon.colcon_core.package_identification:_identify(src/ros_ur_driver/src/Universal_Robots_ROS2_Driver/ur_dashboard_msgs) by extensions ['ignore', 'ignore_ament_install']
[3.955s] Level 1:colcon.colcon_core.package_identification:_identify(src/ros_ur_driver/src/Universal_Robots_ROS2_Driver/ur_dashboard_msgs) by extension 'ignore'
[3.955s] Level 1:colcon.colcon_core.package_identification:_identify(src/ros_ur_driver/src/Universal_Robots_ROS2_Driver/ur_dashboard_msgs) by extension 'ignore_ament_install'
[3.955s] Level 1:colcon.colcon_core.package_identification:_identify(src/ros_ur_driver/src/Universal_Robots_ROS2_Driver/ur_dashboard_msgs) by extensions ['colcon_pkg']
[3.955s] Level 1:colcon.colcon_core.package_identification:_identify(src/ros_ur_driver/src/Universal_Robots_ROS2_Driver/ur_dashboard_msgs) by extension 'colcon_pkg'
[3.955s] Level 1:colcon.colcon_core.package_identification:_identify(src/ros_ur_driver/src/Universal_Robots_ROS2_Driver/ur_dashboard_msgs) by extensions ['colcon_meta']
[3.955s] Level 1:colcon.colcon_core.package_identification:_identify(src/ros_ur_driver/src/Universal_Robots_ROS2_Driver/ur_dashboard_msgs) by extension 'colcon_meta'
[3.955s] Level 1:colcon.colcon_core.package_identification:_identify(src/ros_ur_driver/src/Universal_Robots_ROS2_Driver/ur_dashboard_msgs) by extensions ['ros']
[3.955s] Level 1:colcon.colcon_core.package_identification:_identify(src/ros_ur_driver/src/Universal_Robots_ROS2_Driver/ur_dashboard_msgs) by extension 'ros'
[3.956s] DEBUG:colcon.colcon_core.package_identification:Package 'src/ros_ur_driver/src/Universal_Robots_ROS2_Driver/ur_dashboard_msgs' with type 'ros.ament_cmake' and name 'ur_dashboard_msgs'
[3.956s] Level 1:colcon.colcon_core.package_identification:_identify(src/ros_ur_driver/src/Universal_Robots_ROS2_Driver/ur_moveit_config) by extensions ['ignore', 'ignore_ament_install']
[3.956s] Level 1:colcon.colcon_core.package_identification:_identify(src/ros_ur_driver/src/Universal_Robots_ROS2_Driver/ur_moveit_config) by extension 'ignore'
[3.956s] Level 1:colcon.colcon_core.package_identification:_identify(src/ros_ur_driver/src/Universal_Robots_ROS2_Driver/ur_moveit_config) by extension 'ignore_ament_install'
[3.956s] Level 1:colcon.colcon_core.package_identification:_identify(src/ros_ur_driver/src/Universal_Robots_ROS2_Driver/ur_moveit_config) by extensions ['colcon_pkg']
[3.956s] Level 1:colcon.colcon_core.package_identification:_identify(src/ros_ur_driver/src/Universal_Robots_ROS2_Driver/ur_moveit_config) by extension 'colcon_pkg'
[3.956s] Level 1:colcon.colcon_core.package_identification:_identify(src/ros_ur_driver/src/Universal_Robots_ROS2_Driver/ur_moveit_config) by extensions ['colcon_meta']
[3.956s] Level 1:colcon.colcon_core.package_identification:_identify(src/ros_ur_driver/src/Universal_Robots_ROS2_Driver/ur_moveit_config) by extension 'colcon_meta'
[3.956s] Level 1:colcon.colcon_core.package_identification:_identify(src/ros_ur_driver/src/Universal_Robots_ROS2_Driver/ur_moveit_config) by extensions ['ros']
[3.956s] Level 1:colcon.colcon_core.package_identification:_identify(src/ros_ur_driver/src/Universal_Robots_ROS2_Driver/ur_moveit_config) by extension 'ros'
[3.957s] DEBUG:colcon.colcon_core.package_identification:Package 'src/ros_ur_driver/src/Universal_Robots_ROS2_Driver/ur_moveit_config' with type 'ros.ament_cmake' and name 'ur_moveit_config'
[3.957s] Level 1:colcon.colcon_core.package_identification:_identify(src/ros_ur_driver/src/Universal_Robots_ROS2_Driver/ur_robot_driver) by extensions ['ignore', 'ignore_ament_install']
[3.957s] Level 1:colcon.colcon_core.package_identification:_identify(src/ros_ur_driver/src/Universal_Robots_ROS2_Driver/ur_robot_driver) by extension 'ignore'
[3.957s] Level 1:colcon.colcon_core.package_identification:_identify(src/ros_ur_driver/src/Universal_Robots_ROS2_Driver/ur_robot_driver) by extension 'ignore_ament_install'
[3.957s] Level 1:colcon.colcon_core.package_identification:_identify(src/ros_ur_driver/src/Universal_Robots_ROS2_Driver/ur_robot_driver) by extensions ['colcon_pkg']
[3.957s] Level 1:colcon.colcon_core.package_identification:_identify(src/ros_ur_driver/src/Universal_Robots_ROS2_Driver/ur_robot_driver) by extension 'colcon_pkg'
[3.957s] Level 1:colcon.colcon_core.package_identification:_identify(src/ros_ur_driver/src/Universal_Robots_ROS2_Driver/ur_robot_driver) by extensions ['colcon_meta']
[3.957s] Level 1:colcon.colcon_core.package_identification:_identify(src/ros_ur_driver/src/Universal_Robots_ROS2_Driver/ur_robot_driver) by extension 'colcon_meta'
[3.957s] Level 1:colcon.colcon_core.package_identification:_identify(src/ros_ur_driver/src/Universal_Robots_ROS2_Driver/ur_robot_driver) by extensions ['ros']
[3.957s] Level 1:colcon.colcon_core.package_identification:_identify(src/ros_ur_driver/src/Universal_Robots_ROS2_Driver/ur_robot_driver) by extension 'ros'
[3.959s] DEBUG:colcon.colcon_core.package_identification:Package 'src/ros_ur_driver/src/Universal_Robots_ROS2_Driver/ur_robot_driver' with type 'ros.ament_cmake' and name 'ur_robot_driver'
[3.959s] Level 1:colcon.colcon_core.package_discovery:discover_packages(recursive) using defaults
[3.959s] Level 1:colcon.colcon_core.package_discovery:discover_packages(ignore) discover
[3.959s] Level 1:colcon.colcon_core.package_discovery:discover_packages(ignore) using defaults
[3.959s] Level 1:colcon.colcon_core.package_discovery:discover_packages(path) discover
[3.959s] Level 1:colcon.colcon_core.package_discovery:discover_packages(path) using defaults
[4.154s] INFO:colcon.colcon_core.package_selection:Skipping not selected package 'robot_base' in 'src/robot_base'
[4.154s] INFO:colcon.colcon_core.package_selection:Skipping not selected package 'ur_dashboard_msgs' in 'src/ros_ur_driver/src/Universal_Robots_ROS2_Driver/ur_dashboard_msgs'
[4.155s] INFO:colcon.colcon_core.package_selection:Skipping not selected package 'ur_moveit_config' in 'src/ros_ur_driver/src/Universal_Robots_ROS2_Driver/ur_moveit_config'
[4.155s] INFO:colcon.colcon_core.package_selection:Skipping not selected package 'ur_controllers' in 'src/ros_ur_driver/src/Universal_Robots_ROS2_Driver/ur_controllers'
[4.155s] INFO:colcon.colcon_core.package_selection:Skipping not selected package 'ur_bringup' in 'src/ros_ur_driver/src/Universal_Robots_ROS2_Driver/ur_bringup'
[4.155s] INFO:colcon.colcon_core.package_selection:Skipping not selected package 'ur_robot_driver' in 'src/ros_ur_driver/src/Universal_Robots_ROS2_Driver/ur_robot_driver'
[4.155s] INFO:colcon.colcon_core.package_selection:Skipping not selected package 'ur_calibration' in 'src/ros_ur_driver/src/Universal_Robots_ROS2_Driver/ur_calibration'
[4.253s] Level 1:colcon.colcon_core.package_discovery:discover_packages(prefix_path) check parameters
[4.253s] Level 1:colcon.colcon_core.package_discovery:discover_packages(prefix_path) discover
[4.377s] DEBUG:colcon.colcon_installed_package_information.package_discovery:Found 1 installed packages in /home/kkk/total_care_project/install
[4.429s] DEBUG:colcon.colcon_installed_package_information.package_discovery:Found 344 installed packages in /home/kkk/ros2_humble/install
[4.431s] Level 1:colcon.colcon_core.package_discovery:discover_packages(prefix_path) using defaults
[4.596s] Level 5:colcon.colcon_core.verb:set package 'communication_interface' build argument 'cmake_args' from command line to 'None'
[4.596s] Level 5:colcon.colcon_core.verb:set package 'communication_interface' build argument 'cmake_target' from command line to 'None'
[4.596s] Level 5:colcon.colcon_core.verb:set package 'communication_interface' build argument 'cmake_target_skip_unavailable' from command line to 'False'
[4.596s] Level 5:colcon.colcon_core.verb:set package 'communication_interface' build argument 'cmake_clean_cache' from command line to 'False'
[4.596s] Level 5:colcon.colcon_core.verb:set package 'communication_interface' build argument 'cmake_clean_first' from command line to 'False'
[4.596s] Level 5:colcon.colcon_core.verb:set package 'communication_interface' build argument 'cmake_force_configure' from command line to 'False'
[4.596s] Level 5:colcon.colcon_core.verb:set package 'communication_interface' build argument 'ament_cmake_args' from command line to 'None'
[4.596s] Level 5:colcon.colcon_core.verb:set package 'communication_interface' build argument 'catkin_cmake_args' from command line to 'None'
[4.596s] Level 5:colcon.colcon_core.verb:set package 'communication_interface' build argument 'catkin_skip_building_tests' from command line to 'False'
[4.596s] DEBUG:colcon.colcon_core.verb:Building package 'communication_interface' with the following arguments: {'ament_cmake_args': None, 'build_base': '/home/kkk/total_care_project/build/communication_interface', 'catkin_cmake_args': None, 'catkin_skip_building_tests': False, 'cmake_args': None, 'cmake_clean_cache': False, 'cmake_clean_first': False, 'cmake_force_configure': False, 'cmake_target': None, 'cmake_target_skip_unavailable': False, 'install_base': '/home/kkk/total_care_project/install/communication_interface', 'merge_install': False, 'path': '/home/kkk/total_care_project/src/communication_interface', 'symlink_install': True, 'test_result_base': None}
[4.641s] INFO:colcon.colcon_core.executor:Executing jobs using 'parallel' executor
[4.687s] DEBUG:colcon.colcon_parallel_executor.executor.parallel:run_until_complete
[4.687s] INFO:colcon.colcon_ros.task.ament_cmake.build:Building ROS package in '/home/kkk/total_care_project/src/communication_interface' with build type 'ament_cmake'
[4.687s] INFO:colcon.colcon_cmake.task.cmake.build:Building CMake package in '/home/kkk/total_care_project/src/communication_interface'
[4.755s] INFO:colcon.colcon_core.plugin_system:Skipping extension 'colcon_core.shell.bat': Not used on non-Windows systems
[4.755s] INFO:colcon.colcon_core.shell:Skip shell extension 'powershell' for command environment: Not usable outside of PowerShell
[4.755s] DEBUG:colcon.colcon_core.shell:Skip shell extension 'dsv' for command environment
[4.945s] DEBUG:colcon.colcon_core.event_handler.log_command:Invoking command in '/home/kkk/total_care_project/build/communication_interface': CMAKE_PREFIX_PATH=${CMAKE_PREFIX_PATH}:/home/kkk/total_care_project/install/robot_base:/home/kkk/ros2_humble/install/rqt_bag_plugins:/home/kkk/ros2_humble/install/rqt_bag:/home/kkk/ros2_humble/install/ros2bag:/home/kkk/ros2_humble/install/tracetools_test:/home/kkk/ros2_humble/install/tracetools_launch:/home/kkk/ros2_humble/install/topic_monitor:/home/kkk/ros2_humble/install/tf2_tools:/home/kkk/ros2_humble/install/examples_tf2_py:/home/kkk/ros2_humble/install/tf2_ros_py:/home/kkk/ros2_humble/install/sros2:/home/kkk/ros2_humble/install/rqt_topic:/home/kkk/ros2_humble/install/rqt_srv:/home/kkk/ros2_humble/install/rqt_shell:/home/kkk/ros2_humble/install/rqt_service_caller:/home/kkk/ros2_humble/install/rqt_reconfigure:/home/kkk/ros2_humble/install/rqt_py_console:/home/kkk/ros2_humble/install/rqt_publisher:/home/kkk/ros2_humble/install/rqt_plot:/home/kkk/ros2_humble/install/rqt_action:/home/kkk/ros2_humble/install/rqt_msg:/home/kkk/ros2_humble/install/rqt_console:/home/kkk/ros2_humble/install/rqt:/home/kkk/ros2_humble/install/rqt_graph:/home/kkk/ros2_humble/install/rqt_gui_py:/home/kkk/ros2_humble/install/rqt_gui:/home/kkk/ros2_humble/install/ros2trace:/home/kkk/ros2_humble/install/ros2topic:/home/kkk/ros2_humble/install/ros2test:/home/kkk/ros2_humble/install/ros2component:/home/kkk/ros2_humble/install/ros2param:/home/kkk/ros2_humble/install/ros2lifecycle:/home/kkk/ros2_humble/install/ros2service:/home/kkk/ros2_humble/install/ros2run:/home/kkk/ros2_humble/install/ros2launch:/home/kkk/ros2_humble/install/ros2pkg:/home/kkk/ros2_humble/install/ros2node:/home/kkk/ros2_humble/install/ros2multicast:/home/kkk/ros2_humble/install/ros2interface:/home/kkk/ros2_humble/install/ros2doctor:/home/kkk/ros2_humble/install/ros2action:/home/kkk/ros2_humble/install/ros2cli:/home/kkk/ros2_humble/install/quality_of_service_demo_py:/home/kkk/ros2_humble/install/lifecycle_py:/home/kkk/ros2_humble/install/launch_testing_ros:/home/kkk/ros2_humble/install/launch_ros:/home/kkk/ros2_humble/install/examples_rclpy_pointcloud_publisher:/home/kkk/ros2_humble/install/examples_rclpy_minimal_subscriber:/home/kkk/ros2_humble/install/examples_rclpy_minimal_service:/home/kkk/ros2_humble/install/examples_rclpy_minimal_publisher:/home/kkk/ros2_humble/install/examples_rclpy_minimal_client:/home/kkk/ros2_humble/install/examples_rclpy_minimal_action_server:/home/kkk/ros2_humble/install/examples_rclpy_minimal_action_client:/home/kkk/ros2_humble/install/examples_rclpy_guard_conditions:/home/kkk/ros2_humble/install/examples_rclpy_executors:/home/kkk/ros2_humble/install/demo_nodes_py:/home/kkk/ros2_humble/install/action_tutorials_py:/home/kkk/ros2_humble/install/ament_uncrustify:/home/kkk/ros2_humble/install/tracetools_trace:/home/kkk/ros2_humble/install/tracetools_read:/home/kkk/ros2_humble/install/test_tracetools_launch:/home/kkk/ros2_humble/install/test_launch_ros:/home/kkk/ros2_humble/install/sensor_msgs_py:/home/kkk/ros2_humble/install/rpyutils:/home/kkk/ros2_humble/install/rosidl_runtime_py:/home/kkk/ros2_humble/install/rosidl_cli:/home/kkk/ros2_humble/install/launch_pytest:/home/kkk/ros2_humble/install/launch_testing:/home/kkk/ros2_humble/install/launch_yaml:/home/kkk/ros2_humble/install/launch_xml:/home/kkk/ros2_humble/install/launch:/home/kkk/ros2_humble/install/osrf_pycommon:/home/kkk/ros2_humble/install/launch_testing_examples:/home/kkk/ros2_humble/install/domain_coordinator:/home/kkk/ros2_humble/install/ament_xmllint:/home/kkk/ros2_humble/install/ament_pyflakes:/home/kkk/ros2_humble/install/ament_pycodestyle:/home/kkk/ros2_humble/install/ament_pep257:/home/kkk/ros2_humble/install/ament_pclint:/home/kkk/ros2_humble/install/ament_package:/home/kkk/ros2_humble/install/ament_mypy:/home/kkk/ros2_humble/install/ament_lint_cmake:/home/kkk/ros2_humble/install/ament_flake8:/home/kkk/ros2_humble/install/ament_copyright:/home/kkk/ros2_humble/install/ament_lint:/home/kkk/ros2_humble/install/ament_index_python:/home/kkk/ros2_humble/install/ament_cpplint:/home/kkk/ros2_humble/install/ament_cppcheck:/home/kkk/ros2_humble/install/ament_clang_tidy:/home/kkk/ros2_humble/install/ament_clang_format /usr/local/bin/cmake /home/kkk/total_care_project/src/communication_interface -DAMENT_CMAKE_SYMLINK_INSTALL=1 -DCMAKE_INSTALL_PREFIX=/home/kkk/total_care_project/install/communication_interface
[17.981s] DEBUG:colcon.colcon_core.event_handler.log_command:Invoked command in '/home/kkk/total_care_project/build/communication_interface' returned '0': CMAKE_PREFIX_PATH=${CMAKE_PREFIX_PATH}:/home/kkk/total_care_project/install/robot_base:/home/kkk/ros2_humble/install/rqt_bag_plugins:/home/kkk/ros2_humble/install/rqt_bag:/home/kkk/ros2_humble/install/ros2bag:/home/kkk/ros2_humble/install/tracetools_test:/home/kkk/ros2_humble/install/tracetools_launch:/home/kkk/ros2_humble/install/topic_monitor:/home/kkk/ros2_humble/install/tf2_tools:/home/kkk/ros2_humble/install/examples_tf2_py:/home/kkk/ros2_humble/install/tf2_ros_py:/home/kkk/ros2_humble/install/sros2:/home/kkk/ros2_humble/install/rqt_topic:/home/kkk/ros2_humble/install/rqt_srv:/home/kkk/ros2_humble/install/rqt_shell:/home/kkk/ros2_humble/install/rqt_service_caller:/home/kkk/ros2_humble/install/rqt_reconfigure:/home/kkk/ros2_humble/install/rqt_py_console:/home/kkk/ros2_humble/install/rqt_publisher:/home/kkk/ros2_humble/install/rqt_plot:/home/kkk/ros2_humble/install/rqt_action:/home/kkk/ros2_humble/install/rqt_msg:/home/kkk/ros2_humble/install/rqt_console:/home/kkk/ros2_humble/install/rqt:/home/kkk/ros2_humble/install/rqt_graph:/home/kkk/ros2_humble/install/rqt_gui_py:/home/kkk/ros2_humble/install/rqt_gui:/home/kkk/ros2_humble/install/ros2trace:/home/kkk/ros2_humble/install/ros2topic:/home/kkk/ros2_humble/install/ros2test:/home/kkk/ros2_humble/install/ros2component:/home/kkk/ros2_humble/install/ros2param:/home/kkk/ros2_humble/install/ros2lifecycle:/home/kkk/ros2_humble/install/ros2service:/home/kkk/ros2_humble/install/ros2run:/home/kkk/ros2_humble/install/ros2launch:/home/kkk/ros2_humble/install/ros2pkg:/home/kkk/ros2_humble/install/ros2node:/home/kkk/ros2_humble/install/ros2multicast:/home/kkk/ros2_humble/install/ros2interface:/home/kkk/ros2_humble/install/ros2doctor:/home/kkk/ros2_humble/install/ros2action:/home/kkk/ros2_humble/install/ros2cli:/home/kkk/ros2_humble/install/quality_of_service_demo_py:/home/kkk/ros2_humble/install/lifecycle_py:/home/kkk/ros2_humble/install/launch_testing_ros:/home/kkk/ros2_humble/install/launch_ros:/home/kkk/ros2_humble/install/examples_rclpy_pointcloud_publisher:/home/kkk/ros2_humble/install/examples_rclpy_minimal_subscriber:/home/kkk/ros2_humble/install/examples_rclpy_minimal_service:/home/kkk/ros2_humble/install/examples_rclpy_minimal_publisher:/home/kkk/ros2_humble/install/examples_rclpy_minimal_client:/home/kkk/ros2_humble/install/examples_rclpy_minimal_action_server:/home/kkk/ros2_humble/install/examples_rclpy_minimal_action_client:/home/kkk/ros2_humble/install/examples_rclpy_guard_conditions:/home/kkk/ros2_humble/install/examples_rclpy_executors:/home/kkk/ros2_humble/install/demo_nodes_py:/home/kkk/ros2_humble/install/action_tutorials_py:/home/kkk/ros2_humble/install/ament_uncrustify:/home/kkk/ros2_humble/install/tracetools_trace:/home/kkk/ros2_humble/install/tracetools_read:/home/kkk/ros2_humble/install/test_tracetools_launch:/home/kkk/ros2_humble/install/test_launch_ros:/home/kkk/ros2_humble/install/sensor_msgs_py:/home/kkk/ros2_humble/install/rpyutils:/home/kkk/ros2_humble/install/rosidl_runtime_py:/home/kkk/ros2_humble/install/rosidl_cli:/home/kkk/ros2_humble/install/launch_pytest:/home/kkk/ros2_humble/install/launch_testing:/home/kkk/ros2_humble/install/launch_yaml:/home/kkk/ros2_humble/install/launch_xml:/home/kkk/ros2_humble/install/launch:/home/kkk/ros2_humble/install/osrf_pycommon:/home/kkk/ros2_humble/install/launch_testing_examples:/home/kkk/ros2_humble/install/domain_coordinator:/home/kkk/ros2_humble/install/ament_xmllint:/home/kkk/ros2_humble/install/ament_pyflakes:/home/kkk/ros2_humble/install/ament_pycodestyle:/home/kkk/ros2_humble/install/ament_pep257:/home/kkk/ros2_humble/install/ament_pclint:/home/kkk/ros2_humble/install/ament_package:/home/kkk/ros2_humble/install/ament_mypy:/home/kkk/ros2_humble/install/ament_lint_cmake:/home/kkk/ros2_humble/install/ament_flake8:/home/kkk/ros2_humble/install/ament_copyright:/home/kkk/ros2_humble/install/ament_lint:/home/kkk/ros2_humble/install/ament_index_python:/home/kkk/ros2_humble/install/ament_cpplint:/home/kkk/ros2_humble/install/ament_cppcheck:/home/kkk/ros2_humble/install/ament_clang_tidy:/home/kkk/ros2_humble/install/ament_clang_format /usr/local/bin/cmake /home/kkk/total_care_project/src/communication_interface -DAMENT_CMAKE_SYMLINK_INSTALL=1 -DCMAKE_INSTALL_PREFIX=/home/kkk/total_care_project/install/communication_interface
[17.988s] DEBUG:colcon.colcon_core.event_handler.log_command:Invoking command in '/home/kkk/total_care_project/build/communication_interface': CMAKE_PREFIX_PATH=${CMAKE_PREFIX_PATH}:/home/kkk/total_care_project/install/robot_base:/home/kkk/ros2_humble/install/rqt_bag_plugins:/home/kkk/ros2_humble/install/rqt_bag:/home/kkk/ros2_humble/install/ros2bag:/home/kkk/ros2_humble/install/tracetools_test:/home/kkk/ros2_humble/install/tracetools_launch:/home/kkk/ros2_humble/install/topic_monitor:/home/kkk/ros2_humble/install/tf2_tools:/home/kkk/ros2_humble/install/examples_tf2_py:/home/kkk/ros2_humble/install/tf2_ros_py:/home/kkk/ros2_humble/install/sros2:/home/kkk/ros2_humble/install/rqt_topic:/home/kkk/ros2_humble/install/rqt_srv:/home/kkk/ros2_humble/install/rqt_shell:/home/kkk/ros2_humble/install/rqt_service_caller:/home/kkk/ros2_humble/install/rqt_reconfigure:/home/kkk/ros2_humble/install/rqt_py_console:/home/kkk/ros2_humble/install/rqt_publisher:/home/kkk/ros2_humble/install/rqt_plot:/home/kkk/ros2_humble/install/rqt_action:/home/kkk/ros2_humble/install/rqt_msg:/home/kkk/ros2_humble/install/rqt_console:/home/kkk/ros2_humble/install/rqt:/home/kkk/ros2_humble/install/rqt_graph:/home/kkk/ros2_humble/install/rqt_gui_py:/home/kkk/ros2_humble/install/rqt_gui:/home/kkk/ros2_humble/install/ros2trace:/home/kkk/ros2_humble/install/ros2topic:/home/kkk/ros2_humble/install/ros2test:/home/kkk/ros2_humble/install/ros2component:/home/kkk/ros2_humble/install/ros2param:/home/kkk/ros2_humble/install/ros2lifecycle:/home/kkk/ros2_humble/install/ros2service:/home/kkk/ros2_humble/install/ros2run:/home/kkk/ros2_humble/install/ros2launch:/home/kkk/ros2_humble/install/ros2pkg:/home/kkk/ros2_humble/install/ros2node:/home/kkk/ros2_humble/install/ros2multicast:/home/kkk/ros2_humble/install/ros2interface:/home/kkk/ros2_humble/install/ros2doctor:/home/kkk/ros2_humble/install/ros2action:/home/kkk/ros2_humble/install/ros2cli:/home/kkk/ros2_humble/install/quality_of_service_demo_py:/home/kkk/ros2_humble/install/lifecycle_py:/home/kkk/ros2_humble/install/launch_testing_ros:/home/kkk/ros2_humble/install/launch_ros:/home/kkk/ros2_humble/install/examples_rclpy_pointcloud_publisher:/home/kkk/ros2_humble/install/examples_rclpy_minimal_subscriber:/home/kkk/ros2_humble/install/examples_rclpy_minimal_service:/home/kkk/ros2_humble/install/examples_rclpy_minimal_publisher:/home/kkk/ros2_humble/install/examples_rclpy_minimal_client:/home/kkk/ros2_humble/install/examples_rclpy_minimal_action_server:/home/kkk/ros2_humble/install/examples_rclpy_minimal_action_client:/home/kkk/ros2_humble/install/examples_rclpy_guard_conditions:/home/kkk/ros2_humble/install/examples_rclpy_executors:/home/kkk/ros2_humble/install/demo_nodes_py:/home/kkk/ros2_humble/install/action_tutorials_py:/home/kkk/ros2_humble/install/ament_uncrustify:/home/kkk/ros2_humble/install/tracetools_trace:/home/kkk/ros2_humble/install/tracetools_read:/home/kkk/ros2_humble/install/test_tracetools_launch:/home/kkk/ros2_humble/install/test_launch_ros:/home/kkk/ros2_humble/install/sensor_msgs_py:/home/kkk/ros2_humble/install/rpyutils:/home/kkk/ros2_humble/install/rosidl_runtime_py:/home/kkk/ros2_humble/install/rosidl_cli:/home/kkk/ros2_humble/install/launch_pytest:/home/kkk/ros2_humble/install/launch_testing:/home/kkk/ros2_humble/install/launch_yaml:/home/kkk/ros2_humble/install/launch_xml:/home/kkk/ros2_humble/install/launch:/home/kkk/ros2_humble/install/osrf_pycommon:/home/kkk/ros2_humble/install/launch_testing_examples:/home/kkk/ros2_humble/install/domain_coordinator:/home/kkk/ros2_humble/install/ament_xmllint:/home/kkk/ros2_humble/install/ament_pyflakes:/home/kkk/ros2_humble/install/ament_pycodestyle:/home/kkk/ros2_humble/install/ament_pep257:/home/kkk/ros2_humble/install/ament_pclint:/home/kkk/ros2_humble/install/ament_package:/home/kkk/ros2_humble/install/ament_mypy:/home/kkk/ros2_humble/install/ament_lint_cmake:/home/kkk/ros2_humble/install/ament_flake8:/home/kkk/ros2_humble/install/ament_copyright:/home/kkk/ros2_humble/install/ament_lint:/home/kkk/ros2_humble/install/ament_index_python:/home/kkk/ros2_humble/install/ament_cpplint:/home/kkk/ros2_humble/install/ament_cppcheck:/home/kkk/ros2_humble/install/ament_clang_tidy:/home/kkk/ros2_humble/install/ament_clang_format /usr/local/bin/cmake --build /home/kkk/total_care_project/build/communication_interface -- -j8 -l8
[19.522s] DEBUG:colcon.colcon_core.event_handler.log_command:Invoked command in '/home/kkk/total_care_project/build/communication_interface' returned '2': CMAKE_PREFIX_PATH=${CMAKE_PREFIX_PATH}:/home/kkk/total_care_project/install/robot_base:/home/kkk/ros2_humble/install/rqt_bag_plugins:/home/kkk/ros2_humble/install/rqt_bag:/home/kkk/ros2_humble/install/ros2bag:/home/kkk/ros2_humble/install/tracetools_test:/home/kkk/ros2_humble/install/tracetools_launch:/home/kkk/ros2_humble/install/topic_monitor:/home/kkk/ros2_humble/install/tf2_tools:/home/kkk/ros2_humble/install/examples_tf2_py:/home/kkk/ros2_humble/install/tf2_ros_py:/home/kkk/ros2_humble/install/sros2:/home/kkk/ros2_humble/install/rqt_topic:/home/kkk/ros2_humble/install/rqt_srv:/home/kkk/ros2_humble/install/rqt_shell:/home/kkk/ros2_humble/install/rqt_service_caller:/home/kkk/ros2_humble/install/rqt_reconfigure:/home/kkk/ros2_humble/install/rqt_py_console:/home/kkk/ros2_humble/install/rqt_publisher:/home/kkk/ros2_humble/install/rqt_plot:/home/kkk/ros2_humble/install/rqt_action:/home/kkk/ros2_humble/install/rqt_msg:/home/kkk/ros2_humble/install/rqt_console:/home/kkk/ros2_humble/install/rqt:/home/kkk/ros2_humble/install/rqt_graph:/home/kkk/ros2_humble/install/rqt_gui_py:/home/kkk/ros2_humble/install/rqt_gui:/home/kkk/ros2_humble/install/ros2trace:/home/kkk/ros2_humble/install/ros2topic:/home/kkk/ros2_humble/install/ros2test:/home/kkk/ros2_humble/install/ros2component:/home/kkk/ros2_humble/install/ros2param:/home/kkk/ros2_humble/install/ros2lifecycle:/home/kkk/ros2_humble/install/ros2service:/home/kkk/ros2_humble/install/ros2run:/home/kkk/ros2_humble/install/ros2launch:/home/kkk/ros2_humble/install/ros2pkg:/home/kkk/ros2_humble/install/ros2node:/home/kkk/ros2_humble/install/ros2multicast:/home/kkk/ros2_humble/install/ros2interface:/home/kkk/ros2_humble/install/ros2doctor:/home/kkk/ros2_humble/install/ros2action:/home/kkk/ros2_humble/install/ros2cli:/home/kkk/ros2_humble/install/quality_of_service_demo_py:/home/kkk/ros2_humble/install/lifecycle_py:/home/kkk/ros2_humble/install/launch_testing_ros:/home/kkk/ros2_humble/install/launch_ros:/home/kkk/ros2_humble/install/examples_rclpy_pointcloud_publisher:/home/kkk/ros2_humble/install/examples_rclpy_minimal_subscriber:/home/kkk/ros2_humble/install/examples_rclpy_minimal_service:/home/kkk/ros2_humble/install/examples_rclpy_minimal_publisher:/home/kkk/ros2_humble/install/examples_rclpy_minimal_client:/home/kkk/ros2_humble/install/examples_rclpy_minimal_action_server:/home/kkk/ros2_humble/install/examples_rclpy_minimal_action_client:/home/kkk/ros2_humble/install/examples_rclpy_guard_conditions:/home/kkk/ros2_humble/install/examples_rclpy_executors:/home/kkk/ros2_humble/install/demo_nodes_py:/home/kkk/ros2_humble/install/action_tutorials_py:/home/kkk/ros2_humble/install/ament_uncrustify:/home/kkk/ros2_humble/install/tracetools_trace:/home/kkk/ros2_humble/install/tracetools_read:/home/kkk/ros2_humble/install/test_tracetools_launch:/home/kkk/ros2_humble/install/test_launch_ros:/home/kkk/ros2_humble/install/sensor_msgs_py:/home/kkk/ros2_humble/install/rpyutils:/home/kkk/ros2_humble/install/rosidl_runtime_py:/home/kkk/ros2_humble/install/rosidl_cli:/home/kkk/ros2_humble/install/launch_pytest:/home/kkk/ros2_humble/install/launch_testing:/home/kkk/ros2_humble/install/launch_yaml:/home/kkk/ros2_humble/install/launch_xml:/home/kkk/ros2_humble/install/launch:/home/kkk/ros2_humble/install/osrf_pycommon:/home/kkk/ros2_humble/install/launch_testing_examples:/home/kkk/ros2_humble/install/domain_coordinator:/home/kkk/ros2_humble/install/ament_xmllint:/home/kkk/ros2_humble/install/ament_pyflakes:/home/kkk/ros2_humble/install/ament_pycodestyle:/home/kkk/ros2_humble/install/ament_pep257:/home/kkk/ros2_humble/install/ament_pclint:/home/kkk/ros2_humble/install/ament_package:/home/kkk/ros2_humble/install/ament_mypy:/home/kkk/ros2_humble/install/ament_lint_cmake:/home/kkk/ros2_humble/install/ament_flake8:/home/kkk/ros2_humble/install/ament_copyright:/home/kkk/ros2_humble/install/ament_lint:/home/kkk/ros2_humble/install/ament_index_python:/home/kkk/ros2_humble/install/ament_cpplint:/home/kkk/ros2_humble/install/ament_cppcheck:/home/kkk/ros2_humble/install/ament_clang_tidy:/home/kkk/ros2_humble/install/ament_clang_format /usr/local/bin/cmake --build /home/kkk/total_care_project/build/communication_interface -- -j8 -l8
[19.780s] Level 1:colcon.colcon_core.environment:create_environment_scripts_only(communication_interface)
[19.850s] Level 1:colcon.colcon_core.environment:checking '/home/kkk/total_care_project/install/communication_interface' for CMake module files
[19.850s] Level 1:colcon.colcon_core.environment:checking '/home/kkk/total_care_project/install/communication_interface' for CMake config files
[19.851s] Level 1:colcon.colcon_core.environment:checking '/home/kkk/total_care_project/install/communication_interface/bin'
[19.851s] Level 1:colcon.colcon_core.environment:checking '/home/kkk/total_care_project/install/communication_interface/lib/pkgconfig/communication_interface.pc'
[19.853s] Level 1:colcon.colcon_core.environment:checking '/home/kkk/total_care_project/install/communication_interface/lib/python3.8/site-packages'
[19.853s] Level 1:colcon.colcon_core.environment:checking '/home/kkk/total_care_project/install/communication_interface/bin'
[19.900s] INFO:colcon.colcon_core.shell:Creating package script '/home/kkk/total_care_project/install/communication_interface/share/communication_interface/package.ps1'
[19.901s] INFO:colcon.colcon_core.shell:Creating package descriptor '/home/kkk/total_care_project/install/communication_interface/share/communication_interface/package.dsv'
[19.901s] INFO:colcon.colcon_core.shell:Creating package script '/home/kkk/total_care_project/install/communication_interface/share/communication_interface/package.sh'
[19.902s] INFO:colcon.colcon_core.shell:Creating package script '/home/kkk/total_care_project/install/communication_interface/share/communication_interface/package.bash'
[19.903s] INFO:colcon.colcon_core.shell:Creating package script '/home/kkk/total_care_project/install/communication_interface/share/communication_interface/package.zsh'
[19.904s] Level 1:colcon.colcon_core.environment:create_file_with_runtime_dependencies(/home/kkk/total_care_project/install/communication_interface/share/colcon-core/packages/communication_interface)
[19.914s] DEBUG:colcon.colcon_parallel_executor.executor.parallel:closing loop
[19.915s] DEBUG:colcon.colcon_parallel_executor.executor.parallel:loop closed
[19.915s] DEBUG:colcon.colcon_parallel_executor.executor.parallel:run_until_complete finished with '2'
[19.915s] DEBUG:colcon.colcon_core.event_reactor:joining thread
[19.983s] INFO:colcon.colcon_core.plugin_system:Skipping extension 'colcon_notification.desktop_notification.terminal_notifier': Not used on non-Darwin systems
[19.983s] INFO:colcon.colcon_core.plugin_system:Skipping extension 'colcon_notification.desktop_notification.win32': Not used on non-Windows systems
[19.983s] INFO:colcon.colcon_notification.desktop_notification:Sending desktop notification using 'notify2'
[20.008s] DEBUG:colcon.colcon_core.event_reactor:joined thread
[20.062s] INFO:colcon.colcon_core.shell:Creating prefix script '/home/kkk/total_care_project/install/local_setup.ps1'
[20.063s] INFO:colcon.colcon_core.shell:Creating prefix util module '/home/kkk/total_care_project/install/_local_setup_util_ps1.py'
[20.065s] INFO:colcon.colcon_core.shell:Creating prefix chain script '/home/kkk/total_care_project/install/setup.ps1'
[20.120s] INFO:colcon.colcon_core.shell:Creating prefix script '/home/kkk/total_care_project/install/local_setup.sh'
[20.121s] INFO:colcon.colcon_core.shell:Creating prefix util module '/home/kkk/total_care_project/install/_local_setup_util_sh.py'
[20.121s] INFO:colcon.colcon_core.shell:Creating prefix chain script '/home/kkk/total_care_project/install/setup.sh'
[20.178s] INFO:colcon.colcon_core.shell:Creating prefix script '/home/kkk/total_care_project/install/local_setup.bash'
[20.178s] INFO:colcon.colcon_core.shell:Creating prefix chain script '/home/kkk/total_care_project/install/setup.bash'
[20.234s] INFO:colcon.colcon_core.shell:Creating prefix script '/home/kkk/total_care_project/install/local_setup.zsh'
[20.234s] INFO:colcon.colcon_core.shell:Creating prefix chain script '/home/kkk/total_care_project/install/setup.zsh'
