[3.657s] DEBUG:colcon:Command line arguments: ['/usr/bin/colcon', 'build', '--symlink-install', '--packages-select', 'web_controller']
[3.657s] DEBUG:colcon:Parsed command line arguments: Namespace(allow_overriding=[], ament_cmake_args=None, base_paths=['.'], build_base='build', catkin_cmake_args=None, catkin_skip_building_tests=False, cmake_args=None, cmake_clean_cache=False, cmake_clean_first=False, cmake_force_configure=False, cmake_target=None, cmake_target_skip_unavailable=False, continue_on_error=False, event_handlers=None, executor='parallel', ignore_user_meta=False, install_base='install', log_base=None, log_level=None, main=<bound method BuildVerb.main of <colcon_core.verb.build.BuildVerb object at 0x7f5f3b4d3eb0>>, merge_install=False, metas=['./colcon.meta'], mixin=None, mixin_files=None, mixin_verb=('build',), packages_above=None, packages_above_and_dependencies=None, packages_above_depth=None, packages_end=None, packages_ignore=None, packages_ignore_regex=None, packages_select=['web_controller'], packages_select_build_failed=False, packages_select_by_dep=None, packages_select_regex=None, packages_select_test_failures=False, packages_skip=None, packages_skip_build_finished=False, packages_skip_by_dep=None, packages_skip_regex=None, packages_skip_test_passed=False, packages_skip_up_to=None, packages_start=None, packages_up_to=None, packages_up_to_regex=None, parallel_workers=8, paths=None, symlink_install=True, test_result_base=None, verb_extension=<colcon_core.verb.build.BuildVerb object at 0x7f5f3b4d3eb0>, verb_name='build', verb_parser=<colcon_mixin.mixin.mixin_argument.MixinArgumentDecorator object at 0x7f5f3b3e6880>)
[3.783s] Level 1:colcon.colcon_core.package_discovery:discover_packages(colcon_meta) check parameters
[3.783s] Level 1:colcon.colcon_core.package_discovery:discover_packages(recursive) check parameters
[3.783s] Level 1:colcon.colcon_core.package_discovery:discover_packages(ignore) check parameters
[3.783s] Level 1:colcon.colcon_core.package_discovery:discover_packages(path) check parameters
[3.783s] Level 1:colcon.colcon_core.package_discovery:discover_packages(colcon_meta) discover
[3.783s] Level 1:colcon.colcon_core.package_discovery:discover_packages(recursive) discover
[3.783s] INFO:colcon.colcon_core.package_discovery:Crawling recursively for packages in '/home/kkk/total_care_project'
[3.783s] Level 1:colcon.colcon_core.package_identification:_identify(.) by extensions ['ignore', 'ignore_ament_install']
[3.783s] Level 1:colcon.colcon_core.package_identification:_identify(.) by extension 'ignore'
[3.783s] Level 1:colcon.colcon_core.package_identification:_identify(.) by extension 'ignore_ament_install'
[3.783s] Level 1:colcon.colcon_core.package_identification:_identify(.) by extensions ['colcon_pkg']
[3.783s] Level 1:colcon.colcon_core.package_identification:_identify(.) by extension 'colcon_pkg'
[3.783s] Level 1:colcon.colcon_core.package_identification:_identify(.) by extensions ['colcon_meta']
[3.783s] Level 1:colcon.colcon_core.package_identification:_identify(.) by extension 'colcon_meta'
[3.783s] Level 1:colcon.colcon_core.package_identification:_identify(.) by extensions ['ros']
[3.784s] Level 1:colcon.colcon_core.package_identification:_identify(.) by extension 'ros'
[3.794s] Level 1:colcon.colcon_core.package_identification:_identify(.) by extensions ['cmake', 'python']
[3.795s] Level 1:colcon.colcon_core.package_identification:_identify(.) by extension 'cmake'
[3.795s] Level 1:colcon.colcon_core.package_identification:_identify(.) by extension 'python'
[3.795s] Level 1:colcon.colcon_core.package_identification:_identify(.) by extensions ['python_setup_py']
[3.795s] Level 1:colcon.colcon_core.package_identification:_identify(.) by extension 'python_setup_py'
[3.795s] Level 1:colcon.colcon_core.package_identification:_identify(build) by extensions ['ignore', 'ignore_ament_install']
[3.795s] Level 1:colcon.colcon_core.package_identification:_identify(build) by extension 'ignore'
[3.795s] Level 1:colcon.colcon_core.package_identification:_identify(build) ignored
[3.795s] Level 1:colcon.colcon_core.package_identification:_identify(install) by extensions ['ignore', 'ignore_ament_install']
[3.795s] Level 1:colcon.colcon_core.package_identification:_identify(install) by extension 'ignore'
[3.795s] Level 1:colcon.colcon_core.package_identification:_identify(install) ignored
[3.795s] Level 1:colcon.colcon_core.package_identification:_identify(log) by extensions ['ignore', 'ignore_ament_install']
[3.795s] Level 1:colcon.colcon_core.package_identification:_identify(log) by extension 'ignore'
[3.795s] Level 1:colcon.colcon_core.package_identification:_identify(log) ignored
[3.795s] Level 1:colcon.colcon_core.package_identification:_identify(src) by extensions ['ignore', 'ignore_ament_install']
[3.795s] Level 1:colcon.colcon_core.package_identification:_identify(src) by extension 'ignore'
[3.796s] Level 1:colcon.colcon_core.package_identification:_identify(src) by extension 'ignore_ament_install'
[3.796s] Level 1:colcon.colcon_core.package_identification:_identify(src) by extensions ['colcon_pkg']
[3.796s] Level 1:colcon.colcon_core.package_identification:_identify(src) by extension 'colcon_pkg'
[3.796s] Level 1:colcon.colcon_core.package_identification:_identify(src) by extensions ['colcon_meta']
[3.796s] Level 1:colcon.colcon_core.package_identification:_identify(src) by extension 'colcon_meta'
[3.796s] Level 1:colcon.colcon_core.package_identification:_identify(src) by extensions ['ros']
[3.796s] Level 1:colcon.colcon_core.package_identification:_identify(src) by extension 'ros'
[3.796s] Level 1:colcon.colcon_core.package_identification:_identify(src) by extensions ['cmake', 'python']
[3.796s] Level 1:colcon.colcon_core.package_identification:_identify(src) by extension 'cmake'
[3.796s] Level 1:colcon.colcon_core.package_identification:_identify(src) by extension 'python'
[3.796s] Level 1:colcon.colcon_core.package_identification:_identify(src) by extensions ['python_setup_py']
[3.796s] Level 1:colcon.colcon_core.package_identification:_identify(src) by extension 'python_setup_py'
[3.796s] Level 1:colcon.colcon_core.package_identification:_identify(src/communication_interface) by extensions ['ignore', 'ignore_ament_install']
[3.796s] Level 1:colcon.colcon_core.package_identification:_identify(src/communication_interface) by extension 'ignore'
[3.796s] Level 1:colcon.colcon_core.package_identification:_identify(src/communication_interface) by extension 'ignore_ament_install'
[3.796s] Level 1:colcon.colcon_core.package_identification:_identify(src/communication_interface) by extensions ['colcon_pkg']
[3.796s] Level 1:colcon.colcon_core.package_identification:_identify(src/communication_interface) by extension 'colcon_pkg'
[3.796s] Level 1:colcon.colcon_core.package_identification:_identify(src/communication_interface) by extensions ['colcon_meta']
[3.796s] Level 1:colcon.colcon_core.package_identification:_identify(src/communication_interface) by extension 'colcon_meta'
[3.796s] Level 1:colcon.colcon_core.package_identification:_identify(src/communication_interface) by extensions ['ros']
[3.796s] Level 1:colcon.colcon_core.package_identification:_identify(src/communication_interface) by extension 'ros'
[3.798s] DEBUG:colcon.colcon_core.package_identification:Package 'src/communication_interface' with type 'ros.ament_cmake' and name 'communication_interface'
[3.799s] Level 1:colcon.colcon_core.package_identification:_identify(src/robot_base) by extensions ['ignore', 'ignore_ament_install']
[3.799s] Level 1:colcon.colcon_core.package_identification:_identify(src/robot_base) by extension 'ignore'
[3.799s] Level 1:colcon.colcon_core.package_identification:_identify(src/robot_base) by extension 'ignore_ament_install'
[3.799s] Level 1:colcon.colcon_core.package_identification:_identify(src/robot_base) by extensions ['colcon_pkg']
[3.799s] Level 1:colcon.colcon_core.package_identification:_identify(src/robot_base) by extension 'colcon_pkg'
[3.799s] Level 1:colcon.colcon_core.package_identification:_identify(src/robot_base) by extensions ['colcon_meta']
[3.799s] Level 1:colcon.colcon_core.package_identification:_identify(src/robot_base) by extension 'colcon_meta'
[3.799s] Level 1:colcon.colcon_core.package_identification:_identify(src/robot_base) by extensions ['ros']
[3.799s] Level 1:colcon.colcon_core.package_identification:_identify(src/robot_base) by extension 'ros'
[3.800s] DEBUG:colcon.colcon_core.package_identification:Package 'src/robot_base' with type 'ros.ament_python' and name 'robot_base'
[3.800s] Level 1:colcon.colcon_core.package_identification:_identify(src/ros_ur_driver) by extensions ['ignore', 'ignore_ament_install']
[3.800s] Level 1:colcon.colcon_core.package_identification:_identify(src/ros_ur_driver) by extension 'ignore'
[3.800s] Level 1:colcon.colcon_core.package_identification:_identify(src/ros_ur_driver) by extension 'ignore_ament_install'
[3.800s] Level 1:colcon.colcon_core.package_identification:_identify(src/ros_ur_driver) by extensions ['colcon_pkg']
[3.800s] Level 1:colcon.colcon_core.package_identification:_identify(src/ros_ur_driver) by extension 'colcon_pkg'
[3.800s] Level 1:colcon.colcon_core.package_identification:_identify(src/ros_ur_driver) by extensions ['colcon_meta']
[3.800s] Level 1:colcon.colcon_core.package_identification:_identify(src/ros_ur_driver) by extension 'colcon_meta'
[3.800s] Level 1:colcon.colcon_core.package_identification:_identify(src/ros_ur_driver) by extensions ['ros']
[3.800s] Level 1:colcon.colcon_core.package_identification:_identify(src/ros_ur_driver) by extension 'ros'
[3.800s] Level 1:colcon.colcon_core.package_identification:_identify(src/ros_ur_driver) by extensions ['cmake', 'python']
[3.800s] Level 1:colcon.colcon_core.package_identification:_identify(src/ros_ur_driver) by extension 'cmake'
[3.800s] Level 1:colcon.colcon_core.package_identification:_identify(src/ros_ur_driver) by extension 'python'
[3.800s] Level 1:colcon.colcon_core.package_identification:_identify(src/ros_ur_driver) by extensions ['python_setup_py']
[3.800s] Level 1:colcon.colcon_core.package_identification:_identify(src/ros_ur_driver) by extension 'python_setup_py'
[3.800s] Level 1:colcon.colcon_core.package_identification:_identify(src/ros_ur_driver/build) by extensions ['ignore', 'ignore_ament_install']
[3.800s] Level 1:colcon.colcon_core.package_identification:_identify(src/ros_ur_driver/build) by extension 'ignore'
[3.800s] Level 1:colcon.colcon_core.package_identification:_identify(src/ros_ur_driver/build) ignored
[3.801s] Level 1:colcon.colcon_core.package_identification:_identify(src/ros_ur_driver/install) by extensions ['ignore', 'ignore_ament_install']
[3.801s] Level 1:colcon.colcon_core.package_identification:_identify(src/ros_ur_driver/install) by extension 'ignore'
[3.801s] Level 1:colcon.colcon_core.package_identification:_identify(src/ros_ur_driver/install) ignored
[3.801s] Level 1:colcon.colcon_core.package_identification:_identify(src/ros_ur_driver/log) by extensions ['ignore', 'ignore_ament_install']
[3.801s] Level 1:colcon.colcon_core.package_identification:_identify(src/ros_ur_driver/log) by extension 'ignore'
[3.801s] Level 1:colcon.colcon_core.package_identification:_identify(src/ros_ur_driver/log) ignored
[3.801s] Level 1:colcon.colcon_core.package_identification:_identify(src/ros_ur_driver/src) by extensions ['ignore', 'ignore_ament_install']
[3.801s] Level 1:colcon.colcon_core.package_identification:_identify(src/ros_ur_driver/src) by extension 'ignore'
[3.801s] Level 1:colcon.colcon_core.package_identification:_identify(src/ros_ur_driver/src) by extension 'ignore_ament_install'
[3.801s] Level 1:colcon.colcon_core.package_identification:_identify(src/ros_ur_driver/src) by extensions ['colcon_pkg']
[3.801s] Level 1:colcon.colcon_core.package_identification:_identify(src/ros_ur_driver/src) by extension 'colcon_pkg'
[3.801s] Level 1:colcon.colcon_core.package_identification:_identify(src/ros_ur_driver/src) by extensions ['colcon_meta']
[3.801s] Level 1:colcon.colcon_core.package_identification:_identify(src/ros_ur_driver/src) by extension 'colcon_meta'
[3.801s] Level 1:colcon.colcon_core.package_identification:_identify(src/ros_ur_driver/src) by extensions ['ros']
[3.801s] Level 1:colcon.colcon_core.package_identification:_identify(src/ros_ur_driver/src) by extension 'ros'
[3.801s] Level 1:colcon.colcon_core.package_identification:_identify(src/ros_ur_driver/src) by extensions ['cmake', 'python']
[3.801s] Level 1:colcon.colcon_core.package_identification:_identify(src/ros_ur_driver/src) by extension 'cmake'
[3.801s] Level 1:colcon.colcon_core.package_identification:_identify(src/ros_ur_driver/src) by extension 'python'
[3.801s] Level 1:colcon.colcon_core.package_identification:_identify(src/ros_ur_driver/src) by extensions ['python_setup_py']
[3.802s] Level 1:colcon.colcon_core.package_identification:_identify(src/ros_ur_driver/src) by extension 'python_setup_py'
[3.802s] Level 1:colcon.colcon_core.package_identification:_identify(src/ros_ur_driver/src/Universal_Robots_ROS2_Driver) by extensions ['ignore', 'ignore_ament_install']
[3.802s] Level 1:colcon.colcon_core.package_identification:_identify(src/ros_ur_driver/src/Universal_Robots_ROS2_Driver) by extension 'ignore'
[3.802s] Level 1:colcon.colcon_core.package_identification:_identify(src/ros_ur_driver/src/Universal_Robots_ROS2_Driver) by extension 'ignore_ament_install'
[3.802s] Level 1:colcon.colcon_core.package_identification:_identify(src/ros_ur_driver/src/Universal_Robots_ROS2_Driver) by extensions ['colcon_pkg']
[3.802s] Level 1:colcon.colcon_core.package_identification:_identify(src/ros_ur_driver/src/Universal_Robots_ROS2_Driver) by extension 'colcon_pkg'
[3.802s] Level 1:colcon.colcon_core.package_identification:_identify(src/ros_ur_driver/src/Universal_Robots_ROS2_Driver) by extensions ['colcon_meta']
[3.802s] Level 1:colcon.colcon_core.package_identification:_identify(src/ros_ur_driver/src/Universal_Robots_ROS2_Driver) by extension 'colcon_meta'
[3.802s] Level 1:colcon.colcon_core.package_identification:_identify(src/ros_ur_driver/src/Universal_Robots_ROS2_Driver) by extensions ['ros']
[3.802s] Level 1:colcon.colcon_core.package_identification:_identify(src/ros_ur_driver/src/Universal_Robots_ROS2_Driver) by extension 'ros'
[3.802s] Level 1:colcon.colcon_core.package_identification:_identify(src/ros_ur_driver/src/Universal_Robots_ROS2_Driver) by extensions ['cmake', 'python']
[3.802s] Level 1:colcon.colcon_core.package_identification:_identify(src/ros_ur_driver/src/Universal_Robots_ROS2_Driver) by extension 'cmake'
[3.802s] Level 1:colcon.colcon_core.package_identification:_identify(src/ros_ur_driver/src/Universal_Robots_ROS2_Driver) by extension 'python'
[3.802s] Level 1:colcon.colcon_core.package_identification:_identify(src/ros_ur_driver/src/Universal_Robots_ROS2_Driver) by extensions ['python_setup_py']
[3.802s] Level 1:colcon.colcon_core.package_identification:_identify(src/ros_ur_driver/src/Universal_Robots_ROS2_Driver) by extension 'python_setup_py'
[3.802s] Level 1:colcon.colcon_core.package_identification:_identify(src/ros_ur_driver/src/Universal_Robots_ROS2_Driver/ur_bringup) by extensions ['ignore', 'ignore_ament_install']
[3.802s] Level 1:colcon.colcon_core.package_identification:_identify(src/ros_ur_driver/src/Universal_Robots_ROS2_Driver/ur_bringup) by extension 'ignore'
[3.802s] Level 1:colcon.colcon_core.package_identification:_identify(src/ros_ur_driver/src/Universal_Robots_ROS2_Driver/ur_bringup) by extension 'ignore_ament_install'
[3.802s] Level 1:colcon.colcon_core.package_identification:_identify(src/ros_ur_driver/src/Universal_Robots_ROS2_Driver/ur_bringup) by extensions ['colcon_pkg']
[3.802s] Level 1:colcon.colcon_core.package_identification:_identify(src/ros_ur_driver/src/Universal_Robots_ROS2_Driver/ur_bringup) by extension 'colcon_pkg'
[3.802s] Level 1:colcon.colcon_core.package_identification:_identify(src/ros_ur_driver/src/Universal_Robots_ROS2_Driver/ur_bringup) by extensions ['colcon_meta']
[3.803s] Level 1:colcon.colcon_core.package_identification:_identify(src/ros_ur_driver/src/Universal_Robots_ROS2_Driver/ur_bringup) by extension 'colcon_meta'
[3.803s] Level 1:colcon.colcon_core.package_identification:_identify(src/ros_ur_driver/src/Universal_Robots_ROS2_Driver/ur_bringup) by extensions ['ros']
[3.803s] Level 1:colcon.colcon_core.package_identification:_identify(src/ros_ur_driver/src/Universal_Robots_ROS2_Driver/ur_bringup) by extension 'ros'
[3.803s] DEBUG:colcon.colcon_core.package_identification:Package 'src/ros_ur_driver/src/Universal_Robots_ROS2_Driver/ur_bringup' with type 'ros.ament_cmake' and name 'ur_bringup'
[3.803s] Level 1:colcon.colcon_core.package_identification:_identify(src/ros_ur_driver/src/Universal_Robots_ROS2_Driver/ur_calibration) by extensions ['ignore', 'ignore_ament_install']
[3.804s] Level 1:colcon.colcon_core.package_identification:_identify(src/ros_ur_driver/src/Universal_Robots_ROS2_Driver/ur_calibration) by extension 'ignore'
[3.804s] Level 1:colcon.colcon_core.package_identification:_identify(src/ros_ur_driver/src/Universal_Robots_ROS2_Driver/ur_calibration) by extension 'ignore_ament_install'
[3.804s] Level 1:colcon.colcon_core.package_identification:_identify(src/ros_ur_driver/src/Universal_Robots_ROS2_Driver/ur_calibration) by extensions ['colcon_pkg']
[3.804s] Level 1:colcon.colcon_core.package_identification:_identify(src/ros_ur_driver/src/Universal_Robots_ROS2_Driver/ur_calibration) by extension 'colcon_pkg'
[3.804s] Level 1:colcon.colcon_core.package_identification:_identify(src/ros_ur_driver/src/Universal_Robots_ROS2_Driver/ur_calibration) by extensions ['colcon_meta']
[3.804s] Level 1:colcon.colcon_core.package_identification:_identify(src/ros_ur_driver/src/Universal_Robots_ROS2_Driver/ur_calibration) by extension 'colcon_meta'
[3.804s] Level 1:colcon.colcon_core.package_identification:_identify(src/ros_ur_driver/src/Universal_Robots_ROS2_Driver/ur_calibration) by extensions ['ros']
[3.804s] Level 1:colcon.colcon_core.package_identification:_identify(src/ros_ur_driver/src/Universal_Robots_ROS2_Driver/ur_calibration) by extension 'ros'
[3.804s] DEBUG:colcon.colcon_core.package_identification:Package 'src/ros_ur_driver/src/Universal_Robots_ROS2_Driver/ur_calibration' with type 'ros.ament_cmake' and name 'ur_calibration'
[3.805s] Level 1:colcon.colcon_core.package_identification:_identify(src/ros_ur_driver/src/Universal_Robots_ROS2_Driver/ur_controllers) by extensions ['ignore', 'ignore_ament_install']
[3.805s] Level 1:colcon.colcon_core.package_identification:_identify(src/ros_ur_driver/src/Universal_Robots_ROS2_Driver/ur_controllers) by extension 'ignore'
[3.805s] Level 1:colcon.colcon_core.package_identification:_identify(src/ros_ur_driver/src/Universal_Robots_ROS2_Driver/ur_controllers) by extension 'ignore_ament_install'
[3.805s] Level 1:colcon.colcon_core.package_identification:_identify(src/ros_ur_driver/src/Universal_Robots_ROS2_Driver/ur_controllers) by extensions ['colcon_pkg']
[3.805s] Level 1:colcon.colcon_core.package_identification:_identify(src/ros_ur_driver/src/Universal_Robots_ROS2_Driver/ur_controllers) by extension 'colcon_pkg'
[3.805s] Level 1:colcon.colcon_core.package_identification:_identify(src/ros_ur_driver/src/Universal_Robots_ROS2_Driver/ur_controllers) by extensions ['colcon_meta']
[3.805s] Level 1:colcon.colcon_core.package_identification:_identify(src/ros_ur_driver/src/Universal_Robots_ROS2_Driver/ur_controllers) by extension 'colcon_meta'
[3.805s] Level 1:colcon.colcon_core.package_identification:_identify(src/ros_ur_driver/src/Universal_Robots_ROS2_Driver/ur_controllers) by extensions ['ros']
[3.805s] Level 1:colcon.colcon_core.package_identification:_identify(src/ros_ur_driver/src/Universal_Robots_ROS2_Driver/ur_controllers) by extension 'ros'
[3.807s] DEBUG:colcon.colcon_core.package_identification:Package 'src/ros_ur_driver/src/Universal_Robots_ROS2_Driver/ur_controllers' with type 'ros.ament_cmake' and name 'ur_controllers'
[3.807s] Level 1:colcon.colcon_core.package_identification:_identify(src/ros_ur_driver/src/Universal_Robots_ROS2_Driver/ur_dashboard_msgs) by extensions ['ignore', 'ignore_ament_install']
[3.807s] Level 1:colcon.colcon_core.package_identification:_identify(src/ros_ur_driver/src/Universal_Robots_ROS2_Driver/ur_dashboard_msgs) by extension 'ignore'
[3.807s] Level 1:colcon.colcon_core.package_identification:_identify(src/ros_ur_driver/src/Universal_Robots_ROS2_Driver/ur_dashboard_msgs) by extension 'ignore_ament_install'
[3.807s] Level 1:colcon.colcon_core.package_identification:_identify(src/ros_ur_driver/src/Universal_Robots_ROS2_Driver/ur_dashboard_msgs) by extensions ['colcon_pkg']
[3.807s] Level 1:colcon.colcon_core.package_identification:_identify(src/ros_ur_driver/src/Universal_Robots_ROS2_Driver/ur_dashboard_msgs) by extension 'colcon_pkg'
[3.807s] Level 1:colcon.colcon_core.package_identification:_identify(src/ros_ur_driver/src/Universal_Robots_ROS2_Driver/ur_dashboard_msgs) by extensions ['colcon_meta']
[3.807s] Level 1:colcon.colcon_core.package_identification:_identify(src/ros_ur_driver/src/Universal_Robots_ROS2_Driver/ur_dashboard_msgs) by extension 'colcon_meta'
[3.807s] Level 1:colcon.colcon_core.package_identification:_identify(src/ros_ur_driver/src/Universal_Robots_ROS2_Driver/ur_dashboard_msgs) by extensions ['ros']
[3.807s] Level 1:colcon.colcon_core.package_identification:_identify(src/ros_ur_driver/src/Universal_Robots_ROS2_Driver/ur_dashboard_msgs) by extension 'ros'
[3.808s] DEBUG:colcon.colcon_core.package_identification:Package 'src/ros_ur_driver/src/Universal_Robots_ROS2_Driver/ur_dashboard_msgs' with type 'ros.ament_cmake' and name 'ur_dashboard_msgs'
[3.808s] Level 1:colcon.colcon_core.package_identification:_identify(src/ros_ur_driver/src/Universal_Robots_ROS2_Driver/ur_moveit_config) by extensions ['ignore', 'ignore_ament_install']
[3.808s] Level 1:colcon.colcon_core.package_identification:_identify(src/ros_ur_driver/src/Universal_Robots_ROS2_Driver/ur_moveit_config) by extension 'ignore'
[3.808s] Level 1:colcon.colcon_core.package_identification:_identify(src/ros_ur_driver/src/Universal_Robots_ROS2_Driver/ur_moveit_config) by extension 'ignore_ament_install'
[3.808s] Level 1:colcon.colcon_core.package_identification:_identify(src/ros_ur_driver/src/Universal_Robots_ROS2_Driver/ur_moveit_config) by extensions ['colcon_pkg']
[3.808s] Level 1:colcon.colcon_core.package_identification:_identify(src/ros_ur_driver/src/Universal_Robots_ROS2_Driver/ur_moveit_config) by extension 'colcon_pkg'
[3.808s] Level 1:colcon.colcon_core.package_identification:_identify(src/ros_ur_driver/src/Universal_Robots_ROS2_Driver/ur_moveit_config) by extensions ['colcon_meta']
[3.808s] Level 1:colcon.colcon_core.package_identification:_identify(src/ros_ur_driver/src/Universal_Robots_ROS2_Driver/ur_moveit_config) by extension 'colcon_meta'
[3.808s] Level 1:colcon.colcon_core.package_identification:_identify(src/ros_ur_driver/src/Universal_Robots_ROS2_Driver/ur_moveit_config) by extensions ['ros']
[3.808s] Level 1:colcon.colcon_core.package_identification:_identify(src/ros_ur_driver/src/Universal_Robots_ROS2_Driver/ur_moveit_config) by extension 'ros'
[3.809s] DEBUG:colcon.colcon_core.package_identification:Package 'src/ros_ur_driver/src/Universal_Robots_ROS2_Driver/ur_moveit_config' with type 'ros.ament_cmake' and name 'ur_moveit_config'
[3.809s] Level 1:colcon.colcon_core.package_identification:_identify(src/ros_ur_driver/src/Universal_Robots_ROS2_Driver/ur_robot_driver) by extensions ['ignore', 'ignore_ament_install']
[3.809s] Level 1:colcon.colcon_core.package_identification:_identify(src/ros_ur_driver/src/Universal_Robots_ROS2_Driver/ur_robot_driver) by extension 'ignore'
[3.809s] Level 1:colcon.colcon_core.package_identification:_identify(src/ros_ur_driver/src/Universal_Robots_ROS2_Driver/ur_robot_driver) by extension 'ignore_ament_install'
[3.809s] Level 1:colcon.colcon_core.package_identification:_identify(src/ros_ur_driver/src/Universal_Robots_ROS2_Driver/ur_robot_driver) by extensions ['colcon_pkg']
[3.809s] Level 1:colcon.colcon_core.package_identification:_identify(src/ros_ur_driver/src/Universal_Robots_ROS2_Driver/ur_robot_driver) by extension 'colcon_pkg'
[3.809s] Level 1:colcon.colcon_core.package_identification:_identify(src/ros_ur_driver/src/Universal_Robots_ROS2_Driver/ur_robot_driver) by extensions ['colcon_meta']
[3.809s] Level 1:colcon.colcon_core.package_identification:_identify(src/ros_ur_driver/src/Universal_Robots_ROS2_Driver/ur_robot_driver) by extension 'colcon_meta'
[3.809s] Level 1:colcon.colcon_core.package_identification:_identify(src/ros_ur_driver/src/Universal_Robots_ROS2_Driver/ur_robot_driver) by extensions ['ros']
[3.809s] Level 1:colcon.colcon_core.package_identification:_identify(src/ros_ur_driver/src/Universal_Robots_ROS2_Driver/ur_robot_driver) by extension 'ros'
[3.811s] DEBUG:colcon.colcon_core.package_identification:Package 'src/ros_ur_driver/src/Universal_Robots_ROS2_Driver/ur_robot_driver' with type 'ros.ament_cmake' and name 'ur_robot_driver'
[3.811s] Level 1:colcon.colcon_core.package_identification:_identify(src/service_clients) by extensions ['ignore', 'ignore_ament_install']
[3.811s] Level 1:colcon.colcon_core.package_identification:_identify(src/service_clients) by extension 'ignore'
[3.811s] Level 1:colcon.colcon_core.package_identification:_identify(src/service_clients) by extension 'ignore_ament_install'
[3.811s] Level 1:colcon.colcon_core.package_identification:_identify(src/service_clients) by extensions ['colcon_pkg']
[3.811s] Level 1:colcon.colcon_core.package_identification:_identify(src/service_clients) by extension 'colcon_pkg'
[3.811s] Level 1:colcon.colcon_core.package_identification:_identify(src/service_clients) by extensions ['colcon_meta']
[3.811s] Level 1:colcon.colcon_core.package_identification:_identify(src/service_clients) by extension 'colcon_meta'
[3.812s] Level 1:colcon.colcon_core.package_identification:_identify(src/service_clients) by extensions ['ros']
[3.812s] Level 1:colcon.colcon_core.package_identification:_identify(src/service_clients) by extension 'ros'
[3.824s] DEBUG:colcon.colcon_core.package_identification:Package 'src/service_clients' with type 'ros.ament_python' and name 'service_clients'
[3.824s] Level 1:colcon.colcon_core.package_identification:_identify(src/web_controller) by extensions ['ignore', 'ignore_ament_install']
[3.824s] Level 1:colcon.colcon_core.package_identification:_identify(src/web_controller) by extension 'ignore'
[3.824s] Level 1:colcon.colcon_core.package_identification:_identify(src/web_controller) by extension 'ignore_ament_install'
[3.824s] Level 1:colcon.colcon_core.package_identification:_identify(src/web_controller) by extensions ['colcon_pkg']
[3.824s] Level 1:colcon.colcon_core.package_identification:_identify(src/web_controller) by extension 'colcon_pkg'
[3.824s] Level 1:colcon.colcon_core.package_identification:_identify(src/web_controller) by extensions ['colcon_meta']
[3.824s] Level 1:colcon.colcon_core.package_identification:_identify(src/web_controller) by extension 'colcon_meta'
[3.824s] Level 1:colcon.colcon_core.package_identification:_identify(src/web_controller) by extensions ['ros']
[3.824s] Level 1:colcon.colcon_core.package_identification:_identify(src/web_controller) by extension 'ros'
[3.825s] DEBUG:colcon.colcon_core.package_identification:Package 'src/web_controller' with type 'ros.ament_python' and name 'web_controller'
[3.825s] Level 1:colcon.colcon_core.package_discovery:discover_packages(recursive) using defaults
[3.825s] Level 1:colcon.colcon_core.package_discovery:discover_packages(ignore) discover
[3.825s] Level 1:colcon.colcon_core.package_discovery:discover_packages(ignore) using defaults
[3.825s] Level 1:colcon.colcon_core.package_discovery:discover_packages(path) discover
[3.825s] Level 1:colcon.colcon_core.package_discovery:discover_packages(path) using defaults
[3.994s] INFO:colcon.colcon_core.package_selection:Skipping not selected package 'communication_interface' in 'src/communication_interface'
[3.994s] INFO:colcon.colcon_core.package_selection:Skipping not selected package 'robot_base' in 'src/robot_base'
[3.994s] INFO:colcon.colcon_core.package_selection:Skipping not selected package 'service_clients' in 'src/service_clients'
[3.994s] INFO:colcon.colcon_core.package_selection:Skipping not selected package 'ur_dashboard_msgs' in 'src/ros_ur_driver/src/Universal_Robots_ROS2_Driver/ur_dashboard_msgs'
[3.994s] INFO:colcon.colcon_core.package_selection:Skipping not selected package 'ur_moveit_config' in 'src/ros_ur_driver/src/Universal_Robots_ROS2_Driver/ur_moveit_config'
[3.994s] INFO:colcon.colcon_core.package_selection:Skipping not selected package 'ur_controllers' in 'src/ros_ur_driver/src/Universal_Robots_ROS2_Driver/ur_controllers'
[3.994s] INFO:colcon.colcon_core.package_selection:Skipping not selected package 'ur_bringup' in 'src/ros_ur_driver/src/Universal_Robots_ROS2_Driver/ur_bringup'
[3.994s] INFO:colcon.colcon_core.package_selection:Skipping not selected package 'ur_robot_driver' in 'src/ros_ur_driver/src/Universal_Robots_ROS2_Driver/ur_robot_driver'
[3.994s] INFO:colcon.colcon_core.package_selection:Skipping not selected package 'ur_calibration' in 'src/ros_ur_driver/src/Universal_Robots_ROS2_Driver/ur_calibration'
[4.088s] Level 1:colcon.colcon_core.package_discovery:discover_packages(prefix_path) check parameters
[4.088s] Level 1:colcon.colcon_core.package_discovery:discover_packages(prefix_path) discover
[4.190s] DEBUG:colcon.colcon_installed_package_information.package_discovery:Found 3 installed packages in /home/kkk/total_care_project/install
[4.242s] DEBUG:colcon.colcon_installed_package_information.package_discovery:Found 344 installed packages in /home/kkk/ros2_humble/install
[4.244s] Level 1:colcon.colcon_core.package_discovery:discover_packages(prefix_path) using defaults
[4.372s] Level 5:colcon.colcon_core.verb:set package 'web_controller' build argument 'cmake_args' from command line to 'None'
[4.372s] Level 5:colcon.colcon_core.verb:set package 'web_controller' build argument 'cmake_target' from command line to 'None'
[4.372s] Level 5:colcon.colcon_core.verb:set package 'web_controller' build argument 'cmake_target_skip_unavailable' from command line to 'False'
[4.372s] Level 5:colcon.colcon_core.verb:set package 'web_controller' build argument 'cmake_clean_cache' from command line to 'False'
[4.372s] Level 5:colcon.colcon_core.verb:set package 'web_controller' build argument 'cmake_clean_first' from command line to 'False'
[4.372s] Level 5:colcon.colcon_core.verb:set package 'web_controller' build argument 'cmake_force_configure' from command line to 'False'
[4.372s] Level 5:colcon.colcon_core.verb:set package 'web_controller' build argument 'ament_cmake_args' from command line to 'None'
[4.372s] Level 5:colcon.colcon_core.verb:set package 'web_controller' build argument 'catkin_cmake_args' from command line to 'None'
[4.372s] Level 5:colcon.colcon_core.verb:set package 'web_controller' build argument 'catkin_skip_building_tests' from command line to 'False'
[4.372s] DEBUG:colcon.colcon_core.verb:Building package 'web_controller' with the following arguments: {'ament_cmake_args': None, 'build_base': '/home/kkk/total_care_project/build/web_controller', 'catkin_cmake_args': None, 'catkin_skip_building_tests': False, 'cmake_args': None, 'cmake_clean_cache': False, 'cmake_clean_first': False, 'cmake_force_configure': False, 'cmake_target': None, 'cmake_target_skip_unavailable': False, 'install_base': '/home/kkk/total_care_project/install/web_controller', 'merge_install': False, 'path': '/home/kkk/total_care_project/src/web_controller', 'symlink_install': True, 'test_result_base': None}
[4.417s] INFO:colcon.colcon_core.executor:Executing jobs using 'parallel' executor
[4.463s] DEBUG:colcon.colcon_parallel_executor.executor.parallel:run_until_complete
[4.463s] INFO:colcon.colcon_ros.task.ament_python.build:Building ROS package in '/home/kkk/total_care_project/src/web_controller' with build type 'ament_python'
[4.463s] Level 1:colcon.colcon_core.shell:create_environment_hook('web_controller', 'ament_prefix_path')
[4.515s] INFO:colcon.colcon_core.plugin_system:Skipping extension 'colcon_core.shell.bat': Not used on non-Windows systems
[4.516s] INFO:colcon.colcon_core.shell:Creating environment hook '/home/kkk/total_care_project/install/web_controller/share/web_controller/hook/ament_prefix_path.ps1'
[4.516s] INFO:colcon.colcon_core.shell:Creating environment descriptor '/home/kkk/total_care_project/install/web_controller/share/web_controller/hook/ament_prefix_path.dsv'
[4.516s] INFO:colcon.colcon_core.shell:Creating environment hook '/home/kkk/total_care_project/install/web_controller/share/web_controller/hook/ament_prefix_path.sh'
[4.562s] INFO:colcon.colcon_core.shell:Skip shell extension 'powershell' for command environment: Not usable outside of PowerShell
[4.562s] DEBUG:colcon.colcon_core.shell:Skip shell extension 'dsv' for command environment
[5.485s] INFO:colcon.colcon_core.task.python.build:Building Python package in '/home/kkk/total_care_project/src/web_controller'
[5.538s] INFO:colcon.colcon_core.shell:Skip shell extension 'powershell' for command environment: Not usable outside of PowerShell
[5.538s] DEBUG:colcon.colcon_core.shell:Skip shell extension 'dsv' for command environment
[6.733s] DEBUG:colcon.colcon_core.event_handler.log_command:Invoking command in '/home/kkk/total_care_project/build/web_controller': PYTHONPATH=/home/kkk/total_care_project/build/web_controller/prefix_override:/home/kkk/total_care_project/install/web_controller/lib/python3.8/site-packages:${PYTHONPATH} /usr/bin/python3 setup.py develop --editable --build-directory /home/kkk/total_care_project/build/web_controller/build --no-deps install_data
[7.870s] Level 1:colcon.colcon_core.shell:create_environment_hook('web_controller', 'pythonpath_develop')
[7.871s] DEBUG:colcon.colcon_core.event_handler.log_command:Invoked command in '/home/kkk/total_care_project/build/web_controller' returned '0': PYTHONPATH=/home/kkk/total_care_project/build/web_controller/prefix_override:/home/kkk/total_care_project/install/web_controller/lib/python3.8/site-packages:${PYTHONPATH} /usr/bin/python3 setup.py develop --editable --build-directory /home/kkk/total_care_project/build/web_controller/build --no-deps install_data
[7.928s] INFO:colcon.colcon_core.shell:Creating environment hook '/home/kkk/total_care_project/build/web_controller/share/web_controller/hook/pythonpath_develop.ps1'
[7.929s] INFO:colcon.colcon_core.shell:Creating environment descriptor '/home/kkk/total_care_project/build/web_controller/share/web_controller/hook/pythonpath_develop.dsv'
[7.929s] INFO:colcon.colcon_core.shell:Creating environment hook '/home/kkk/total_care_project/build/web_controller/share/web_controller/hook/pythonpath_develop.sh'
[7.982s] Level 1:colcon.colcon_core.environment:checking '/home/kkk/total_care_project/install/web_controller' for CMake module files
[7.982s] Level 1:colcon.colcon_core.environment:checking '/home/kkk/total_care_project/install/web_controller' for CMake config files
[7.983s] Level 1:colcon.colcon_core.environment:checking '/home/kkk/total_care_project/install/web_controller/lib'
[7.983s] Level 1:colcon.colcon_core.environment:checking '/home/kkk/total_care_project/install/web_controller/bin'
[7.983s] Level 1:colcon.colcon_core.environment:checking '/home/kkk/total_care_project/install/web_controller/lib/pkgconfig/web_controller.pc'
[7.983s] Level 1:colcon.colcon_core.environment:checking '/home/kkk/total_care_project/install/web_controller/lib/python3.8/site-packages'
[7.983s] Level 1:colcon.colcon_core.shell:create_environment_hook('web_controller', 'pythonpath')
[8.030s] INFO:colcon.colcon_core.shell:Creating environment hook '/home/kkk/total_care_project/install/web_controller/share/web_controller/hook/pythonpath.ps1'
[8.030s] INFO:colcon.colcon_core.shell:Creating environment descriptor '/home/kkk/total_care_project/install/web_controller/share/web_controller/hook/pythonpath.dsv'
[8.030s] INFO:colcon.colcon_core.shell:Creating environment hook '/home/kkk/total_care_project/install/web_controller/share/web_controller/hook/pythonpath.sh'
[8.031s] Level 1:colcon.colcon_core.environment:checking '/home/kkk/total_care_project/install/web_controller/bin'
[8.031s] Level 1:colcon.colcon_core.environment:create_environment_scripts_only(web_controller)
[8.077s] INFO:colcon.colcon_core.shell:Creating package script '/home/kkk/total_care_project/install/web_controller/share/web_controller/package.ps1'
[8.078s] INFO:colcon.colcon_core.shell:Creating package descriptor '/home/kkk/total_care_project/install/web_controller/share/web_controller/package.dsv'
[8.078s] INFO:colcon.colcon_core.shell:Creating package script '/home/kkk/total_care_project/install/web_controller/share/web_controller/package.sh'
[8.079s] INFO:colcon.colcon_core.shell:Creating package script '/home/kkk/total_care_project/install/web_controller/share/web_controller/package.bash'
[8.079s] INFO:colcon.colcon_core.shell:Creating package script '/home/kkk/total_care_project/install/web_controller/share/web_controller/package.zsh'
[8.080s] Level 1:colcon.colcon_core.environment:create_file_with_runtime_dependencies(/home/kkk/total_care_project/install/web_controller/share/colcon-core/packages/web_controller)
[8.080s] DEBUG:colcon.colcon_parallel_executor.executor.parallel:closing loop
[8.080s] DEBUG:colcon.colcon_parallel_executor.executor.parallel:loop closed
[8.080s] DEBUG:colcon.colcon_parallel_executor.executor.parallel:run_until_complete finished with '0'
[8.080s] DEBUG:colcon.colcon_core.event_reactor:joining thread
[8.144s] INFO:colcon.colcon_core.plugin_system:Skipping extension 'colcon_notification.desktop_notification.terminal_notifier': Not used on non-Darwin systems
[8.144s] INFO:colcon.colcon_core.plugin_system:Skipping extension 'colcon_notification.desktop_notification.win32': Not used on non-Windows systems
[8.144s] INFO:colcon.colcon_notification.desktop_notification:Sending desktop notification using 'notify2'
[8.163s] DEBUG:colcon.colcon_core.event_reactor:joined thread
[8.216s] INFO:colcon.colcon_core.shell:Creating prefix script '/home/kkk/total_care_project/install/local_setup.ps1'
[8.217s] INFO:colcon.colcon_core.shell:Creating prefix util module '/home/kkk/total_care_project/install/_local_setup_util_ps1.py'
[8.219s] INFO:colcon.colcon_core.shell:Creating prefix chain script '/home/kkk/total_care_project/install/setup.ps1'
[8.279s] INFO:colcon.colcon_core.shell:Creating prefix script '/home/kkk/total_care_project/install/local_setup.sh'
[8.279s] INFO:colcon.colcon_core.shell:Creating prefix util module '/home/kkk/total_care_project/install/_local_setup_util_sh.py'
[8.279s] INFO:colcon.colcon_core.shell:Creating prefix chain script '/home/kkk/total_care_project/install/setup.sh'
[8.338s] INFO:colcon.colcon_core.shell:Creating prefix script '/home/kkk/total_care_project/install/local_setup.bash'
[8.338s] INFO:colcon.colcon_core.shell:Creating prefix chain script '/home/kkk/total_care_project/install/setup.bash'
[8.396s] INFO:colcon.colcon_core.shell:Creating prefix script '/home/kkk/total_care_project/install/local_setup.zsh'
[8.396s] INFO:colcon.colcon_core.shell:Creating prefix chain script '/home/kkk/total_care_project/install/setup.zsh'
