[0.254s] Invoking command in '/home/kkk/total_care_project/build/communication_interface': CMAKE_PREFIX_PATH=${CMAKE_PREFIX_PATH}:/home/kkk/total_care_project/install/web_controller:/home/kkk/total_care_project/install/service_clients:/home/kkk/total_care_project/install/robot_base:/home/kkk/ros2_humble/install/rqt_bag_plugins:/home/kkk/ros2_humble/install/rqt_bag:/home/kkk/ros2_humble/install/ros2bag:/home/kkk/ros2_humble/install/tracetools_test:/home/kkk/ros2_humble/install/tracetools_launch:/home/kkk/ros2_humble/install/topic_monitor:/home/kkk/ros2_humble/install/tf2_tools:/home/kkk/ros2_humble/install/examples_tf2_py:/home/kkk/ros2_humble/install/tf2_ros_py:/home/kkk/ros2_humble/install/sros2:/home/kkk/ros2_humble/install/rqt_topic:/home/kkk/ros2_humble/install/rqt_srv:/home/kkk/ros2_humble/install/rqt_shell:/home/kkk/ros2_humble/install/rqt_service_caller:/home/kkk/ros2_humble/install/rqt_reconfigure:/home/kkk/ros2_humble/install/rqt_py_console:/home/kkk/ros2_humble/install/rqt_publisher:/home/kkk/ros2_humble/install/rqt_plot:/home/kkk/ros2_humble/install/rqt_action:/home/kkk/ros2_humble/install/rqt_msg:/home/kkk/ros2_humble/install/rqt_console:/home/kkk/ros2_humble/install/rqt:/home/kkk/ros2_humble/install/rqt_graph:/home/kkk/ros2_humble/install/rqt_gui_py:/home/kkk/ros2_humble/install/rqt_gui:/home/kkk/ros2_humble/install/ros2trace:/home/kkk/ros2_humble/install/ros2topic:/home/kkk/ros2_humble/install/ros2test:/home/kkk/ros2_humble/install/ros2component:/home/kkk/ros2_humble/install/ros2param:/home/kkk/ros2_humble/install/ros2lifecycle:/home/kkk/ros2_humble/install/ros2service:/home/kkk/ros2_humble/install/ros2run:/home/kkk/ros2_humble/install/ros2launch:/home/kkk/ros2_humble/install/ros2pkg:/home/kkk/ros2_humble/install/ros2node:/home/kkk/ros2_humble/install/ros2multicast:/home/kkk/ros2_humble/install/ros2interface:/home/kkk/ros2_humble/install/ros2doctor:/home/kkk/ros2_humble/install/ros2action:/home/kkk/ros2_humble/install/ros2cli:/home/kkk/ros2_humble/install/quality_of_service_demo_py:/home/kkk/ros2_humble/install/lifecycle_py:/home/kkk/ros2_humble/install/launch_testing_ros:/home/kkk/ros2_humble/install/launch_ros:/home/kkk/ros2_humble/install/examples_rclpy_pointcloud_publisher:/home/kkk/ros2_humble/install/examples_rclpy_minimal_subscriber:/home/kkk/ros2_humble/install/examples_rclpy_minimal_service:/home/kkk/ros2_humble/install/examples_rclpy_minimal_publisher:/home/kkk/ros2_humble/install/examples_rclpy_minimal_client:/home/kkk/ros2_humble/install/examples_rclpy_minimal_action_server:/home/kkk/ros2_humble/install/examples_rclpy_minimal_action_client:/home/kkk/ros2_humble/install/examples_rclpy_guard_conditions:/home/kkk/ros2_humble/install/examples_rclpy_executors:/home/kkk/ros2_humble/install/demo_nodes_py:/home/kkk/ros2_humble/install/action_tutorials_py:/home/kkk/ros2_humble/install/ament_uncrustify:/home/kkk/ros2_humble/install/tracetools_trace:/home/kkk/ros2_humble/install/tracetools_read:/home/kkk/ros2_humble/install/test_tracetools_launch:/home/kkk/ros2_humble/install/test_launch_ros:/home/kkk/ros2_humble/install/sensor_msgs_py:/home/kkk/ros2_humble/install/rpyutils:/home/kkk/ros2_humble/install/rosidl_runtime_py:/home/kkk/ros2_humble/install/rosidl_cli:/home/kkk/ros2_humble/install/launch_pytest:/home/kkk/ros2_humble/install/launch_testing:/home/kkk/ros2_humble/install/launch_yaml:/home/kkk/ros2_humble/install/launch_xml:/home/kkk/ros2_humble/install/launch:/home/kkk/ros2_humble/install/osrf_pycommon:/home/kkk/ros2_humble/install/launch_testing_examples:/home/kkk/ros2_humble/install/domain_coordinator:/home/kkk/ros2_humble/install/ament_xmllint:/home/kkk/ros2_humble/install/ament_pyflakes:/home/kkk/ros2_humble/install/ament_pycodestyle:/home/kkk/ros2_humble/install/ament_pep257:/home/kkk/ros2_humble/install/ament_pclint:/home/kkk/ros2_humble/install/ament_package:/home/kkk/ros2_humble/install/ament_mypy:/home/kkk/ros2_humble/install/ament_lint_cmake:/home/kkk/ros2_humble/install/ament_flake8:/home/kkk/ros2_humble/install/ament_copyright:/home/kkk/ros2_humble/install/ament_lint:/home/kkk/ros2_humble/install/ament_index_python:/home/kkk/ros2_humble/install/ament_cpplint:/home/kkk/ros2_humble/install/ament_cppcheck:/home/kkk/ros2_humble/install/ament_clang_tidy:/home/kkk/ros2_humble/install/ament_clang_format /usr/local/bin/cmake --build /home/kkk/total_care_project/build/communication_interface -- -j8 -l8
[0.291s] -- Found ament_cmake: 1.3.5 (/home/kkk/ros2_humble/install/ament_cmake/share/ament_cmake/cmake)
[1.587s] -- Override CMake install command with custom implementation using symlinks instead of copying resources
[1.597s] -- Found builtin_interfaces: 1.2.1 (/home/kkk/ros2_humble/install/builtin_interfaces/share/builtin_interfaces/cmake)
[1.626s] -- Found rosidl_generator_c: 3.1.5 (/home/kkk/ros2_humble/install/rosidl_generator_c/share/rosidl_generator_c/cmake)
[1.629s] -- Found rosidl_adapter: 3.1.5 (/home/kkk/ros2_humble/install/rosidl_adapter/share/rosidl_adapter/cmake)
[1.635s] -- Found rosidl_generator_cpp: 3.1.5 (/home/kkk/ros2_humble/install/rosidl_generator_cpp/share/rosidl_generator_cpp/cmake)
[1.670s] -- Using all available rosidl_typesupport_c: rosidl_typesupport_introspection_c;rosidl_typesupport_fastrtps_c
[1.710s] -- Using all available rosidl_typesupport_cpp: rosidl_typesupport_introspection_cpp;rosidl_typesupport_fastrtps_cpp
[1.749s] -- Found rosidl_default_generators: 1.2.0 (/home/kkk/ros2_humble/install/rosidl_default_generators/share/rosidl_default_generators/cmake)
[3.626s] -- Found ament_cmake_ros: 0.10.0 (/home/kkk/ros2_humble/install/ament_cmake_ros/share/ament_cmake_ros/cmake)
[5.751s] -- Using all available rosidl_typesupport_c: rosidl_typesupport_introspection_c;rosidl_typesupport_fastrtps_c
[6.592s] -- Using all available rosidl_typesupport_cpp: rosidl_typesupport_introspection_cpp;rosidl_typesupport_fastrtps_cpp
[7.001s] -- Found python_cmake_module: 0.10.0 (/home/kkk/ros2_humble/install/python_cmake_module/share/python_cmake_module/cmake)
[7.413s] -- Using PYTHON_EXECUTABLE: /usr/bin/python3
[7.414s] -- Using PYTHON_INCLUDE_DIRS: /usr/include/python3.8
[7.414s] -- Using PYTHON_LIBRARIES: /usr/lib/x86_64-linux-gnu/libpython3.8.so
[7.726s] -- Found ament_lint_auto: 0.12.7 (/home/kkk/ros2_humble/install/ament_lint_auto/share/ament_lint_auto/cmake)
[7.735s] -- Added test 'lint_cmake' to check CMake code style
[7.736s] -- Added test 'xmllint' to check XML markup files
[7.739s] -- Configuring done
[7.766s] -- Generating done
[7.769s] -- Build files have been written to: /home/kkk/total_care_project/build/communication_interface
[7.806s] [  3%] [34m[1mGenerating C code for ROS interfaces[0m
[7.815s] [  6%] [34m[1mGenerating C++ code for ROS interfaces[0m
[7.822s] [  6%] Built target ament_cmake_python_symlink_communication_interface
[8.504s] [  6%] Built target communication_interface__cpp
[8.515s] [  9%] [34m[1mGenerating C++ type support for eProsima Fast-RTPS[0m
[8.518s] [ 16%] [34m[1mGenerating C++ introspection for ROS interfaces[0m
[8.518s] [ 16%] [34m[1mGenerating C++ type support dispatch for ROS interfaces[0m
[8.531s] [ 19%] [32mBuilding C object CMakeFiles/communication_interface__rosidl_generator_c.dir/rosidl_generator_c/communication_interface/srv/detail/command__functions.c.o[0m
[8.626s] [ 22%] [32m[1mLinking C shared library libcommunication_interface__rosidl_generator_c.so[0m
[8.629s] running egg_info
[8.629s] writing communication_interface.egg-info/PKG-INFO
[8.630s] writing dependency_links to communication_interface.egg-info/dependency_links.txt
[8.630s] writing top-level names to communication_interface.egg-info/top_level.txt
[8.677s] [ 22%] Built target communication_interface__rosidl_generator_c
[8.681s] reading manifest file 'communication_interface.egg-info/SOURCES.txt'
[8.682s] writing manifest file 'communication_interface.egg-info/SOURCES.txt'
[8.693s] [ 32%] [34m[1mGenerating C type support dispatch for ROS interfaces[0m
[8.694s] [ 32%] [34m[1mGenerating C type support for eProsima Fast-RTPS[0m
[8.694s] [ 32%] [34m[1mGenerating C introspection for ROS interfaces[0m
[8.720s] [ 32%] Built target ament_cmake_python_build_communication_interface_egg
[9.619s] [ 35%] [32mBuilding CXX object CMakeFiles/communication_interface__rosidl_typesupport_cpp.dir/rosidl_typesupport_cpp/communication_interface/srv/command__type_support.cpp.o[0m
[9.641s] [ 38%] [32mBuilding CXX object CMakeFiles/communication_interface__rosidl_typesupport_introspection_cpp.dir/rosidl_typesupport_introspection_cpp/communication_interface/srv/detail/command__type_support.cpp.o[0m
[9.658s] [ 41%] [32mBuilding CXX object CMakeFiles/communication_interface__rosidl_typesupport_fastrtps_cpp.dir/rosidl_typesupport_fastrtps_cpp/communication_interface/srv/detail/dds_fastrtps/command__type_support.cpp.o[0m
[9.788s] [ 45%] [32mBuilding CXX object CMakeFiles/communication_interface__rosidl_typesupport_c.dir/rosidl_typesupport_c/communication_interface/srv/command__type_support.cpp.o[0m
[9.822s] [ 48%] [32mBuilding CXX object CMakeFiles/communication_interface__rosidl_typesupport_fastrtps_c.dir/rosidl_typesupport_fastrtps_c/communication_interface/srv/detail/command__type_support_c.cpp.o[0m
[9.828s] [ 51%] [32m[1mLinking CXX shared library libcommunication_interface__rosidl_typesupport_c.so[0m
[9.873s] [ 51%] Built target communication_interface__rosidl_typesupport_c
[9.891s] [ 54%] [32mBuilding C object CMakeFiles/communication_interface__rosidl_typesupport_introspection_c.dir/rosidl_typesupport_introspection_c/communication_interface/srv/detail/command__type_support.c.o[0m
[9.935s] [ 58%] [32m[1mLinking C shared library libcommunication_interface__rosidl_typesupport_introspection_c.so[0m
[9.967s] [ 58%] Built target communication_interface__rosidl_typesupport_introspection_c
[9.991s] [ 61%] [32m[1mLinking CXX shared library libcommunication_interface__rosidl_typesupport_cpp.so[0m
[10.044s] [ 61%] Built target communication_interface__rosidl_typesupport_cpp
[10.194s] [ 64%] [32m[1mLinking CXX shared library libcommunication_interface__rosidl_typesupport_fastrtps_c.so[0m
[10.224s] [ 67%] [32m[1mLinking CXX shared library libcommunication_interface__rosidl_typesupport_introspection_cpp.so[0m
[10.245s] [ 70%] [32m[1mLinking CXX shared library libcommunication_interface__rosidl_typesupport_fastrtps_cpp.so[0m
[10.309s] [ 70%] Built target communication_interface__rosidl_typesupport_fastrtps_c
[10.316s] [ 70%] Built target communication_interface__rosidl_typesupport_introspection_cpp
[10.351s] [ 70%] Built target communication_interface__rosidl_typesupport_fastrtps_cpp
[10.392s] [ 70%] Built target communication_interface
[10.437s] [ 74%] [34m[1mGenerating Python code for ROS interfaces[0m
[11.184s] [ 74%] Built target communication_interface__py
[11.228s] [ 77%] [32mBuilding C object CMakeFiles/communication_interface__rosidl_generator_py.dir/rosidl_generator_py/communication_interface/srv/_command_s.c.o[0m
[11.341s] [ 80%] [32m[1mLinking C shared library rosidl_generator_py/communication_interface/libcommunication_interface__rosidl_generator_py.so[0m
[11.404s] [ 80%] Built target communication_interface__rosidl_generator_py
[11.419s] [35m[1mConsolidate compiler generated dependencies of target communication_interface__rosidl_typesupport_fastrtps_c__pyext[0m
[11.421s] [35m[1mConsolidate compiler generated dependencies of target communication_interface__rosidl_typesupport_introspection_c__pyext[0m
[11.424s] [35m[1mConsolidate compiler generated dependencies of target communication_interface__rosidl_typesupport_c__pyext[0m
[11.433s] [ 83%] [32mBuilding C object CMakeFiles/communication_interface__rosidl_typesupport_fastrtps_c__pyext.dir/rosidl_generator_py/communication_interface/_communication_interface_s.ep.rosidl_typesupport_fastrtps_c.c.o[0m
[11.435s] [ 87%] [32mBuilding C object CMakeFiles/communication_interface__rosidl_typesupport_introspection_c__pyext.dir/rosidl_generator_py/communication_interface/_communication_interface_s.ep.rosidl_typesupport_introspection_c.c.o[0m
[11.440s] [ 90%] [32mBuilding C object CMakeFiles/communication_interface__rosidl_typesupport_c__pyext.dir/rosidl_generator_py/communication_interface/_communication_interface_s.ep.rosidl_typesupport_c.c.o[0m
[11.533s] [ 93%] [32m[1mLinking C shared library rosidl_generator_py/communication_interface/communication_interface_s__rosidl_typesupport_c.cpython-38-x86_64-linux-gnu.so[0m
[11.538s] [ 96%] [32m[1mLinking C shared library rosidl_generator_py/communication_interface/communication_interface_s__rosidl_typesupport_fastrtps_c.cpython-38-x86_64-linux-gnu.so[0m
[11.538s] [100%] [32m[1mLinking C shared library rosidl_generator_py/communication_interface/communication_interface_s__rosidl_typesupport_introspection_c.cpython-38-x86_64-linux-gnu.so[0m
[11.574s] [100%] Built target communication_interface__rosidl_typesupport_c__pyext
[11.576s] [100%] Built target communication_interface__rosidl_typesupport_introspection_c__pyext
[11.588s] [100%] Built target communication_interface__rosidl_typesupport_fastrtps_c__pyext
[11.596s] Invoked command in '/home/kkk/total_care_project/build/communication_interface' returned '0': CMAKE_PREFIX_PATH=${CMAKE_PREFIX_PATH}:/home/kkk/total_care_project/install/web_controller:/home/kkk/total_care_project/install/service_clients:/home/kkk/total_care_project/install/robot_base:/home/kkk/ros2_humble/install/rqt_bag_plugins:/home/kkk/ros2_humble/install/rqt_bag:/home/kkk/ros2_humble/install/ros2bag:/home/kkk/ros2_humble/install/tracetools_test:/home/kkk/ros2_humble/install/tracetools_launch:/home/kkk/ros2_humble/install/topic_monitor:/home/kkk/ros2_humble/install/tf2_tools:/home/kkk/ros2_humble/install/examples_tf2_py:/home/kkk/ros2_humble/install/tf2_ros_py:/home/kkk/ros2_humble/install/sros2:/home/kkk/ros2_humble/install/rqt_topic:/home/kkk/ros2_humble/install/rqt_srv:/home/kkk/ros2_humble/install/rqt_shell:/home/kkk/ros2_humble/install/rqt_service_caller:/home/kkk/ros2_humble/install/rqt_reconfigure:/home/kkk/ros2_humble/install/rqt_py_console:/home/kkk/ros2_humble/install/rqt_publisher:/home/kkk/ros2_humble/install/rqt_plot:/home/kkk/ros2_humble/install/rqt_action:/home/kkk/ros2_humble/install/rqt_msg:/home/kkk/ros2_humble/install/rqt_console:/home/kkk/ros2_humble/install/rqt:/home/kkk/ros2_humble/install/rqt_graph:/home/kkk/ros2_humble/install/rqt_gui_py:/home/kkk/ros2_humble/install/rqt_gui:/home/kkk/ros2_humble/install/ros2trace:/home/kkk/ros2_humble/install/ros2topic:/home/kkk/ros2_humble/install/ros2test:/home/kkk/ros2_humble/install/ros2component:/home/kkk/ros2_humble/install/ros2param:/home/kkk/ros2_humble/install/ros2lifecycle:/home/kkk/ros2_humble/install/ros2service:/home/kkk/ros2_humble/install/ros2run:/home/kkk/ros2_humble/install/ros2launch:/home/kkk/ros2_humble/install/ros2pkg:/home/kkk/ros2_humble/install/ros2node:/home/kkk/ros2_humble/install/ros2multicast:/home/kkk/ros2_humble/install/ros2interface:/home/kkk/ros2_humble/install/ros2doctor:/home/kkk/ros2_humble/install/ros2action:/home/kkk/ros2_humble/install/ros2cli:/home/kkk/ros2_humble/install/quality_of_service_demo_py:/home/kkk/ros2_humble/install/lifecycle_py:/home/kkk/ros2_humble/install/launch_testing_ros:/home/kkk/ros2_humble/install/launch_ros:/home/kkk/ros2_humble/install/examples_rclpy_pointcloud_publisher:/home/kkk/ros2_humble/install/examples_rclpy_minimal_subscriber:/home/kkk/ros2_humble/install/examples_rclpy_minimal_service:/home/kkk/ros2_humble/install/examples_rclpy_minimal_publisher:/home/kkk/ros2_humble/install/examples_rclpy_minimal_client:/home/kkk/ros2_humble/install/examples_rclpy_minimal_action_server:/home/kkk/ros2_humble/install/examples_rclpy_minimal_action_client:/home/kkk/ros2_humble/install/examples_rclpy_guard_conditions:/home/kkk/ros2_humble/install/examples_rclpy_executors:/home/kkk/ros2_humble/install/demo_nodes_py:/home/kkk/ros2_humble/install/action_tutorials_py:/home/kkk/ros2_humble/install/ament_uncrustify:/home/kkk/ros2_humble/install/tracetools_trace:/home/kkk/ros2_humble/install/tracetools_read:/home/kkk/ros2_humble/install/test_tracetools_launch:/home/kkk/ros2_humble/install/test_launch_ros:/home/kkk/ros2_humble/install/sensor_msgs_py:/home/kkk/ros2_humble/install/rpyutils:/home/kkk/ros2_humble/install/rosidl_runtime_py:/home/kkk/ros2_humble/install/rosidl_cli:/home/kkk/ros2_humble/install/launch_pytest:/home/kkk/ros2_humble/install/launch_testing:/home/kkk/ros2_humble/install/launch_yaml:/home/kkk/ros2_humble/install/launch_xml:/home/kkk/ros2_humble/install/launch:/home/kkk/ros2_humble/install/osrf_pycommon:/home/kkk/ros2_humble/install/launch_testing_examples:/home/kkk/ros2_humble/install/domain_coordinator:/home/kkk/ros2_humble/install/ament_xmllint:/home/kkk/ros2_humble/install/ament_pyflakes:/home/kkk/ros2_humble/install/ament_pycodestyle:/home/kkk/ros2_humble/install/ament_pep257:/home/kkk/ros2_humble/install/ament_pclint:/home/kkk/ros2_humble/install/ament_package:/home/kkk/ros2_humble/install/ament_mypy:/home/kkk/ros2_humble/install/ament_lint_cmake:/home/kkk/ros2_humble/install/ament_flake8:/home/kkk/ros2_humble/install/ament_copyright:/home/kkk/ros2_humble/install/ament_lint:/home/kkk/ros2_humble/install/ament_index_python:/home/kkk/ros2_humble/install/ament_cpplint:/home/kkk/ros2_humble/install/ament_cppcheck:/home/kkk/ros2_humble/install/ament_clang_tidy:/home/kkk/ros2_humble/install/ament_clang_format /usr/local/bin/cmake --build /home/kkk/total_care_project/build/communication_interface -- -j8 -l8
[11.781s] Invoking command in '/home/kkk/total_care_project/build/communication_interface': CMAKE_PREFIX_PATH=${CMAKE_PREFIX_PATH}:/home/kkk/total_care_project/install/web_controller:/home/kkk/total_care_project/install/service_clients:/home/kkk/total_care_project/install/robot_base:/home/kkk/ros2_humble/install/rqt_bag_plugins:/home/kkk/ros2_humble/install/rqt_bag:/home/kkk/ros2_humble/install/ros2bag:/home/kkk/ros2_humble/install/tracetools_test:/home/kkk/ros2_humble/install/tracetools_launch:/home/kkk/ros2_humble/install/topic_monitor:/home/kkk/ros2_humble/install/tf2_tools:/home/kkk/ros2_humble/install/examples_tf2_py:/home/kkk/ros2_humble/install/tf2_ros_py:/home/kkk/ros2_humble/install/sros2:/home/kkk/ros2_humble/install/rqt_topic:/home/kkk/ros2_humble/install/rqt_srv:/home/kkk/ros2_humble/install/rqt_shell:/home/kkk/ros2_humble/install/rqt_service_caller:/home/kkk/ros2_humble/install/rqt_reconfigure:/home/kkk/ros2_humble/install/rqt_py_console:/home/kkk/ros2_humble/install/rqt_publisher:/home/kkk/ros2_humble/install/rqt_plot:/home/kkk/ros2_humble/install/rqt_action:/home/kkk/ros2_humble/install/rqt_msg:/home/kkk/ros2_humble/install/rqt_console:/home/kkk/ros2_humble/install/rqt:/home/kkk/ros2_humble/install/rqt_graph:/home/kkk/ros2_humble/install/rqt_gui_py:/home/kkk/ros2_humble/install/rqt_gui:/home/kkk/ros2_humble/install/ros2trace:/home/kkk/ros2_humble/install/ros2topic:/home/kkk/ros2_humble/install/ros2test:/home/kkk/ros2_humble/install/ros2component:/home/kkk/ros2_humble/install/ros2param:/home/kkk/ros2_humble/install/ros2lifecycle:/home/kkk/ros2_humble/install/ros2service:/home/kkk/ros2_humble/install/ros2run:/home/kkk/ros2_humble/install/ros2launch:/home/kkk/ros2_humble/install/ros2pkg:/home/kkk/ros2_humble/install/ros2node:/home/kkk/ros2_humble/install/ros2multicast:/home/kkk/ros2_humble/install/ros2interface:/home/kkk/ros2_humble/install/ros2doctor:/home/kkk/ros2_humble/install/ros2action:/home/kkk/ros2_humble/install/ros2cli:/home/kkk/ros2_humble/install/quality_of_service_demo_py:/home/kkk/ros2_humble/install/lifecycle_py:/home/kkk/ros2_humble/install/launch_testing_ros:/home/kkk/ros2_humble/install/launch_ros:/home/kkk/ros2_humble/install/examples_rclpy_pointcloud_publisher:/home/kkk/ros2_humble/install/examples_rclpy_minimal_subscriber:/home/kkk/ros2_humble/install/examples_rclpy_minimal_service:/home/kkk/ros2_humble/install/examples_rclpy_minimal_publisher:/home/kkk/ros2_humble/install/examples_rclpy_minimal_client:/home/kkk/ros2_humble/install/examples_rclpy_minimal_action_server:/home/kkk/ros2_humble/install/examples_rclpy_minimal_action_client:/home/kkk/ros2_humble/install/examples_rclpy_guard_conditions:/home/kkk/ros2_humble/install/examples_rclpy_executors:/home/kkk/ros2_humble/install/demo_nodes_py:/home/kkk/ros2_humble/install/action_tutorials_py:/home/kkk/ros2_humble/install/ament_uncrustify:/home/kkk/ros2_humble/install/tracetools_trace:/home/kkk/ros2_humble/install/tracetools_read:/home/kkk/ros2_humble/install/test_tracetools_launch:/home/kkk/ros2_humble/install/test_launch_ros:/home/kkk/ros2_humble/install/sensor_msgs_py:/home/kkk/ros2_humble/install/rpyutils:/home/kkk/ros2_humble/install/rosidl_runtime_py:/home/kkk/ros2_humble/install/rosidl_cli:/home/kkk/ros2_humble/install/launch_pytest:/home/kkk/ros2_humble/install/launch_testing:/home/kkk/ros2_humble/install/launch_yaml:/home/kkk/ros2_humble/install/launch_xml:/home/kkk/ros2_humble/install/launch:/home/kkk/ros2_humble/install/osrf_pycommon:/home/kkk/ros2_humble/install/launch_testing_examples:/home/kkk/ros2_humble/install/domain_coordinator:/home/kkk/ros2_humble/install/ament_xmllint:/home/kkk/ros2_humble/install/ament_pyflakes:/home/kkk/ros2_humble/install/ament_pycodestyle:/home/kkk/ros2_humble/install/ament_pep257:/home/kkk/ros2_humble/install/ament_pclint:/home/kkk/ros2_humble/install/ament_package:/home/kkk/ros2_humble/install/ament_mypy:/home/kkk/ros2_humble/install/ament_lint_cmake:/home/kkk/ros2_humble/install/ament_flake8:/home/kkk/ros2_humble/install/ament_copyright:/home/kkk/ros2_humble/install/ament_lint:/home/kkk/ros2_humble/install/ament_index_python:/home/kkk/ros2_humble/install/ament_cpplint:/home/kkk/ros2_humble/install/ament_cppcheck:/home/kkk/ros2_humble/install/ament_clang_tidy:/home/kkk/ros2_humble/install/ament_clang_format /usr/local/bin/cmake --install /home/kkk/total_care_project/build/communication_interface
[11.788s] -- Install configuration: ""
[11.789s] -- Execute custom install script
[11.789s] -- Up-to-date symlink: /home/kkk/total_care_project/install/communication_interface/share/ament_index/resource_index/rosidl_interfaces/communication_interface
[11.789s] -- Up-to-date symlink: /home/kkk/total_care_project/install/communication_interface/include/communication_interface/communication_interface/msg/rosidl_generator_c__visibility_control.h
[11.789s] -- Up-to-date symlink: /home/kkk/total_care_project/install/communication_interface/include/communication_interface/communication_interface/srv/action.h
[11.790s] -- Symlinking: /home/kkk/total_care_project/install/communication_interface/include/communication_interface/communication_interface/srv/command.h
[11.799s] -- Up-to-date symlink: /home/kkk/total_care_project/install/communication_interface/include/communication_interface/communication_interface/srv/detail/action__functions.h
[11.799s] -- Up-to-date symlink: /home/kkk/total_care_project/install/communication_interface/include/communication_interface/communication_interface/srv/detail/action__struct.h
[11.799s] -- Up-to-date symlink: /home/kkk/total_care_project/install/communication_interface/include/communication_interface/communication_interface/srv/detail/action__type_support.h
[11.799s] -- Symlinking: /home/kkk/total_care_project/install/communication_interface/include/communication_interface/communication_interface/srv/detail/command__functions.h
[11.810s] -- Symlinking: /home/kkk/total_care_project/install/communication_interface/include/communication_interface/communication_interface/srv/detail/command__struct.h
[11.815s] -- Symlinking: /home/kkk/total_care_project/install/communication_interface/include/communication_interface/communication_interface/srv/detail/command__type_support.h
[11.821s] -- Up-to-date symlink: /home/kkk/total_care_project/install/communication_interface/share/communication_interface/environment/library_path.sh
[11.821s] -- Up-to-date symlink: /home/kkk/total_care_project/install/communication_interface/share/communication_interface/environment/library_path.dsv
[11.822s] -- Up-to-date symlink: /home/kkk/total_care_project/install/communication_interface/include/communication_interface/communication_interface/msg/rosidl_typesupport_fastrtps_c__visibility_control.h
[11.822s] -- Up-to-date symlink: /home/kkk/total_care_project/install/communication_interface/include/communication_interface/communication_interface/srv/detail/action__rosidl_typesupport_fastrtps_c.h
[11.822s] -- Symlinking: /home/kkk/total_care_project/install/communication_interface/include/communication_interface/communication_interface/srv/detail/command__rosidl_typesupport_fastrtps_c.h
[11.829s] -- Up-to-date symlink: /home/kkk/total_care_project/install/communication_interface/include/communication_interface/communication_interface/srv/action.hpp
[11.829s] -- Symlinking: /home/kkk/total_care_project/install/communication_interface/include/communication_interface/communication_interface/srv/command.hpp
[11.835s] -- Up-to-date symlink: /home/kkk/total_care_project/install/communication_interface/include/communication_interface/communication_interface/srv/detail/action__builder.hpp
[11.835s] -- Up-to-date symlink: /home/kkk/total_care_project/install/communication_interface/include/communication_interface/communication_interface/srv/detail/action__struct.hpp
[11.835s] -- Up-to-date symlink: /home/kkk/total_care_project/install/communication_interface/include/communication_interface/communication_interface/srv/detail/action__traits.hpp
[11.835s] -- Symlinking: /home/kkk/total_care_project/install/communication_interface/include/communication_interface/communication_interface/srv/detail/command__builder.hpp
[11.846s] -- Symlinking: /home/kkk/total_care_project/install/communication_interface/include/communication_interface/communication_interface/srv/detail/command__struct.hpp
[11.854s] -- Symlinking: /home/kkk/total_care_project/install/communication_interface/include/communication_interface/communication_interface/srv/detail/command__traits.hpp
[11.860s] -- Up-to-date symlink: /home/kkk/total_care_project/install/communication_interface/include/communication_interface/communication_interface/msg/rosidl_typesupport_fastrtps_cpp__visibility_control.h
[11.860s] -- Up-to-date symlink: /home/kkk/total_care_project/install/communication_interface/include/communication_interface/communication_interface/srv/detail/action__rosidl_typesupport_fastrtps_cpp.hpp
[11.860s] -- Symlinking: /home/kkk/total_care_project/install/communication_interface/include/communication_interface/communication_interface/srv/detail/command__rosidl_typesupport_fastrtps_cpp.hpp
[11.866s] -- Up-to-date symlink: /home/kkk/total_care_project/install/communication_interface/include/communication_interface/communication_interface/msg/rosidl_typesupport_introspection_c__visibility_control.h
[11.867s] -- Up-to-date symlink: /home/kkk/total_care_project/install/communication_interface/include/communication_interface/communication_interface/srv/detail/action__rosidl_typesupport_introspection_c.h
[11.867s] -- Symlinking: /home/kkk/total_care_project/install/communication_interface/include/communication_interface/communication_interface/srv/detail/command__rosidl_typesupport_introspection_c.h
[11.873s] -- Up-to-date symlink: /home/kkk/total_care_project/install/communication_interface/include/communication_interface/communication_interface/srv/detail/action__rosidl_typesupport_introspection_cpp.hpp
[11.873s] -- Symlinking: /home/kkk/total_care_project/install/communication_interface/include/communication_interface/communication_interface/srv/detail/command__rosidl_typesupport_introspection_cpp.hpp
[11.879s] -- Up-to-date symlink: /home/kkk/total_care_project/install/communication_interface/share/communication_interface/environment/pythonpath.sh
[11.879s] -- Up-to-date symlink: /home/kkk/total_care_project/install/communication_interface/share/communication_interface/environment/pythonpath.dsv
[11.880s] -- Up-to-date symlink: /home/kkk/total_care_project/install/communication_interface/lib/python3.8/site-packages/communication_interface-0.0.0-py3.8.egg-info/PKG-INFO
[11.880s] -- Up-to-date symlink: /home/kkk/total_care_project/install/communication_interface/lib/python3.8/site-packages/communication_interface-0.0.0-py3.8.egg-info/SOURCES.txt
[11.880s] -- Up-to-date symlink: /home/kkk/total_care_project/install/communication_interface/lib/python3.8/site-packages/communication_interface-0.0.0-py3.8.egg-info/dependency_links.txt
[11.880s] -- Up-to-date symlink: /home/kkk/total_care_project/install/communication_interface/lib/python3.8/site-packages/communication_interface-0.0.0-py3.8.egg-info/top_level.txt
[11.881s] -- Up-to-date symlink: /home/kkk/total_care_project/install/communication_interface/lib/python3.8/site-packages/communication_interface/__init__.py
[11.882s] -- Up-to-date symlink: /home/kkk/total_care_project/install/communication_interface/lib/python3.8/site-packages/communication_interface/_communication_interface_s.ep.rosidl_typesupport_c.c
[11.882s] -- Up-to-date symlink: /home/kkk/total_care_project/install/communication_interface/lib/python3.8/site-packages/communication_interface/_communication_interface_s.ep.rosidl_typesupport_fastrtps_c.c
[11.882s] -- Up-to-date symlink: /home/kkk/total_care_project/install/communication_interface/lib/python3.8/site-packages/communication_interface/_communication_interface_s.ep.rosidl_typesupport_introspection_c.c
[11.883s] -- Up-to-date symlink: /home/kkk/total_care_project/install/communication_interface/lib/python3.8/site-packages/communication_interface/communication_interface_s__rosidl_typesupport_c.cpython-38-x86_64-linux-gnu.so
[11.883s] -- Up-to-date symlink: /home/kkk/total_care_project/install/communication_interface/lib/python3.8/site-packages/communication_interface/communication_interface_s__rosidl_typesupport_fastrtps_c.cpython-38-x86_64-linux-gnu.so
[11.883s] -- Up-to-date symlink: /home/kkk/total_care_project/install/communication_interface/lib/python3.8/site-packages/communication_interface/communication_interface_s__rosidl_typesupport_introspection_c.cpython-38-x86_64-linux-gnu.so
[11.884s] -- Up-to-date symlink: /home/kkk/total_care_project/install/communication_interface/lib/python3.8/site-packages/communication_interface/libcommunication_interface__rosidl_generator_py.so
[11.884s] -- Up-to-date symlink: /home/kkk/total_care_project/install/communication_interface/lib/python3.8/site-packages/communication_interface/srv/__init__.py
[11.884s] -- Up-to-date symlink: /home/kkk/total_care_project/install/communication_interface/lib/python3.8/site-packages/communication_interface/srv/_action.py
[11.884s] -- Up-to-date symlink: /home/kkk/total_care_project/install/communication_interface/lib/python3.8/site-packages/communication_interface/srv/_action_s.c
[11.885s] -- Symlinking: /home/kkk/total_care_project/install/communication_interface/lib/python3.8/site-packages/communication_interface/srv/_command.py
[11.890s] -- Symlinking: /home/kkk/total_care_project/install/communication_interface/lib/python3.8/site-packages/communication_interface/srv/_command_s.c
[11.897s] -- Up-to-date symlink: /home/kkk/total_care_project/install/communication_interface/lib/python3.8/site-packages/communication_interface/communication_interface_s__rosidl_typesupport_introspection_c.cpython-38-x86_64-linux-gnu.so
[11.898s] -- Up-to-date symlink: /home/kkk/total_care_project/install/communication_interface/lib/python3.8/site-packages/communication_interface/communication_interface_s__rosidl_typesupport_fastrtps_c.cpython-38-x86_64-linux-gnu.so
[11.898s] -- Up-to-date symlink: /home/kkk/total_care_project/install/communication_interface/lib/python3.8/site-packages/communication_interface/communication_interface_s__rosidl_typesupport_c.cpython-38-x86_64-linux-gnu.so
[11.899s] -- Symlinking: /home/kkk/total_care_project/install/communication_interface/share/communication_interface/srv/Command.idl
[11.910s] -- Symlinking: /home/kkk/total_care_project/install/communication_interface/share/communication_interface/srv/Command.srv
[11.917s] -- Symlinking: /home/kkk/total_care_project/install/communication_interface/share/communication_interface/srv/Command_Request.msg
[11.923s] -- Symlinking: /home/kkk/total_care_project/install/communication_interface/share/communication_interface/srv/Command_Response.msg
[11.934s] -- Up-to-date symlink: /home/kkk/total_care_project/install/communication_interface/share/ament_index/resource_index/package_run_dependencies/communication_interface
[11.934s] -- Up-to-date symlink: /home/kkk/total_care_project/install/communication_interface/share/ament_index/resource_index/parent_prefix_path/communication_interface
[11.934s] -- Up-to-date symlink: /home/kkk/total_care_project/install/communication_interface/share/communication_interface/environment/ament_prefix_path.sh
[11.934s] -- Up-to-date symlink: /home/kkk/total_care_project/install/communication_interface/share/communication_interface/environment/ament_prefix_path.dsv
[11.935s] -- Up-to-date symlink: /home/kkk/total_care_project/install/communication_interface/share/communication_interface/environment/path.sh
[11.935s] -- Up-to-date symlink: /home/kkk/total_care_project/install/communication_interface/share/communication_interface/environment/path.dsv
[11.936s] -- Up-to-date symlink: /home/kkk/total_care_project/install/communication_interface/share/communication_interface/local_setup.bash
[11.936s] -- Up-to-date symlink: /home/kkk/total_care_project/install/communication_interface/share/communication_interface/local_setup.sh
[11.936s] -- Up-to-date symlink: /home/kkk/total_care_project/install/communication_interface/share/communication_interface/local_setup.zsh
[11.936s] -- Up-to-date symlink: /home/kkk/total_care_project/install/communication_interface/share/communication_interface/local_setup.dsv
[11.936s] -- Symlinking: /home/kkk/total_care_project/install/communication_interface/share/communication_interface/package.dsv
[11.946s] -- Up-to-date symlink: /home/kkk/total_care_project/install/communication_interface/share/ament_index/resource_index/packages/communication_interface
[11.947s] -- Up-to-date symlink: /home/kkk/total_care_project/install/communication_interface/share/communication_interface/cmake/rosidl_cmake-extras.cmake
[11.947s] -- Up-to-date symlink: /home/kkk/total_care_project/install/communication_interface/share/communication_interface/cmake/ament_cmake_export_dependencies-extras.cmake
[11.947s] -- Up-to-date symlink: /home/kkk/total_care_project/install/communication_interface/share/communication_interface/cmake/ament_cmake_export_include_directories-extras.cmake
[11.947s] -- Up-to-date symlink: /home/kkk/total_care_project/install/communication_interface/share/communication_interface/cmake/ament_cmake_export_libraries-extras.cmake
[11.948s] -- Up-to-date symlink: /home/kkk/total_care_project/install/communication_interface/share/communication_interface/cmake/ament_cmake_export_targets-extras.cmake
[11.948s] -- Up-to-date symlink: /home/kkk/total_care_project/install/communication_interface/share/communication_interface/cmake/rosidl_cmake_export_typesupport_targets-extras.cmake
[11.948s] -- Up-to-date symlink: /home/kkk/total_care_project/install/communication_interface/share/communication_interface/cmake/rosidl_cmake_export_typesupport_libraries-extras.cmake
[11.949s] -- Up-to-date symlink: /home/kkk/total_care_project/install/communication_interface/share/communication_interface/cmake/communication_interfaceConfig.cmake
[11.949s] -- Up-to-date symlink: /home/kkk/total_care_project/install/communication_interface/share/communication_interface/cmake/communication_interfaceConfig-version.cmake
[11.949s] -- Up-to-date symlink: /home/kkk/total_care_project/install/communication_interface/share/communication_interface/package.xml
[11.949s] -- Installing: /home/kkk/total_care_project/install/communication_interface/lib/libcommunication_interface__rosidl_generator_c.so
[11.950s] -- Set runtime path of "/home/kkk/total_care_project/install/communication_interface/lib/libcommunication_interface__rosidl_generator_c.so" to ""
[11.950s] -- Installing: /home/kkk/total_care_project/install/communication_interface/lib/libcommunication_interface__rosidl_typesupport_fastrtps_c.so
[11.951s] -- Set runtime path of "/home/kkk/total_care_project/install/communication_interface/lib/libcommunication_interface__rosidl_typesupport_fastrtps_c.so" to ""
[11.951s] -- Installing: /home/kkk/total_care_project/install/communication_interface/lib/libcommunication_interface__rosidl_typesupport_fastrtps_cpp.so
[11.952s] -- Set runtime path of "/home/kkk/total_care_project/install/communication_interface/lib/libcommunication_interface__rosidl_typesupport_fastrtps_cpp.so" to ""
[11.952s] -- Installing: /home/kkk/total_care_project/install/communication_interface/lib/libcommunication_interface__rosidl_typesupport_introspection_c.so
[11.953s] -- Set runtime path of "/home/kkk/total_care_project/install/communication_interface/lib/libcommunication_interface__rosidl_typesupport_introspection_c.so" to ""
[11.953s] -- Installing: /home/kkk/total_care_project/install/communication_interface/lib/libcommunication_interface__rosidl_typesupport_c.so
[11.953s] -- Set runtime path of "/home/kkk/total_care_project/install/communication_interface/lib/libcommunication_interface__rosidl_typesupport_c.so" to ""
[11.954s] -- Installing: /home/kkk/total_care_project/install/communication_interface/lib/libcommunication_interface__rosidl_typesupport_introspection_cpp.so
[11.954s] -- Set runtime path of "/home/kkk/total_care_project/install/communication_interface/lib/libcommunication_interface__rosidl_typesupport_introspection_cpp.so" to ""
[11.954s] -- Installing: /home/kkk/total_care_project/install/communication_interface/lib/libcommunication_interface__rosidl_typesupport_cpp.so
[11.954s] -- Set runtime path of "/home/kkk/total_care_project/install/communication_interface/lib/libcommunication_interface__rosidl_typesupport_cpp.so" to ""
[12.395s] Listing '/home/kkk/total_care_project/install/communication_interface/lib/python3.8/site-packages/communication_interface'...
[12.396s] Compiling '/home/kkk/total_care_project/install/communication_interface/lib/python3.8/site-packages/communication_interface/__init__.py'...
[12.396s] Listing '/home/kkk/total_care_project/install/communication_interface/lib/python3.8/site-packages/communication_interface/srv'...
[12.396s] Compiling '/home/kkk/total_care_project/install/communication_interface/lib/python3.8/site-packages/communication_interface/srv/__init__.py'...
[12.396s] Compiling '/home/kkk/total_care_project/install/communication_interface/lib/python3.8/site-packages/communication_interface/srv/_command.py'...
[12.400s] -- Installing: /home/kkk/total_care_project/install/communication_interface/lib/libcommunication_interface__rosidl_generator_py.so
[12.401s] -- Set runtime path of "/home/kkk/total_care_project/install/communication_interface/lib/libcommunication_interface__rosidl_generator_py.so" to ""
[12.401s] -- Up-to-date: /home/kkk/total_care_project/install/communication_interface/share/communication_interface/cmake/export_communication_interface__rosidl_generator_cExport.cmake
[12.401s] -- Up-to-date: /home/kkk/total_care_project/install/communication_interface/share/communication_interface/cmake/export_communication_interface__rosidl_generator_cExport-noconfig.cmake
[12.402s] -- Up-to-date: /home/kkk/total_care_project/install/communication_interface/share/communication_interface/cmake/export_communication_interface__rosidl_typesupport_fastrtps_cExport.cmake
[12.402s] -- Up-to-date: /home/kkk/total_care_project/install/communication_interface/share/communication_interface/cmake/export_communication_interface__rosidl_typesupport_fastrtps_cExport-noconfig.cmake
[12.402s] -- Up-to-date: /home/kkk/total_care_project/install/communication_interface/share/communication_interface/cmake/export_communication_interface__rosidl_generator_cppExport.cmake
[12.402s] -- Up-to-date: /home/kkk/total_care_project/install/communication_interface/share/communication_interface/cmake/export_communication_interface__rosidl_typesupport_fastrtps_cppExport.cmake
[12.403s] -- Up-to-date: /home/kkk/total_care_project/install/communication_interface/share/communication_interface/cmake/export_communication_interface__rosidl_typesupport_fastrtps_cppExport-noconfig.cmake
[12.403s] -- Up-to-date: /home/kkk/total_care_project/install/communication_interface/share/communication_interface/cmake/communication_interface__rosidl_typesupport_introspection_cExport.cmake
[12.403s] -- Up-to-date: /home/kkk/total_care_project/install/communication_interface/share/communication_interface/cmake/communication_interface__rosidl_typesupport_introspection_cExport-noconfig.cmake
[12.403s] -- Up-to-date: /home/kkk/total_care_project/install/communication_interface/share/communication_interface/cmake/communication_interface__rosidl_typesupport_cExport.cmake
[12.403s] -- Up-to-date: /home/kkk/total_care_project/install/communication_interface/share/communication_interface/cmake/communication_interface__rosidl_typesupport_cExport-noconfig.cmake
[12.403s] -- Up-to-date: /home/kkk/total_care_project/install/communication_interface/share/communication_interface/cmake/communication_interface__rosidl_typesupport_introspection_cppExport.cmake
[12.404s] -- Up-to-date: /home/kkk/total_care_project/install/communication_interface/share/communication_interface/cmake/communication_interface__rosidl_typesupport_introspection_cppExport-noconfig.cmake
[12.404s] -- Up-to-date: /home/kkk/total_care_project/install/communication_interface/share/communication_interface/cmake/communication_interface__rosidl_typesupport_cppExport.cmake
[12.404s] -- Up-to-date: /home/kkk/total_care_project/install/communication_interface/share/communication_interface/cmake/communication_interface__rosidl_typesupport_cppExport-noconfig.cmake
[12.404s] -- Up-to-date: /home/kkk/total_care_project/install/communication_interface/share/communication_interface/cmake/export_communication_interface__rosidl_generator_pyExport.cmake
[12.404s] -- Up-to-date: /home/kkk/total_care_project/install/communication_interface/share/communication_interface/cmake/export_communication_interface__rosidl_generator_pyExport-noconfig.cmake
[12.406s] Invoked command in '/home/kkk/total_care_project/build/communication_interface' returned '0': CMAKE_PREFIX_PATH=${CMAKE_PREFIX_PATH}:/home/kkk/total_care_project/install/web_controller:/home/kkk/total_care_project/install/service_clients:/home/kkk/total_care_project/install/robot_base:/home/kkk/ros2_humble/install/rqt_bag_plugins:/home/kkk/ros2_humble/install/rqt_bag:/home/kkk/ros2_humble/install/ros2bag:/home/kkk/ros2_humble/install/tracetools_test:/home/kkk/ros2_humble/install/tracetools_launch:/home/kkk/ros2_humble/install/topic_monitor:/home/kkk/ros2_humble/install/tf2_tools:/home/kkk/ros2_humble/install/examples_tf2_py:/home/kkk/ros2_humble/install/tf2_ros_py:/home/kkk/ros2_humble/install/sros2:/home/kkk/ros2_humble/install/rqt_topic:/home/kkk/ros2_humble/install/rqt_srv:/home/kkk/ros2_humble/install/rqt_shell:/home/kkk/ros2_humble/install/rqt_service_caller:/home/kkk/ros2_humble/install/rqt_reconfigure:/home/kkk/ros2_humble/install/rqt_py_console:/home/kkk/ros2_humble/install/rqt_publisher:/home/kkk/ros2_humble/install/rqt_plot:/home/kkk/ros2_humble/install/rqt_action:/home/kkk/ros2_humble/install/rqt_msg:/home/kkk/ros2_humble/install/rqt_console:/home/kkk/ros2_humble/install/rqt:/home/kkk/ros2_humble/install/rqt_graph:/home/kkk/ros2_humble/install/rqt_gui_py:/home/kkk/ros2_humble/install/rqt_gui:/home/kkk/ros2_humble/install/ros2trace:/home/kkk/ros2_humble/install/ros2topic:/home/kkk/ros2_humble/install/ros2test:/home/kkk/ros2_humble/install/ros2component:/home/kkk/ros2_humble/install/ros2param:/home/kkk/ros2_humble/install/ros2lifecycle:/home/kkk/ros2_humble/install/ros2service:/home/kkk/ros2_humble/install/ros2run:/home/kkk/ros2_humble/install/ros2launch:/home/kkk/ros2_humble/install/ros2pkg:/home/kkk/ros2_humble/install/ros2node:/home/kkk/ros2_humble/install/ros2multicast:/home/kkk/ros2_humble/install/ros2interface:/home/kkk/ros2_humble/install/ros2doctor:/home/kkk/ros2_humble/install/ros2action:/home/kkk/ros2_humble/install/ros2cli:/home/kkk/ros2_humble/install/quality_of_service_demo_py:/home/kkk/ros2_humble/install/lifecycle_py:/home/kkk/ros2_humble/install/launch_testing_ros:/home/kkk/ros2_humble/install/launch_ros:/home/kkk/ros2_humble/install/examples_rclpy_pointcloud_publisher:/home/kkk/ros2_humble/install/examples_rclpy_minimal_subscriber:/home/kkk/ros2_humble/install/examples_rclpy_minimal_service:/home/kkk/ros2_humble/install/examples_rclpy_minimal_publisher:/home/kkk/ros2_humble/install/examples_rclpy_minimal_client:/home/kkk/ros2_humble/install/examples_rclpy_minimal_action_server:/home/kkk/ros2_humble/install/examples_rclpy_minimal_action_client:/home/kkk/ros2_humble/install/examples_rclpy_guard_conditions:/home/kkk/ros2_humble/install/examples_rclpy_executors:/home/kkk/ros2_humble/install/demo_nodes_py:/home/kkk/ros2_humble/install/action_tutorials_py:/home/kkk/ros2_humble/install/ament_uncrustify:/home/kkk/ros2_humble/install/tracetools_trace:/home/kkk/ros2_humble/install/tracetools_read:/home/kkk/ros2_humble/install/test_tracetools_launch:/home/kkk/ros2_humble/install/test_launch_ros:/home/kkk/ros2_humble/install/sensor_msgs_py:/home/kkk/ros2_humble/install/rpyutils:/home/kkk/ros2_humble/install/rosidl_runtime_py:/home/kkk/ros2_humble/install/rosidl_cli:/home/kkk/ros2_humble/install/launch_pytest:/home/kkk/ros2_humble/install/launch_testing:/home/kkk/ros2_humble/install/launch_yaml:/home/kkk/ros2_humble/install/launch_xml:/home/kkk/ros2_humble/install/launch:/home/kkk/ros2_humble/install/osrf_pycommon:/home/kkk/ros2_humble/install/launch_testing_examples:/home/kkk/ros2_humble/install/domain_coordinator:/home/kkk/ros2_humble/install/ament_xmllint:/home/kkk/ros2_humble/install/ament_pyflakes:/home/kkk/ros2_humble/install/ament_pycodestyle:/home/kkk/ros2_humble/install/ament_pep257:/home/kkk/ros2_humble/install/ament_pclint:/home/kkk/ros2_humble/install/ament_package:/home/kkk/ros2_humble/install/ament_mypy:/home/kkk/ros2_humble/install/ament_lint_cmake:/home/kkk/ros2_humble/install/ament_flake8:/home/kkk/ros2_humble/install/ament_copyright:/home/kkk/ros2_humble/install/ament_lint:/home/kkk/ros2_humble/install/ament_index_python:/home/kkk/ros2_humble/install/ament_cpplint:/home/kkk/ros2_humble/install/ament_cppcheck:/home/kkk/ros2_humble/install/ament_clang_tidy:/home/kkk/ros2_humble/install/ament_clang_format /usr/local/bin/cmake --install /home/kkk/total_care_project/build/communication_interface
