-- Found ament_cmake: 1.1.6 (/opt/ros/galactic/share/ament_cmake/cmake)
-- Using PYTHON_EXECUTABLE: /usr/bin/python3
-- Found rclcpp: 9.2.2 (/opt/ros/galactic/share/rclcpp/cmake)
-- Using all available rosidl_typesupport_c: rosidl_typesupport_fastrtps_c;rosidl_typesupport_introspection_c
-- Found rosidl_adapter: 2.2.3 (/opt/ros/galactic/share/rosidl_adapter/cmake)
-- Using all available rosidl_typesupport_cpp: rosidl_typesupport_fastrtps_cpp;rosidl_typesupport_introspection_cpp
-- Found rmw_implementation_cmake: 3.3.1 (/opt/ros/galactic/share/rmw_implementation_cmake/cmake)
-- Found rmw_cyclonedds_cpp: 0.22.6 (/opt/ros/galactic/share/rmw_cyclonedds_cpp/cmake)
-- Using RMW implementation 'rmw_cyclonedds_cpp' as default
-- Found ur_robot_driver: 2.1.2 (/home/kkk/workspace/ros_ur_driver/install/ur_robot_driver/share/ur_robot_driver/cmake)
-- Found eigen3_cmake_module: 0.1.1 (/opt/ros/galactic/share/eigen3_cmake_module/cmake)
-- Found ament_cmake_gmock: 1.1.6 (/opt/ros/galactic/share/ament_cmake_gmock/cmake)
-- Found gmock sources under '/opt/ros/galactic/src/gmock_vendor': C++ tests using 'Google Mock' will be built
-- Found ament_cmake_gtest: 1.1.6 (/opt/ros/galactic/share/ament_cmake_gtest/cmake)
-- Found gtest sources under '/opt/ros/galactic/src/gtest_vendor': C++ tests using 'Google Test' will be built
-- Configuring done
-- Generating done
-- Build files have been written to: /home/kkk/workspace/ros_ur_driver/build/ur_calibration
[35m[1mScanning dependencies of target gmock[0m
[35m[1mScanning dependencies of target gmock_main[0m
[35m[1mScanning dependencies of target calibration_correction[0m
[  8%] [32mBuilding CXX object gmock/CMakeFiles/gmock_main.dir/src/gmock_main.cc.o[0m
[ 16%] [32mBuilding CXX object gmock/CMakeFiles/gmock.dir/opt/ros/galactic/src/gtest_vendor/src/gtest-all.cc.o[0m
[ 25%] [32mBuilding CXX object gmock/CMakeFiles/gmock.dir/src/gmock-all.cc.o[0m
[ 41%] [32mBuilding CXX object CMakeFiles/calibration_correction.dir/src/calibration_consumer.cpp.o[0m
[ 41%] [32mBuilding CXX object CMakeFiles/calibration_correction.dir/src/calibration.cpp.o[0m
[ 50%] [32mBuilding CXX object CMakeFiles/calibration_correction.dir/src/calibration_correction.cpp.o[0m
[ 58%] [32m[1mLinking CXX static library libgmock_main.a[0m
[ 58%] Built target gmock_main
[ 66%] [32m[1mLinking CXX executable calibration_correction[0m
[ 66%] Built target calibration_correction
[ 75%] [32m[1mLinking CXX static library libgmock.a[0m
[ 75%] Built target gmock
[35m[1mScanning dependencies of target calibration_test[0m
[ 91%] [32mBuilding CXX object CMakeFiles/calibration_test.dir/src/calibration.cpp.o[0m
[ 91%] [32mBuilding CXX object CMakeFiles/calibration_test.dir/test/calibration_test.cpp.o[0m
[100%] [32m[1mLinking CXX executable calibration_test[0m
[100%] Built target calibration_test
-- Install configuration: "Release"
-- Installing: /home/kkk/workspace/ros_ur_driver/install/ur_calibration/lib/ur_calibration/calibration_correction
-- Set runtime path of "/home/kkk/workspace/ros_ur_driver/install/ur_calibration/lib/ur_calibration/calibration_correction" to ""
-- Installing: /home/kkk/workspace/ros_ur_driver/install/ur_calibration/include
-- Installing: /home/kkk/workspace/ros_ur_driver/install/ur_calibration/include/ur_calibration
-- Installing: /home/kkk/workspace/ros_ur_driver/install/ur_calibration/include/ur_calibration/calibration_consumer.hpp
-- Installing: /home/kkk/workspace/ros_ur_driver/install/ur_calibration/include/ur_calibration/calibration.hpp
-- Installing: /home/kkk/workspace/ros_ur_driver/install/ur_calibration/share/ur_calibration/launch
-- Installing: /home/kkk/workspace/ros_ur_driver/install/ur_calibration/share/ur_calibration/launch/calibration_correction.launch.py
-- Installing: /home/kkk/workspace/ros_ur_driver/install/ur_calibration/share/ament_index/resource_index/package_run_dependencies/ur_calibration
-- Installing: /home/kkk/workspace/ros_ur_driver/install/ur_calibration/share/ament_index/resource_index/parent_prefix_path/ur_calibration
-- Installing: /home/kkk/workspace/ros_ur_driver/install/ur_calibration/share/ur_calibration/environment/ament_prefix_path.sh
-- Installing: /home/kkk/workspace/ros_ur_driver/install/ur_calibration/share/ur_calibration/environment/ament_prefix_path.dsv
-- Installing: /home/kkk/workspace/ros_ur_driver/install/ur_calibration/share/ur_calibration/environment/path.sh
-- Installing: /home/kkk/workspace/ros_ur_driver/install/ur_calibration/share/ur_calibration/environment/path.dsv
-- Installing: /home/kkk/workspace/ros_ur_driver/install/ur_calibration/share/ur_calibration/local_setup.bash
-- Installing: /home/kkk/workspace/ros_ur_driver/install/ur_calibration/share/ur_calibration/local_setup.sh
-- Installing: /home/kkk/workspace/ros_ur_driver/install/ur_calibration/share/ur_calibration/local_setup.zsh
-- Installing: /home/kkk/workspace/ros_ur_driver/install/ur_calibration/share/ur_calibration/local_setup.dsv
-- Installing: /home/kkk/workspace/ros_ur_driver/install/ur_calibration/share/ur_calibration/package.dsv
-- Installing: /home/kkk/workspace/ros_ur_driver/install/ur_calibration/share/ament_index/resource_index/packages/ur_calibration
-- Installing: /home/kkk/workspace/ros_ur_driver/install/ur_calibration/share/ur_calibration/cmake/ament_cmake_export_include_directories-extras.cmake
-- Installing: /home/kkk/workspace/ros_ur_driver/install/ur_calibration/share/ur_calibration/cmake/ament_cmake_export_dependencies-extras.cmake
-- Installing: /home/kkk/workspace/ros_ur_driver/install/ur_calibration/share/ur_calibration/cmake/ur_calibrationConfig.cmake
-- Installing: /home/kkk/workspace/ros_ur_driver/install/ur_calibration/share/ur_calibration/cmake/ur_calibrationConfig-version.cmake
-- Installing: /home/kkk/workspace/ros_ur_driver/install/ur_calibration/share/ur_calibration/package.xml
