running develop
running egg_info
creating service_clients.egg-info
writing service_clients.egg-info/PKG-INFO
writing dependency_links to service_clients.egg-info/dependency_links.txt
writing entry points to service_clients.egg-info/entry_points.txt
writing requirements to service_clients.egg-info/requires.txt
writing top-level names to service_clients.egg-info/top_level.txt
writing manifest file 'service_clients.egg-info/SOURCES.txt'
reading manifest file 'service_clients.egg-info/SOURCES.txt'
writing manifest file 'service_clients.egg-info/SOURCES.txt'
running build_ext
Creating /home/kkk/total_care_project/install/service_clients/lib/python3.8/site-packages/site.py
Creating /home/kkk/total_care_project/install/service_clients/lib/python3.8/site-packages/service-clients.egg-link (link to .)
Installing clients script to /home/kkk/total_care_project/install/service_clients/lib/service_clients

Installed /home/kkk/total_care_project/build/service_clients
running install_data
creating /home/kkk/total_care_project/install/service_clients/share/ament_index
creating /home/kkk/total_care_project/install/service_clients/share/ament_index/resource_index
creating /home/kkk/total_care_project/install/service_clients/share/ament_index/resource_index/packages
copying resource/service_clients -> /home/kkk/total_care_project/install/service_clients/share/ament_index/resource_index/packages
copying package.xml -> /home/kkk/total_care_project/install/service_clients/share/service_clients
