[2.345s] Invoking command in '/home/kkk/total_care_project/build/service_clients': PYTHONPATH=/home/kkk/total_care_project/build/service_clients/prefix_override:/home/kkk/total_care_project/install/service_clients/lib/python3.8/site-packages:${PYTHONPATH} /usr/bin/python3 setup.py develop --editable --build-directory /home/kkk/total_care_project/build/service_clients/build --no-deps install_data
[3.142s] running develop
[3.374s] running egg_info
[3.374s] creating service_clients.egg-info
[3.374s] writing service_clients.egg-info/PKG-INFO
[3.375s] writing dependency_links to service_clients.egg-info/dependency_links.txt
[3.375s] writing entry points to service_clients.egg-info/entry_points.txt
[3.375s] writing requirements to service_clients.egg-info/requires.txt
[3.375s] writing top-level names to service_clients.egg-info/top_level.txt
[3.377s] writing manifest file 'service_clients.egg-info/SOURCES.txt'
[3.408s] reading manifest file 'service_clients.egg-info/SOURCES.txt'
[3.408s] writing manifest file 'service_clients.egg-info/SOURCES.txt'
[3.457s] running build_ext
[3.466s] Creating /home/kkk/total_care_project/install/service_clients/lib/python3.8/site-packages/site.py
[3.475s] Creating /home/kkk/total_care_project/install/service_clients/lib/python3.8/site-packages/service-clients.egg-link (link to .)
[3.476s] Installing clients script to /home/kkk/total_care_project/install/service_clients/lib/service_clients
[3.476s] 
[3.477s] Installed /home/kkk/total_care_project/build/service_clients
[3.477s] running install_data
[3.477s] creating /home/kkk/total_care_project/install/service_clients/share/ament_index
[3.477s] creating /home/kkk/total_care_project/install/service_clients/share/ament_index/resource_index
[3.477s] creating /home/kkk/total_care_project/install/service_clients/share/ament_index/resource_index/packages
[3.477s] copying resource/service_clients -> /home/kkk/total_care_project/install/service_clients/share/ament_index/resource_index/packages
[3.477s] copying package.xml -> /home/kkk/total_care_project/install/service_clients/share/service_clients
[3.513s] Invoked command in '/home/kkk/total_care_project/build/service_clients' returned '0': PYTHONPATH=/home/kkk/total_care_project/build/service_clients/prefix_override:/home/kkk/total_care_project/install/service_clients/lib/python3.8/site-packages:${PYTHONPATH} /usr/bin/python3 setup.py develop --editable --build-directory /home/kkk/total_care_project/build/service_clients/build --no-deps install_data
