[0.021s] Invoking command in '/home/kkk/workspace/ros_ur_driver/build/ur_robot_driver': AMENT_PREFIX_PATH=/home/kkk/workspace/ros_ur_driver/install/ur_bringup:/home/kkk/workspace/ros_ur_driver/install/ur_controllers:/home/kkk/workspace/ros_ur_driver/install/ur_dashboard_msgs:${AMENT_PREFIX_PATH} CMAKE_PREFIX_PATH=/home/kkk/workspace/ros_ur_driver/install/ur_bringup:/home/kkk/workspace/ros_ur_driver/install/ur_controllers:/home/kkk/workspace/ros_ur_driver/install/ur_dashboard_msgs:/opt/ros/galactic LD_LIBRARY_PATH=/home/kkk/workspace/ros_ur_driver/install/ur_controllers/lib:/home/kkk/workspace/ros_ur_driver/install/ur_dashboard_msgs/lib:${LD_LIBRARY_PATH} PYTHONPATH=/home/kkk/workspace/ros_ur_driver/install/ur_dashboard_msgs/lib/python3.8/site-packages:${PYTHONPATH} /usr/bin/cmake --build /home/kkk/workspace/ros_ur_driver/build/ur_robot_driver -- -j8 -l8
[0.103s] [  7%] Built target ament_cmake_python_copy_ur_robot_driver
[0.103s] [ 23%] Built target controller_stopper_node
[0.105s] [ 61%] Built target ur_ros2_control_node
[0.105s] [ 69%] Built target dashboard_client
[0.109s] [100%] Built target ur_robot_driver_plugin
[0.286s] running egg_info
[0.286s] writing ur_robot_driver.egg-info/PKG-INFO
[0.287s] writing dependency_links to ur_robot_driver.egg-info/dependency_links.txt
[0.287s] writing top-level names to ur_robot_driver.egg-info/top_level.txt
[0.315s] reading manifest file 'ur_robot_driver.egg-info/SOURCES.txt'
[0.315s] writing manifest file 'ur_robot_driver.egg-info/SOURCES.txt'
[0.345s] [100%] Built target ament_cmake_python_build_ur_robot_driver_egg
[0.356s] Invoked command in '/home/kkk/workspace/ros_ur_driver/build/ur_robot_driver' returned '0': AMENT_PREFIX_PATH=/home/kkk/workspace/ros_ur_driver/install/ur_bringup:/home/kkk/workspace/ros_ur_driver/install/ur_controllers:/home/kkk/workspace/ros_ur_driver/install/ur_dashboard_msgs:${AMENT_PREFIX_PATH} CMAKE_PREFIX_PATH=/home/kkk/workspace/ros_ur_driver/install/ur_bringup:/home/kkk/workspace/ros_ur_driver/install/ur_controllers:/home/kkk/workspace/ros_ur_driver/install/ur_dashboard_msgs:/opt/ros/galactic LD_LIBRARY_PATH=/home/kkk/workspace/ros_ur_driver/install/ur_controllers/lib:/home/kkk/workspace/ros_ur_driver/install/ur_dashboard_msgs/lib:${LD_LIBRARY_PATH} PYTHONPATH=/home/kkk/workspace/ros_ur_driver/install/ur_dashboard_msgs/lib/python3.8/site-packages:${PYTHONPATH} /usr/bin/cmake --build /home/kkk/workspace/ros_ur_driver/build/ur_robot_driver -- -j8 -l8
[0.405s] Invoking command in '/home/kkk/workspace/ros_ur_driver/build/ur_robot_driver': AMENT_PREFIX_PATH=/home/kkk/workspace/ros_ur_driver/install/ur_bringup:/home/kkk/workspace/ros_ur_driver/install/ur_controllers:/home/kkk/workspace/ros_ur_driver/install/ur_dashboard_msgs:${AMENT_PREFIX_PATH} CMAKE_PREFIX_PATH=/home/kkk/workspace/ros_ur_driver/install/ur_bringup:/home/kkk/workspace/ros_ur_driver/install/ur_controllers:/home/kkk/workspace/ros_ur_driver/install/ur_dashboard_msgs:/opt/ros/galactic LD_LIBRARY_PATH=/home/kkk/workspace/ros_ur_driver/install/ur_controllers/lib:/home/kkk/workspace/ros_ur_driver/install/ur_dashboard_msgs/lib:${LD_LIBRARY_PATH} PYTHONPATH=/home/kkk/workspace/ros_ur_driver/install/ur_dashboard_msgs/lib/python3.8/site-packages:${PYTHONPATH} /usr/bin/cmake --install /home/kkk/workspace/ros_ur_driver/build/ur_robot_driver
[0.412s] -- Install configuration: "Release"
[0.412s] -- Up-to-date: /home/kkk/workspace/ros_ur_driver/install/ur_robot_driver/share/ur_robot_driver/hardware_interface_plugin.xml
[0.412s] -- Up-to-date: /home/kkk/workspace/ros_ur_driver/install/ur_robot_driver/lib/ur_robot_driver/dashboard_client
[0.412s] -- Up-to-date: /home/kkk/workspace/ros_ur_driver/install/ur_robot_driver/lib/ur_robot_driver/ur_ros2_control_node
[0.412s] -- Up-to-date: /home/kkk/workspace/ros_ur_driver/install/ur_robot_driver/lib/ur_robot_driver/controller_stopper_node
[0.413s] -- Up-to-date: /home/kkk/workspace/ros_ur_driver/install/ur_robot_driver/lib/libur_robot_driver_plugin.so
[0.413s] -- Up-to-date: /home/kkk/workspace/ros_ur_driver/install/ur_robot_driver/include
[0.413s] -- Up-to-date: /home/kkk/workspace/ros_ur_driver/install/ur_robot_driver/include/ur_robot_driver
[0.414s] -- Up-to-date: /home/kkk/workspace/ros_ur_driver/install/ur_robot_driver/include/ur_robot_driver/urcl_log_handler.hpp
[0.414s] -- Up-to-date: /home/kkk/workspace/ros_ur_driver/install/ur_robot_driver/include/ur_robot_driver/hardware_interface.hpp
[0.414s] -- Up-to-date: /home/kkk/workspace/ros_ur_driver/install/ur_robot_driver/include/ur_robot_driver/controller_stopper.hpp
[0.414s] -- Up-to-date: /home/kkk/workspace/ros_ur_driver/install/ur_robot_driver/include/ur_robot_driver/dashboard_client_ros.hpp
[0.414s] -- Up-to-date: /home/kkk/workspace/ros_ur_driver/install/ur_robot_driver/share/ur_robot_driver/environment/library_path.sh
[0.414s] -- Up-to-date: /home/kkk/workspace/ros_ur_driver/install/ur_robot_driver/share/ur_robot_driver/environment/library_path.dsv
[0.414s] -- Up-to-date: /home/kkk/workspace/ros_ur_driver/install/ur_robot_driver/share/ur_robot_driver/resources
[0.415s] -- Up-to-date: /home/kkk/workspace/ros_ur_driver/install/ur_robot_driver/share/ur_robot_driver/resources/Dockerfile
[0.415s] -- Up-to-date: /home/kkk/workspace/ros_ur_driver/install/ur_robot_driver/share/ur_robot_driver/resources/rtde_output_recipe.txt
[0.415s] -- Up-to-date: /home/kkk/workspace/ros_ur_driver/install/ur_robot_driver/share/ur_robot_driver/resources/rs485-1.0.urcap
[0.415s] -- Up-to-date: /home/kkk/workspace/ros_ur_driver/install/ur_robot_driver/share/ur_robot_driver/resources/ros_control.urscript
[0.415s] -- Up-to-date: /home/kkk/workspace/ros_ur_driver/install/ur_robot_driver/share/ur_robot_driver/resources/rtde_input_recipe.txt
[0.415s] -- Up-to-date: /home/kkk/workspace/ros_ur_driver/install/ur_robot_driver/share/ur_robot_driver/resources/externalcontrol-1.0.5.urcap
[0.415s] -- Up-to-date: /home/kkk/workspace/ros_ur_driver/install/ur_robot_driver/share/ur_robot_driver/resources/ursim_driver
[0.415s] -- Up-to-date: /home/kkk/workspace/ros_ur_driver/install/ur_robot_driver/share/ur_robot_driver/resources/ursim_driver/docker-compose.yml
[0.415s] -- Up-to-date: /home/kkk/workspace/ros_ur_driver/install/ur_robot_driver/share/ur_robot_driver/resources/ursim_driver/driver
[0.415s] -- Up-to-date: /home/kkk/workspace/ros_ur_driver/install/ur_robot_driver/share/ur_robot_driver/resources/ursim_driver/driver/Dockerfile
[0.416s] -- Up-to-date: /home/kkk/workspace/ros_ur_driver/install/ur_robot_driver/share/ur_robot_driver/resources/ursim_driver/driver/entrypoint.sh
[0.416s] -- Up-to-date: /home/kkk/workspace/ros_ur_driver/install/ur_robot_driver/share/ur_robot_driver/resources/ursim_driver/driver/wait_dashboard_server.sh
[0.416s] -- Up-to-date: /home/kkk/workspace/ros_ur_driver/install/ur_robot_driver/share/ur_robot_driver/resources/ursim_driver/resources
[0.416s] -- Up-to-date: /home/kkk/workspace/ros_ur_driver/install/ur_robot_driver/share/ur_robot_driver/resources/ursim_driver/resources/settings.png
[0.416s] -- Up-to-date: /home/kkk/workspace/ros_ur_driver/install/ur_robot_driver/share/ur_robot_driver/resources/ursim_driver/resources/urcap_menu.png
[0.416s] -- Up-to-date: /home/kkk/workspace/ros_ur_driver/install/ur_robot_driver/share/ur_robot_driver/resources/ursim_driver/resources/poweron_proc.png
[0.416s] -- Up-to-date: /home/kkk/workspace/ros_ur_driver/install/ur_robot_driver/share/ur_robot_driver/resources/ursim_driver/resources/added_external_ctrl.png
[0.416s] -- Up-to-date: /home/kkk/workspace/ros_ur_driver/install/ur_robot_driver/share/ur_robot_driver/resources/ursim_driver/resources/move_tab.png
[0.416s] -- Up-to-date: /home/kkk/workspace/ros_ur_driver/install/ur_robot_driver/share/ur_robot_driver/resources/ursim_driver/resources/powered_on.png
[0.417s] -- Up-to-date: /home/kkk/workspace/ros_ur_driver/install/ur_robot_driver/share/ur_robot_driver/resources/ursim_driver/resources/vncviewer_list.png
[0.417s] -- Up-to-date: /home/kkk/workspace/ros_ur_driver/install/ur_robot_driver/share/ur_robot_driver/resources/ursim_driver/resources/added_urcap.png
[0.417s] -- Up-to-date: /home/kkk/workspace/ros_ur_driver/install/ur_robot_driver/share/ur_robot_driver/resources/ursim_driver/resources/add_urcap.png
[0.417s] -- Up-to-date: /home/kkk/workspace/ros_ur_driver/install/ur_robot_driver/share/ur_robot_driver/resources/ursim_driver/resources/rviz.png
[0.417s] -- Up-to-date: /home/kkk/workspace/ros_ur_driver/install/ur_robot_driver/share/ur_robot_driver/resources/ursim_driver/resources/running_external_ctrl.png
[0.417s] -- Up-to-date: /home/kkk/workspace/ros_ur_driver/install/ur_robot_driver/share/ur_robot_driver/resources/ursim_driver/resources/terminal.png
[0.417s] -- Up-to-date: /home/kkk/workspace/ros_ur_driver/install/ur_robot_driver/share/ur_robot_driver/resources/ursim_driver/README.md
[0.417s] -- Up-to-date: /home/kkk/workspace/ros_ur_driver/install/ur_robot_driver/share/ur_robot_driver/resources/ursim_driver/build_and_run_docker_ursim_with_driver.sh
[0.417s] -- Up-to-date: /home/kkk/workspace/ros_ur_driver/install/ur_robot_driver/share/ur_robot_driver/resources/ursim_driver/ursim
[0.418s] -- Up-to-date: /home/kkk/workspace/ros_ur_driver/install/ur_robot_driver/include
[0.418s] -- Up-to-date: /home/kkk/workspace/ros_ur_driver/install/ur_robot_driver/include/ur_robot_driver
[0.418s] -- Up-to-date: /home/kkk/workspace/ros_ur_driver/install/ur_robot_driver/include/ur_robot_driver/urcl_log_handler.hpp
[0.418s] -- Up-to-date: /home/kkk/workspace/ros_ur_driver/install/ur_robot_driver/include/ur_robot_driver/hardware_interface.hpp
[0.418s] -- Up-to-date: /home/kkk/workspace/ros_ur_driver/install/ur_robot_driver/include/ur_robot_driver/controller_stopper.hpp
[0.418s] -- Up-to-date: /home/kkk/workspace/ros_ur_driver/install/ur_robot_driver/include/ur_robot_driver/dashboard_client_ros.hpp
[0.418s] -- Up-to-date: /home/kkk/workspace/ros_ur_driver/install/ur_robot_driver/share/ur_robot_driver/environment/pythonpath.sh
[0.418s] -- Up-to-date: /home/kkk/workspace/ros_ur_driver/install/ur_robot_driver/share/ur_robot_driver/environment/pythonpath.dsv
[0.418s] -- Up-to-date: /home/kkk/workspace/ros_ur_driver/install/ur_robot_driver/lib/python3.8/site-packages//ur_robot_driver.egg-info
[0.419s] -- Installing: /home/kkk/workspace/ros_ur_driver/install/ur_robot_driver/lib/python3.8/site-packages//ur_robot_driver.egg-info/top_level.txt
[0.419s] -- Installing: /home/kkk/workspace/ros_ur_driver/install/ur_robot_driver/lib/python3.8/site-packages//ur_robot_driver.egg-info/SOURCES.txt
[0.419s] -- Installing: /home/kkk/workspace/ros_ur_driver/install/ur_robot_driver/lib/python3.8/site-packages//ur_robot_driver.egg-info/dependency_links.txt
[0.419s] -- Installing: /home/kkk/workspace/ros_ur_driver/install/ur_robot_driver/lib/python3.8/site-packages//ur_robot_driver.egg-info/PKG-INFO
[0.419s] -- Up-to-date: /home/kkk/workspace/ros_ur_driver/install/ur_robot_driver/lib/python3.8/site-packages/ur_robot_driver
[0.419s] -- Up-to-date: /home/kkk/workspace/ros_ur_driver/install/ur_robot_driver/lib/python3.8/site-packages/ur_robot_driver/__init__.py
[0.441s] Listing '/home/kkk/workspace/ros_ur_driver/install/ur_robot_driver/lib/python3.8/site-packages/ur_robot_driver'...
[0.445s] -- Up-to-date: /home/kkk/workspace/ros_ur_driver/install/ur_robot_driver/lib/ur_robot_driver/tool_communication.py
[0.445s] -- Up-to-date: /home/kkk/workspace/ros_ur_driver/install/ur_robot_driver/bin/wait_dashboard_server.sh
[0.445s] -- Up-to-date: /home/kkk/workspace/ros_ur_driver/install/ur_robot_driver/share/ament_index/resource_index/package_run_dependencies/ur_robot_driver
[0.446s] -- Up-to-date: /home/kkk/workspace/ros_ur_driver/install/ur_robot_driver/share/ament_index/resource_index/parent_prefix_path/ur_robot_driver
[0.446s] -- Up-to-date: /home/kkk/workspace/ros_ur_driver/install/ur_robot_driver/share/ur_robot_driver/environment/ament_prefix_path.sh
[0.446s] -- Up-to-date: /home/kkk/workspace/ros_ur_driver/install/ur_robot_driver/share/ur_robot_driver/environment/ament_prefix_path.dsv
[0.447s] -- Up-to-date: /home/kkk/workspace/ros_ur_driver/install/ur_robot_driver/share/ur_robot_driver/environment/path.sh
[0.447s] -- Up-to-date: /home/kkk/workspace/ros_ur_driver/install/ur_robot_driver/share/ur_robot_driver/environment/path.dsv
[0.447s] -- Up-to-date: /home/kkk/workspace/ros_ur_driver/install/ur_robot_driver/share/ur_robot_driver/local_setup.bash
[0.447s] -- Up-to-date: /home/kkk/workspace/ros_ur_driver/install/ur_robot_driver/share/ur_robot_driver/local_setup.sh
[0.448s] -- Up-to-date: /home/kkk/workspace/ros_ur_driver/install/ur_robot_driver/share/ur_robot_driver/local_setup.zsh
[0.448s] -- Up-to-date: /home/kkk/workspace/ros_ur_driver/install/ur_robot_driver/share/ur_robot_driver/local_setup.dsv
[0.448s] -- Installing: /home/kkk/workspace/ros_ur_driver/install/ur_robot_driver/share/ur_robot_driver/package.dsv
[0.448s] -- Up-to-date: /home/kkk/workspace/ros_ur_driver/install/ur_robot_driver/share/ament_index/resource_index/packages/ur_robot_driver
[0.448s] -- Up-to-date: /home/kkk/workspace/ros_ur_driver/install/ur_robot_driver/share/ament_index/resource_index/hardware_interface__pluginlib__plugin/ur_robot_driver
[0.448s] -- Up-to-date: /home/kkk/workspace/ros_ur_driver/install/ur_robot_driver/share/ur_robot_driver/cmake/ament_cmake_export_include_directories-extras.cmake
[0.449s] -- Up-to-date: /home/kkk/workspace/ros_ur_driver/install/ur_robot_driver/share/ur_robot_driver/cmake/ament_cmake_export_libraries-extras.cmake
[0.449s] -- Up-to-date: /home/kkk/workspace/ros_ur_driver/install/ur_robot_driver/share/ur_robot_driver/cmake/ament_cmake_export_dependencies-extras.cmake
[0.449s] -- Up-to-date: /home/kkk/workspace/ros_ur_driver/install/ur_robot_driver/share/ur_robot_driver/cmake/ur_robot_driverConfig.cmake
[0.449s] -- Up-to-date: /home/kkk/workspace/ros_ur_driver/install/ur_robot_driver/share/ur_robot_driver/cmake/ur_robot_driverConfig-version.cmake
[0.449s] -- Up-to-date: /home/kkk/workspace/ros_ur_driver/install/ur_robot_driver/share/ur_robot_driver/package.xml
[0.452s] Invoked command in '/home/kkk/workspace/ros_ur_driver/build/ur_robot_driver' returned '0': AMENT_PREFIX_PATH=/home/kkk/workspace/ros_ur_driver/install/ur_bringup:/home/kkk/workspace/ros_ur_driver/install/ur_controllers:/home/kkk/workspace/ros_ur_driver/install/ur_dashboard_msgs:${AMENT_PREFIX_PATH} CMAKE_PREFIX_PATH=/home/kkk/workspace/ros_ur_driver/install/ur_bringup:/home/kkk/workspace/ros_ur_driver/install/ur_controllers:/home/kkk/workspace/ros_ur_driver/install/ur_dashboard_msgs:/opt/ros/galactic LD_LIBRARY_PATH=/home/kkk/workspace/ros_ur_driver/install/ur_controllers/lib:/home/kkk/workspace/ros_ur_driver/install/ur_dashboard_msgs/lib:${LD_LIBRARY_PATH} PYTHONPATH=/home/kkk/workspace/ros_ur_driver/install/ur_dashboard_msgs/lib/python3.8/site-packages:${PYTHONPATH} /usr/bin/cmake --install /home/kkk/workspace/ros_ur_driver/build/ur_robot_driver
